[2022-03-14 08:08:37.689] [exthost] [info] Extension host with pid 5011 started
[2022-03-14 08:08:37.689] [exthost] [info] Skipping acquiring lock for /home/dathd/.config/Code/User/workspaceStorage/ed311ca9502d3cd1890a9ae3ce80411a.
[2022-03-14 08:08:38.234] [exthost] [info] ExtensionService#_doActivateExtension vscode.microsoft-authentication, startup: false, activationEvent: 'onAuthenticationRequest:microsoft'
[2022-03-14 08:08:38.283] [exthost] [info] ExtensionService#_doActivateExtension vscode.typescript-language-features, startup: false, activationEvent: 'onLanguage:typescriptreact'
[2022-03-14 08:08:38.310] [exthost] [info] ExtensionService#_doActivateExtension vscode.debug-auto-launch, startup: true, activationEvent: '*'
[2022-03-14 08:08:38.314] [exthost] [info] ExtensionService#_doActivateExtension vscode.git-base, startup: true, activationEvent: '*', root cause: vscode.github
[2022-03-14 08:08:38.343] [exthost] [info] ExtensionService#_doActivateExtension vscode.ipynb, startup: true, activationEvent: '*'
[2022-03-14 08:08:38.348] [exthost] [info] ExtensionService#_doActivateExtension christian-kohler.path-intellisense, startup: true, activationEvent: '*'
[2022-03-14 08:08:38.406] [exthost] [info] ExtensionService#_doActivateExtension CoenraadS.bracket-pair-colorizer, startup: true, activationEvent: '*'
[2022-03-14 08:08:38.431] [exthost] [info] ExtensionService#_doActivateExtension formulahendry.auto-close-tag, startup: true, activationEvent: '*'
[2022-03-14 08:08:38.434] [exthost] [info] ExtensionService#_doActivateExtension formulahendry.auto-rename-tag, startup: true, activationEvent: '*'
[2022-03-14 08:08:38.464] [exthost] [info] ExtensionService#_doActivateExtension naumovs.color-highlight, startup: true, activationEvent: '*'
[2022-03-14 08:08:38.479] [exthost] [info] ExtensionService#_doActivateExtension vscodevim.vim, startup: true, activationEvent: '*'
[2022-03-14 08:08:38.767] [exthost] [info] ExtensionService#_doActivateExtension vscode.npm, startup: true, activationEvent: 'workspaceContains:package.json'
[2022-03-14 08:08:42.940] [exthost] [info] ExtensionService#_doActivateExtension vscode.git, startup: true, activationEvent: '*'
[2022-03-14 08:08:43.084] [exthost] [info] ExtensionService#_doActivateExtension vscode.github, startup: true, activationEvent: '*'
[2022-03-14 08:08:43.316] [exthost] [info] ExtensionService#_doActivateExtension vscode.github-authentication, startup: false, activationEvent: 'onAuthenticationRequest:github'
[2022-03-14 08:08:43.898] [exthost] [info] Eager extensions activated
[2022-03-14 08:08:44.118] [exthost] [info] ExtensionService#_doActivateExtension vscode.emmet, startup: false, activationEvent: 'onStartupFinished'
[2022-03-14 08:08:44.146] [exthost] [info] ExtensionService#_doActivateExtension vscode.merge-conflict, startup: false, activationEvent: 'onStartupFinished'
[2022-03-14 08:08:44.149] [exthost] [info] ExtensionService#_doActivateExtension esbenp.prettier-vscode, startup: false, activationEvent: 'onStartupFinished'
[2022-03-14 08:08:44.713] [exthost] [info] ExtensionService#_doActivateExtension PKief.material-icon-theme, startup: false, activationEvent: 'onStartupFinished'
[2022-03-14 08:08:44.728] [exthost] [info] ExtensionService#_doActivateExtension zhuangtongfa.material-theme, startup: false, activationEvent: 'onStartupFinished'
[2022-03-14 08:08:45.849] [exthost] [info] ExtensionService#_doActivateExtension vscode.configuration-editing, startup: false, activationEvent: 'onLanguage:jsonc'
[2022-03-14 08:08:45.854] [exthost] [info] ExtensionService#_doActivateExtension vscode.json-language-features, startup: false, activationEvent: 'onLanguage:jsonc'
[2022-03-14 15:21:09.367] [exthost] [warning] TextEditor is closed/disposed
[2022-03-14 15:21:09.376] [exthost] [warning] TextEditor is closed/disposed
[2022-03-14 15:21:09.406] [exthost] [warning] ExtHostTextEditorOptions 'setCursorStyle' failed:'
[2022-03-14 15:21:09.406] [exthost] [warning] {"name":"DISPOSED","message":"TextEditor(vs.editor.ICodeEditor:1,$model2) has been disposed"}
[2022-03-14 15:21:20.539] [exthost] [warning] TextEditor is closed/disposed
[2022-03-14 15:21:20.539] [exthost] [warning] TextEditor is closed/disposed
[2022-03-14 15:21:20.587] [exthost] [warning] ExtHostTextEditorOptions 'setCursorStyle' failed:'
[2022-03-14 15:21:20.587] [exthost] [warning] {"name":"DISPOSED","message":"TextEditor(vs.editor.ICodeEditor:3,$model9) has been disposed"}
[2022-03-14 15:21:21.208] [exthost] [warning] TextEditor is closed/disposed
[2022-03-14 15:21:21.208] [exthost] [warning] TextEditor is closed/disposed
[2022-03-14 15:21:21.231] [exthost] [warning] ExtHostTextEditorOptions 'setCursorStyle' failed:'
[2022-03-14 15:21:21.231] [exthost] [warning] {"name":"DISPOSED","message":"TextEditor(vs.editor.ICodeEditor:2,$model9) has been disposed"}
[2022-03-14 15:37:06.950] [exthost] [warning] TextEditor is closed/disposed
[2022-03-14 15:37:06.957] [exthost] [warning] TextEditor is closed/disposed
[2022-03-14 15:37:07.028] [exthost] [warning] ExtHostTextEditorOptions 'setCursorStyle' failed:'
[2022-03-14 15:37:07.030] [exthost] [warning] {"name":"DISPOSED","message":"TextEditor(vs.editor.ICodeEditor:1,$model9) has been disposed"}
[2022-03-14 21:59:53.356] [exthost] [info] ExtensionService#_doActivateExtension vscode.css-language-features, startup: false, activationEvent: 'onLanguage:scss'
[2022-03-14 22:02:25.321] [exthost] [info] extension host terminating: renderer closed the socket
[2022-03-14 22:02:25.470] [exthost] [error] TypeError: r.some is not a function
    at Function.saveToDisk (/home/dathd/.vscode/extensions/vscodevim.vim-1.22.2/src/register/register.ts:350:30)
    at Object.e.deactivate (/home/dathd/.vscode/extensions/vscodevim.vim-1.22.2/extension.ts:65:18)
    at d._deactivate (/usr/share/code/resources/app/out/vs/workbench/api/node/extensionHostProcess.js:90:11702)
    at /usr/share/code/resources/app/out/vs/workbench/api/node/extensionHostProcess.js:90:10226
    at Array.map (<anonymous>)
    at deactivateAll (/usr/share/code/resources/app/out/vs/workbench/api/node/extensionHostProcess.js:90:10214)
    at _.terminate (/usr/share/code/resources/app/out/vs/workbench/api/node/extensionHostProcess.js:94:880)
    at c (/usr/share/code/resources/app/out/vs/workbench/api/node/extensionHostProcess.js:104:36243)
    at Socket.<anonymous> (/usr/share/code/resources/app/out/vs/workbench/api/node/extensionHostProcess.js:104:33938)
    at Socket.emit (events.js:327:22)
    at Pipe.<anonymous> (net.js:673:12)
[2022-03-14 22:02:25.471] [exthost] [info] Extension host with pid 5011 exiting with code 0
