[2022-03-16T00:40:49.608Z] Validating found git in: git
[2022-03-16T00:40:49.997Z] Using git 2.25.1 from git
[2022-03-16T00:40:50.082Z] > git rev-parse --git-dir [4ms]
[2022-03-16T00:40:50.094Z] Open repository: /home/dathd/Project/portfolio
[2022-03-16T00:40:50.371Z] > git symbolic-ref --short HEAD [14ms]
[2022-03-16T00:40:50.428Z] > git for-each-ref --format=%(refname)%00%(upstream:short)%00%(objectname)%00%(upstream:track) refs/heads/master refs/remotes/master [7ms]
[2022-03-16T00:40:50.479Z] > git for-each-ref --sort -committerdate --format %(refname) %(objectname) %(*objectname) [17ms]
[2022-03-16T00:40:50.487Z] > git remote --verbose [10ms]
[2022-03-16T00:40:50.535Z] > git config --get commit.template [12ms]
[2022-03-16T00:40:53.947Z] > git ls-files --stage -- /home/dathd/Project/portfolio/src/components/Biz.tsx [32ms]
[2022-03-16T00:41:19.544Z] > git symbolic-ref --short HEAD [2ms]
[2022-03-16T00:41:19.559Z] > git for-each-ref --format=%(refname)%00%(upstream:short)%00%(objectname)%00%(upstream:track) refs/heads/master refs/remotes/master [5ms]
[2022-03-16T00:41:19.582Z] > git for-each-ref --sort -committerdate --format %(refname) %(objectname) %(*objectname) [13ms]
[2022-03-16T00:41:19.583Z] > git remote --verbose [4ms]
[2022-03-16T00:41:19.600Z] > git config --get commit.template [2ms]
[2022-03-16T00:41:20.639Z] > git ls-files --stage -- /home/dathd/Project/portfolio/src/components/Biz.tsx [3ms]
[2022-03-16T00:41:23.395Z] > git ls-files --stage -- /home/dathd/Project/portfolio/src/components/Biz.tsx [3ms]
[2022-03-16T00:41:24.628Z] > git symbolic-ref --short HEAD [2ms]
[2022-03-16T00:41:24.641Z] > git for-each-ref --format=%(refname)%00%(upstream:short)%00%(objectname)%00%(upstream:track) refs/heads/master refs/remotes/master [3ms]
[2022-03-16T00:41:24.667Z] > git for-each-ref --sort -committerdate --format %(refname) %(objectname) %(*objectname) [14ms]
[2022-03-16T00:41:24.668Z] > git remote --verbose [2ms]
[2022-03-16T00:41:24.686Z] > git config --get commit.template [2ms]
[2022-03-16T00:41:34.247Z] > git symbolic-ref --short HEAD [1ms]
[2022-03-16T00:41:34.262Z] > git for-each-ref --format=%(refname)%00%(upstream:short)%00%(objectname)%00%(upstream:track) refs/heads/master refs/remotes/master [4ms]
[2022-03-16T00:41:34.282Z] > git for-each-ref --sort -committerdate --format %(refname) %(objectname) %(*objectname) [12ms]
[2022-03-16T00:41:34.283Z] > git remote --verbose [3ms]
[2022-03-16T00:41:34.300Z] > git config --get commit.template [4ms]
[2022-03-16T00:41:39.323Z] > git symbolic-ref --short HEAD [2ms]
[2022-03-16T00:41:39.336Z] > git for-each-ref --format=%(refname)%00%(upstream:short)%00%(objectname)%00%(upstream:track) refs/heads/master refs/remotes/master [2ms]
[2022-03-16T00:41:39.358Z] > git for-each-ref --sort -committerdate --format %(refname) %(objectname) %(*objectname) [11ms]
[2022-03-16T00:41:39.359Z] > git remote --verbose [3ms]
[2022-03-16T00:41:39.379Z] > git config --get commit.template [7ms]
[2022-03-16T00:42:31.950Z] > git symbolic-ref --short HEAD [2ms]
[2022-03-16T00:42:31.961Z] > git for-each-ref --format=%(refname)%00%(upstream:short)%00%(objectname)%00%(upstream:track) refs/heads/master refs/remotes/master [3ms]
[2022-03-16T00:42:31.979Z] > git for-each-ref --sort -committerdate --format %(refname) %(objectname) %(*objectname) [10ms]
[2022-03-16T00:42:31.980Z] > git remote --verbose [3ms]
[2022-03-16T00:42:31.992Z] > git config --get commit.template [2ms]
[2022-03-16T01:16:50.314Z] > git ls-files --stage -- /home/dathd/Project/portfolio/src/pages/index.tsx [4ms]
[2022-03-16T01:16:50.337Z] > git cat-file -s 9ccb62736ad0fed571e7f6138c3f38e041f14f54 [1ms]
[2022-03-16T01:17:43.737Z] > git symbolic-ref --short HEAD [9ms]
[2022-03-16T01:17:43.769Z] > git for-each-ref --format=%(refname)%00%(upstream:short)%00%(objectname)%00%(upstream:track) refs/heads/master refs/remotes/master [4ms]
[2022-03-16T01:17:43.834Z] > git for-each-ref --sort -committerdate --format %(refname) %(objectname) %(*objectname) [35ms]
[2022-03-16T01:17:43.838Z] > git remote --verbose [11ms]
[2022-03-16T01:17:43.912Z] > git config --get commit.template [25ms]
[2022-03-16T01:22:09.795Z] > git symbolic-ref --short HEAD [2ms]
[2022-03-16T01:22:09.806Z] > git for-each-ref --format=%(refname)%00%(upstream:short)%00%(objectname)%00%(upstream:track) refs/heads/master refs/remotes/master [3ms]
[2022-03-16T01:22:09.822Z] > git for-each-ref --sort -committerdate --format %(refname) %(objectname) %(*objectname) [8ms]
[2022-03-16T01:22:09.822Z] > git remote --verbose [1ms]
[2022-03-16T01:22:09.833Z] > git config --get commit.template [1ms]
