["INFO" - 7:40:53 AM] Extension Name: esbenp.prettier-vscode.
["INFO" - 7:40:53 AM] Extension Version: 9.3.0.
["INFO" - 8:17:42 AM] Formatting file:///home/dathd/Project/portfolio/src/pages/index.tsx
["INFO" - 8:17:42 AM] Using ignore file (if present) at /home/dathd/Project/portfolio/.prettierignore
["INFO" - 8:17:42 AM] File Info:
{
  "ignored": false,
  "inferredParser": "typescript"
}
["INFO" - 8:17:42 AM] No local configuration (i.e. .prettierrc or .editorconfig) detected, falling back to VS Code configuration
["INFO" - 8:17:42 AM] Prettier Options:
{
  "arrowParens": "always",
  "bracketSpacing": true,
  "endOfLine": "lf",
  "htmlWhitespaceSensitivity": "css",
  "insertPragma": false,
  "jsxBracketSameLine": false,
  "jsxSingleQuote": false,
  "printWidth": 80,
  "proseWrap": "preserve",
  "quoteProps": "as-needed",
  "requirePragma": false,
  "semi": true,
  "singleQuote": false,
  "tabWidth": 2,
  "trailingComma": "es5",
  "useTabs": false,
  "vueIndentScriptAndStyle": false,
  "filepath": "/home/dathd/Project/portfolio/src/pages/index.tsx",
  "parser": "typescript"
}
["INFO" - 8:17:42 AM] Formatting completed in 0.123ms.
