[2022-03-14T01:08:43.646Z] Validating found git in: git
[2022-03-14T01:08:43.812Z] Using git 2.25.1 from git
[2022-03-14T01:08:44.996Z] > git rev-parse --git-dir [119ms]
[2022-03-14T01:08:45.070Z] Open repository: /home/dathd/Project/portfolio
[2022-03-14T01:08:45.959Z] > git symbolic-ref --short HEAD [30ms]
[2022-03-14T01:08:46.050Z] > git for-each-ref --format=%(refname)%00%(upstream:short)%00%(objectname)%00%(upstream:track) refs/heads/master refs/remotes/master [25ms]
[2022-03-14T01:08:46.321Z] > git remote --verbose [180ms]
[2022-03-14T01:08:46.322Z] > git for-each-ref --sort -committerdate --format %(refname) %(objectname) %(*objectname) [233ms]
[2022-03-14T01:08:46.552Z] > git ls-files --stage -- /home/dathd/Project/portfolio/src/components/Spine.tsx [234ms]
[2022-03-14T01:08:46.644Z] > git cat-file -s d2bb32036420ad8b5cbc00ae0af64afb949907be [65ms]
[2022-03-14T01:08:46.646Z] > git config --get commit.template [97ms]
[2022-03-14T01:10:26.144Z] > git symbolic-ref --short HEAD [4ms]
[2022-03-14T01:10:26.159Z] > git for-each-ref --format=%(refname)%00%(upstream:short)%00%(objectname)%00%(upstream:track) refs/heads/master refs/remotes/master [4ms]
[2022-03-14T01:10:26.188Z] > git for-each-ref --sort -committerdate --format %(refname) %(objectname) %(*objectname) [13ms]
[2022-03-14T01:10:26.192Z] > git remote --verbose [7ms]
[2022-03-14T01:10:26.221Z] > git config --get commit.template [10ms]
[2022-03-14T01:10:31.246Z] > git symbolic-ref --short HEAD [2ms]
[2022-03-14T01:10:31.256Z] > git for-each-ref --format=%(refname)%00%(upstream:short)%00%(objectname)%00%(upstream:track) refs/heads/master refs/remotes/master [1ms]
[2022-03-14T01:10:31.273Z] > git remote --verbose [3ms]
[2022-03-14T01:10:31.273Z] > git for-each-ref --sort -committerdate --format %(refname) %(objectname) %(*objectname) [10ms]
[2022-03-14T01:10:31.301Z] > git config --get commit.template [2ms]
[2022-03-14T01:12:47.375Z] > git symbolic-ref --short HEAD [4ms]
[2022-03-14T01:12:47.392Z] > git for-each-ref --format=%(refname)%00%(upstream:short)%00%(objectname)%00%(upstream:track) refs/heads/master refs/remotes/master [4ms]
[2022-03-14T01:12:47.415Z] > git for-each-ref --sort -committerdate --format %(refname) %(objectname) %(*objectname) [13ms]
[2022-03-14T01:12:47.418Z] > git remote --verbose [4ms]
[2022-03-14T01:12:47.432Z] > git config --get commit.template [1ms]
[2022-03-14T01:12:57.355Z] > git symbolic-ref --short HEAD [1ms]
[2022-03-14T01:12:57.362Z] > git for-each-ref --format=%(refname)%00%(upstream:short)%00%(objectname)%00%(upstream:track) refs/heads/master refs/remotes/master [1ms]
[2022-03-14T01:12:57.376Z] > git for-each-ref --sort -committerdate --format %(refname) %(objectname) %(*objectname) [7ms]
[2022-03-14T01:12:57.376Z] > git remote --verbose [1ms]
[2022-03-14T01:12:57.385Z] > git config --get commit.template [1ms]
[2022-03-14T01:13:31.151Z] > git symbolic-ref --short HEAD [2ms]
[2022-03-14T01:13:31.160Z] > git for-each-ref --format=%(refname)%00%(upstream:short)%00%(objectname)%00%(upstream:track) refs/heads/master refs/remotes/master [1ms]
[2022-03-14T01:13:31.177Z] > git for-each-ref --sort -committerdate --format %(refname) %(objectname) %(*objectname) [8ms]
[2022-03-14T01:13:31.178Z] > git remote --verbose [2ms]
[2022-03-14T01:13:31.188Z] > git config --get commit.template [2ms]
[2022-03-14T01:14:34.309Z] > git symbolic-ref --short HEAD [3ms]
[2022-03-14T01:14:34.322Z] > git for-each-ref --format=%(refname)%00%(upstream:short)%00%(objectname)%00%(upstream:track) refs/heads/master refs/remotes/master [3ms]
[2022-03-14T01:14:34.345Z] > git remote --verbose [4ms]
[2022-03-14T01:14:34.345Z] > git for-each-ref --sort -committerdate --format %(refname) %(objectname) %(*objectname) [15ms]
[2022-03-14T01:14:34.357Z] > git config --get commit.template [2ms]
[2022-03-14T01:15:05.741Z] > git symbolic-ref --short HEAD [9ms]
[2022-03-14T01:15:05.769Z] > git for-each-ref --format=%(refname)%00%(upstream:short)%00%(objectname)%00%(upstream:track) refs/heads/master refs/remotes/master [3ms]
[2022-03-14T01:15:05.850Z] > git for-each-ref --sort -committerdate --format %(refname) %(objectname) %(*objectname) [27ms]
[2022-03-14T01:15:05.851Z] > git remote --verbose [4ms]
[2022-03-14T01:15:05.883Z] > git config --get commit.template [2ms]
[2022-03-14T01:24:20.373Z] > git symbolic-ref --short HEAD [13ms]
[2022-03-14T01:24:20.390Z] > git for-each-ref --format=%(refname)%00%(upstream:short)%00%(objectname)%00%(upstream:track) refs/heads/master refs/remotes/master [3ms]
[2022-03-14T01:24:20.426Z] > git for-each-ref --sort -committerdate --format %(refname) %(objectname) %(*objectname) [22ms]
[2022-03-14T01:24:20.432Z] > git remote --verbose [7ms]
[2022-03-14T01:24:20.458Z] > git config --get commit.template [5ms]
[2022-03-14T02:06:20.155Z] > git symbolic-ref --short HEAD [2ms]
[2022-03-14T02:06:20.170Z] > git for-each-ref --format=%(refname)%00%(upstream:short)%00%(objectname)%00%(upstream:track) refs/heads/master refs/remotes/master [2ms]
[2022-03-14T02:06:20.204Z] > git for-each-ref --sort -committerdate --format %(refname) %(objectname) %(*objectname) [14ms]
[2022-03-14T02:06:20.207Z] > git remote --verbose [5ms]
[2022-03-14T02:06:20.248Z] > git config --get commit.template [10ms]
[2022-03-14T02:06:36.092Z] > git symbolic-ref --short HEAD [3ms]
[2022-03-14T02:06:36.105Z] > git for-each-ref --format=%(refname)%00%(upstream:short)%00%(objectname)%00%(upstream:track) refs/heads/master refs/remotes/master [3ms]
[2022-03-14T02:06:36.123Z] > git for-each-ref --sort -committerdate --format %(refname) %(objectname) %(*objectname) [9ms]
[2022-03-14T02:06:36.124Z] > git remote --verbose [1ms]
[2022-03-14T02:06:36.138Z] > git config --get commit.template [1ms]
[2022-03-14T02:06:41.191Z] > git symbolic-ref --short HEAD [10ms]
[2022-03-14T02:06:41.224Z] > git for-each-ref --format=%(refname)%00%(upstream:short)%00%(objectname)%00%(upstream:track) refs/heads/master refs/remotes/master [19ms]
[2022-03-14T02:06:41.252Z] > git for-each-ref --sort -committerdate --format %(refname) %(objectname) %(*objectname) [16ms]
[2022-03-14T02:06:41.253Z] > git remote --verbose [2ms]
[2022-03-14T02:06:41.269Z] > git config --get commit.template [3ms]
[2022-03-14T02:06:52.073Z] > git symbolic-ref --short HEAD [2ms]
[2022-03-14T02:06:52.086Z] > git for-each-ref --format=%(refname)%00%(upstream:short)%00%(objectname)%00%(upstream:track) refs/heads/master refs/remotes/master [3ms]
[2022-03-14T02:06:52.106Z] > git for-each-ref --sort -committerdate --format %(refname) %(objectname) %(*objectname) [11ms]
[2022-03-14T02:06:52.107Z] > git remote --verbose [2ms]
[2022-03-14T02:06:52.120Z] > git config --get commit.template [1ms]
[2022-03-14T02:06:58.976Z] > git symbolic-ref --short HEAD [3ms]
[2022-03-14T02:06:58.990Z] > git for-each-ref --format=%(refname)%00%(upstream:short)%00%(objectname)%00%(upstream:track) refs/heads/master refs/remotes/master [2ms]
[2022-03-14T02:06:59.012Z] > git for-each-ref --sort -committerdate --format %(refname) %(objectname) %(*objectname) [10ms]
[2022-03-14T02:06:59.014Z] > git remote --verbose [3ms]
[2022-03-14T02:06:59.027Z] > git config --get commit.template [1ms]
[2022-03-14T02:07:13.152Z] > git symbolic-ref --short HEAD [6ms]
[2022-03-14T02:07:13.173Z] > git for-each-ref --format=%(refname)%00%(upstream:short)%00%(objectname)%00%(upstream:track) refs/heads/master refs/remotes/master [6ms]
[2022-03-14T02:07:13.224Z] > git for-each-ref --sort -committerdate --format %(refname) %(objectname) %(*objectname) [23ms]
[2022-03-14T02:07:13.234Z] > git remote --verbose [12ms]
[2022-03-14T02:07:13.281Z] > git config --get commit.template [16ms]
[2022-03-14T02:07:21.232Z] > git symbolic-ref --short HEAD [11ms]
[2022-03-14T02:07:21.255Z] > git for-each-ref --format=%(refname)%00%(upstream:short)%00%(objectname)%00%(upstream:track) refs/heads/master refs/remotes/master [5ms]
[2022-03-14T02:07:21.292Z] > git remote --verbose [1ms]
[2022-03-14T02:07:21.292Z] > git for-each-ref --sort -committerdate --format %(refname) %(objectname) %(*objectname) [21ms]
[2022-03-14T02:07:21.320Z] > git config --get commit.template [8ms]
[2022-03-14T02:07:39.040Z] > git symbolic-ref --short HEAD [3ms]
[2022-03-14T02:07:39.070Z] > git for-each-ref --format=%(refname)%00%(upstream:short)%00%(objectname)%00%(upstream:track) refs/heads/master refs/remotes/master [7ms]
[2022-03-14T02:07:39.102Z] > git for-each-ref --sort -committerdate --format %(refname) %(objectname) %(*objectname) [14ms]
[2022-03-14T02:07:39.104Z] > git remote --verbose [5ms]
[2022-03-14T02:07:39.126Z] > git config --get commit.template [2ms]
[2022-03-14T02:08:12.945Z] > git symbolic-ref --short HEAD [2ms]
[2022-03-14T02:08:12.960Z] > git for-each-ref --format=%(refname)%00%(upstream:short)%00%(objectname)%00%(upstream:track) refs/heads/master refs/remotes/master [2ms]
[2022-03-14T02:08:12.986Z] > git for-each-ref --sort -committerdate --format %(refname) %(objectname) %(*objectname) [14ms]
[2022-03-14T02:08:12.987Z] > git remote --verbose [2ms]
[2022-03-14T02:08:13.003Z] > git config --get commit.template [2ms]
[2022-03-14T02:08:28.056Z] > git symbolic-ref --short HEAD [3ms]
[2022-03-14T02:08:28.079Z] > git for-each-ref --format=%(refname)%00%(upstream:short)%00%(objectname)%00%(upstream:track) refs/heads/master refs/remotes/master [1ms]
[2022-03-14T02:08:28.118Z] > git for-each-ref --sort -committerdate --format %(refname) %(objectname) %(*objectname) [17ms]
[2022-03-14T02:08:28.127Z] > git remote --verbose [10ms]
[2022-03-14T02:08:28.165Z] > git config --get commit.template [3ms]
[2022-03-14T02:09:16.617Z] > git symbolic-ref --short HEAD [6ms]
[2022-03-14T02:09:16.634Z] > git for-each-ref --format=%(refname)%00%(upstream:short)%00%(objectname)%00%(upstream:track) refs/heads/master refs/remotes/master [2ms]
[2022-03-14T02:09:16.654Z] > git for-each-ref --sort -committerdate --format %(refname) %(objectname) %(*objectname) [10ms]
[2022-03-14T02:09:16.656Z] > git remote --verbose [4ms]
[2022-03-14T02:09:16.671Z] > git config --get commit.template [2ms]
[2022-03-14T02:09:58.670Z] > git symbolic-ref --short HEAD [9ms]
[2022-03-14T02:09:58.706Z] > git for-each-ref --format=%(refname)%00%(upstream:short)%00%(objectname)%00%(upstream:track) refs/heads/master refs/remotes/master [7ms]
[2022-03-14T02:09:58.757Z] > git remote --verbose [5ms]
[2022-03-14T02:09:58.757Z] > git for-each-ref --sort -committerdate --format %(refname) %(objectname) %(*objectname) [28ms]
[2022-03-14T02:09:58.827Z] > git config --get commit.template [33ms]
[2022-03-14T02:10:03.860Z] > git symbolic-ref --short HEAD [2ms]
[2022-03-14T02:10:03.871Z] > git for-each-ref --format=%(refname)%00%(upstream:short)%00%(objectname)%00%(upstream:track) refs/heads/master refs/remotes/master [1ms]
[2022-03-14T02:10:03.894Z] > git for-each-ref --sort -committerdate --format %(refname) %(objectname) %(*objectname) [9ms]
[2022-03-14T02:10:03.894Z] > git remote --verbose [1ms]
[2022-03-14T02:10:03.906Z] > git config --get commit.template [2ms]
[2022-03-14T02:10:17.558Z] > git symbolic-ref --short HEAD [13ms]
[2022-03-14T02:10:17.571Z] > git for-each-ref --format=%(refname)%00%(upstream:short)%00%(objectname)%00%(upstream:track) refs/heads/master refs/remotes/master [3ms]
[2022-03-14T02:10:17.608Z] > git remote --verbose [11ms]
[2022-03-14T02:10:17.608Z] > git for-each-ref --sort -committerdate --format %(refname) %(objectname) %(*objectname) [24ms]
[2022-03-14T02:10:17.660Z] > git config --get commit.template [4ms]
[2022-03-14T02:10:23.589Z] > git symbolic-ref --short HEAD [2ms]
[2022-03-14T02:10:23.605Z] > git for-each-ref --format=%(refname)%00%(upstream:short)%00%(objectname)%00%(upstream:track) refs/heads/master refs/remotes/master [5ms]
[2022-03-14T02:10:23.631Z] > git for-each-ref --sort -committerdate --format %(refname) %(objectname) %(*objectname) [11ms]
[2022-03-14T02:10:23.632Z] > git remote --verbose [2ms]
[2022-03-14T02:10:23.656Z] > git config --get commit.template [2ms]
[2022-03-14T02:11:22.415Z] > git symbolic-ref --short HEAD [4ms]
[2022-03-14T02:11:22.447Z] > git for-each-ref --format=%(refname)%00%(upstream:short)%00%(objectname)%00%(upstream:track) refs/heads/master refs/remotes/master [1ms]
[2022-03-14T02:11:22.524Z] > git for-each-ref --sort -committerdate --format %(refname) %(objectname) %(*objectname) [45ms]
[2022-03-14T02:11:22.536Z] > git remote --verbose [15ms]
[2022-03-14T02:11:22.597Z] > git config --get commit.template [7ms]
[2022-03-14T02:11:47.721Z] > git symbolic-ref --short HEAD [1ms]
[2022-03-14T02:11:47.738Z] > git for-each-ref --format=%(refname)%00%(upstream:short)%00%(objectname)%00%(upstream:track) refs/heads/master refs/remotes/master [2ms]
[2022-03-14T02:11:47.765Z] > git for-each-ref --sort -committerdate --format %(refname) %(objectname) %(*objectname) [14ms]
[2022-03-14T02:11:47.766Z] > git remote --verbose [3ms]
[2022-03-14T02:11:47.778Z] > git config --get commit.template [1ms]
[2022-03-14T02:12:02.431Z] > git symbolic-ref --short HEAD [2ms]
[2022-03-14T02:12:02.460Z] > git for-each-ref --format=%(refname)%00%(upstream:short)%00%(objectname)%00%(upstream:track) refs/heads/master refs/remotes/master [4ms]
[2022-03-14T02:12:02.521Z] > git for-each-ref --sort -committerdate --format %(refname) %(objectname) %(*objectname) [38ms]
[2022-03-14T02:12:02.535Z] > git remote --verbose [28ms]
[2022-03-14T02:12:02.562Z] > git config --get commit.template [2ms]
[2022-03-14T02:12:10.934Z] > git symbolic-ref --short HEAD [2ms]
[2022-03-14T02:12:10.953Z] > git for-each-ref --format=%(refname)%00%(upstream:short)%00%(objectname)%00%(upstream:track) refs/heads/master refs/remotes/master [6ms]
[2022-03-14T02:12:10.989Z] > git for-each-ref --sort -committerdate --format %(refname) %(objectname) %(*objectname) [11ms]
[2022-03-14T02:12:10.990Z] > git remote --verbose [2ms]
[2022-03-14T02:12:11.009Z] > git config --get commit.template [2ms]
[2022-03-14T02:12:35.285Z] > git symbolic-ref --short HEAD [39ms]
[2022-03-14T02:12:35.330Z] > git for-each-ref --format=%(refname)%00%(upstream:short)%00%(objectname)%00%(upstream:track) refs/heads/master refs/remotes/master [5ms]
[2022-03-14T02:12:35.403Z] > git remote --verbose [16ms]
[2022-03-14T02:12:35.404Z] > git for-each-ref --sort -committerdate --format %(refname) %(objectname) %(*objectname) [52ms]
[2022-03-14T02:12:35.452Z] > git config --get commit.template [4ms]
[2022-03-14T02:12:53.087Z] > git symbolic-ref --short HEAD [44ms]
[2022-03-14T02:12:53.191Z] > git for-each-ref --format=%(refname)%00%(upstream:short)%00%(objectname)%00%(upstream:track) refs/heads/master refs/remotes/master [29ms]
[2022-03-14T02:12:53.301Z] > git for-each-ref --sort -committerdate --format %(refname) %(objectname) %(*objectname) [31ms]
[2022-03-14T02:12:53.316Z] > git remote --verbose [18ms]
[2022-03-14T02:12:53.380Z] > git config --get commit.template [15ms]
[2022-03-14T02:12:58.458Z] > git symbolic-ref --short HEAD [1ms]
[2022-03-14T02:12:58.472Z] > git for-each-ref --format=%(refname)%00%(upstream:short)%00%(objectname)%00%(upstream:track) refs/heads/master refs/remotes/master [3ms]
[2022-03-14T02:12:58.503Z] > git remote --verbose [6ms]
[2022-03-14T02:12:58.503Z] > git for-each-ref --sort -committerdate --format %(refname) %(objectname) %(*objectname) [18ms]
[2022-03-14T02:12:58.522Z] > git config --get commit.template [3ms]
[2022-03-14T02:13:04.412Z] > git symbolic-ref --short HEAD [1ms]
[2022-03-14T02:13:04.423Z] > git for-each-ref --format=%(refname)%00%(upstream:short)%00%(objectname)%00%(upstream:track) refs/heads/master refs/remotes/master [1ms]
[2022-03-14T02:13:04.445Z] > git for-each-ref --sort -committerdate --format %(refname) %(objectname) %(*objectname) [10ms]
[2022-03-14T02:13:04.445Z] > git remote --verbose [1ms]
[2022-03-14T02:13:04.460Z] > git config --get commit.template [2ms]
[2022-03-14T02:13:04.504Z] > git ls-files --stage -- /home/dathd/Project/portfolio/src/components/Spine.tsx [1ms]
[2022-03-14T02:13:04.516Z] > git cat-file -s d2bb32036420ad8b5cbc00ae0af64afb949907be [2ms]
[2022-03-14T02:13:06.757Z] > git ls-files --stage -- /home/dathd/Project/portfolio/src/components/Spine.tsx [10ms]
[2022-03-14T02:13:06.797Z] > git cat-file -s d2bb32036420ad8b5cbc00ae0af64afb949907be [2ms]
[2022-03-14T02:13:09.522Z] > git symbolic-ref --short HEAD [2ms]
[2022-03-14T02:13:09.538Z] > git for-each-ref --format=%(refname)%00%(upstream:short)%00%(objectname)%00%(upstream:track) refs/heads/master refs/remotes/master [3ms]
[2022-03-14T02:13:09.566Z] > git for-each-ref --sort -committerdate --format %(refname) %(objectname) %(*objectname) [15ms]
[2022-03-14T02:13:09.567Z] > git remote --verbose [3ms]
[2022-03-14T02:13:09.584Z] > git config --get commit.template [3ms]
[2022-03-14T02:13:13.013Z] > git ls-files --stage -- /home/dathd/Project/portfolio/src/components/Spine.tsx [2ms]
[2022-03-14T02:13:13.026Z] > git cat-file -s dee99949e6be664bf0b96d9a6c369a21189f7ff7 [2ms]
[2022-03-14T02:13:14.655Z] > git symbolic-ref --short HEAD [2ms]
[2022-03-14T02:13:14.668Z] > git for-each-ref --format=%(refname)%00%(upstream:short)%00%(objectname)%00%(upstream:track) refs/heads/master refs/remotes/master [2ms]
[2022-03-14T02:13:14.691Z] > git for-each-ref --sort -committerdate --format %(refname) %(objectname) %(*objectname) [12ms]
[2022-03-14T02:13:14.692Z] > git remote --verbose [2ms]
[2022-03-14T02:13:14.705Z] > git config --get commit.template [1ms]
[2022-03-14T02:13:28.172Z] > git symbolic-ref --short HEAD [1ms]
[2022-03-14T02:13:28.194Z] > git for-each-ref --format=%(refname)%00%(upstream:short)%00%(objectname)%00%(upstream:track) refs/heads/master refs/remotes/master [9ms]
[2022-03-14T02:13:28.213Z] > git for-each-ref --sort -committerdate --format %(refname) %(objectname) %(*objectname) [10ms]
[2022-03-14T02:13:28.213Z] > git remote --verbose [1ms]
[2022-03-14T02:13:28.228Z] > git config --get commit.template [1ms]
[2022-03-14T02:13:28.261Z] > git ls-files --stage -- /home/dathd/Project/portfolio/src/components/Spine.tsx [2ms]
[2022-03-14T02:13:28.276Z] > git cat-file -s dee99949e6be664bf0b96d9a6c369a21189f7ff7 [3ms]
[2022-03-14T02:20:05.333Z] > git symbolic-ref --short HEAD [51ms]
[2022-03-14T02:20:05.348Z] > git ls-files --stage -- /home/dathd/Project/portfolio/src/components/Spine.tsx [18ms]
[2022-03-14T02:20:05.364Z] > git for-each-ref --format=%(refname)%00%(upstream:short)%00%(objectname)%00%(upstream:track) refs/heads/master refs/remotes/master [17ms]
[2022-03-14T02:20:05.404Z] > git remote --verbose [2ms]
[2022-03-14T02:20:05.405Z] > git for-each-ref --sort -committerdate --format %(refname) %(objectname) %(*objectname) [25ms]
[2022-03-14T02:20:05.409Z] > git cat-file -s dee99949e6be664bf0b96d9a6c369a21189f7ff7 [46ms]
[2022-03-14T02:20:05.441Z] > git config --get commit.template [14ms]
[2022-03-14T08:17:02.494Z] > git symbolic-ref --short HEAD [3ms]
[2022-03-14T08:17:02.518Z] > git for-each-ref --format=%(refname)%00%(upstream:short)%00%(objectname)%00%(upstream:track) refs/heads/master refs/remotes/master [8ms]
[2022-03-14T08:17:02.547Z] > git for-each-ref --sort -committerdate --format %(refname) %(objectname) %(*objectname) [13ms]
[2022-03-14T08:17:02.548Z] > git remote --verbose [4ms]
[2022-03-14T08:17:02.568Z] > git config --get commit.template [2ms]
[2022-03-14T08:20:40.525Z] > git ls-files --stage -- /home/dathd/Project/portfolio/src/hooks/useScrollMagic.ts [5ms]
[2022-03-14T08:20:40.555Z] > git cat-file -s 874980937a0590e5c033ebb2e172bbfcf11b88ea [19ms]
[2022-03-14T08:20:56.654Z] > git ls-files --stage -- /home/dathd/Project/portfolio/src/hooks/useScrollMagic.ts [3ms]
[2022-03-14T08:20:56.666Z] > git cat-file -s 874980937a0590e5c033ebb2e172bbfcf11b88ea [1ms]
[2022-03-14T08:21:05.990Z] > git symbolic-ref --short HEAD [5ms]
[2022-03-14T08:21:06.011Z] > git for-each-ref --format=%(refname)%00%(upstream:short)%00%(objectname)%00%(upstream:track) refs/heads/master refs/remotes/master [8ms]
[2022-03-14T08:21:06.040Z] > git for-each-ref --sort -committerdate --format %(refname) %(objectname) %(*objectname) [17ms]
[2022-03-14T08:21:06.042Z] > git remote --verbose [6ms]
[2022-03-14T08:21:06.064Z] > git config --get commit.template [3ms]
[2022-03-14T08:37:07.186Z] > git ls-files --stage -- /home/dathd/Project/portfolio/src/components/Spine.tsx [3ms]
[2022-03-14T08:37:07.202Z] > git cat-file -s dee99949e6be664bf0b96d9a6c369a21189f7ff7 [3ms]
[2022-03-14T08:38:48.614Z] > git ls-files --stage -- /home/dathd/Project/portfolio/src/components/Spine.tsx [12ms]
[2022-03-14T08:38:48.645Z] > git cat-file -s dee99949e6be664bf0b96d9a6c369a21189f7ff7 [8ms]
[2022-03-14T08:38:55.628Z] > git symbolic-ref --short HEAD [1ms]
[2022-03-14T08:38:55.651Z] > git for-each-ref --format=%(refname)%00%(upstream:short)%00%(objectname)%00%(upstream:track) refs/heads/master refs/remotes/master [4ms]
[2022-03-14T08:38:55.687Z] > git remote --verbose [12ms]
[2022-03-14T08:38:55.688Z] > git for-each-ref --sort -committerdate --format %(refname) %(objectname) %(*objectname) [24ms]
[2022-03-14T08:38:55.703Z] > git ls-files --stage -- /home/dathd/Project/portfolio/src/components/Spine.tsx [17ms]
[2022-03-14T08:38:55.716Z] > git config --get commit.template [14ms]
[2022-03-14T08:38:55.720Z] > git cat-file -s dee99949e6be664bf0b96d9a6c369a21189f7ff7 [5ms]
[2022-03-14T08:39:04.393Z] > git symbolic-ref --short HEAD [2ms]
[2022-03-14T08:39:04.401Z] > git for-each-ref --format=%(refname)%00%(upstream:short)%00%(objectname)%00%(upstream:track) refs/heads/master refs/remotes/master [1ms]
[2022-03-14T08:39:04.418Z] > git for-each-ref --sort -committerdate --format %(refname) %(objectname) %(*objectname) [9ms]
[2022-03-14T08:39:04.418Z] > git remote --verbose [1ms]
[2022-03-14T08:39:04.431Z] > git config --get commit.template [1ms]
[2022-03-14T08:39:09.460Z] > git symbolic-ref --short HEAD [2ms]
[2022-03-14T08:39:09.472Z] > git for-each-ref --format=%(refname)%00%(upstream:short)%00%(objectname)%00%(upstream:track) refs/heads/master refs/remotes/master [2ms]
[2022-03-14T08:39:09.495Z] > git for-each-ref --sort -committerdate --format %(refname) %(objectname) %(*objectname) [12ms]
[2022-03-14T08:39:09.495Z] > git remote --verbose [2ms]
[2022-03-14T08:39:09.510Z] > git config --get commit.template [3ms]
[2022-03-14T14:57:32.533Z] > git symbolic-ref --short HEAD [4ms]
[2022-03-14T14:57:32.555Z] > git for-each-ref --format=%(refname)%00%(upstream:short)%00%(objectname)%00%(upstream:track) refs/heads/master refs/remotes/master [4ms]
[2022-03-14T14:57:32.581Z] > git for-each-ref --sort -committerdate --format %(refname) %(objectname) %(*objectname) [11ms]
[2022-03-14T14:57:32.582Z] > git remote --verbose [2ms]
[2022-03-14T14:57:32.595Z] > git config --get commit.template [2ms]
[2022-03-14T14:57:33.638Z] > git ls-files --stage -- /home/dathd/Project/portfolio/src/components/Spine.tsx [10ms]
[2022-03-14T14:57:33.658Z] > git cat-file -s dee99949e6be664bf0b96d9a6c369a21189f7ff7 [4ms]
[2022-03-14T14:57:37.697Z] > git symbolic-ref --short HEAD [3ms]
[2022-03-14T14:57:37.712Z] > git for-each-ref --format=%(refname)%00%(upstream:short)%00%(objectname)%00%(upstream:track) refs/heads/master refs/remotes/master [2ms]
[2022-03-14T14:57:37.740Z] > git for-each-ref --sort -committerdate --format %(refname) %(objectname) %(*objectname) [15ms]
[2022-03-14T14:57:37.741Z] > git remote --verbose [4ms]
[2022-03-14T14:57:37.753Z] > git config --get commit.template [1ms]
[2022-03-14T14:57:42.782Z] > git symbolic-ref --short HEAD [2ms]
[2022-03-14T14:57:42.796Z] > git for-each-ref --format=%(refname)%00%(upstream:short)%00%(objectname)%00%(upstream:track) refs/heads/master refs/remotes/master [3ms]
[2022-03-14T14:57:42.820Z] > git for-each-ref --sort -committerdate --format %(refname) %(objectname) %(*objectname) [13ms]
[2022-03-14T14:57:42.821Z] > git remote --verbose [3ms]
[2022-03-14T14:57:42.835Z] > git config --get commit.template [2ms]
[2022-03-14T14:58:11.521Z] > git ls-files --stage -- /home/dathd/Project/portfolio/src/components/Spine.tsx [5ms]
[2022-03-14T14:58:11.537Z] > git cat-file -s dee99949e6be664bf0b96d9a6c369a21189f7ff7 [4ms]
[2022-03-14T14:58:39.875Z] > git ls-files --stage -- /home/dathd/Project/portfolio/src/components/Spine.tsx [16ms]
[2022-03-14T14:58:39.889Z] > git cat-file -s dee99949e6be664bf0b96d9a6c369a21189f7ff7 [4ms]
[2022-03-14T14:58:44.311Z] > git ls-files --stage -- /home/dathd/Project/portfolio/src/components/Spine.tsx [7ms]
[2022-03-14T14:58:44.338Z] > git cat-file -s dee99949e6be664bf0b96d9a6c369a21189f7ff7 [15ms]
[2022-03-14T14:58:46.972Z] > git ls-files --stage -- /home/dathd/Project/portfolio/src/hooks/useScrollMagic.ts [4ms]
[2022-03-14T14:58:46.988Z] > git cat-file -s 874980937a0590e5c033ebb2e172bbfcf11b88ea [4ms]
[2022-03-14T14:59:25.208Z] > git ls-files --stage -- /home/dathd/Project/portfolio/src/hooks/useScrollMagic.ts [8ms]
[2022-03-14T14:59:25.223Z] > git cat-file -s 874980937a0590e5c033ebb2e172bbfcf11b88ea [3ms]
[2022-03-14T14:59:53.462Z] > git ls-files --stage -- /home/dathd/Project/portfolio/src/styles/Home.module.scss [39ms]
[2022-03-14T14:59:53.487Z] > git cat-file -s e69de29bb2d1d6434b8b29ae775ad8c2e48c5391 [3ms]
[2022-03-14T14:59:56.653Z] > git ls-files --stage -- /home/dathd/Project/portfolio/postcss.config.js [5ms]
[2022-03-14T14:59:56.678Z] > git cat-file -s 33ad091d26d8a9dc95ebdf616e217d985ec215b8 [4ms]
[2022-03-14T15:00:00.894Z] > git ls-files --stage -- /home/dathd/Project/portfolio/src/hooks/useScrollMagic.ts [2ms]
[2022-03-14T15:00:00.910Z] > git cat-file -s 874980937a0590e5c033ebb2e172bbfcf11b88ea [2ms]
[2022-03-14T15:00:12.461Z] > git ls-files --stage -- /home/dathd/Project/portfolio/src/components/Header.tsx [12ms]
[2022-03-14T15:00:12.479Z] > git cat-file -s 7b03f129f81331f78c25dc791d357f79978842a0 [6ms]
[2022-03-14T15:01:21.341Z] > git ls-files --stage -- /home/dathd/Project/portfolio/src/components/Header.tsx [17ms]
[2022-03-14T15:01:21.377Z] > git cat-file -s 7b03f129f81331f78c25dc791d357f79978842a0 [5ms]
[2022-03-14T15:01:26.470Z] > git ls-files --stage -- /home/dathd/Project/portfolio/src/components/Header.tsx [24ms]
[2022-03-14T15:01:26.500Z] > git cat-file -s 7b03f129f81331f78c25dc791d357f79978842a0 [3ms]
