["INFO" - 8:08:45 AM] Extension Name: esbenp.prettier-vscode.
["INFO" - 8:08:45 AM] Extension Version: 9.3.0.
["INFO" - 8:12:45 AM] Formatting file:///home/dathd/Project/portfolio/src/components/Spine.tsx
["INFO" - 8:12:45 AM] Using ignore file (if present) at /home/dathd/Project/portfolio/.prettierignore
["INFO" - 8:12:45 AM] File Info:
{
  "ignored": false,
  "inferredParser": "typescript"
}
["INFO" - 8:12:45 AM] No local configuration (i.e. .prettierrc or .editorconfig) detected, falling back to VS Code configuration
["INFO" - 8:12:45 AM] Prettier Options:
{
  "arrowParens": "always",
  "bracketSpacing": true,
  "endOfLine": "lf",
  "htmlWhitespaceSensitivity": "css",
  "insertPragma": false,
  "jsxBracketSameLine": false,
  "jsxSingleQuote": false,
  "printWidth": 80,
  "proseWrap": "preserve",
  "quoteProps": "as-needed",
  "requirePragma": false,
  "semi": true,
  "singleQuote": false,
  "tabWidth": 2,
  "trailingComma": "es5",
  "useTabs": false,
  "vueIndentScriptAndStyle": false,
  "filepath": "/home/dathd/Project/portfolio/src/components/Spine.tsx",
  "parser": "typescript"
}
["INFO" - 8:12:45 AM] Formatting completed in 0.13ms.
["INFO" - 8:13:23 AM] Formatting file:///home/dathd/Project/portfolio/src/components/Spine.tsx
["INFO" - 8:13:24 AM] Using ignore file (if present) at /home/dathd/Project/portfolio/.prettierignore
["INFO" - 8:13:24 AM] File Info:
{
  "ignored": false,
  "inferredParser": "typescript"
}
["INFO" - 8:13:24 AM] No local configuration (i.e. .prettierrc or .editorconfig) detected, falling back to VS Code configuration
["INFO" - 8:13:24 AM] Prettier Options:
{
  "arrowParens": "always",
  "bracketSpacing": true,
  "endOfLine": "lf",
  "htmlWhitespaceSensitivity": "css",
  "insertPragma": false,
  "jsxBracketSameLine": false,
  "jsxSingleQuote": false,
  "printWidth": 80,
  "proseWrap": "preserve",
  "quoteProps": "as-needed",
  "requirePragma": false,
  "semi": true,
  "singleQuote": false,
  "tabWidth": 2,
  "trailingComma": "es5",
  "useTabs": false,
  "vueIndentScriptAndStyle": false,
  "filepath": "/home/dathd/Project/portfolio/src/components/Spine.tsx",
  "parser": "typescript"
}
["INFO" - 8:13:24 AM] Formatting completed in 0.08ms.
["INFO" - 8:15:04 AM] Formatting file:///home/dathd/Project/portfolio/src/components/Spine.tsx
["INFO" - 8:15:04 AM] Using ignore file (if present) at /home/dathd/Project/portfolio/.prettierignore
["INFO" - 8:15:04 AM] File Info:
{
  "ignored": false,
  "inferredParser": "typescript"
}
["INFO" - 8:15:04 AM] No local configuration (i.e. .prettierrc or .editorconfig) detected, falling back to VS Code configuration
["INFO" - 8:15:04 AM] Prettier Options:
{
  "arrowParens": "always",
  "bracketSpacing": true,
  "endOfLine": "lf",
  "htmlWhitespaceSensitivity": "css",
  "insertPragma": false,
  "jsxBracketSameLine": false,
  "jsxSingleQuote": false,
  "printWidth": 80,
  "proseWrap": "preserve",
  "quoteProps": "as-needed",
  "requirePragma": false,
  "semi": true,
  "singleQuote": false,
  "tabWidth": 2,
  "trailingComma": "es5",
  "useTabs": false,
  "vueIndentScriptAndStyle": false,
  "filepath": "/home/dathd/Project/portfolio/src/components/Spine.tsx",
  "parser": "typescript"
}
["INFO" - 8:15:04 AM] Formatting completed in 0.101ms.
["INFO" - 9:06:18 AM] Formatting file:///home/dathd/Project/portfolio/src/components/Spine.tsx
["INFO" - 9:06:18 AM] Using ignore file (if present) at /home/dathd/Project/portfolio/.prettierignore
["INFO" - 9:06:18 AM] File Info:
{
  "ignored": false,
  "inferredParser": "typescript"
}
["INFO" - 9:06:18 AM] No local configuration (i.e. .prettierrc or .editorconfig) detected, falling back to VS Code configuration
["INFO" - 9:06:18 AM] Prettier Options:
{
  "arrowParens": "always",
  "bracketSpacing": true,
  "endOfLine": "lf",
  "htmlWhitespaceSensitivity": "css",
  "insertPragma": false,
  "jsxBracketSameLine": false,
  "jsxSingleQuote": false,
  "printWidth": 80,
  "proseWrap": "preserve",
  "quoteProps": "as-needed",
  "requirePragma": false,
  "semi": true,
  "singleQuote": false,
  "tabWidth": 2,
  "trailingComma": "es5",
  "useTabs": false,
  "vueIndentScriptAndStyle": false,
  "filepath": "/home/dathd/Project/portfolio/src/components/Spine.tsx",
  "parser": "typescript"
}
["INFO" - 9:06:18 AM] Formatting completed in 0.115ms.
["INFO" - 9:06:50 AM] Formatting file:///home/dathd/Project/portfolio/src/components/Spine.tsx
["INFO" - 9:06:50 AM] Using ignore file (if present) at /home/dathd/Project/portfolio/.prettierignore
["INFO" - 9:06:50 AM] File Info:
{
  "ignored": false,
  "inferredParser": "typescript"
}
["INFO" - 9:06:50 AM] No local configuration (i.e. .prettierrc or .editorconfig) detected, falling back to VS Code configuration
["INFO" - 9:06:50 AM] Prettier Options:
{
  "arrowParens": "always",
  "bracketSpacing": true,
  "endOfLine": "lf",
  "htmlWhitespaceSensitivity": "css",
  "insertPragma": false,
  "jsxBracketSameLine": false,
  "jsxSingleQuote": false,
  "printWidth": 80,
  "proseWrap": "preserve",
  "quoteProps": "as-needed",
  "requirePragma": false,
  "semi": true,
  "singleQuote": false,
  "tabWidth": 2,
  "trailingComma": "es5",
  "useTabs": false,
  "vueIndentScriptAndStyle": false,
  "filepath": "/home/dathd/Project/portfolio/src/components/Spine.tsx",
  "parser": "typescript"
}
["INFO" - 9:06:50 AM] Formatting completed in 0.101ms.
["INFO" - 9:07:06 AM] Formatting file:///home/dathd/Project/portfolio/src/components/Spine.tsx
["INFO" - 9:07:06 AM] Using ignore file (if present) at /home/dathd/Project/portfolio/.prettierignore
["INFO" - 9:07:06 AM] File Info:
{
  "ignored": false,
  "inferredParser": "typescript"
}
["INFO" - 9:07:06 AM] No local configuration (i.e. .prettierrc or .editorconfig) detected, falling back to VS Code configuration
["INFO" - 9:07:06 AM] Prettier Options:
{
  "arrowParens": "always",
  "bracketSpacing": true,
  "endOfLine": "lf",
  "htmlWhitespaceSensitivity": "css",
  "insertPragma": false,
  "jsxBracketSameLine": false,
  "jsxSingleQuote": false,
  "printWidth": 80,
  "proseWrap": "preserve",
  "quoteProps": "as-needed",
  "requirePragma": false,
  "semi": true,
  "singleQuote": false,
  "tabWidth": 2,
  "trailingComma": "es5",
  "useTabs": false,
  "vueIndentScriptAndStyle": false,
  "filepath": "/home/dathd/Project/portfolio/src/components/Spine.tsx",
  "parser": "typescript"
}
["INFO" - 9:07:06 AM] Formatting completed in 0.065ms.
["INFO" - 9:07:15 AM] Formatting file:///home/dathd/Project/portfolio/src/components/Spine.tsx
["INFO" - 9:07:15 AM] Using ignore file (if present) at /home/dathd/Project/portfolio/.prettierignore
["INFO" - 9:07:15 AM] File Info:
{
  "ignored": false,
  "inferredParser": "typescript"
}
["INFO" - 9:07:15 AM] No local configuration (i.e. .prettierrc or .editorconfig) detected, falling back to VS Code configuration
["INFO" - 9:07:15 AM] Prettier Options:
{
  "arrowParens": "always",
  "bracketSpacing": true,
  "endOfLine": "lf",
  "htmlWhitespaceSensitivity": "css",
  "insertPragma": false,
  "jsxBracketSameLine": false,
  "jsxSingleQuote": false,
  "printWidth": 80,
  "proseWrap": "preserve",
  "quoteProps": "as-needed",
  "requirePragma": false,
  "semi": true,
  "singleQuote": false,
  "tabWidth": 2,
  "trailingComma": "es5",
  "useTabs": false,
  "vueIndentScriptAndStyle": false,
  "filepath": "/home/dathd/Project/portfolio/src/components/Spine.tsx",
  "parser": "typescript"
}
["INFO" - 9:07:15 AM] Formatting completed in 0.068ms.
["INFO" - 9:07:28 AM] Formatting file:///home/dathd/Project/portfolio/src/components/Spine.tsx
["INFO" - 9:07:28 AM] Using ignore file (if present) at /home/dathd/Project/portfolio/.prettierignore
["INFO" - 9:07:28 AM] File Info:
{
  "ignored": false,
  "inferredParser": "typescript"
}
["INFO" - 9:07:28 AM] No local configuration (i.e. .prettierrc or .editorconfig) detected, falling back to VS Code configuration
["INFO" - 9:07:28 AM] Prettier Options:
{
  "arrowParens": "always",
  "bracketSpacing": true,
  "endOfLine": "lf",
  "htmlWhitespaceSensitivity": "css",
  "insertPragma": false,
  "jsxBracketSameLine": false,
  "jsxSingleQuote": false,
  "printWidth": 80,
  "proseWrap": "preserve",
  "quoteProps": "as-needed",
  "requirePragma": false,
  "semi": true,
  "singleQuote": false,
  "tabWidth": 2,
  "trailingComma": "es5",
  "useTabs": false,
  "vueIndentScriptAndStyle": false,
  "filepath": "/home/dathd/Project/portfolio/src/components/Spine.tsx",
  "parser": "typescript"
}
["INFO" - 9:07:28 AM] Formatting completed in 0.052ms.
["INFO" - 9:08:11 AM] Formatting file:///home/dathd/Project/portfolio/src/components/Spine.tsx
["INFO" - 9:08:11 AM] Using ignore file (if present) at /home/dathd/Project/portfolio/.prettierignore
["INFO" - 9:08:11 AM] File Info:
{
  "ignored": false,
  "inferredParser": "typescript"
}
["INFO" - 9:08:11 AM] No local configuration (i.e. .prettierrc or .editorconfig) detected, falling back to VS Code configuration
["INFO" - 9:08:11 AM] Prettier Options:
{
  "arrowParens": "always",
  "bracketSpacing": true,
  "endOfLine": "lf",
  "htmlWhitespaceSensitivity": "css",
  "insertPragma": false,
  "jsxBracketSameLine": false,
  "jsxSingleQuote": false,
  "printWidth": 80,
  "proseWrap": "preserve",
  "quoteProps": "as-needed",
  "requirePragma": false,
  "semi": true,
  "singleQuote": false,
  "tabWidth": 2,
  "trailingComma": "es5",
  "useTabs": false,
  "vueIndentScriptAndStyle": false,
  "filepath": "/home/dathd/Project/portfolio/src/components/Spine.tsx",
  "parser": "typescript"
}
["INFO" - 9:08:11 AM] Formatting completed in 0.074ms.
["INFO" - 9:09:51 AM] Formatting file:///home/dathd/Project/portfolio/src/components/Spine.tsx
["INFO" - 9:09:51 AM] Using ignore file (if present) at /home/dathd/Project/portfolio/.prettierignore
["INFO" - 9:09:51 AM] File Info:
{
  "ignored": false,
  "inferredParser": "typescript"
}
["INFO" - 9:09:51 AM] No local configuration (i.e. .prettierrc or .editorconfig) detected, falling back to VS Code configuration
["INFO" - 9:09:51 AM] Prettier Options:
{
  "arrowParens": "always",
  "bracketSpacing": true,
  "endOfLine": "lf",
  "htmlWhitespaceSensitivity": "css",
  "insertPragma": false,
  "jsxBracketSameLine": false,
  "jsxSingleQuote": false,
  "printWidth": 80,
  "proseWrap": "preserve",
  "quoteProps": "as-needed",
  "requirePragma": false,
  "semi": true,
  "singleQuote": false,
  "tabWidth": 2,
  "trailingComma": "es5",
  "useTabs": false,
  "vueIndentScriptAndStyle": false,
  "filepath": "/home/dathd/Project/portfolio/src/components/Spine.tsx",
  "parser": "typescript"
}
["INFO" - 9:09:52 AM] Formatting completed in 0.115ms.
["INFO" - 9:10:05 AM] Formatting file:///home/dathd/Project/portfolio/src/components/Spine.tsx
["INFO" - 9:10:05 AM] Using ignore file (if present) at /home/dathd/Project/portfolio/.prettierignore
["INFO" - 9:10:05 AM] File Info:
{
  "ignored": false,
  "inferredParser": "typescript"
}
["INFO" - 9:10:05 AM] No local configuration (i.e. .prettierrc or .editorconfig) detected, falling back to VS Code configuration
["INFO" - 9:10:05 AM] Prettier Options:
{
  "arrowParens": "always",
  "bracketSpacing": true,
  "endOfLine": "lf",
  "htmlWhitespaceSensitivity": "css",
  "insertPragma": false,
  "jsxBracketSameLine": false,
  "jsxSingleQuote": false,
  "printWidth": 80,
  "proseWrap": "preserve",
  "quoteProps": "as-needed",
  "requirePragma": false,
  "semi": true,
  "singleQuote": false,
  "tabWidth": 2,
  "trailingComma": "es5",
  "useTabs": false,
  "vueIndentScriptAndStyle": false,
  "filepath": "/home/dathd/Project/portfolio/src/components/Spine.tsx",
  "parser": "typescript"
}
["INFO" - 9:10:05 AM] Formatting completed in 0.106ms.
["INFO" - 9:10:22 AM] Formatting file:///home/dathd/Project/portfolio/src/components/Spine.tsx
["INFO" - 9:10:22 AM] Using ignore file (if present) at /home/dathd/Project/portfolio/.prettierignore
["INFO" - 9:10:22 AM] File Info:
{
  "ignored": false,
  "inferredParser": "typescript"
}
["INFO" - 9:10:22 AM] No local configuration (i.e. .prettierrc or .editorconfig) detected, falling back to VS Code configuration
["INFO" - 9:10:22 AM] Prettier Options:
{
  "arrowParens": "always",
  "bracketSpacing": true,
  "endOfLine": "lf",
  "htmlWhitespaceSensitivity": "css",
  "insertPragma": false,
  "jsxBracketSameLine": false,
  "jsxSingleQuote": false,
  "printWidth": 80,
  "proseWrap": "preserve",
  "quoteProps": "as-needed",
  "requirePragma": false,
  "semi": true,
  "singleQuote": false,
  "tabWidth": 2,
  "trailingComma": "es5",
  "useTabs": false,
  "vueIndentScriptAndStyle": false,
  "filepath": "/home/dathd/Project/portfolio/src/components/Spine.tsx",
  "parser": "typescript"
}
["INFO" - 9:10:22 AM] Formatting completed in 0.081ms.
["INFO" - 9:11:13 AM] Formatting file:///home/dathd/Project/portfolio/src/components/Spine.tsx
["INFO" - 9:11:13 AM] Using ignore file (if present) at /home/dathd/Project/portfolio/.prettierignore
["INFO" - 9:11:13 AM] File Info:
{
  "ignored": false,
  "inferredParser": "typescript"
}
["INFO" - 9:11:13 AM] No local configuration (i.e. .prettierrc or .editorconfig) detected, falling back to VS Code configuration
["INFO" - 9:11:13 AM] Prettier Options:
{
  "arrowParens": "always",
  "bracketSpacing": true,
  "endOfLine": "lf",
  "htmlWhitespaceSensitivity": "css",
  "insertPragma": false,
  "jsxBracketSameLine": false,
  "jsxSingleQuote": false,
  "printWidth": 80,
  "proseWrap": "preserve",
  "quoteProps": "as-needed",
  "requirePragma": false,
  "semi": true,
  "singleQuote": false,
  "tabWidth": 2,
  "trailingComma": "es5",
  "useTabs": false,
  "vueIndentScriptAndStyle": false,
  "filepath": "/home/dathd/Project/portfolio/src/components/Spine.tsx",
  "parser": "typescript"
}
["INFO" - 9:11:13 AM] Formatting completed in 0.1ms.
["INFO" - 9:11:46 AM] Formatting file:///home/dathd/Project/portfolio/src/components/Spine.tsx
["INFO" - 9:11:46 AM] Using ignore file (if present) at /home/dathd/Project/portfolio/.prettierignore
["INFO" - 9:11:46 AM] File Info:
{
  "ignored": false,
  "inferredParser": "typescript"
}
["INFO" - 9:11:46 AM] No local configuration (i.e. .prettierrc or .editorconfig) detected, falling back to VS Code configuration
["INFO" - 9:11:46 AM] Prettier Options:
{
  "arrowParens": "always",
  "bracketSpacing": true,
  "endOfLine": "lf",
  "htmlWhitespaceSensitivity": "css",
  "insertPragma": false,
  "jsxBracketSameLine": false,
  "jsxSingleQuote": false,
  "printWidth": 80,
  "proseWrap": "preserve",
  "quoteProps": "as-needed",
  "requirePragma": false,
  "semi": true,
  "singleQuote": false,
  "tabWidth": 2,
  "trailingComma": "es5",
  "useTabs": false,
  "vueIndentScriptAndStyle": false,
  "filepath": "/home/dathd/Project/portfolio/src/components/Spine.tsx",
  "parser": "typescript"
}
["INFO" - 9:11:46 AM] Formatting completed in 0.065ms.
["INFO" - 9:12:09 AM] Formatting file:///home/dathd/Project/portfolio/src/components/Spine.tsx
["INFO" - 9:12:09 AM] Using ignore file (if present) at /home/dathd/Project/portfolio/.prettierignore
["INFO" - 9:12:09 AM] File Info:
{
  "ignored": false,
  "inferredParser": "typescript"
}
["INFO" - 9:12:09 AM] No local configuration (i.e. .prettierrc or .editorconfig) detected, falling back to VS Code configuration
["INFO" - 9:12:09 AM] Prettier Options:
{
  "arrowParens": "always",
  "bracketSpacing": true,
  "endOfLine": "lf",
  "htmlWhitespaceSensitivity": "css",
  "insertPragma": false,
  "jsxBracketSameLine": false,
  "jsxSingleQuote": false,
  "printWidth": 80,
  "proseWrap": "preserve",
  "quoteProps": "as-needed",
  "requirePragma": false,
  "semi": true,
  "singleQuote": false,
  "tabWidth": 2,
  "trailingComma": "es5",
  "useTabs": false,
  "vueIndentScriptAndStyle": false,
  "filepath": "/home/dathd/Project/portfolio/src/components/Spine.tsx",
  "parser": "typescript"
}
["INFO" - 9:12:09 AM] Formatting completed in 0.069ms.
["INFO" - 9:12:13 AM] Formatting file:///home/dathd/Project/portfolio/src/components/Spine.tsx
["INFO" - 9:12:13 AM] Using ignore file (if present) at /home/dathd/Project/portfolio/.prettierignore
["INFO" - 9:12:13 AM] File Info:
{
  "ignored": false,
  "inferredParser": "typescript"
}
["INFO" - 9:12:13 AM] No local configuration (i.e. .prettierrc or .editorconfig) detected, falling back to VS Code configuration
["INFO" - 9:12:13 AM] Prettier Options:
{
  "arrowParens": "always",
  "bracketSpacing": true,
  "endOfLine": "lf",
  "htmlWhitespaceSensitivity": "css",
  "insertPragma": false,
  "jsxBracketSameLine": false,
  "jsxSingleQuote": false,
  "printWidth": 80,
  "proseWrap": "preserve",
  "quoteProps": "as-needed",
  "requirePragma": false,
  "semi": true,
  "singleQuote": false,
  "tabWidth": 2,
  "trailingComma": "es5",
  "useTabs": false,
  "vueIndentScriptAndStyle": false,
  "filepath": "/home/dathd/Project/portfolio/src/components/Spine.tsx",
  "parser": "typescript"
}
["INFO" - 9:12:13 AM] Formatting completed in 0.064ms.
["INFO" - 9:12:38 AM] Formatting file:///home/dathd/Project/portfolio/src/components/Spine.tsx
["INFO" - 9:12:38 AM] Using ignore file (if present) at /home/dathd/Project/portfolio/.prettierignore
["INFO" - 9:12:38 AM] File Info:
{
  "ignored": false,
  "inferredParser": "typescript"
}
["INFO" - 9:12:38 AM] No local configuration (i.e. .prettierrc or .editorconfig) detected, falling back to VS Code configuration
["INFO" - 9:12:38 AM] Prettier Options:
{
  "arrowParens": "always",
  "bracketSpacing": true,
  "endOfLine": "lf",
  "htmlWhitespaceSensitivity": "css",
  "insertPragma": false,
  "jsxBracketSameLine": false,
  "jsxSingleQuote": false,
  "printWidth": 80,
  "proseWrap": "preserve",
  "quoteProps": "as-needed",
  "requirePragma": false,
  "semi": true,
  "singleQuote": false,
  "tabWidth": 2,
  "trailingComma": "es5",
  "useTabs": false,
  "vueIndentScriptAndStyle": false,
  "filepath": "/home/dathd/Project/portfolio/src/components/Spine.tsx",
  "parser": "typescript"
}
["INFO" - 9:12:38 AM] Formatting completed in 0.092ms.
["INFO" - 9:12:56 AM] Formatting vscode-userdata:/home/dathd/.config/Code/User/settings.json
["INFO" - 9:12:56 AM] File Info:
{
  "ignored": false,
  "inferredParser": "json"
}
["INFO" - 9:12:56 AM] No local configuration (i.e. .prettierrc or .editorconfig) detected, falling back to VS Code configuration
["INFO" - 9:12:56 AM] Prettier Options:
{
  "arrowParens": "always",
  "bracketSpacing": true,
  "endOfLine": "lf",
  "htmlWhitespaceSensitivity": "css",
  "insertPragma": false,
  "jsxBracketSameLine": false,
  "jsxSingleQuote": false,
  "printWidth": 80,
  "proseWrap": "preserve",
  "quoteProps": "as-needed",
  "requirePragma": false,
  "semi": true,
  "singleQuote": false,
  "tabWidth": 2,
  "trailingComma": "es5",
  "useTabs": false,
  "vueIndentScriptAndStyle": false,
  "filepath": "/home/dathd/.config/Code/User/settings.json",
  "parser": "json"
}
["INFO" - 9:12:56 AM] Formatting completed in 0.023ms.
["INFO" - 9:12:58 AM] Formatting vscode-userdata:/home/dathd/.config/Code/User/settings.json
["INFO" - 9:12:58 AM] File Info:
{
  "ignored": false,
  "inferredParser": "json"
}
["INFO" - 9:12:58 AM] No local configuration (i.e. .prettierrc or .editorconfig) detected, falling back to VS Code configuration
["INFO" - 9:12:58 AM] Prettier Options:
{
  "arrowParens": "always",
  "bracketSpacing": true,
  "endOfLine": "lf",
  "htmlWhitespaceSensitivity": "css",
  "insertPragma": false,
  "jsxBracketSameLine": false,
  "jsxSingleQuote": false,
  "printWidth": 80,
  "proseWrap": "preserve",
  "quoteProps": "as-needed",
  "requirePragma": false,
  "semi": true,
  "singleQuote": false,
  "tabWidth": 2,
  "trailingComma": "es5",
  "useTabs": false,
  "vueIndentScriptAndStyle": false,
  "filepath": "/home/dathd/.config/Code/User/settings.json",
  "parser": "json"
}
["INFO" - 9:12:58 AM] Formatting completed in 0.021ms.
["INFO" - 9:12:59 AM] Formatting vscode-userdata:/home/dathd/.config/Code/User/settings.json
["INFO" - 9:12:59 AM] File Info:
{
  "ignored": false,
  "inferredParser": "json"
}
["INFO" - 9:12:59 AM] No local configuration (i.e. .prettierrc or .editorconfig) detected, falling back to VS Code configuration
["INFO" - 9:12:59 AM] Prettier Options:
{
  "arrowParens": "always",
  "bracketSpacing": true,
  "endOfLine": "lf",
  "htmlWhitespaceSensitivity": "css",
  "insertPragma": false,
  "jsxBracketSameLine": false,
  "jsxSingleQuote": false,
  "printWidth": 80,
  "proseWrap": "preserve",
  "quoteProps": "as-needed",
  "requirePragma": false,
  "semi": true,
  "singleQuote": false,
  "tabWidth": 2,
  "trailingComma": "es5",
  "useTabs": false,
  "vueIndentScriptAndStyle": false,
  "filepath": "/home/dathd/.config/Code/User/settings.json",
  "parser": "json"
}
["INFO" - 9:12:59 AM] Formatting completed in 0.014ms.
["INFO" - 3:14:40 PM] Formatting vscode-userdata:/home/dathd/.config/Code/User/settings.json
["INFO" - 3:14:40 PM] File Info:
{
  "ignored": false,
  "inferredParser": "json"
}
["INFO" - 3:14:40 PM] No local configuration (i.e. .prettierrc or .editorconfig) detected, falling back to VS Code configuration
["INFO" - 3:14:40 PM] Prettier Options:
{
  "arrowParens": "always",
  "bracketSpacing": true,
  "endOfLine": "lf",
  "htmlWhitespaceSensitivity": "css",
  "insertPragma": false,
  "jsxBracketSameLine": false,
  "jsxSingleQuote": false,
  "printWidth": 80,
  "proseWrap": "preserve",
  "quoteProps": "as-needed",
  "requirePragma": false,
  "semi": true,
  "singleQuote": false,
  "tabWidth": 2,
  "trailingComma": "es5",
  "useTabs": false,
  "vueIndentScriptAndStyle": false,
  "filepath": "/home/dathd/.config/Code/User/settings.json",
  "parser": "json"
}
["INFO" - 3:14:40 PM] Formatting completed in 0.036ms.
["INFO" - 3:14:52 PM] Formatting vscode-userdata:/home/dathd/.config/Code/User/settings.json
["INFO" - 3:14:52 PM] File Info:
{
  "ignored": false,
  "inferredParser": "json"
}
["INFO" - 3:14:52 PM] No local configuration (i.e. .prettierrc or .editorconfig) detected, falling back to VS Code configuration
["INFO" - 3:14:52 PM] Prettier Options:
{
  "arrowParens": "always",
  "bracketSpacing": true,
  "endOfLine": "lf",
  "htmlWhitespaceSensitivity": "css",
  "insertPragma": false,
  "jsxBracketSameLine": false,
  "jsxSingleQuote": false,
  "printWidth": 80,
  "proseWrap": "preserve",
  "quoteProps": "as-needed",
  "requirePragma": false,
  "semi": true,
  "singleQuote": false,
  "tabWidth": 2,
  "trailingComma": "es5",
  "useTabs": false,
  "vueIndentScriptAndStyle": false,
  "filepath": "/home/dathd/.config/Code/User/settings.json",
  "parser": "json"
}
["INFO" - 3:14:52 PM] Formatting completed in 0.053ms.
["INFO" - 3:15:22 PM] Formatting vscode-userdata:/home/dathd/.config/Code/User/settings.json
["INFO" - 3:15:22 PM] File Info:
{
  "ignored": false,
  "inferredParser": "json"
}
["INFO" - 3:15:22 PM] No local configuration (i.e. .prettierrc or .editorconfig) detected, falling back to VS Code configuration
["INFO" - 3:15:22 PM] Prettier Options:
{
  "arrowParens": "always",
  "bracketSpacing": true,
  "endOfLine": "lf",
  "htmlWhitespaceSensitivity": "css",
  "insertPragma": false,
  "jsxBracketSameLine": false,
  "jsxSingleQuote": false,
  "printWidth": 80,
  "proseWrap": "preserve",
  "quoteProps": "as-needed",
  "requirePragma": false,
  "semi": true,
  "singleQuote": false,
  "tabWidth": 2,
  "trailingComma": "es5",
  "useTabs": false,
  "vueIndentScriptAndStyle": false,
  "filepath": "/home/dathd/.config/Code/User/settings.json",
  "parser": "json"
}
["INFO" - 3:15:22 PM] Formatting completed in 0.028ms.
["INFO" - 3:15:24 PM] Formatting vscode-userdata:/home/dathd/.config/Code/User/settings.json
["INFO" - 3:15:24 PM] File Info:
{
  "ignored": false,
  "inferredParser": "json"
}
["INFO" - 3:15:24 PM] No local configuration (i.e. .prettierrc or .editorconfig) detected, falling back to VS Code configuration
["INFO" - 3:15:24 PM] Prettier Options:
{
  "arrowParens": "always",
  "bracketSpacing": true,
  "endOfLine": "lf",
  "htmlWhitespaceSensitivity": "css",
  "insertPragma": false,
  "jsxBracketSameLine": false,
  "jsxSingleQuote": false,
  "printWidth": 80,
  "proseWrap": "preserve",
  "quoteProps": "as-needed",
  "requirePragma": false,
  "semi": true,
  "singleQuote": false,
  "tabWidth": 2,
  "trailingComma": "es5",
  "useTabs": false,
  "vueIndentScriptAndStyle": false,
  "filepath": "/home/dathd/.config/Code/User/settings.json",
  "parser": "json"
}
["INFO" - 3:15:24 PM] Formatting completed in 0.025ms.
["INFO" - 3:15:32 PM] Formatting vscode-userdata:/home/dathd/.config/Code/User/settings.json
["INFO" - 3:15:32 PM] File Info:
{
  "ignored": false,
  "inferredParser": "json"
}
["INFO" - 3:15:32 PM] No local configuration (i.e. .prettierrc or .editorconfig) detected, falling back to VS Code configuration
["INFO" - 3:15:32 PM] Prettier Options:
{
  "arrowParens": "always",
  "bracketSpacing": true,
  "endOfLine": "lf",
  "htmlWhitespaceSensitivity": "css",
  "insertPragma": false,
  "jsxBracketSameLine": false,
  "jsxSingleQuote": false,
  "printWidth": 80,
  "proseWrap": "preserve",
  "quoteProps": "as-needed",
  "requirePragma": false,
  "semi": true,
  "singleQuote": false,
  "tabWidth": 2,
  "trailingComma": "es5",
  "useTabs": false,
  "vueIndentScriptAndStyle": false,
  "filepath": "/home/dathd/.config/Code/User/settings.json",
  "parser": "json"
}
["INFO" - 3:15:32 PM] Formatting completed in 0.076ms.
["INFO" - 3:16:00 PM] Formatting vscode-userdata:/home/dathd/.config/Code/User/settings.json
["INFO" - 3:16:00 PM] File Info:
{
  "ignored": false,
  "inferredParser": "json"
}
["INFO" - 3:16:00 PM] No local configuration (i.e. .prettierrc or .editorconfig) detected, falling back to VS Code configuration
["INFO" - 3:16:00 PM] Prettier Options:
{
  "arrowParens": "always",
  "bracketSpacing": true,
  "endOfLine": "lf",
  "htmlWhitespaceSensitivity": "css",
  "insertPragma": false,
  "jsxBracketSameLine": false,
  "jsxSingleQuote": false,
  "printWidth": 80,
  "proseWrap": "preserve",
  "quoteProps": "as-needed",
  "requirePragma": false,
  "semi": true,
  "singleQuote": false,
  "tabWidth": 2,
  "trailingComma": "es5",
  "useTabs": false,
  "vueIndentScriptAndStyle": false,
  "filepath": "/home/dathd/.config/Code/User/settings.json",
  "parser": "json"
}
["INFO" - 3:16:00 PM] Formatting completed in 0.027ms.
["INFO" - 3:16:37 PM] Formatting vscode-userdata:/home/dathd/.config/Code/User/settings.json
["INFO" - 3:16:37 PM] File Info:
{
  "ignored": false,
  "inferredParser": "json"
}
["INFO" - 3:16:37 PM] No local configuration (i.e. .prettierrc or .editorconfig) detected, falling back to VS Code configuration
["INFO" - 3:16:37 PM] Prettier Options:
{
  "arrowParens": "always",
  "bracketSpacing": true,
  "endOfLine": "lf",
  "htmlWhitespaceSensitivity": "css",
  "insertPragma": false,
  "jsxBracketSameLine": false,
  "jsxSingleQuote": false,
  "printWidth": 80,
  "proseWrap": "preserve",
  "quoteProps": "as-needed",
  "requirePragma": false,
  "semi": true,
  "singleQuote": false,
  "tabWidth": 2,
  "trailingComma": "es5",
  "useTabs": false,
  "vueIndentScriptAndStyle": false,
  "filepath": "/home/dathd/.config/Code/User/settings.json",
  "parser": "json"
}
["INFO" - 3:16:37 PM] Formatting completed in 0.048ms.
["INFO" - 3:16:54 PM] Formatting vscode-userdata:/home/dathd/.config/Code/User/settings.json
["INFO" - 3:16:54 PM] File Info:
{
  "ignored": false,
  "inferredParser": "json"
}
["INFO" - 3:16:54 PM] No local configuration (i.e. .prettierrc or .editorconfig) detected, falling back to VS Code configuration
["INFO" - 3:16:54 PM] Prettier Options:
{
  "arrowParens": "always",
  "bracketSpacing": true,
  "endOfLine": "lf",
  "htmlWhitespaceSensitivity": "css",
  "insertPragma": false,
  "jsxBracketSameLine": false,
  "jsxSingleQuote": false,
  "printWidth": 80,
  "proseWrap": "preserve",
  "quoteProps": "as-needed",
  "requirePragma": false,
  "semi": true,
  "singleQuote": false,
  "tabWidth": 2,
  "trailingComma": "es5",
  "useTabs": false,
  "vueIndentScriptAndStyle": false,
  "filepath": "/home/dathd/.config/Code/User/settings.json",
  "parser": "json"
}
["INFO" - 3:16:54 PM] Formatting completed in 0.038ms.
["INFO" - 3:17:05 PM] Formatting vscode-userdata:/home/dathd/.config/Code/User/settings.json
["INFO" - 3:17:05 PM] File Info:
{
  "ignored": false,
  "inferredParser": "json"
}
["INFO" - 3:17:05 PM] No local configuration (i.e. .prettierrc or .editorconfig) detected, falling back to VS Code configuration
["INFO" - 3:17:05 PM] Prettier Options:
{
  "arrowParens": "always",
  "bracketSpacing": true,
  "endOfLine": "lf",
  "htmlWhitespaceSensitivity": "css",
  "insertPragma": false,
  "jsxBracketSameLine": false,
  "jsxSingleQuote": false,
  "printWidth": 80,
  "proseWrap": "preserve",
  "quoteProps": "as-needed",
  "requirePragma": false,
  "semi": true,
  "singleQuote": false,
  "tabWidth": 2,
  "trailingComma": "es5",
  "useTabs": false,
  "vueIndentScriptAndStyle": false,
  "filepath": "/home/dathd/.config/Code/User/settings.json",
  "parser": "json"
}
["INFO" - 3:17:05 PM] Formatting completed in 0.026ms.
["INFO" - 3:17:49 PM] Formatting vscode-userdata:/home/dathd/.config/Code/User/settings.json
["INFO" - 3:17:49 PM] File Info:
{
  "ignored": false,
  "inferredParser": "json"
}
["INFO" - 3:17:49 PM] No local configuration (i.e. .prettierrc or .editorconfig) detected, falling back to VS Code configuration
["INFO" - 3:17:49 PM] Prettier Options:
{
  "arrowParens": "always",
  "bracketSpacing": true,
  "endOfLine": "lf",
  "htmlWhitespaceSensitivity": "css",
  "insertPragma": false,
  "jsxBracketSameLine": false,
  "jsxSingleQuote": false,
  "printWidth": 80,
  "proseWrap": "preserve",
  "quoteProps": "as-needed",
  "requirePragma": false,
  "semi": true,
  "singleQuote": false,
  "tabWidth": 2,
  "trailingComma": "es5",
  "useTabs": false,
  "vueIndentScriptAndStyle": false,
  "filepath": "/home/dathd/.config/Code/User/settings.json",
  "parser": "json"
}
["INFO" - 3:17:49 PM] Formatting completed in 0.026ms.
["INFO" - 3:17:52 PM] Formatting vscode-userdata:/home/dathd/.config/Code/User/settings.json
["INFO" - 3:17:52 PM] File Info:
{
  "ignored": false,
  "inferredParser": "json"
}
["INFO" - 3:17:52 PM] No local configuration (i.e. .prettierrc or .editorconfig) detected, falling back to VS Code configuration
["INFO" - 3:17:52 PM] Prettier Options:
{
  "arrowParens": "always",
  "bracketSpacing": true,
  "endOfLine": "lf",
  "htmlWhitespaceSensitivity": "css",
  "insertPragma": false,
  "jsxBracketSameLine": false,
  "jsxSingleQuote": false,
  "printWidth": 80,
  "proseWrap": "preserve",
  "quoteProps": "as-needed",
  "requirePragma": false,
  "semi": true,
  "singleQuote": false,
  "tabWidth": 2,
  "trailingComma": "es5",
  "useTabs": false,
  "vueIndentScriptAndStyle": false,
  "filepath": "/home/dathd/.config/Code/User/settings.json",
  "parser": "json"
}
["INFO" - 3:17:52 PM] Formatting completed in 0.059ms.
["INFO" - 3:18:16 PM] Formatting vscode-userdata:/home/dathd/.config/Code/User/settings.json
["INFO" - 3:18:16 PM] File Info:
{
  "ignored": false,
  "inferredParser": "json"
}
["INFO" - 3:18:16 PM] No local configuration (i.e. .prettierrc or .editorconfig) detected, falling back to VS Code configuration
["INFO" - 3:18:16 PM] Prettier Options:
{
  "arrowParens": "always",
  "bracketSpacing": true,
  "endOfLine": "lf",
  "htmlWhitespaceSensitivity": "css",
  "insertPragma": false,
  "jsxBracketSameLine": false,
  "jsxSingleQuote": false,
  "printWidth": 80,
  "proseWrap": "preserve",
  "quoteProps": "as-needed",
  "requirePragma": false,
  "semi": true,
  "singleQuote": false,
  "tabWidth": 2,
  "trailingComma": "es5",
  "useTabs": false,
  "vueIndentScriptAndStyle": false,
  "filepath": "/home/dathd/.config/Code/User/settings.json",
  "parser": "json"
}
["INFO" - 3:18:16 PM] Formatting completed in 0.025ms.
["INFO" - 3:19:01 PM] Formatting vscode-userdata:/home/dathd/.config/Code/User/settings.json
["INFO" - 3:19:01 PM] File Info:
{
  "ignored": false,
  "inferredParser": "json"
}
["INFO" - 3:19:01 PM] No local configuration (i.e. .prettierrc or .editorconfig) detected, falling back to VS Code configuration
["INFO" - 3:19:01 PM] Prettier Options:
{
  "arrowParens": "always",
  "bracketSpacing": true,
  "endOfLine": "lf",
  "htmlWhitespaceSensitivity": "css",
  "insertPragma": false,
  "jsxBracketSameLine": false,
  "jsxSingleQuote": false,
  "printWidth": 80,
  "proseWrap": "preserve",
  "quoteProps": "as-needed",
  "requirePragma": false,
  "semi": true,
  "singleQuote": false,
  "tabWidth": 2,
  "trailingComma": "es5",
  "useTabs": false,
  "vueIndentScriptAndStyle": false,
  "filepath": "/home/dathd/.config/Code/User/settings.json",
  "parser": "json"
}
["INFO" - 3:19:01 PM] Formatting completed in 0.05ms.
["INFO" - 3:19:20 PM] Formatting vscode-userdata:/home/dathd/.config/Code/User/settings.json
["INFO" - 3:19:20 PM] File Info:
{
  "ignored": false,
  "inferredParser": "json"
}
["INFO" - 3:19:20 PM] No local configuration (i.e. .prettierrc or .editorconfig) detected, falling back to VS Code configuration
["INFO" - 3:19:20 PM] Prettier Options:
{
  "arrowParens": "always",
  "bracketSpacing": true,
  "endOfLine": "lf",
  "htmlWhitespaceSensitivity": "css",
  "insertPragma": false,
  "jsxBracketSameLine": false,
  "jsxSingleQuote": false,
  "printWidth": 80,
  "proseWrap": "preserve",
  "quoteProps": "as-needed",
  "requirePragma": false,
  "semi": true,
  "singleQuote": false,
  "tabWidth": 2,
  "trailingComma": "es5",
  "useTabs": false,
  "vueIndentScriptAndStyle": false,
  "filepath": "/home/dathd/.config/Code/User/settings.json",
  "parser": "json"
}
["INFO" - 3:19:20 PM] Formatting completed in 0.026ms.
["INFO" - 3:19:36 PM] Formatting vscode-userdata:/home/dathd/.config/Code/User/settings.json
["INFO" - 3:19:36 PM] File Info:
{
  "ignored": false,
  "inferredParser": "json"
}
["INFO" - 3:19:36 PM] No local configuration (i.e. .prettierrc or .editorconfig) detected, falling back to VS Code configuration
["INFO" - 3:19:36 PM] Prettier Options:
{
  "arrowParens": "always",
  "bracketSpacing": true,
  "endOfLine": "lf",
  "htmlWhitespaceSensitivity": "css",
  "insertPragma": false,
  "jsxBracketSameLine": false,
  "jsxSingleQuote": false,
  "printWidth": 80,
  "proseWrap": "preserve",
  "quoteProps": "as-needed",
  "requirePragma": false,
  "semi": true,
  "singleQuote": false,
  "tabWidth": 2,
  "trailingComma": "es5",
  "useTabs": false,
  "vueIndentScriptAndStyle": false,
  "filepath": "/home/dathd/.config/Code/User/settings.json",
  "parser": "json"
}
["INFO" - 3:19:36 PM] Formatting completed in 0.03ms.
["INFO" - 3:21:04 PM] Formatting file:///home/dathd/Project/portfolio/src/hooks/useScrollMagic.ts
["INFO" - 3:21:04 PM] Using ignore file (if present) at /home/dathd/Project/portfolio/.prettierignore
["INFO" - 3:21:04 PM] File Info:
{
  "ignored": false,
  "inferredParser": "typescript"
}
["INFO" - 3:21:04 PM] No local configuration (i.e. .prettierrc or .editorconfig) detected, falling back to VS Code configuration
["INFO" - 3:21:04 PM] Prettier Options:
{
  "arrowParens": "always",
  "bracketSpacing": true,
  "endOfLine": "lf",
  "htmlWhitespaceSensitivity": "css",
  "insertPragma": false,
  "jsxBracketSameLine": false,
  "jsxSingleQuote": false,
  "printWidth": 80,
  "proseWrap": "preserve",
  "quoteProps": "as-needed",
  "requirePragma": false,
  "semi": true,
  "singleQuote": false,
  "tabWidth": 2,
  "trailingComma": "es5",
  "useTabs": false,
  "vueIndentScriptAndStyle": false,
  "filepath": "/home/dathd/Project/portfolio/src/hooks/useScrollMagic.ts",
  "parser": "typescript"
}
["INFO" - 3:21:04 PM] Formatting completed in 0.062ms.
["INFO" - 3:31:23 PM] Formatting vscode-userdata:/home/dathd/.config/Code/User/settings.json
["INFO" - 3:31:23 PM] File Info:
{
  "ignored": false,
  "inferredParser": "json"
}
["INFO" - 3:31:23 PM] No local configuration (i.e. .prettierrc or .editorconfig) detected, falling back to VS Code configuration
["INFO" - 3:31:23 PM] Prettier Options:
{
  "arrowParens": "always",
  "bracketSpacing": true,
  "endOfLine": "lf",
  "htmlWhitespaceSensitivity": "css",
  "insertPragma": false,
  "jsxBracketSameLine": false,
  "jsxSingleQuote": false,
  "printWidth": 80,
  "proseWrap": "preserve",
  "quoteProps": "as-needed",
  "requirePragma": false,
  "semi": true,
  "singleQuote": false,
  "tabWidth": 2,
  "trailingComma": "es5",
  "useTabs": false,
  "vueIndentScriptAndStyle": false,
  "filepath": "/home/dathd/.config/Code/User/settings.json",
  "parser": "json"
}
["INFO" - 3:31:23 PM] Formatting completed in 0.028ms.
["INFO" - 3:31:34 PM] Formatting vscode-userdata:/home/dathd/.config/Code/User/settings.json
["INFO" - 3:31:34 PM] File Info:
{
  "ignored": false,
  "inferredParser": "json"
}
["INFO" - 3:31:34 PM] No local configuration (i.e. .prettierrc or .editorconfig) detected, falling back to VS Code configuration
["INFO" - 3:31:34 PM] Prettier Options:
{
  "arrowParens": "always",
  "bracketSpacing": true,
  "endOfLine": "lf",
  "htmlWhitespaceSensitivity": "css",
  "insertPragma": false,
  "jsxBracketSameLine": false,
  "jsxSingleQuote": false,
  "printWidth": 80,
  "proseWrap": "preserve",
  "quoteProps": "as-needed",
  "requirePragma": false,
  "semi": true,
  "singleQuote": false,
  "tabWidth": 2,
  "trailingComma": "es5",
  "useTabs": false,
  "vueIndentScriptAndStyle": false,
  "filepath": "/home/dathd/.config/Code/User/settings.json",
  "parser": "json"
}
["INFO" - 3:31:34 PM] Formatting completed in 0.023ms.
["INFO" - 3:31:48 PM] Formatting vscode-userdata:/home/dathd/.config/Code/User/settings.json
["INFO" - 3:31:48 PM] File Info:
{
  "ignored": false,
  "inferredParser": "json"
}
["INFO" - 3:31:48 PM] No local configuration (i.e. .prettierrc or .editorconfig) detected, falling back to VS Code configuration
["INFO" - 3:31:48 PM] Prettier Options:
{
  "arrowParens": "always",
  "bracketSpacing": true,
  "endOfLine": "lf",
  "htmlWhitespaceSensitivity": "css",
  "insertPragma": false,
  "jsxBracketSameLine": false,
  "jsxSingleQuote": false,
  "printWidth": 80,
  "proseWrap": "preserve",
  "quoteProps": "as-needed",
  "requirePragma": false,
  "semi": true,
  "singleQuote": false,
  "tabWidth": 2,
  "trailingComma": "es5",
  "useTabs": false,
  "vueIndentScriptAndStyle": false,
  "filepath": "/home/dathd/.config/Code/User/settings.json",
  "parser": "json"
}
["INFO" - 3:31:48 PM] Formatting completed in 0.029ms.
["INFO" - 3:31:53 PM] Formatting vscode-userdata:/home/dathd/.config/Code/User/settings.json
["INFO" - 3:31:53 PM] File Info:
{
  "ignored": false,
  "inferredParser": "json"
}
["INFO" - 3:31:53 PM] No local configuration (i.e. .prettierrc or .editorconfig) detected, falling back to VS Code configuration
["INFO" - 3:31:53 PM] Prettier Options:
{
  "arrowParens": "always",
  "bracketSpacing": true,
  "endOfLine": "lf",
  "htmlWhitespaceSensitivity": "css",
  "insertPragma": false,
  "jsxBracketSameLine": false,
  "jsxSingleQuote": false,
  "printWidth": 80,
  "proseWrap": "preserve",
  "quoteProps": "as-needed",
  "requirePragma": false,
  "semi": true,
  "singleQuote": false,
  "tabWidth": 2,
  "trailingComma": "es5",
  "useTabs": false,
  "vueIndentScriptAndStyle": false,
  "filepath": "/home/dathd/.config/Code/User/settings.json",
  "parser": "json"
}
["INFO" - 3:31:53 PM] Formatting completed in 0.015ms.
["INFO" - 3:32:16 PM] Formatting vscode-userdata:/home/dathd/.config/Code/User/settings.json
["INFO" - 3:32:16 PM] File Info:
{
  "ignored": false,
  "inferredParser": "json"
}
["INFO" - 3:32:16 PM] No local configuration (i.e. .prettierrc or .editorconfig) detected, falling back to VS Code configuration
["INFO" - 3:32:16 PM] Prettier Options:
{
  "arrowParens": "always",
  "bracketSpacing": true,
  "endOfLine": "lf",
  "htmlWhitespaceSensitivity": "css",
  "insertPragma": false,
  "jsxBracketSameLine": false,
  "jsxSingleQuote": false,
  "printWidth": 80,
  "proseWrap": "preserve",
  "quoteProps": "as-needed",
  "requirePragma": false,
  "semi": true,
  "singleQuote": false,
  "tabWidth": 2,
  "trailingComma": "es5",
  "useTabs": false,
  "vueIndentScriptAndStyle": false,
  "filepath": "/home/dathd/.config/Code/User/settings.json",
  "parser": "json"
}
["INFO" - 3:32:16 PM] Formatting completed in 0.033ms.
["INFO" - 3:33:08 PM] Formatting vscode-userdata:/home/dathd/.config/Code/User/settings.json
["INFO" - 3:33:08 PM] File Info:
{
  "ignored": false,
  "inferredParser": "json"
}
["INFO" - 3:33:08 PM] No local configuration (i.e. .prettierrc or .editorconfig) detected, falling back to VS Code configuration
["INFO" - 3:33:08 PM] Prettier Options:
{
  "arrowParens": "always",
  "bracketSpacing": true,
  "endOfLine": "lf",
  "htmlWhitespaceSensitivity": "css",
  "insertPragma": false,
  "jsxBracketSameLine": false,
  "jsxSingleQuote": false,
  "printWidth": 80,
  "proseWrap": "preserve",
  "quoteProps": "as-needed",
  "requirePragma": false,
  "semi": true,
  "singleQuote": false,
  "tabWidth": 2,
  "trailingComma": "es5",
  "useTabs": false,
  "vueIndentScriptAndStyle": false,
  "filepath": "/home/dathd/.config/Code/User/settings.json",
  "parser": "json"
}
["INFO" - 3:33:08 PM] Formatting completed in 0.024ms.
["INFO" - 3:33:16 PM] Formatting vscode-userdata:/home/dathd/.config/Code/User/settings.json
["INFO" - 3:33:16 PM] File Info:
{
  "ignored": false,
  "inferredParser": "json"
}
["INFO" - 3:33:16 PM] No local configuration (i.e. .prettierrc or .editorconfig) detected, falling back to VS Code configuration
["INFO" - 3:33:16 PM] Prettier Options:
{
  "arrowParens": "always",
  "bracketSpacing": true,
  "endOfLine": "lf",
  "htmlWhitespaceSensitivity": "css",
  "insertPragma": false,
  "jsxBracketSameLine": false,
  "jsxSingleQuote": false,
  "printWidth": 80,
  "proseWrap": "preserve",
  "quoteProps": "as-needed",
  "requirePragma": false,
  "semi": true,
  "singleQuote": false,
  "tabWidth": 2,
  "trailingComma": "es5",
  "useTabs": false,
  "vueIndentScriptAndStyle": false,
  "filepath": "/home/dathd/.config/Code/User/settings.json",
  "parser": "json"
}
["INFO" - 3:33:16 PM] Formatting completed in 0.022ms.
["INFO" - 3:33:20 PM] Formatting vscode-userdata:/home/dathd/.config/Code/User/settings.json
["INFO" - 3:33:20 PM] File Info:
{
  "ignored": false,
  "inferredParser": "json"
}
["INFO" - 3:33:20 PM] No local configuration (i.e. .prettierrc or .editorconfig) detected, falling back to VS Code configuration
["INFO" - 3:33:20 PM] Prettier Options:
{
  "arrowParens": "always",
  "bracketSpacing": true,
  "endOfLine": "lf",
  "htmlWhitespaceSensitivity": "css",
  "insertPragma": false,
  "jsxBracketSameLine": false,
  "jsxSingleQuote": false,
  "printWidth": 80,
  "proseWrap": "preserve",
  "quoteProps": "as-needed",
  "requirePragma": false,
  "semi": true,
  "singleQuote": false,
  "tabWidth": 2,
  "trailingComma": "es5",
  "useTabs": false,
  "vueIndentScriptAndStyle": false,
  "filepath": "/home/dathd/.config/Code/User/settings.json",
  "parser": "json"
}
["INFO" - 3:33:20 PM] Formatting completed in 0.03ms.
["INFO" - 3:34:00 PM] Formatting vscode-userdata:/home/dathd/.config/Code/User/settings.json
["INFO" - 3:34:00 PM] File Info:
{
  "ignored": false,
  "inferredParser": "json"
}
["INFO" - 3:34:00 PM] No local configuration (i.e. .prettierrc or .editorconfig) detected, falling back to VS Code configuration
["INFO" - 3:34:00 PM] Prettier Options:
{
  "arrowParens": "always",
  "bracketSpacing": true,
  "endOfLine": "lf",
  "htmlWhitespaceSensitivity": "css",
  "insertPragma": false,
  "jsxBracketSameLine": false,
  "jsxSingleQuote": false,
  "printWidth": 80,
  "proseWrap": "preserve",
  "quoteProps": "as-needed",
  "requirePragma": false,
  "semi": true,
  "singleQuote": false,
  "tabWidth": 2,
  "trailingComma": "es5",
  "useTabs": false,
  "vueIndentScriptAndStyle": false,
  "filepath": "/home/dathd/.config/Code/User/settings.json",
  "parser": "json"
}
["INFO" - 3:34:00 PM] Formatting completed in 0.037ms.
["INFO" - 3:34:13 PM] Formatting vscode-userdata:/home/dathd/.config/Code/User/settings.json
["INFO" - 3:34:13 PM] File Info:
{
  "ignored": false,
  "inferredParser": "json"
}
["INFO" - 3:34:13 PM] No local configuration (i.e. .prettierrc or .editorconfig) detected, falling back to VS Code configuration
["INFO" - 3:34:13 PM] Prettier Options:
{
  "arrowParens": "always",
  "bracketSpacing": true,
  "endOfLine": "lf",
  "htmlWhitespaceSensitivity": "css",
  "insertPragma": false,
  "jsxBracketSameLine": false,
  "jsxSingleQuote": false,
  "printWidth": 80,
  "proseWrap": "preserve",
  "quoteProps": "as-needed",
  "requirePragma": false,
  "semi": true,
  "singleQuote": false,
  "tabWidth": 2,
  "trailingComma": "es5",
  "useTabs": false,
  "vueIndentScriptAndStyle": false,
  "filepath": "/home/dathd/.config/Code/User/settings.json",
  "parser": "json"
}
["INFO" - 3:34:13 PM] Formatting completed in 0.029ms.
["INFO" - 3:34:39 PM] Formatting vscode-userdata:/home/dathd/.config/Code/User/settings.json
["INFO" - 3:34:39 PM] File Info:
{
  "ignored": false,
  "inferredParser": "json"
}
["INFO" - 3:34:39 PM] No local configuration (i.e. .prettierrc or .editorconfig) detected, falling back to VS Code configuration
["INFO" - 3:34:39 PM] Prettier Options:
{
  "arrowParens": "always",
  "bracketSpacing": true,
  "endOfLine": "lf",
  "htmlWhitespaceSensitivity": "css",
  "insertPragma": false,
  "jsxBracketSameLine": false,
  "jsxSingleQuote": false,
  "printWidth": 80,
  "proseWrap": "preserve",
  "quoteProps": "as-needed",
  "requirePragma": false,
  "semi": true,
  "singleQuote": false,
  "tabWidth": 2,
  "trailingComma": "es5",
  "useTabs": false,
  "vueIndentScriptAndStyle": false,
  "filepath": "/home/dathd/.config/Code/User/settings.json",
  "parser": "json"
}
["INFO" - 3:34:39 PM] Formatting completed in 0.034ms.
["INFO" - 3:34:51 PM] Formatting vscode-userdata:/home/dathd/.config/Code/User/settings.json
["INFO" - 3:34:51 PM] File Info:
{
  "ignored": false,
  "inferredParser": "json"
}
["INFO" - 3:34:51 PM] No local configuration (i.e. .prettierrc or .editorconfig) detected, falling back to VS Code configuration
["INFO" - 3:34:51 PM] Prettier Options:
{
  "arrowParens": "always",
  "bracketSpacing": true,
  "endOfLine": "lf",
  "htmlWhitespaceSensitivity": "css",
  "insertPragma": false,
  "jsxBracketSameLine": false,
  "jsxSingleQuote": false,
  "printWidth": 80,
  "proseWrap": "preserve",
  "quoteProps": "as-needed",
  "requirePragma": false,
  "semi": true,
  "singleQuote": false,
  "tabWidth": 2,
  "trailingComma": "es5",
  "useTabs": false,
  "vueIndentScriptAndStyle": false,
  "filepath": "/home/dathd/.config/Code/User/settings.json",
  "parser": "json"
}
["INFO" - 3:34:51 PM] Formatting completed in 0.027ms.
["INFO" - 3:34:57 PM] Formatting vscode-userdata:/home/dathd/.config/Code/User/settings.json
["INFO" - 3:34:57 PM] File Info:
{
  "ignored": false,
  "inferredParser": "json"
}
["INFO" - 3:34:57 PM] No local configuration (i.e. .prettierrc or .editorconfig) detected, falling back to VS Code configuration
["INFO" - 3:34:57 PM] Prettier Options:
{
  "arrowParens": "always",
  "bracketSpacing": true,
  "endOfLine": "lf",
  "htmlWhitespaceSensitivity": "css",
  "insertPragma": false,
  "jsxBracketSameLine": false,
  "jsxSingleQuote": false,
  "printWidth": 80,
  "proseWrap": "preserve",
  "quoteProps": "as-needed",
  "requirePragma": false,
  "semi": true,
  "singleQuote": false,
  "tabWidth": 2,
  "trailingComma": "es5",
  "useTabs": false,
  "vueIndentScriptAndStyle": false,
  "filepath": "/home/dathd/.config/Code/User/settings.json",
  "parser": "json"
}
["INFO" - 3:34:57 PM] Formatting completed in 0.017ms.
["INFO" - 3:35:11 PM] Formatting vscode-userdata:/home/dathd/.config/Code/User/settings.json
["INFO" - 3:35:11 PM] File Info:
{
  "ignored": false,
  "inferredParser": "json"
}
["INFO" - 3:35:11 PM] No local configuration (i.e. .prettierrc or .editorconfig) detected, falling back to VS Code configuration
["INFO" - 3:35:11 PM] Prettier Options:
{
  "arrowParens": "always",
  "bracketSpacing": true,
  "endOfLine": "lf",
  "htmlWhitespaceSensitivity": "css",
  "insertPragma": false,
  "jsxBracketSameLine": false,
  "jsxSingleQuote": false,
  "printWidth": 80,
  "proseWrap": "preserve",
  "quoteProps": "as-needed",
  "requirePragma": false,
  "semi": true,
  "singleQuote": false,
  "tabWidth": 2,
  "trailingComma": "es5",
  "useTabs": false,
  "vueIndentScriptAndStyle": false,
  "filepath": "/home/dathd/.config/Code/User/settings.json",
  "parser": "json"
}
["INFO" - 3:35:11 PM] Formatting completed in 0.016ms.
["INFO" - 3:35:30 PM] Formatting vscode-userdata:/home/dathd/.config/Code/User/settings.json
["INFO" - 3:35:30 PM] File Info:
{
  "ignored": false,
  "inferredParser": "json"
}
["INFO" - 3:35:30 PM] No local configuration (i.e. .prettierrc or .editorconfig) detected, falling back to VS Code configuration
["INFO" - 3:35:30 PM] Prettier Options:
{
  "arrowParens": "always",
  "bracketSpacing": true,
  "endOfLine": "lf",
  "htmlWhitespaceSensitivity": "css",
  "insertPragma": false,
  "jsxBracketSameLine": false,
  "jsxSingleQuote": false,
  "printWidth": 80,
  "proseWrap": "preserve",
  "quoteProps": "as-needed",
  "requirePragma": false,
  "semi": true,
  "singleQuote": false,
  "tabWidth": 2,
  "trailingComma": "es5",
  "useTabs": false,
  "vueIndentScriptAndStyle": false,
  "filepath": "/home/dathd/.config/Code/User/settings.json",
  "parser": "json"
}
["INFO" - 3:35:30 PM] Formatting completed in 0.039ms.
["INFO" - 3:35:33 PM] Formatting vscode-userdata:/home/dathd/.config/Code/User/settings.json
["INFO" - 3:35:33 PM] File Info:
{
  "ignored": false,
  "inferredParser": "json"
}
["INFO" - 3:35:33 PM] No local configuration (i.e. .prettierrc or .editorconfig) detected, falling back to VS Code configuration
["INFO" - 3:35:33 PM] Prettier Options:
{
  "arrowParens": "always",
  "bracketSpacing": true,
  "endOfLine": "lf",
  "htmlWhitespaceSensitivity": "css",
  "insertPragma": false,
  "jsxBracketSameLine": false,
  "jsxSingleQuote": false,
  "printWidth": 80,
  "proseWrap": "preserve",
  "quoteProps": "as-needed",
  "requirePragma": false,
  "semi": true,
  "singleQuote": false,
  "tabWidth": 2,
  "trailingComma": "es5",
  "useTabs": false,
  "vueIndentScriptAndStyle": false,
  "filepath": "/home/dathd/.config/Code/User/settings.json",
  "parser": "json"
}
["INFO" - 3:35:33 PM] Formatting completed in 0.062ms.
["INFO" - 3:35:35 PM] Formatting vscode-userdata:/home/dathd/.config/Code/User/settings.json
["INFO" - 3:35:35 PM] File Info:
{
  "ignored": false,
  "inferredParser": "json"
}
["INFO" - 3:35:35 PM] No local configuration (i.e. .prettierrc or .editorconfig) detected, falling back to VS Code configuration
["INFO" - 3:35:35 PM] Prettier Options:
{
  "arrowParens": "always",
  "bracketSpacing": true,
  "endOfLine": "lf",
  "htmlWhitespaceSensitivity": "css",
  "insertPragma": false,
  "jsxBracketSameLine": false,
  "jsxSingleQuote": false,
  "printWidth": 80,
  "proseWrap": "preserve",
  "quoteProps": "as-needed",
  "requirePragma": false,
  "semi": true,
  "singleQuote": false,
  "tabWidth": 2,
  "trailingComma": "es5",
  "useTabs": false,
  "vueIndentScriptAndStyle": false,
  "filepath": "/home/dathd/.config/Code/User/settings.json",
  "parser": "json"
}
["INFO" - 3:35:35 PM] Formatting completed in 0.036ms.
["INFO" - 3:35:36 PM] Formatting vscode-userdata:/home/dathd/.config/Code/User/settings.json
["INFO" - 3:35:36 PM] File Info:
{
  "ignored": false,
  "inferredParser": "json"
}
["INFO" - 3:35:36 PM] No local configuration (i.e. .prettierrc or .editorconfig) detected, falling back to VS Code configuration
["INFO" - 3:35:36 PM] Prettier Options:
{
  "arrowParens": "always",
  "bracketSpacing": true,
  "endOfLine": "lf",
  "htmlWhitespaceSensitivity": "css",
  "insertPragma": false,
  "jsxBracketSameLine": false,
  "jsxSingleQuote": false,
  "printWidth": 80,
  "proseWrap": "preserve",
  "quoteProps": "as-needed",
  "requirePragma": false,
  "semi": true,
  "singleQuote": false,
  "tabWidth": 2,
  "trailingComma": "es5",
  "useTabs": false,
  "vueIndentScriptAndStyle": false,
  "filepath": "/home/dathd/.config/Code/User/settings.json",
  "parser": "json"
}
["INFO" - 3:35:36 PM] Formatting completed in 0.096ms.
["INFO" - 3:35:38 PM] Formatting vscode-userdata:/home/dathd/.config/Code/User/settings.json
["INFO" - 3:35:38 PM] File Info:
{
  "ignored": false,
  "inferredParser": "json"
}
["INFO" - 3:35:38 PM] No local configuration (i.e. .prettierrc or .editorconfig) detected, falling back to VS Code configuration
["INFO" - 3:35:38 PM] Prettier Options:
{
  "arrowParens": "always",
  "bracketSpacing": true,
  "endOfLine": "lf",
  "htmlWhitespaceSensitivity": "css",
  "insertPragma": false,
  "jsxBracketSameLine": false,
  "jsxSingleQuote": false,
  "printWidth": 80,
  "proseWrap": "preserve",
  "quoteProps": "as-needed",
  "requirePragma": false,
  "semi": true,
  "singleQuote": false,
  "tabWidth": 2,
  "trailingComma": "es5",
  "useTabs": false,
  "vueIndentScriptAndStyle": false,
  "filepath": "/home/dathd/.config/Code/User/settings.json",
  "parser": "json"
}
["INFO" - 3:35:38 PM] Formatting completed in 0.044ms.
["INFO" - 3:35:40 PM] Formatting vscode-userdata:/home/dathd/.config/Code/User/settings.json
["INFO" - 3:35:40 PM] File Info:
{
  "ignored": false,
  "inferredParser": "json"
}
["INFO" - 3:35:40 PM] No local configuration (i.e. .prettierrc or .editorconfig) detected, falling back to VS Code configuration
["INFO" - 3:35:40 PM] Prettier Options:
{
  "arrowParens": "always",
  "bracketSpacing": true,
  "endOfLine": "lf",
  "htmlWhitespaceSensitivity": "css",
  "insertPragma": false,
  "jsxBracketSameLine": false,
  "jsxSingleQuote": false,
  "printWidth": 80,
  "proseWrap": "preserve",
  "quoteProps": "as-needed",
  "requirePragma": false,
  "semi": true,
  "singleQuote": false,
  "tabWidth": 2,
  "trailingComma": "es5",
  "useTabs": false,
  "vueIndentScriptAndStyle": false,
  "filepath": "/home/dathd/.config/Code/User/settings.json",
  "parser": "json"
}
["INFO" - 3:35:40 PM] Formatting completed in 0.026ms.
["INFO" - 3:35:45 PM] Formatting vscode-userdata:/home/dathd/.config/Code/User/settings.json
["INFO" - 3:35:45 PM] File Info:
{
  "ignored": false,
  "inferredParser": "json"
}
["INFO" - 3:35:45 PM] No local configuration (i.e. .prettierrc or .editorconfig) detected, falling back to VS Code configuration
["INFO" - 3:35:45 PM] Prettier Options:
{
  "arrowParens": "always",
  "bracketSpacing": true,
  "endOfLine": "lf",
  "htmlWhitespaceSensitivity": "css",
  "insertPragma": false,
  "jsxBracketSameLine": false,
  "jsxSingleQuote": false,
  "printWidth": 80,
  "proseWrap": "preserve",
  "quoteProps": "as-needed",
  "requirePragma": false,
  "semi": true,
  "singleQuote": false,
  "tabWidth": 2,
  "trailingComma": "es5",
  "useTabs": false,
  "vueIndentScriptAndStyle": false,
  "filepath": "/home/dathd/.config/Code/User/settings.json",
  "parser": "json"
}
["INFO" - 3:35:45 PM] Formatting completed in 0.06ms.
["INFO" - 3:35:47 PM] Formatting vscode-userdata:/home/dathd/.config/Code/User/settings.json
["INFO" - 3:35:47 PM] File Info:
{
  "ignored": false,
  "inferredParser": "json"
}
["INFO" - 3:35:47 PM] No local configuration (i.e. .prettierrc or .editorconfig) detected, falling back to VS Code configuration
["INFO" - 3:35:47 PM] Prettier Options:
{
  "arrowParens": "always",
  "bracketSpacing": true,
  "endOfLine": "lf",
  "htmlWhitespaceSensitivity": "css",
  "insertPragma": false,
  "jsxBracketSameLine": false,
  "jsxSingleQuote": false,
  "printWidth": 80,
  "proseWrap": "preserve",
  "quoteProps": "as-needed",
  "requirePragma": false,
  "semi": true,
  "singleQuote": false,
  "tabWidth": 2,
  "trailingComma": "es5",
  "useTabs": false,
  "vueIndentScriptAndStyle": false,
  "filepath": "/home/dathd/.config/Code/User/settings.json",
  "parser": "json"
}
["INFO" - 3:35:47 PM] Formatting completed in 0.05ms.
["INFO" - 3:35:54 PM] Formatting vscode-userdata:/home/dathd/.config/Code/User/settings.json
["INFO" - 3:35:54 PM] File Info:
{
  "ignored": false,
  "inferredParser": "json"
}
["INFO" - 3:35:54 PM] No local configuration (i.e. .prettierrc or .editorconfig) detected, falling back to VS Code configuration
["INFO" - 3:35:54 PM] Prettier Options:
{
  "arrowParens": "always",
  "bracketSpacing": true,
  "endOfLine": "lf",
  "htmlWhitespaceSensitivity": "css",
  "insertPragma": false,
  "jsxBracketSameLine": false,
  "jsxSingleQuote": false,
  "printWidth": 80,
  "proseWrap": "preserve",
  "quoteProps": "as-needed",
  "requirePragma": false,
  "semi": true,
  "singleQuote": false,
  "tabWidth": 2,
  "trailingComma": "es5",
  "useTabs": false,
  "vueIndentScriptAndStyle": false,
  "filepath": "/home/dathd/.config/Code/User/settings.json",
  "parser": "json"
}
["INFO" - 3:35:54 PM] Formatting completed in 0.056ms.
["INFO" - 3:35:58 PM] Formatting vscode-userdata:/home/dathd/.config/Code/User/settings.json
["INFO" - 3:35:58 PM] File Info:
{
  "ignored": false,
  "inferredParser": "json"
}
["INFO" - 3:35:58 PM] No local configuration (i.e. .prettierrc or .editorconfig) detected, falling back to VS Code configuration
["INFO" - 3:35:58 PM] Prettier Options:
{
  "arrowParens": "always",
  "bracketSpacing": true,
  "endOfLine": "lf",
  "htmlWhitespaceSensitivity": "css",
  "insertPragma": false,
  "jsxBracketSameLine": false,
  "jsxSingleQuote": false,
  "printWidth": 80,
  "proseWrap": "preserve",
  "quoteProps": "as-needed",
  "requirePragma": false,
  "semi": true,
  "singleQuote": false,
  "tabWidth": 2,
  "trailingComma": "es5",
  "useTabs": false,
  "vueIndentScriptAndStyle": false,
  "filepath": "/home/dathd/.config/Code/User/settings.json",
  "parser": "json"
}
["INFO" - 3:35:58 PM] Formatting completed in 0.046ms.
["INFO" - 3:36:03 PM] Formatting vscode-userdata:/home/dathd/.config/Code/User/settings.json
["INFO" - 3:36:03 PM] File Info:
{
  "ignored": false,
  "inferredParser": "json"
}
["INFO" - 3:36:03 PM] No local configuration (i.e. .prettierrc or .editorconfig) detected, falling back to VS Code configuration
["INFO" - 3:36:03 PM] Prettier Options:
{
  "arrowParens": "always",
  "bracketSpacing": true,
  "endOfLine": "lf",
  "htmlWhitespaceSensitivity": "css",
  "insertPragma": false,
  "jsxBracketSameLine": false,
  "jsxSingleQuote": false,
  "printWidth": 80,
  "proseWrap": "preserve",
  "quoteProps": "as-needed",
  "requirePragma": false,
  "semi": true,
  "singleQuote": false,
  "tabWidth": 2,
  "trailingComma": "es5",
  "useTabs": false,
  "vueIndentScriptAndStyle": false,
  "filepath": "/home/dathd/.config/Code/User/settings.json",
  "parser": "json"
}
["INFO" - 3:36:03 PM] Formatting completed in 0.051ms.
["INFO" - 3:36:06 PM] Formatting vscode-userdata:/home/dathd/.config/Code/User/settings.json
["INFO" - 3:36:06 PM] File Info:
{
  "ignored": false,
  "inferredParser": "json"
}
["INFO" - 3:36:06 PM] No local configuration (i.e. .prettierrc or .editorconfig) detected, falling back to VS Code configuration
["INFO" - 3:36:06 PM] Prettier Options:
{
  "arrowParens": "always",
  "bracketSpacing": true,
  "endOfLine": "lf",
  "htmlWhitespaceSensitivity": "css",
  "insertPragma": false,
  "jsxBracketSameLine": false,
  "jsxSingleQuote": false,
  "printWidth": 80,
  "proseWrap": "preserve",
  "quoteProps": "as-needed",
  "requirePragma": false,
  "semi": true,
  "singleQuote": false,
  "tabWidth": 2,
  "trailingComma": "es5",
  "useTabs": false,
  "vueIndentScriptAndStyle": false,
  "filepath": "/home/dathd/.config/Code/User/settings.json",
  "parser": "json"
}
["INFO" - 3:36:06 PM] Formatting completed in 0.066ms.
["INFO" - 3:36:09 PM] Formatting vscode-userdata:/home/dathd/.config/Code/User/settings.json
["INFO" - 3:36:09 PM] File Info:
{
  "ignored": false,
  "inferredParser": "json"
}
["INFO" - 3:36:09 PM] No local configuration (i.e. .prettierrc or .editorconfig) detected, falling back to VS Code configuration
["INFO" - 3:36:09 PM] Prettier Options:
{
  "arrowParens": "always",
  "bracketSpacing": true,
  "endOfLine": "lf",
  "htmlWhitespaceSensitivity": "css",
  "insertPragma": false,
  "jsxBracketSameLine": false,
  "jsxSingleQuote": false,
  "printWidth": 80,
  "proseWrap": "preserve",
  "quoteProps": "as-needed",
  "requirePragma": false,
  "semi": true,
  "singleQuote": false,
  "tabWidth": 2,
  "trailingComma": "es5",
  "useTabs": false,
  "vueIndentScriptAndStyle": false,
  "filepath": "/home/dathd/.config/Code/User/settings.json",
  "parser": "json"
}
["INFO" - 3:36:09 PM] Formatting completed in 0.025ms.
["INFO" - 3:36:10 PM] Formatting vscode-userdata:/home/dathd/.config/Code/User/settings.json
["INFO" - 3:36:10 PM] File Info:
{
  "ignored": false,
  "inferredParser": "json"
}
["INFO" - 3:36:10 PM] No local configuration (i.e. .prettierrc or .editorconfig) detected, falling back to VS Code configuration
["INFO" - 3:36:10 PM] Prettier Options:
{
  "arrowParens": "always",
  "bracketSpacing": true,
  "endOfLine": "lf",
  "htmlWhitespaceSensitivity": "css",
  "insertPragma": false,
  "jsxBracketSameLine": false,
  "jsxSingleQuote": false,
  "printWidth": 80,
  "proseWrap": "preserve",
  "quoteProps": "as-needed",
  "requirePragma": false,
  "semi": true,
  "singleQuote": false,
  "tabWidth": 2,
  "trailingComma": "es5",
  "useTabs": false,
  "vueIndentScriptAndStyle": false,
  "filepath": "/home/dathd/.config/Code/User/settings.json",
  "parser": "json"
}
["INFO" - 3:36:10 PM] Formatting completed in 0.021ms.
["INFO" - 3:36:13 PM] Formatting vscode-userdata:/home/dathd/.config/Code/User/settings.json
["INFO" - 3:36:13 PM] File Info:
{
  "ignored": false,
  "inferredParser": "json"
}
["INFO" - 3:36:13 PM] No local configuration (i.e. .prettierrc or .editorconfig) detected, falling back to VS Code configuration
["INFO" - 3:36:13 PM] Prettier Options:
{
  "arrowParens": "always",
  "bracketSpacing": true,
  "endOfLine": "lf",
  "htmlWhitespaceSensitivity": "css",
  "insertPragma": false,
  "jsxBracketSameLine": false,
  "jsxSingleQuote": false,
  "printWidth": 80,
  "proseWrap": "preserve",
  "quoteProps": "as-needed",
  "requirePragma": false,
  "semi": true,
  "singleQuote": false,
  "tabWidth": 2,
  "trailingComma": "es5",
  "useTabs": false,
  "vueIndentScriptAndStyle": false,
  "filepath": "/home/dathd/.config/Code/User/settings.json",
  "parser": "json"
}
["INFO" - 3:36:13 PM] Formatting completed in 0.021ms.
["INFO" - 3:36:14 PM] Formatting vscode-userdata:/home/dathd/.config/Code/User/settings.json
["INFO" - 3:36:14 PM] File Info:
{
  "ignored": false,
  "inferredParser": "json"
}
["INFO" - 3:36:14 PM] No local configuration (i.e. .prettierrc or .editorconfig) detected, falling back to VS Code configuration
["INFO" - 3:36:14 PM] Prettier Options:
{
  "arrowParens": "always",
  "bracketSpacing": true,
  "endOfLine": "lf",
  "htmlWhitespaceSensitivity": "css",
  "insertPragma": false,
  "jsxBracketSameLine": false,
  "jsxSingleQuote": false,
  "printWidth": 80,
  "proseWrap": "preserve",
  "quoteProps": "as-needed",
  "requirePragma": false,
  "semi": true,
  "singleQuote": false,
  "tabWidth": 2,
  "trailingComma": "es5",
  "useTabs": false,
  "vueIndentScriptAndStyle": false,
  "filepath": "/home/dathd/.config/Code/User/settings.json",
  "parser": "json"
}
["INFO" - 3:36:14 PM] Formatting completed in 0.006ms.
["INFO" - 3:36:16 PM] Formatting vscode-userdata:/home/dathd/.config/Code/User/settings.json
["INFO" - 3:36:16 PM] File Info:
{
  "ignored": false,
  "inferredParser": "json"
}
["INFO" - 3:36:16 PM] No local configuration (i.e. .prettierrc or .editorconfig) detected, falling back to VS Code configuration
["INFO" - 3:36:16 PM] Prettier Options:
{
  "arrowParens": "always",
  "bracketSpacing": true,
  "endOfLine": "lf",
  "htmlWhitespaceSensitivity": "css",
  "insertPragma": false,
  "jsxBracketSameLine": false,
  "jsxSingleQuote": false,
  "printWidth": 80,
  "proseWrap": "preserve",
  "quoteProps": "as-needed",
  "requirePragma": false,
  "semi": true,
  "singleQuote": false,
  "tabWidth": 2,
  "trailingComma": "es5",
  "useTabs": false,
  "vueIndentScriptAndStyle": false,
  "filepath": "/home/dathd/.config/Code/User/settings.json",
  "parser": "json"
}
["INFO" - 3:36:16 PM] Formatting completed in 0.04ms.
["INFO" - 3:36:18 PM] Formatting vscode-userdata:/home/dathd/.config/Code/User/settings.json
["INFO" - 3:36:18 PM] File Info:
{
  "ignored": false,
  "inferredParser": "json"
}
["INFO" - 3:36:18 PM] No local configuration (i.e. .prettierrc or .editorconfig) detected, falling back to VS Code configuration
["INFO" - 3:36:18 PM] Prettier Options:
{
  "arrowParens": "always",
  "bracketSpacing": true,
  "endOfLine": "lf",
  "htmlWhitespaceSensitivity": "css",
  "insertPragma": false,
  "jsxBracketSameLine": false,
  "jsxSingleQuote": false,
  "printWidth": 80,
  "proseWrap": "preserve",
  "quoteProps": "as-needed",
  "requirePragma": false,
  "semi": true,
  "singleQuote": false,
  "tabWidth": 2,
  "trailingComma": "es5",
  "useTabs": false,
  "vueIndentScriptAndStyle": false,
  "filepath": "/home/dathd/.config/Code/User/settings.json",
  "parser": "json"
}
["INFO" - 3:36:18 PM] Formatting completed in 0.016ms.
["INFO" - 3:36:20 PM] Formatting vscode-userdata:/home/dathd/.config/Code/User/settings.json
["INFO" - 3:36:20 PM] File Info:
{
  "ignored": false,
  "inferredParser": "json"
}
["INFO" - 3:36:20 PM] No local configuration (i.e. .prettierrc or .editorconfig) detected, falling back to VS Code configuration
["INFO" - 3:36:20 PM] Prettier Options:
{
  "arrowParens": "always",
  "bracketSpacing": true,
  "endOfLine": "lf",
  "htmlWhitespaceSensitivity": "css",
  "insertPragma": false,
  "jsxBracketSameLine": false,
  "jsxSingleQuote": false,
  "printWidth": 80,
  "proseWrap": "preserve",
  "quoteProps": "as-needed",
  "requirePragma": false,
  "semi": true,
  "singleQuote": false,
  "tabWidth": 2,
  "trailingComma": "es5",
  "useTabs": false,
  "vueIndentScriptAndStyle": false,
  "filepath": "/home/dathd/.config/Code/User/settings.json",
  "parser": "json"
}
["INFO" - 3:36:21 PM] Formatting completed in 0.043ms.
["INFO" - 3:36:22 PM] Formatting vscode-userdata:/home/dathd/.config/Code/User/settings.json
["INFO" - 3:36:22 PM] File Info:
{
  "ignored": false,
  "inferredParser": "json"
}
["INFO" - 3:36:22 PM] No local configuration (i.e. .prettierrc or .editorconfig) detected, falling back to VS Code configuration
["INFO" - 3:36:22 PM] Prettier Options:
{
  "arrowParens": "always",
  "bracketSpacing": true,
  "endOfLine": "lf",
  "htmlWhitespaceSensitivity": "css",
  "insertPragma": false,
  "jsxBracketSameLine": false,
  "jsxSingleQuote": false,
  "printWidth": 80,
  "proseWrap": "preserve",
  "quoteProps": "as-needed",
  "requirePragma": false,
  "semi": true,
  "singleQuote": false,
  "tabWidth": 2,
  "trailingComma": "es5",
  "useTabs": false,
  "vueIndentScriptAndStyle": false,
  "filepath": "/home/dathd/.config/Code/User/settings.json",
  "parser": "json"
}
["INFO" - 3:36:22 PM] Formatting completed in 0.021ms.
["INFO" - 3:36:24 PM] Formatting vscode-userdata:/home/dathd/.config/Code/User/settings.json
["INFO" - 3:36:24 PM] File Info:
{
  "ignored": false,
  "inferredParser": "json"
}
["INFO" - 3:36:24 PM] No local configuration (i.e. .prettierrc or .editorconfig) detected, falling back to VS Code configuration
["INFO" - 3:36:24 PM] Prettier Options:
{
  "arrowParens": "always",
  "bracketSpacing": true,
  "endOfLine": "lf",
  "htmlWhitespaceSensitivity": "css",
  "insertPragma": false,
  "jsxBracketSameLine": false,
  "jsxSingleQuote": false,
  "printWidth": 80,
  "proseWrap": "preserve",
  "quoteProps": "as-needed",
  "requirePragma": false,
  "semi": true,
  "singleQuote": false,
  "tabWidth": 2,
  "trailingComma": "es5",
  "useTabs": false,
  "vueIndentScriptAndStyle": false,
  "filepath": "/home/dathd/.config/Code/User/settings.json",
  "parser": "json"
}
["INFO" - 3:36:24 PM] Formatting completed in 0.03ms.
["INFO" - 3:36:39 PM] Formatting vscode-userdata:/home/dathd/.config/Code/User/settings.json
["INFO" - 3:36:39 PM] File Info:
{
  "ignored": false,
  "inferredParser": "json"
}
["INFO" - 3:36:39 PM] No local configuration (i.e. .prettierrc or .editorconfig) detected, falling back to VS Code configuration
["INFO" - 3:36:39 PM] Prettier Options:
{
  "arrowParens": "always",
  "bracketSpacing": true,
  "endOfLine": "lf",
  "htmlWhitespaceSensitivity": "css",
  "insertPragma": false,
  "jsxBracketSameLine": false,
  "jsxSingleQuote": false,
  "printWidth": 80,
  "proseWrap": "preserve",
  "quoteProps": "as-needed",
  "requirePragma": false,
  "semi": true,
  "singleQuote": false,
  "tabWidth": 2,
  "trailingComma": "es5",
  "useTabs": false,
  "vueIndentScriptAndStyle": false,
  "filepath": "/home/dathd/.config/Code/User/settings.json",
  "parser": "json"
}
["INFO" - 3:36:39 PM] Formatting completed in 0.051ms.
["INFO" - 3:36:41 PM] Formatting vscode-userdata:/home/dathd/.config/Code/User/settings.json
["INFO" - 3:36:41 PM] File Info:
{
  "ignored": false,
  "inferredParser": "json"
}
["INFO" - 3:36:41 PM] No local configuration (i.e. .prettierrc or .editorconfig) detected, falling back to VS Code configuration
["INFO" - 3:36:41 PM] Prettier Options:
{
  "arrowParens": "always",
  "bracketSpacing": true,
  "endOfLine": "lf",
  "htmlWhitespaceSensitivity": "css",
  "insertPragma": false,
  "jsxBracketSameLine": false,
  "jsxSingleQuote": false,
  "printWidth": 80,
  "proseWrap": "preserve",
  "quoteProps": "as-needed",
  "requirePragma": false,
  "semi": true,
  "singleQuote": false,
  "tabWidth": 2,
  "trailingComma": "es5",
  "useTabs": false,
  "vueIndentScriptAndStyle": false,
  "filepath": "/home/dathd/.config/Code/User/settings.json",
  "parser": "json"
}
["INFO" - 3:36:41 PM] Formatting completed in 0.027ms.
["INFO" - 3:36:43 PM] Formatting vscode-userdata:/home/dathd/.config/Code/User/settings.json
["INFO" - 3:36:43 PM] File Info:
{
  "ignored": false,
  "inferredParser": "json"
}
["INFO" - 3:36:43 PM] No local configuration (i.e. .prettierrc or .editorconfig) detected, falling back to VS Code configuration
["INFO" - 3:36:43 PM] Prettier Options:
{
  "arrowParens": "always",
  "bracketSpacing": true,
  "endOfLine": "lf",
  "htmlWhitespaceSensitivity": "css",
  "insertPragma": false,
  "jsxBracketSameLine": false,
  "jsxSingleQuote": false,
  "printWidth": 80,
  "proseWrap": "preserve",
  "quoteProps": "as-needed",
  "requirePragma": false,
  "semi": true,
  "singleQuote": false,
  "tabWidth": 2,
  "trailingComma": "es5",
  "useTabs": false,
  "vueIndentScriptAndStyle": false,
  "filepath": "/home/dathd/.config/Code/User/settings.json",
  "parser": "json"
}
["INFO" - 3:36:43 PM] Formatting completed in 0.023ms.
["INFO" - 3:37:05 PM] Formatting vscode-userdata:/home/dathd/.config/Code/User/settings.json
["INFO" - 3:37:05 PM] File Info:
{
  "ignored": false,
  "inferredParser": "json"
}
["INFO" - 3:37:05 PM] No local configuration (i.e. .prettierrc or .editorconfig) detected, falling back to VS Code configuration
["INFO" - 3:37:05 PM] Prettier Options:
{
  "arrowParens": "always",
  "bracketSpacing": true,
  "endOfLine": "lf",
  "htmlWhitespaceSensitivity": "css",
  "insertPragma": false,
  "jsxBracketSameLine": false,
  "jsxSingleQuote": false,
  "printWidth": 80,
  "proseWrap": "preserve",
  "quoteProps": "as-needed",
  "requirePragma": false,
  "semi": true,
  "singleQuote": false,
  "tabWidth": 2,
  "trailingComma": "es5",
  "useTabs": false,
  "vueIndentScriptAndStyle": false,
  "filepath": "/home/dathd/.config/Code/User/settings.json",
  "parser": "json"
}
["INFO" - 3:37:05 PM] Formatting completed in 0.014ms.
["INFO" - 3:37:06 PM] Formatting vscode-userdata:/home/dathd/.config/Code/User/settings.json
["INFO" - 3:37:06 PM] File Info:
{
  "ignored": false,
  "inferredParser": "json"
}
["INFO" - 3:37:06 PM] No local configuration (i.e. .prettierrc or .editorconfig) detected, falling back to VS Code configuration
["INFO" - 3:37:06 PM] Prettier Options:
{
  "arrowParens": "always",
  "bracketSpacing": true,
  "endOfLine": "lf",
  "htmlWhitespaceSensitivity": "css",
  "insertPragma": false,
  "jsxBracketSameLine": false,
  "jsxSingleQuote": false,
  "printWidth": 80,
  "proseWrap": "preserve",
  "quoteProps": "as-needed",
  "requirePragma": false,
  "semi": true,
  "singleQuote": false,
  "tabWidth": 2,
  "trailingComma": "es5",
  "useTabs": false,
  "vueIndentScriptAndStyle": false,
  "filepath": "/home/dathd/.config/Code/User/settings.json",
  "parser": "json"
}
["INFO" - 3:37:06 PM] Formatting completed in 0.035ms.
["INFO" - 3:37:57 PM] Formatting vscode-userdata:/home/dathd/.config/Code/User/settings.json
["INFO" - 3:37:57 PM] File Info:
{
  "ignored": false,
  "inferredParser": "json"
}
["INFO" - 3:37:57 PM] No local configuration (i.e. .prettierrc or .editorconfig) detected, falling back to VS Code configuration
["INFO" - 3:37:57 PM] Prettier Options:
{
  "arrowParens": "always",
  "bracketSpacing": true,
  "endOfLine": "lf",
  "htmlWhitespaceSensitivity": "css",
  "insertPragma": false,
  "jsxBracketSameLine": false,
  "jsxSingleQuote": false,
  "printWidth": 80,
  "proseWrap": "preserve",
  "quoteProps": "as-needed",
  "requirePragma": false,
  "semi": true,
  "singleQuote": false,
  "tabWidth": 2,
  "trailingComma": "es5",
  "useTabs": false,
  "vueIndentScriptAndStyle": false,
  "filepath": "/home/dathd/.config/Code/User/settings.json",
  "parser": "json"
}
["INFO" - 3:37:57 PM] Formatting completed in 0.013ms.
["INFO" - 3:38:18 PM] Formatting vscode-userdata:/home/dathd/.config/Code/User/keybindings.json
["INFO" - 3:38:18 PM] File Info:
{
  "ignored": false,
  "inferredParser": "json"
}
["INFO" - 3:38:18 PM] No local configuration (i.e. .prettierrc or .editorconfig) detected, falling back to VS Code configuration
["INFO" - 3:38:18 PM] Prettier Options:
{
  "arrowParens": "always",
  "bracketSpacing": true,
  "endOfLine": "lf",
  "htmlWhitespaceSensitivity": "css",
  "insertPragma": false,
  "jsxBracketSameLine": false,
  "jsxSingleQuote": false,
  "printWidth": 80,
  "proseWrap": "preserve",
  "quoteProps": "as-needed",
  "requirePragma": false,
  "semi": true,
  "singleQuote": false,
  "tabWidth": 2,
  "trailingComma": "es5",
  "useTabs": false,
  "vueIndentScriptAndStyle": false,
  "filepath": "/home/dathd/.config/Code/User/keybindings.json",
  "parser": "json"
}
["INFO" - 3:38:18 PM] Formatting completed in 0.013ms.
["INFO" - 3:38:28 PM] Formatting vscode-userdata:/home/dathd/.config/Code/User/keybindings.json
["INFO" - 3:38:28 PM] File Info:
{
  "ignored": false,
  "inferredParser": "json"
}
["INFO" - 3:38:28 PM] No local configuration (i.e. .prettierrc or .editorconfig) detected, falling back to VS Code configuration
["INFO" - 3:38:28 PM] Prettier Options:
{
  "arrowParens": "always",
  "bracketSpacing": true,
  "endOfLine": "lf",
  "htmlWhitespaceSensitivity": "css",
  "insertPragma": false,
  "jsxBracketSameLine": false,
  "jsxSingleQuote": false,
  "printWidth": 80,
  "proseWrap": "preserve",
  "quoteProps": "as-needed",
  "requirePragma": false,
  "semi": true,
  "singleQuote": false,
  "tabWidth": 2,
  "trailingComma": "es5",
  "useTabs": false,
  "vueIndentScriptAndStyle": false,
  "filepath": "/home/dathd/.config/Code/User/keybindings.json",
  "parser": "json"
}
["INFO" - 3:38:28 PM] Formatting completed in 0.024ms.
["INFO" - 3:38:42 PM] Formatting vscode-userdata:/home/dathd/.config/Code/User/keybindings.json
["INFO" - 3:38:42 PM] File Info:
{
  "ignored": false,
  "inferredParser": "json"
}
["INFO" - 3:38:42 PM] No local configuration (i.e. .prettierrc or .editorconfig) detected, falling back to VS Code configuration
["INFO" - 3:38:42 PM] Prettier Options:
{
  "arrowParens": "always",
  "bracketSpacing": true,
  "endOfLine": "lf",
  "htmlWhitespaceSensitivity": "css",
  "insertPragma": false,
  "jsxBracketSameLine": false,
  "jsxSingleQuote": false,
  "printWidth": 80,
  "proseWrap": "preserve",
  "quoteProps": "as-needed",
  "requirePragma": false,
  "semi": true,
  "singleQuote": false,
  "tabWidth": 2,
  "trailingComma": "es5",
  "useTabs": false,
  "vueIndentScriptAndStyle": false,
  "filepath": "/home/dathd/.config/Code/User/keybindings.json",
  "parser": "json"
}
["INFO" - 3:38:42 PM] Formatting completed in 0.03ms.
["INFO" - 9:59:13 PM] Formatting vscode-userdata:/home/dathd/.config/Code/User/settings.json
["INFO" - 9:59:13 PM] File Info:
{
  "ignored": false,
  "inferredParser": "json"
}
["INFO" - 9:59:13 PM] No local configuration (i.e. .prettierrc or .editorconfig) detected, falling back to VS Code configuration
["INFO" - 9:59:13 PM] Prettier Options:
{
  "arrowParens": "always",
  "bracketSpacing": true,
  "endOfLine": "lf",
  "htmlWhitespaceSensitivity": "css",
  "insertPragma": false,
  "jsxBracketSameLine": false,
  "jsxSingleQuote": false,
  "printWidth": 80,
  "proseWrap": "preserve",
  "quoteProps": "as-needed",
  "requirePragma": false,
  "semi": true,
  "singleQuote": false,
  "tabWidth": 2,
  "trailingComma": "es5",
  "useTabs": false,
  "vueIndentScriptAndStyle": false,
  "filepath": "/home/dathd/.config/Code/User/settings.json",
  "parser": "json"
}
["INFO" - 9:59:13 PM] Formatting completed in 0.019ms.
["INFO" - 9:59:16 PM] Formatting vscode-userdata:/home/dathd/.config/Code/User/settings.json
["INFO" - 9:59:16 PM] File Info:
{
  "ignored": false,
  "inferredParser": "json"
}
["INFO" - 9:59:16 PM] No local configuration (i.e. .prettierrc or .editorconfig) detected, falling back to VS Code configuration
["INFO" - 9:59:16 PM] Prettier Options:
{
  "arrowParens": "always",
  "bracketSpacing": true,
  "endOfLine": "lf",
  "htmlWhitespaceSensitivity": "css",
  "insertPragma": false,
  "jsxBracketSameLine": false,
  "jsxSingleQuote": false,
  "printWidth": 80,
  "proseWrap": "preserve",
  "quoteProps": "as-needed",
  "requirePragma": false,
  "semi": true,
  "singleQuote": false,
  "tabWidth": 2,
  "trailingComma": "es5",
  "useTabs": false,
  "vueIndentScriptAndStyle": false,
  "filepath": "/home/dathd/.config/Code/User/settings.json",
  "parser": "json"
}
["INFO" - 9:59:16 PM] Formatting completed in 0.029ms.
["INFO" - 9:59:20 PM] Formatting vscode-userdata:/home/dathd/.config/Code/User/settings.json
["INFO" - 9:59:20 PM] File Info:
{
  "ignored": false,
  "inferredParser": "json"
}
["INFO" - 9:59:20 PM] No local configuration (i.e. .prettierrc or .editorconfig) detected, falling back to VS Code configuration
["INFO" - 9:59:20 PM] Prettier Options:
{
  "arrowParens": "always",
  "bracketSpacing": true,
  "endOfLine": "lf",
  "htmlWhitespaceSensitivity": "css",
  "insertPragma": false,
  "jsxBracketSameLine": false,
  "jsxSingleQuote": false,
  "printWidth": 80,
  "proseWrap": "preserve",
  "quoteProps": "as-needed",
  "requirePragma": false,
  "semi": true,
  "singleQuote": false,
  "tabWidth": 2,
  "trailingComma": "es5",
  "useTabs": false,
  "vueIndentScriptAndStyle": false,
  "filepath": "/home/dathd/.config/Code/User/settings.json",
  "parser": "json"
}
["INFO" - 9:59:20 PM] Formatting completed in 0.026ms.
["INFO" - 9:59:27 PM] Formatting vscode-userdata:/home/dathd/.config/Code/User/settings.json
["INFO" - 9:59:27 PM] File Info:
{
  "ignored": false,
  "inferredParser": "json"
}
["INFO" - 9:59:27 PM] No local configuration (i.e. .prettierrc or .editorconfig) detected, falling back to VS Code configuration
["INFO" - 9:59:27 PM] Prettier Options:
{
  "arrowParens": "always",
  "bracketSpacing": true,
  "endOfLine": "lf",
  "htmlWhitespaceSensitivity": "css",
  "insertPragma": false,
  "jsxBracketSameLine": false,
  "jsxSingleQuote": false,
  "printWidth": 80,
  "proseWrap": "preserve",
  "quoteProps": "as-needed",
  "requirePragma": false,
  "semi": true,
  "singleQuote": false,
  "tabWidth": 2,
  "trailingComma": "es5",
  "useTabs": false,
  "vueIndentScriptAndStyle": false,
  "filepath": "/home/dathd/.config/Code/User/settings.json",
  "parser": "json"
}
["INFO" - 9:59:27 PM] Formatting completed in 0.01ms.
["INFO" - 10:01:03 PM] Formatting vscode-userdata:/home/dathd/.config/Code/User/keybindings.json
["INFO" - 10:01:03 PM] File Info:
{
  "ignored": false,
  "inferredParser": "json"
}
["INFO" - 10:01:03 PM] No local configuration (i.e. .prettierrc or .editorconfig) detected, falling back to VS Code configuration
["INFO" - 10:01:03 PM] Prettier Options:
{
  "arrowParens": "always",
  "bracketSpacing": true,
  "endOfLine": "lf",
  "htmlWhitespaceSensitivity": "css",
  "insertPragma": false,
  "jsxBracketSameLine": false,
  "jsxSingleQuote": false,
  "printWidth": 80,
  "proseWrap": "preserve",
  "quoteProps": "as-needed",
  "requirePragma": false,
  "semi": true,
  "singleQuote": false,
  "tabWidth": 2,
  "trailingComma": "es5",
  "useTabs": false,
  "vueIndentScriptAndStyle": false,
  "filepath": "/home/dathd/.config/Code/User/keybindings.json",
  "parser": "json"
}
["INFO" - 10:01:03 PM] Formatting completed in 0.014ms.
["INFO" - 10:01:55 PM] Formatting vscode-userdata:/home/dathd/.config/Code/User/keybindings.json
["INFO" - 10:01:55 PM] File Info:
{
  "ignored": false,
  "inferredParser": "json"
}
["INFO" - 10:01:55 PM] No local configuration (i.e. .prettierrc or .editorconfig) detected, falling back to VS Code configuration
["INFO" - 10:01:55 PM] Prettier Options:
{
  "arrowParens": "always",
  "bracketSpacing": true,
  "endOfLine": "lf",
  "htmlWhitespaceSensitivity": "css",
  "insertPragma": false,
  "jsxBracketSameLine": false,
  "jsxSingleQuote": false,
  "printWidth": 80,
  "proseWrap": "preserve",
  "quoteProps": "as-needed",
  "requirePragma": false,
  "semi": true,
  "singleQuote": false,
  "tabWidth": 2,
  "trailingComma": "es5",
  "useTabs": false,
  "vueIndentScriptAndStyle": false,
  "filepath": "/home/dathd/.config/Code/User/keybindings.json",
  "parser": "json"
}
["INFO" - 10:01:55 PM] Formatting completed in 0.048ms.
["INFO" - 10:02:06 PM] Formatting vscode-userdata:/home/dathd/.config/Code/User/keybindings.json
["INFO" - 10:02:06 PM] File Info:
{
  "ignored": false,
  "inferredParser": "json"
}
["INFO" - 10:02:06 PM] No local configuration (i.e. .prettierrc or .editorconfig) detected, falling back to VS Code configuration
["INFO" - 10:02:06 PM] Prettier Options:
{
  "arrowParens": "always",
  "bracketSpacing": true,
  "endOfLine": "lf",
  "htmlWhitespaceSensitivity": "css",
  "insertPragma": false,
  "jsxBracketSameLine": false,
  "jsxSingleQuote": false,
  "printWidth": 80,
  "proseWrap": "preserve",
  "quoteProps": "as-needed",
  "requirePragma": false,
  "semi": true,
  "singleQuote": false,
  "tabWidth": 2,
  "trailingComma": "es5",
  "useTabs": false,
  "vueIndentScriptAndStyle": false,
  "filepath": "/home/dathd/.config/Code/User/keybindings.json",
  "parser": "json"
}
["INFO" - 10:02:06 PM] Formatting completed in 0.05ms.
