[2022-03-14T15:14:33.462Z] Validating found git in: git
[2022-03-14T15:14:33.686Z] Using git 2.25.1 from git
[2022-03-14T15:14:33.753Z] > git rev-parse --git-dir [21ms]
[2022-03-14T15:14:33.766Z] Open repository: /home/dathd/Project/portfolio
[2022-03-14T15:14:33.955Z] > git symbolic-ref --short HEAD [25ms]
[2022-03-14T15:14:35.464Z] > git for-each-ref --format=%(refname)%00%(upstream:short)%00%(objectname)%00%(upstream:track) refs/heads/master refs/remotes/master [1476ms]
[2022-03-14T15:14:35.597Z] > git for-each-ref --sort -committerdate --format %(refname) %(objectname) %(*objectname) [74ms]
[2022-03-14T15:14:35.605Z] > git remote --verbose [12ms]
[2022-03-14T15:14:35.673Z] > git config --get commit.template [2ms]
[2022-03-14T15:14:36.692Z] > git ls-files --stage -- /home/dathd/Project/portfolio/src/pages/index.tsx [328ms]
[2022-03-14T15:14:36.726Z] > git cat-file -s d25d32fa092ba6c20fc3468a7eca31fff12426d3 [15ms]
[2022-03-14T15:14:38.408Z] > git symbolic-ref --short HEAD [11ms]
[2022-03-14T15:14:38.446Z] > git for-each-ref --format=%(refname)%00%(upstream:short)%00%(objectname)%00%(upstream:track) refs/heads/master refs/remotes/master [17ms]
[2022-03-14T15:14:38.573Z] > git remote --verbose [43ms]
[2022-03-14T15:14:38.574Z] > git for-each-ref --sort -committerdate --format %(refname) %(objectname) %(*objectname) [68ms]
[2022-03-14T15:14:38.617Z] > git ls-files --stage -- /home/dathd/Project/portfolio/src/pages/index.tsx [46ms]
[2022-03-14T15:14:38.661Z] > git config --get commit.template [45ms]
[2022-03-14T15:14:38.690Z] > git cat-file -s d25d32fa092ba6c20fc3468a7eca31fff12426d3 [30ms]
[2022-03-14T15:16:18.655Z] > git symbolic-ref --short HEAD [3ms]
[2022-03-14T15:16:18.675Z] > git for-each-ref --format=%(refname)%00%(upstream:short)%00%(objectname)%00%(upstream:track) refs/heads/master refs/remotes/master [10ms]
[2022-03-14T15:16:18.703Z] > git for-each-ref --sort -committerdate --format %(refname) %(objectname) %(*objectname) [13ms]
[2022-03-14T15:16:18.704Z] > git remote --verbose [3ms]
[2022-03-14T15:16:18.722Z] > git config --get commit.template [5ms]
[2022-03-14T15:18:43.174Z] > git symbolic-ref --short HEAD [2ms]
[2022-03-14T15:18:43.187Z] > git for-each-ref --format=%(refname)%00%(upstream:short)%00%(objectname)%00%(upstream:track) refs/heads/master refs/remotes/master [2ms]
[2022-03-14T15:18:43.210Z] > git for-each-ref --sort -committerdate --format %(refname) %(objectname) %(*objectname) [8ms]
[2022-03-14T15:18:43.211Z] > git remote --verbose [2ms]
[2022-03-14T15:18:43.229Z] > git config --get commit.template [2ms]
[2022-03-14T15:18:48.268Z] > git symbolic-ref --short HEAD [5ms]
[2022-03-14T15:18:48.285Z] > git for-each-ref --format=%(refname)%00%(upstream:short)%00%(objectname)%00%(upstream:track) refs/heads/master refs/remotes/master [1ms]
[2022-03-14T15:18:48.317Z] > git for-each-ref --sort -committerdate --format %(refname) %(objectname) %(*objectname) [15ms]
[2022-03-14T15:18:48.318Z] > git remote --verbose [4ms]
[2022-03-14T15:18:48.338Z] > git config --get commit.template [3ms]
[2022-03-14T15:22:36.020Z] > git ls-files --stage -- /home/dathd/Project/portfolio/src/components/Spine.tsx [4ms]
[2022-03-14T15:22:36.048Z] > git cat-file -s dee99949e6be664bf0b96d9a6c369a21189f7ff7 [7ms]
[2022-03-14T15:24:07.600Z] > git symbolic-ref --short HEAD [1ms]
[2022-03-14T15:24:07.609Z] > git for-each-ref --format=%(refname)%00%(upstream:short)%00%(objectname)%00%(upstream:track) refs/heads/master refs/remotes/master [2ms]
[2022-03-14T15:24:07.625Z] > git for-each-ref --sort -committerdate --format %(refname) %(objectname) %(*objectname) [8ms]
[2022-03-14T15:24:07.627Z] > git remote --verbose [3ms]
[2022-03-14T15:24:07.637Z] > git config --get commit.template [2ms]
[2022-03-14T15:24:08.769Z] > git ls-files --stage -- /home/dathd/Project/portfolio/src/components/Spine.tsx [13ms]
[2022-03-14T15:24:08.800Z] > git cat-file -s dee99949e6be664bf0b96d9a6c369a21189f7ff7 [2ms]
[2022-03-14T15:25:11.874Z] > git symbolic-ref --short HEAD [2ms]
[2022-03-14T15:25:11.885Z] > git for-each-ref --format=%(refname)%00%(upstream:short)%00%(objectname)%00%(upstream:track) refs/heads/master refs/remotes/master [2ms]
[2022-03-14T15:25:11.902Z] > git for-each-ref --sort -committerdate --format %(refname) %(objectname) %(*objectname) [9ms]
[2022-03-14T15:25:11.903Z] > git remote --verbose [2ms]
[2022-03-14T15:25:11.912Z] > git config --get commit.template [2ms]
[2022-03-14T15:25:21.551Z] > git ls-files --stage -- /home/dathd/Project/portfolio/src/hooks/useFramerMotion.ts [4ms]
[2022-03-14T15:25:27.874Z] > git ls-files --stage -- /home/dathd/Project/portfolio/src/hooks/useScrollMagic.ts [42ms]
[2022-03-14T15:25:27.885Z] > git cat-file -s 874980937a0590e5c033ebb2e172bbfcf11b88ea [2ms]
[2022-03-14T15:25:38.157Z] > git ls-files --stage -- /home/dathd/Project/portfolio/src/components/Spine.tsx [11ms]
[2022-03-14T15:25:38.168Z] > git cat-file -s dee99949e6be664bf0b96d9a6c369a21189f7ff7 [2ms]
[2022-03-14T15:25:46.116Z] > git symbolic-ref --short HEAD [2ms]
[2022-03-14T15:25:46.127Z] > git for-each-ref --format=%(refname)%00%(upstream:short)%00%(objectname)%00%(upstream:track) refs/heads/master refs/remotes/master [2ms]
[2022-03-14T15:25:46.146Z] > git for-each-ref --sort -committerdate --format %(refname) %(objectname) %(*objectname) [9ms]
[2022-03-14T15:25:46.148Z] > git remote --verbose [3ms]
[2022-03-14T15:25:46.160Z] > git config --get commit.template [3ms]
[2022-03-14T15:25:56.208Z] > git ls-files --stage -- /home/dathd/Project/portfolio/src/hooks/useWindowDimension.ts [3ms]
[2022-03-14T15:25:56.223Z] > git cat-file -s 35b0af6fd76c04180f8104c4956e22dc274a1182 [2ms]
[2022-03-14T15:26:07.750Z] > git symbolic-ref --short HEAD [3ms]
[2022-03-14T15:26:07.763Z] > git for-each-ref --format=%(refname)%00%(upstream:short)%00%(objectname)%00%(upstream:track) refs/heads/master refs/remotes/master [3ms]
[2022-03-14T15:26:07.785Z] > git for-each-ref --sort -committerdate --format %(refname) %(objectname) %(*objectname) [12ms]
[2022-03-14T15:26:07.786Z] > git remote --verbose [3ms]
[2022-03-14T15:26:07.802Z] > git config --get commit.template [2ms]
[2022-03-14T15:26:17.698Z] > git symbolic-ref --short HEAD [4ms]
[2022-03-14T15:26:17.738Z] > git ls-files --stage -- /home/dathd/Project/portfolio/src/hooks/useFramerMotion.ts [17ms]
[2022-03-14T15:26:17.739Z] > git for-each-ref --format=%(refname)%00%(upstream:short)%00%(objectname)%00%(upstream:track) refs/heads/master refs/remotes/master [31ms]
[2022-03-14T15:26:17.759Z] > git remote --verbose [2ms]
[2022-03-14T15:26:17.759Z] > git for-each-ref --sort -committerdate --format %(refname) %(objectname) %(*objectname) [12ms]
[2022-03-14T15:26:17.762Z] > git ls-files --stage -- /home/dathd/Project/portfolio/src/hooks/useWindowDimension.ts [26ms]
[2022-03-14T15:26:17.795Z] > git config --get commit.template [9ms]
[2022-03-14T15:26:17.796Z] > git cat-file -s 35b0af6fd76c04180f8104c4956e22dc274a1182 [21ms]
[2022-03-14T15:26:22.882Z] > git symbolic-ref --short HEAD [3ms]
[2022-03-14T15:26:22.893Z] > git for-each-ref --format=%(refname)%00%(upstream:short)%00%(objectname)%00%(upstream:track) refs/heads/master refs/remotes/master [2ms]
[2022-03-14T15:26:22.911Z] > git for-each-ref --sort -committerdate --format %(refname) %(objectname) %(*objectname) [9ms]
[2022-03-14T15:26:22.911Z] > git remote --verbose [1ms]
[2022-03-14T15:26:22.923Z] > git config --get commit.template [2ms]
[2022-03-14T15:26:44.187Z] > git ls-files --stage -- /home/dathd/Project/portfolio/src/hooks/useFramerMotion.ts [9ms]
[2022-03-14T15:27:05.523Z] > git ls-files --stage -- /home/dathd/Project/portfolio/src/components/Spine.tsx [6ms]
[2022-03-14T15:27:05.532Z] > git cat-file -s dee99949e6be664bf0b96d9a6c369a21189f7ff7 [2ms]
[2022-03-14T15:27:07.966Z] > git symbolic-ref --short HEAD [2ms]
[2022-03-14T15:27:07.989Z] > git for-each-ref --format=%(refname)%00%(upstream:short)%00%(objectname)%00%(upstream:track) refs/heads/master refs/remotes/master [4ms]
[2022-03-14T15:27:08.030Z] > git for-each-ref --sort -committerdate --format %(refname) %(objectname) %(*objectname) [30ms]
[2022-03-14T15:27:08.031Z] > git remote --verbose [10ms]
[2022-03-14T15:27:08.058Z] > git config --get commit.template [2ms]
[2022-03-14T15:36:42.528Z] > git symbolic-ref --short HEAD [6ms]
[2022-03-14T15:36:42.539Z] > git for-each-ref --format=%(refname)%00%(upstream:short)%00%(objectname)%00%(upstream:track) refs/heads/master refs/remotes/master [2ms]
[2022-03-14T15:36:42.561Z] > git for-each-ref --sort -committerdate --format %(refname) %(objectname) %(*objectname) [10ms]
[2022-03-14T15:36:42.562Z] > git remote --verbose [2ms]
[2022-03-14T15:36:42.574Z] > git config --get commit.template [2ms]
[2022-03-14T15:38:49.259Z] > git ls-files --stage -- /home/dathd/Project/portfolio/src/hooks/useFramerMotion.ts [2ms]
[2022-03-14T15:39:59.713Z] > git symbolic-ref --short HEAD [2ms]
[2022-03-14T15:39:59.729Z] > git for-each-ref --format=%(refname)%00%(upstream:short)%00%(objectname)%00%(upstream:track) refs/heads/master refs/remotes/master [4ms]
[2022-03-14T15:39:59.754Z] > git for-each-ref --sort -committerdate --format %(refname) %(objectname) %(*objectname) [13ms]
[2022-03-14T15:39:59.754Z] > git remote --verbose [2ms]
[2022-03-14T15:39:59.774Z] > git config --get commit.template [4ms]
[2022-03-14T15:40:03.955Z] > git ls-files --stage -- /home/dathd/Project/portfolio/src/components/Spine.tsx [14ms]
[2022-03-14T15:40:03.971Z] > git cat-file -s dee99949e6be664bf0b96d9a6c369a21189f7ff7 [4ms]
[2022-03-14T15:46:09.603Z] > git symbolic-ref --short HEAD [2ms]
[2022-03-14T15:46:09.613Z] > git for-each-ref --format=%(refname)%00%(upstream:short)%00%(objectname)%00%(upstream:track) refs/heads/master refs/remotes/master [2ms]
[2022-03-14T15:46:09.632Z] > git for-each-ref --sort -committerdate --format %(refname) %(objectname) %(*objectname) [9ms]
[2022-03-14T15:46:09.632Z] > git remote --verbose [1ms]
[2022-03-14T15:46:09.643Z] > git config --get commit.template [2ms]
[2022-03-14T15:47:44.625Z] > git symbolic-ref --short HEAD [4ms]
[2022-03-14T15:47:44.646Z] > git for-each-ref --format=%(refname)%00%(upstream:short)%00%(objectname)%00%(upstream:track) refs/heads/master refs/remotes/master [4ms]
[2022-03-14T15:47:44.671Z] > git for-each-ref --sort -committerdate --format %(refname) %(objectname) %(*objectname) [12ms]
[2022-03-14T15:47:44.672Z] > git remote --verbose [4ms]
[2022-03-14T15:47:44.691Z] > git config --get commit.template [2ms]
[2022-03-14T15:51:16.274Z] > git symbolic-ref --short HEAD [2ms]
[2022-03-14T15:51:16.288Z] > git for-each-ref --format=%(refname)%00%(upstream:short)%00%(objectname)%00%(upstream:track) refs/heads/master refs/remotes/master [2ms]
[2022-03-14T15:51:16.311Z] > git for-each-ref --sort -committerdate --format %(refname) %(objectname) %(*objectname) [12ms]
[2022-03-14T15:51:16.312Z] > git remote --verbose [2ms]
[2022-03-14T15:51:16.327Z] > git config --get commit.template [2ms]
[2022-03-14T15:56:48.554Z] > git symbolic-ref --short HEAD [2ms]
[2022-03-14T15:56:48.573Z] > git for-each-ref --format=%(refname)%00%(upstream:short)%00%(objectname)%00%(upstream:track) refs/heads/master refs/remotes/master [2ms]
[2022-03-14T15:56:48.605Z] > git for-each-ref --sort -committerdate --format %(refname) %(objectname) %(*objectname) [17ms]
[2022-03-14T15:56:48.606Z] > git remote --verbose [5ms]
[2022-03-14T15:56:48.627Z] > git config --get commit.template [2ms]
[2022-03-14T15:56:53.688Z] > git symbolic-ref --short HEAD [6ms]
[2022-03-14T15:56:53.704Z] > git for-each-ref --format=%(refname)%00%(upstream:short)%00%(objectname)%00%(upstream:track) refs/heads/master refs/remotes/master [4ms]
[2022-03-14T15:56:53.733Z] > git for-each-ref --sort -committerdate --format %(refname) %(objectname) %(*objectname) [15ms]
[2022-03-14T15:56:53.734Z] > git remote --verbose [4ms]
[2022-03-14T15:56:53.750Z] > git config --get commit.template [2ms]
[2022-03-14T15:56:58.785Z] > git symbolic-ref --short HEAD [2ms]
[2022-03-14T15:56:58.798Z] > git for-each-ref --format=%(refname)%00%(upstream:short)%00%(objectname)%00%(upstream:track) refs/heads/master refs/remotes/master [3ms]
[2022-03-14T15:56:58.839Z] > git remote --verbose [16ms]
[2022-03-14T15:56:58.839Z] > git for-each-ref --sort -committerdate --format %(refname) %(objectname) %(*objectname) [30ms]
[2022-03-14T15:56:58.859Z] > git config --get commit.template [3ms]
[2022-03-14T15:58:05.530Z] > git symbolic-ref --short HEAD [1ms]
[2022-03-14T15:58:05.541Z] > git for-each-ref --format=%(refname)%00%(upstream:short)%00%(objectname)%00%(upstream:track) refs/heads/master refs/remotes/master [2ms]
[2022-03-14T15:58:05.561Z] > git for-each-ref --sort -committerdate --format %(refname) %(objectname) %(*objectname) [9ms]
[2022-03-14T15:58:05.562Z] > git remote --verbose [2ms]
[2022-03-14T15:58:05.574Z] > git config --get commit.template [2ms]
[2022-03-14T15:58:18.739Z] > git symbolic-ref --short HEAD [2ms]
[2022-03-14T15:58:18.761Z] > git for-each-ref --format=%(refname)%00%(upstream:short)%00%(objectname)%00%(upstream:track) refs/heads/master refs/remotes/master [3ms]
[2022-03-14T15:58:18.799Z] > git for-each-ref --sort -committerdate --format %(refname) %(objectname) %(*objectname) [20ms]
[2022-03-14T15:58:18.804Z] > git remote --verbose [8ms]
[2022-03-14T15:58:18.828Z] > git config --get commit.template [7ms]
[2022-03-14T15:58:23.932Z] > git symbolic-ref --short HEAD [8ms]
[2022-03-14T15:58:23.953Z] > git for-each-ref --format=%(refname)%00%(upstream:short)%00%(objectname)%00%(upstream:track) refs/heads/master refs/remotes/master [3ms]
[2022-03-14T15:58:23.975Z] > git for-each-ref --sort -committerdate --format %(refname) %(objectname) %(*objectname) [11ms]
[2022-03-14T15:58:23.975Z] > git remote --verbose [2ms]
[2022-03-14T15:58:23.991Z] > git config --get commit.template [2ms]
[2022-03-14T15:58:34.712Z] > git symbolic-ref --short HEAD [4ms]
[2022-03-14T15:58:34.738Z] > git for-each-ref --format=%(refname)%00%(upstream:short)%00%(objectname)%00%(upstream:track) refs/heads/master refs/remotes/master [4ms]
[2022-03-14T15:58:34.782Z] > git for-each-ref --sort -committerdate --format %(refname) %(objectname) %(*objectname) [22ms]
[2022-03-14T15:58:34.784Z] > git remote --verbose [5ms]
[2022-03-14T15:58:34.813Z] > git config --get commit.template [5ms]
[2022-03-14T15:58:41.741Z] > git symbolic-ref --short HEAD [2ms]
[2022-03-14T15:58:41.760Z] > git for-each-ref --format=%(refname)%00%(upstream:short)%00%(objectname)%00%(upstream:track) refs/heads/master refs/remotes/master [4ms]
[2022-03-14T15:58:41.786Z] > git for-each-ref --sort -committerdate --format %(refname) %(objectname) %(*objectname) [14ms]
[2022-03-14T15:58:41.786Z] > git remote --verbose [1ms]
[2022-03-14T15:58:41.804Z] > git config --get commit.template [2ms]
[2022-03-14T15:59:09.011Z] > git symbolic-ref --short HEAD [2ms]
[2022-03-14T15:59:09.025Z] > git for-each-ref --format=%(refname)%00%(upstream:short)%00%(objectname)%00%(upstream:track) refs/heads/master refs/remotes/master [2ms]
[2022-03-14T15:59:09.046Z] > git for-each-ref --sort -committerdate --format %(refname) %(objectname) %(*objectname) [11ms]
[2022-03-14T15:59:09.047Z] > git remote --verbose [2ms]
[2022-03-14T15:59:09.063Z] > git config --get commit.template [2ms]
[2022-03-14T15:59:18.315Z] > git symbolic-ref --short HEAD [1ms]
[2022-03-14T15:59:18.334Z] > git for-each-ref --format=%(refname)%00%(upstream:short)%00%(objectname)%00%(upstream:track) refs/heads/master refs/remotes/master [1ms]
[2022-03-14T15:59:18.379Z] > git for-each-ref --sort -committerdate --format %(refname) %(objectname) %(*objectname) [25ms]
[2022-03-14T15:59:18.385Z] > git remote --verbose [18ms]
[2022-03-14T15:59:18.407Z] > git config --get commit.template [2ms]
[2022-03-14T16:00:09.333Z] > git symbolic-ref --short HEAD [8ms]
[2022-03-14T16:00:09.358Z] > git for-each-ref --format=%(refname)%00%(upstream:short)%00%(objectname)%00%(upstream:track) refs/heads/master refs/remotes/master [4ms]
[2022-03-14T16:00:09.379Z] > git for-each-ref --sort -committerdate --format %(refname) %(objectname) %(*objectname) [12ms]
[2022-03-14T16:00:09.381Z] > git remote --verbose [4ms]
[2022-03-14T16:00:09.395Z] > git config --get commit.template [2ms]
[2022-03-14T16:00:18.485Z] > git symbolic-ref --short HEAD [4ms]
[2022-03-14T16:00:18.504Z] > git for-each-ref --format=%(refname)%00%(upstream:short)%00%(objectname)%00%(upstream:track) refs/heads/master refs/remotes/master [4ms]
[2022-03-14T16:00:18.533Z] > git for-each-ref --sort -committerdate --format %(refname) %(objectname) %(*objectname) [16ms]
[2022-03-14T16:00:18.534Z] > git remote --verbose [5ms]
[2022-03-14T16:00:18.551Z] > git config --get commit.template [2ms]
[2022-03-14T16:09:06.581Z] > git symbolic-ref --short HEAD [1ms]
[2022-03-14T16:09:06.597Z] > git for-each-ref --format=%(refname)%00%(upstream:short)%00%(objectname)%00%(upstream:track) refs/heads/master refs/remotes/master [2ms]
[2022-03-14T16:09:06.624Z] > git remote --verbose [2ms]
[2022-03-14T16:09:06.624Z] > git for-each-ref --sort -committerdate --format %(refname) %(objectname) %(*objectname) [15ms]
[2022-03-14T16:09:06.641Z] > git config --get commit.template [2ms]
[2022-03-14T16:09:14.693Z] > git symbolic-ref --short HEAD [5ms]
[2022-03-14T16:09:14.719Z] > git for-each-ref --format=%(refname)%00%(upstream:short)%00%(objectname)%00%(upstream:track) refs/heads/master refs/remotes/master [1ms]
[2022-03-14T16:09:14.759Z] > git for-each-ref --sort -committerdate --format %(refname) %(objectname) %(*objectname) [23ms]
[2022-03-14T16:09:14.764Z] > git remote --verbose [7ms]
[2022-03-14T16:09:14.800Z] > git config --get commit.template [13ms]
[2022-03-14T16:09:26.058Z] > git symbolic-ref --short HEAD [2ms]
[2022-03-14T16:09:26.071Z] > git for-each-ref --format=%(refname)%00%(upstream:short)%00%(objectname)%00%(upstream:track) refs/heads/master refs/remotes/master [3ms]
[2022-03-14T16:09:26.095Z] > git for-each-ref --sort -committerdate --format %(refname) %(objectname) %(*objectname) [12ms]
[2022-03-14T16:09:26.096Z] > git remote --verbose [2ms]
[2022-03-14T16:09:26.109Z] > git config --get commit.template [2ms]
[2022-03-14T16:10:26.218Z] > git symbolic-ref --short HEAD [3ms]
[2022-03-14T16:10:26.234Z] > git for-each-ref --format=%(refname)%00%(upstream:short)%00%(objectname)%00%(upstream:track) refs/heads/master refs/remotes/master [2ms]
[2022-03-14T16:10:26.262Z] > git for-each-ref --sort -committerdate --format %(refname) %(objectname) %(*objectname) [15ms]
[2022-03-14T16:10:26.262Z] > git remote --verbose [2ms]
[2022-03-14T16:10:26.277Z] > git config --get commit.template [2ms]
[2022-03-14T16:11:39.815Z] > git symbolic-ref --short HEAD [3ms]
[2022-03-14T16:11:39.828Z] > git for-each-ref --format=%(refname)%00%(upstream:short)%00%(objectname)%00%(upstream:track) refs/heads/master refs/remotes/master [2ms]
[2022-03-14T16:11:39.847Z] > git for-each-ref --sort -committerdate --format %(refname) %(objectname) %(*objectname) [10ms]
[2022-03-14T16:11:39.847Z] > git remote --verbose [1ms]
[2022-03-14T16:11:39.859Z] > git config --get commit.template [2ms]
[2022-03-14T16:11:53.033Z] > git symbolic-ref --short HEAD [11ms]
[2022-03-14T16:11:53.079Z] > git for-each-ref --format=%(refname)%00%(upstream:short)%00%(objectname)%00%(upstream:track) refs/heads/master refs/remotes/master [7ms]
[2022-03-14T16:11:53.124Z] > git for-each-ref --sort -committerdate --format %(refname) %(objectname) %(*objectname) [14ms]
[2022-03-14T16:11:53.124Z] > git remote --verbose [1ms]
[2022-03-14T16:11:53.141Z] > git config --get commit.template [1ms]
[2022-03-14T16:12:44.796Z] > git symbolic-ref --short HEAD [5ms]
[2022-03-14T16:12:44.829Z] > git for-each-ref --format=%(refname)%00%(upstream:short)%00%(objectname)%00%(upstream:track) refs/heads/master refs/remotes/master [7ms]
[2022-03-14T16:12:44.900Z] > git for-each-ref --sort -committerdate --format %(refname) %(objectname) %(*objectname) [36ms]
[2022-03-14T16:12:44.902Z] > git remote --verbose [7ms]
[2022-03-14T16:12:44.938Z] > git config --get commit.template [3ms]
[2022-03-14T16:13:10.517Z] > git symbolic-ref --short HEAD [4ms]
[2022-03-14T16:13:10.542Z] > git for-each-ref --format=%(refname)%00%(upstream:short)%00%(objectname)%00%(upstream:track) refs/heads/master refs/remotes/master [5ms]
[2022-03-14T16:13:10.583Z] > git for-each-ref --sort -committerdate --format %(refname) %(objectname) %(*objectname) [21ms]
[2022-03-14T16:13:10.584Z] > git remote --verbose [4ms]
[2022-03-14T16:13:10.608Z] > git config --get commit.template [3ms]
[2022-03-14T16:13:41.197Z] > git symbolic-ref --short HEAD [4ms]
[2022-03-14T16:13:41.223Z] > git for-each-ref --format=%(refname)%00%(upstream:short)%00%(objectname)%00%(upstream:track) refs/heads/master refs/remotes/master [6ms]
[2022-03-14T16:13:41.254Z] > git for-each-ref --sort -committerdate --format %(refname) %(objectname) %(*objectname) [16ms]
[2022-03-14T16:13:41.257Z] > git remote --verbose [5ms]
[2022-03-14T16:13:41.277Z] > git config --get commit.template [2ms]
[2022-03-14T16:14:17.330Z] > git symbolic-ref --short HEAD [2ms]
[2022-03-14T16:14:17.342Z] > git for-each-ref --format=%(refname)%00%(upstream:short)%00%(objectname)%00%(upstream:track) refs/heads/master refs/remotes/master [2ms]
[2022-03-14T16:14:17.363Z] > git for-each-ref --sort -committerdate --format %(refname) %(objectname) %(*objectname) [12ms]
[2022-03-14T16:14:17.364Z] > git remote --verbose [3ms]
[2022-03-14T16:14:17.377Z] > git config --get commit.template [2ms]
[2022-03-14T16:17:26.018Z] > git symbolic-ref --short HEAD [6ms]
[2022-03-14T16:17:26.037Z] > git for-each-ref --format=%(refname)%00%(upstream:short)%00%(objectname)%00%(upstream:track) refs/heads/master refs/remotes/master [5ms]
[2022-03-14T16:17:26.072Z] > git for-each-ref --sort -committerdate --format %(refname) %(objectname) %(*objectname) [22ms]
[2022-03-14T16:17:26.073Z] > git remote --verbose [7ms]
[2022-03-14T16:17:26.095Z] > git config --get commit.template [3ms]
[2022-03-14T16:17:47.263Z] > git symbolic-ref --short HEAD [2ms]
[2022-03-14T16:17:47.273Z] > git for-each-ref --format=%(refname)%00%(upstream:short)%00%(objectname)%00%(upstream:track) refs/heads/master refs/remotes/master [2ms]
[2022-03-14T16:17:47.294Z] > git for-each-ref --sort -committerdate --format %(refname) %(objectname) %(*objectname) [12ms]
[2022-03-14T16:17:47.295Z] > git remote --verbose [3ms]
[2022-03-14T16:17:47.309Z] > git config --get commit.template [2ms]
[2022-03-14T16:18:21.906Z] > git symbolic-ref --short HEAD [3ms]
[2022-03-14T16:18:21.925Z] > git for-each-ref --format=%(refname)%00%(upstream:short)%00%(objectname)%00%(upstream:track) refs/heads/master refs/remotes/master [3ms]
[2022-03-14T16:18:21.959Z] > git for-each-ref --sort -committerdate --format %(refname) %(objectname) %(*objectname) [17ms]
[2022-03-14T16:18:21.960Z] > git remote --verbose [2ms]
[2022-03-14T16:18:21.981Z] > git config --get commit.template [2ms]
[2022-03-14T16:18:27.553Z] > git symbolic-ref --short HEAD [4ms]
[2022-03-14T16:18:27.578Z] > git for-each-ref --format=%(refname)%00%(upstream:short)%00%(objectname)%00%(upstream:track) refs/heads/master refs/remotes/master [5ms]
[2022-03-14T16:18:27.618Z] > git for-each-ref --sort -committerdate --format %(refname) %(objectname) %(*objectname) [20ms]
[2022-03-14T16:18:27.619Z] > git remote --verbose [3ms]
[2022-03-14T16:18:27.645Z] > git config --get commit.template [3ms]
[2022-03-14T16:20:21.510Z] > git symbolic-ref --short HEAD [4ms]
[2022-03-14T16:20:21.540Z] > git for-each-ref --format=%(refname)%00%(upstream:short)%00%(objectname)%00%(upstream:track) refs/heads/master refs/remotes/master [6ms]
[2022-03-14T16:20:21.573Z] > git for-each-ref --sort -committerdate --format %(refname) %(objectname) %(*objectname) [19ms]
[2022-03-14T16:20:21.574Z] > git remote --verbose [4ms]
[2022-03-14T16:20:21.593Z] > git config --get commit.template [1ms]
[2022-03-14T16:20:26.638Z] > git symbolic-ref --short HEAD [2ms]
[2022-03-14T16:20:26.649Z] > git for-each-ref --format=%(refname)%00%(upstream:short)%00%(objectname)%00%(upstream:track) refs/heads/master refs/remotes/master [2ms]
[2022-03-14T16:20:26.668Z] > git for-each-ref --sort -committerdate --format %(refname) %(objectname) %(*objectname) [11ms]
[2022-03-14T16:20:26.669Z] > git remote --verbose [2ms]
[2022-03-14T16:20:26.682Z] > git config --get commit.template [1ms]
[2022-03-14T16:20:42.148Z] > git symbolic-ref --short HEAD [3ms]
[2022-03-14T16:20:42.168Z] > git for-each-ref --format=%(refname)%00%(upstream:short)%00%(objectname)%00%(upstream:track) refs/heads/master refs/remotes/master [3ms]
[2022-03-14T16:20:42.200Z] > git for-each-ref --sort -committerdate --format %(refname) %(objectname) %(*objectname) [15ms]
[2022-03-14T16:20:42.201Z] > git remote --verbose [2ms]
[2022-03-14T16:20:42.221Z] > git config --get commit.template [3ms]
[2022-03-14T16:20:51.969Z] > git symbolic-ref --short HEAD [1ms]
[2022-03-14T16:20:51.985Z] > git for-each-ref --format=%(refname)%00%(upstream:short)%00%(objectname)%00%(upstream:track) refs/heads/master refs/remotes/master [3ms]
[2022-03-14T16:20:52.008Z] > git for-each-ref --sort -committerdate --format %(refname) %(objectname) %(*objectname) [13ms]
[2022-03-14T16:20:52.008Z] > git remote --verbose [2ms]
[2022-03-14T16:20:52.023Z] > git config --get commit.template [2ms]
[2022-03-14T16:21:01.535Z] > git symbolic-ref --short HEAD [2ms]
[2022-03-14T16:21:01.548Z] > git for-each-ref --format=%(refname)%00%(upstream:short)%00%(objectname)%00%(upstream:track) refs/heads/master refs/remotes/master [2ms]
[2022-03-14T16:21:01.567Z] > git for-each-ref --sort -committerdate --format %(refname) %(objectname) %(*objectname) [10ms]
[2022-03-14T16:21:01.568Z] > git remote --verbose [2ms]
[2022-03-14T16:21:01.580Z] > git config --get commit.template [2ms]
[2022-03-14T16:21:24.776Z] > git symbolic-ref --short HEAD [3ms]
[2022-03-14T16:21:24.792Z] > git for-each-ref --format=%(refname)%00%(upstream:short)%00%(objectname)%00%(upstream:track) refs/heads/master refs/remotes/master [3ms]
[2022-03-14T16:21:24.818Z] > git for-each-ref --sort -committerdate --format %(refname) %(objectname) %(*objectname) [14ms]
[2022-03-14T16:21:24.819Z] > git remote --verbose [2ms]
[2022-03-14T16:21:24.833Z] > git config --get commit.template [1ms]
[2022-03-14T16:22:00.545Z] > git symbolic-ref --short HEAD [8ms]
[2022-03-14T16:22:00.573Z] > git for-each-ref --format=%(refname)%00%(upstream:short)%00%(objectname)%00%(upstream:track) refs/heads/master refs/remotes/master [5ms]
[2022-03-14T16:22:00.618Z] > git for-each-ref --sort -committerdate --format %(refname) %(objectname) %(*objectname) [22ms]
[2022-03-14T16:22:00.620Z] > git remote --verbose [5ms]
[2022-03-14T16:22:00.649Z] > git config --get commit.template [4ms]
[2022-03-14T16:27:36.501Z] > git symbolic-ref --short HEAD [4ms]
[2022-03-14T16:27:36.535Z] > git for-each-ref --format=%(refname)%00%(upstream:short)%00%(objectname)%00%(upstream:track) refs/heads/master refs/remotes/master [5ms]
[2022-03-14T16:27:36.589Z] > git for-each-ref --sort -committerdate --format %(refname) %(objectname) %(*objectname) [33ms]
[2022-03-14T16:27:36.595Z] > git remote --verbose [7ms]
[2022-03-14T16:27:36.637Z] > git config --get commit.template [2ms]
[2022-03-14T16:27:41.663Z] > git symbolic-ref --short HEAD [1ms]
[2022-03-14T16:27:41.675Z] > git for-each-ref --format=%(refname)%00%(upstream:short)%00%(objectname)%00%(upstream:track) refs/heads/master refs/remotes/master [1ms]
[2022-03-14T16:27:41.696Z] > git for-each-ref --sort -committerdate --format %(refname) %(objectname) %(*objectname) [13ms]
[2022-03-14T16:27:41.696Z] > git remote --verbose [2ms]
[2022-03-14T16:27:41.714Z] > git config --get commit.template [2ms]
[2022-03-14T16:31:23.012Z] > git ls-files --stage -- /home/dathd/Project/portfolio/src/pages/index.tsx [29ms]
[2022-03-14T16:31:23.045Z] > git cat-file -s d25d32fa092ba6c20fc3468a7eca31fff12426d3 [5ms]
[2022-03-14T16:36:25.921Z] > git symbolic-ref --short HEAD [1ms]
[2022-03-14T16:36:25.930Z] > git for-each-ref --format=%(refname)%00%(upstream:short)%00%(objectname)%00%(upstream:track) refs/heads/master refs/remotes/master [1ms]
[2022-03-14T16:36:25.946Z] > git for-each-ref --sort -committerdate --format %(refname) %(objectname) %(*objectname) [8ms]
[2022-03-14T16:36:25.946Z] > git remote --verbose [1ms]
[2022-03-14T16:36:25.956Z] > git config --get commit.template [1ms]
[2022-03-14T16:36:27.040Z] > git ls-files --stage -- /home/dathd/Project/portfolio/src/components/Spine.tsx [13ms]
[2022-03-14T16:36:27.051Z] > git ls-files --stage -- /home/dathd/Project/portfolio/src/pages/index.tsx [12ms]
[2022-03-14T16:36:27.061Z] > git cat-file -s dee99949e6be664bf0b96d9a6c369a21189f7ff7 [11ms]
[2022-03-14T16:36:27.062Z] > git cat-file -s d25d32fa092ba6c20fc3468a7eca31fff12426d3 [2ms]
[2022-03-14T16:39:25.611Z] > git symbolic-ref --short HEAD [2ms]
[2022-03-14T16:39:25.622Z] > git for-each-ref --format=%(refname)%00%(upstream:short)%00%(objectname)%00%(upstream:track) refs/heads/master refs/remotes/master [3ms]
[2022-03-14T16:39:25.643Z] > git for-each-ref --sort -committerdate --format %(refname) %(objectname) %(*objectname) [11ms]
[2022-03-14T16:39:25.643Z] > git remote --verbose [1ms]
[2022-03-14T16:39:25.656Z] > git config --get commit.template [1ms]
[2022-03-14T16:40:25.645Z] > git symbolic-ref --short HEAD [5ms]
[2022-03-14T16:40:25.657Z] > git for-each-ref --format=%(refname)%00%(upstream:short)%00%(objectname)%00%(upstream:track) refs/heads/master refs/remotes/master [2ms]
[2022-03-14T16:40:25.684Z] > git for-each-ref --sort -committerdate --format %(refname) %(objectname) %(*objectname) [17ms]
[2022-03-14T16:40:25.685Z] > git remote --verbose [3ms]
[2022-03-14T16:40:25.703Z] > git config --get commit.template [2ms]
[2022-03-14T16:41:48.656Z] > git ls-files --stage -- /home/dathd/Project/portfolio/node_modules/@types/react/index.d.ts [4ms]
[2022-03-14T16:41:50.629Z] > git ls-files --stage -- /home/dathd/Project/portfolio/src/pages/index.tsx [3ms]
[2022-03-14T16:41:50.641Z] > git cat-file -s d25d32fa092ba6c20fc3468a7eca31fff12426d3 [2ms]
[2022-03-14T16:51:46.961Z] > git symbolic-ref --short HEAD [11ms]
[2022-03-14T16:51:46.993Z] > git for-each-ref --format=%(refname)%00%(upstream:short)%00%(objectname)%00%(upstream:track) refs/heads/master refs/remotes/master [5ms]
[2022-03-14T16:51:47.037Z] > git for-each-ref --sort -committerdate --format %(refname) %(objectname) %(*objectname) [21ms]
[2022-03-14T16:51:47.042Z] > git remote --verbose [7ms]
[2022-03-14T16:51:47.079Z] > git config --get commit.template [7ms]
[2022-03-14T16:52:17.802Z] > git symbolic-ref --short HEAD [2ms]
[2022-03-14T16:52:17.817Z] > git for-each-ref --format=%(refname)%00%(upstream:short)%00%(objectname)%00%(upstream:track) refs/heads/master refs/remotes/master [3ms]
[2022-03-14T16:52:17.854Z] > git for-each-ref --sort -committerdate --format %(refname) %(objectname) %(*objectname) [21ms]
[2022-03-14T16:52:17.855Z] > git remote --verbose [7ms]
[2022-03-14T16:52:17.877Z] > git config --get commit.template [3ms]
[2022-03-14T16:54:07.120Z] > git ls-files --stage -- /home/dathd/Project/portfolio/src/components/Intro.tsx [2ms]
[2022-03-14T16:54:49.317Z] > git ls-files --stage -- /home/dathd/Project/portfolio/src/components/Intro.tsx [3ms]
[2022-03-14T16:55:16.880Z] > git ls-files --stage -- /home/dathd/Project/portfolio/src/components/Intro.tsx [16ms]
[2022-03-14T16:56:03.145Z] > git symbolic-ref --short HEAD [26ms]
[2022-03-14T16:56:03.160Z] > git for-each-ref --format=%(refname)%00%(upstream:short)%00%(objectname)%00%(upstream:track) refs/heads/master refs/remotes/master [3ms]
[2022-03-14T16:56:03.188Z] > git for-each-ref --sort -committerdate --format %(refname) %(objectname) %(*objectname) [16ms]
[2022-03-14T16:56:03.189Z] > git remote --verbose [3ms]
[2022-03-14T16:56:03.213Z] > git config --get commit.template [5ms]
[2022-03-14T16:56:20.024Z] > git symbolic-ref --short HEAD [5ms]
[2022-03-14T16:56:20.055Z] > git for-each-ref --format=%(refname)%00%(upstream:short)%00%(objectname)%00%(upstream:track) refs/heads/master refs/remotes/master [6ms]
[2022-03-14T16:56:20.105Z] > git for-each-ref --sort -committerdate --format %(refname) %(objectname) %(*objectname) [23ms]
[2022-03-14T16:56:20.105Z] > git remote --verbose [2ms]
[2022-03-14T16:56:20.136Z] > git config --get commit.template [3ms]
[2022-03-14T16:58:13.710Z] > git symbolic-ref --short HEAD [3ms]
[2022-03-14T16:58:13.726Z] > git for-each-ref --format=%(refname)%00%(upstream:short)%00%(objectname)%00%(upstream:track) refs/heads/master refs/remotes/master [3ms]
[2022-03-14T16:58:13.753Z] > git for-each-ref --sort -committerdate --format %(refname) %(objectname) %(*objectname) [15ms]
[2022-03-14T16:58:13.754Z] > git remote --verbose [4ms]
[2022-03-14T16:58:13.770Z] > git config --get commit.template [3ms]
[2022-03-14T17:00:13.271Z] > git ls-files --stage -- /home/dathd/Project/portfolio/src/pages/index.tsx [20ms]
[2022-03-14T17:00:13.306Z] > git cat-file -s d25d32fa092ba6c20fc3468a7eca31fff12426d3 [7ms]
[2022-03-14T17:00:54.632Z] > git ls-files --stage -- /home/dathd/Project/portfolio/src/pages/index.tsx [7ms]
[2022-03-14T17:00:54.647Z] > git cat-file -s d25d32fa092ba6c20fc3468a7eca31fff12426d3 [3ms]
[2022-03-14T17:01:49.143Z] > git ls-files --stage -- /home/dathd/Project/portfolio/src/pages/index.tsx [8ms]
[2022-03-14T17:01:49.166Z] > git cat-file -s d25d32fa092ba6c20fc3468a7eca31fff12426d3 [5ms]
[2022-03-14T17:03:21.717Z] > git symbolic-ref --short HEAD [1ms]
[2022-03-14T17:03:21.740Z] > git for-each-ref --format=%(refname)%00%(upstream:short)%00%(objectname)%00%(upstream:track) refs/heads/master refs/remotes/master [4ms]
[2022-03-14T17:03:21.768Z] > git for-each-ref --sort -committerdate --format %(refname) %(objectname) %(*objectname) [13ms]
[2022-03-14T17:03:21.769Z] > git remote --verbose [3ms]
[2022-03-14T17:03:21.795Z] > git config --get commit.template [2ms]
[2022-03-14T17:03:26.874Z] > git symbolic-ref --short HEAD [6ms]
[2022-03-14T17:03:26.912Z] > git for-each-ref --format=%(refname)%00%(upstream:short)%00%(objectname)%00%(upstream:track) refs/heads/master refs/remotes/master [6ms]
[2022-03-14T17:03:26.974Z] > git for-each-ref --sort -committerdate --format %(refname) %(objectname) %(*objectname) [19ms]
[2022-03-14T17:03:26.975Z] > git remote --verbose [2ms]
[2022-03-14T17:03:27.000Z] > git config --get commit.template [3ms]
[2022-03-14T17:04:04.477Z] > git symbolic-ref --short HEAD [2ms]
[2022-03-14T17:04:04.497Z] > git for-each-ref --format=%(refname)%00%(upstream:short)%00%(objectname)%00%(upstream:track) refs/heads/master refs/remotes/master [3ms]
[2022-03-14T17:04:04.540Z] > git for-each-ref --sort -committerdate --format %(refname) %(objectname) %(*objectname) [24ms]
[2022-03-14T17:04:04.541Z] > git remote --verbose [9ms]
[2022-03-14T17:04:04.564Z] > git config --get commit.template [2ms]
[2022-03-14T17:04:19.130Z] > git ls-files --stage -- /home/dathd/Project/portfolio/src/hooks/useFramerMotion.ts [8ms]
[2022-03-14T17:24:48.114Z] > git symbolic-ref --short HEAD [17ms]
[2022-03-14T17:24:48.166Z] > git for-each-ref --format=%(refname)%00%(upstream:short)%00%(objectname)%00%(upstream:track) refs/heads/master refs/remotes/master [21ms]
[2022-03-14T17:24:48.215Z] > git for-each-ref --sort -committerdate --format %(refname) %(objectname) %(*objectname) [27ms]
[2022-03-14T17:24:48.220Z] > git remote --verbose [7ms]
[2022-03-14T17:24:48.291Z] > git config --get commit.template [18ms]
[2022-03-14T17:28:09.611Z] > git symbolic-ref --short HEAD [4ms]
[2022-03-14T17:28:09.650Z] > git for-each-ref --format=%(refname)%00%(upstream:short)%00%(objectname)%00%(upstream:track) refs/heads/master refs/remotes/master [5ms]
[2022-03-14T17:28:09.697Z] > git for-each-ref --sort -committerdate --format %(refname) %(objectname) %(*objectname) [19ms]
[2022-03-14T17:28:09.698Z] > git remote --verbose [4ms]
[2022-03-14T17:28:09.718Z] > git config --get commit.template [2ms]
[2022-03-14T17:28:19.097Z] > git symbolic-ref --short HEAD [2ms]
[2022-03-14T17:28:19.111Z] > git for-each-ref --format=%(refname)%00%(upstream:short)%00%(objectname)%00%(upstream:track) refs/heads/master refs/remotes/master [1ms]
[2022-03-14T17:28:19.142Z] > git for-each-ref --sort -committerdate --format %(refname) %(objectname) %(*objectname) [14ms]
[2022-03-14T17:28:19.143Z] > git remote --verbose [2ms]
[2022-03-14T17:28:19.159Z] > git config --get commit.template [2ms]
[2022-03-14T17:28:32.698Z] > git symbolic-ref --short HEAD [5ms]
[2022-03-14T17:28:32.728Z] > git for-each-ref --format=%(refname)%00%(upstream:short)%00%(objectname)%00%(upstream:track) refs/heads/master refs/remotes/master [5ms]
[2022-03-14T17:28:32.769Z] > git for-each-ref --sort -committerdate --format %(refname) %(objectname) %(*objectname) [21ms]
[2022-03-14T17:28:32.769Z] > git remote --verbose [1ms]
[2022-03-14T17:28:32.792Z] > git config --get commit.template [3ms]
[2022-03-14T17:29:32.807Z] > git symbolic-ref --short HEAD [4ms]
[2022-03-14T17:29:32.831Z] > git for-each-ref --format=%(refname)%00%(upstream:short)%00%(objectname)%00%(upstream:track) refs/heads/master refs/remotes/master [3ms]
[2022-03-14T17:29:32.863Z] > git for-each-ref --sort -committerdate --format %(refname) %(objectname) %(*objectname) [16ms]
[2022-03-14T17:29:32.864Z] > git remote --verbose [2ms]
[2022-03-14T17:29:32.880Z] > git config --get commit.template [1ms]
[2022-03-14T17:30:09.245Z] > git symbolic-ref --short HEAD [3ms]
[2022-03-14T17:30:09.271Z] > git for-each-ref --format=%(refname)%00%(upstream:short)%00%(objectname)%00%(upstream:track) refs/heads/master refs/remotes/master [7ms]
[2022-03-14T17:30:09.317Z] > git for-each-ref --sort -committerdate --format %(refname) %(objectname) %(*objectname) [28ms]
[2022-03-14T17:30:09.320Z] > git remote --verbose [14ms]
[2022-03-14T17:30:09.343Z] > git config --get commit.template [2ms]
[2022-03-14T17:30:18.919Z] > git symbolic-ref --short HEAD [8ms]
[2022-03-14T17:30:18.942Z] > git for-each-ref --format=%(refname)%00%(upstream:short)%00%(objectname)%00%(upstream:track) refs/heads/master refs/remotes/master [2ms]
[2022-03-14T17:30:18.978Z] > git for-each-ref --sort -committerdate --format %(refname) %(objectname) %(*objectname) [17ms]
[2022-03-14T17:30:18.979Z] > git remote --verbose [3ms]
[2022-03-14T17:30:19.000Z] > git config --get commit.template [3ms]
[2022-03-14T17:30:31.554Z] > git symbolic-ref --short HEAD [5ms]
[2022-03-14T17:30:31.580Z] > git for-each-ref --format=%(refname)%00%(upstream:short)%00%(objectname)%00%(upstream:track) refs/heads/master refs/remotes/master [5ms]
[2022-03-14T17:30:31.626Z] > git for-each-ref --sort -committerdate --format %(refname) %(objectname) %(*objectname) [25ms]
[2022-03-14T17:30:31.629Z] > git remote --verbose [7ms]
[2022-03-14T17:30:31.660Z] > git config --get commit.template [4ms]
[2022-03-14T17:30:58.823Z] > git symbolic-ref --short HEAD [4ms]
[2022-03-14T17:30:58.859Z] > git for-each-ref --format=%(refname)%00%(upstream:short)%00%(objectname)%00%(upstream:track) refs/heads/master refs/remotes/master [5ms]
[2022-03-14T17:30:58.903Z] > git for-each-ref --sort -committerdate --format %(refname) %(objectname) %(*objectname) [23ms]
[2022-03-14T17:30:58.903Z] > git remote --verbose [2ms]
[2022-03-14T17:30:58.935Z] > git config --get commit.template [1ms]
[2022-03-14T17:31:23.933Z] > git symbolic-ref --short HEAD [2ms]
[2022-03-14T17:31:23.952Z] > git for-each-ref --format=%(refname)%00%(upstream:short)%00%(objectname)%00%(upstream:track) refs/heads/master refs/remotes/master [3ms]
[2022-03-14T17:31:23.988Z] > git for-each-ref --sort -committerdate --format %(refname) %(objectname) %(*objectname) [19ms]
[2022-03-14T17:31:23.989Z] > git remote --verbose [4ms]
[2022-03-14T17:31:24.012Z] > git config --get commit.template [2ms]
[2022-03-14T17:31:29.064Z] > git symbolic-ref --short HEAD [3ms]
[2022-03-14T17:31:29.088Z] > git for-each-ref --format=%(refname)%00%(upstream:short)%00%(objectname)%00%(upstream:track) refs/heads/master refs/remotes/master [3ms]
[2022-03-14T17:31:29.131Z] > git for-each-ref --sort -committerdate --format %(refname) %(objectname) %(*objectname) [23ms]
[2022-03-14T17:31:29.131Z] > git remote --verbose [2ms]
[2022-03-14T17:31:29.159Z] > git config --get commit.template [6ms]
[2022-03-14T17:32:14.901Z] > git symbolic-ref --short HEAD [3ms]
[2022-03-14T17:32:14.935Z] > git for-each-ref --format=%(refname)%00%(upstream:short)%00%(objectname)%00%(upstream:track) refs/heads/master refs/remotes/master [4ms]
[2022-03-14T17:32:14.970Z] > git for-each-ref --sort -committerdate --format %(refname) %(objectname) %(*objectname) [17ms]
[2022-03-14T17:32:14.970Z] > git remote --verbose [1ms]
[2022-03-14T17:32:14.988Z] > git config --get commit.template [2ms]
[2022-03-14T17:32:20.084Z] > git symbolic-ref --short HEAD [3ms]
[2022-03-14T17:32:20.106Z] > git for-each-ref --format=%(refname)%00%(upstream:short)%00%(objectname)%00%(upstream:track) refs/heads/master refs/remotes/master [3ms]
[2022-03-14T17:32:20.141Z] > git for-each-ref --sort -committerdate --format %(refname) %(objectname) %(*objectname) [18ms]
[2022-03-14T17:32:20.142Z] > git remote --verbose [3ms]
[2022-03-14T17:32:20.163Z] > git config --get commit.template [1ms]
[2022-03-14T17:32:26.140Z] > git symbolic-ref --short HEAD [5ms]
[2022-03-14T17:32:26.171Z] > git for-each-ref --format=%(refname)%00%(upstream:short)%00%(objectname)%00%(upstream:track) refs/heads/master refs/remotes/master [9ms]
[2022-03-14T17:32:26.209Z] > git for-each-ref --sort -committerdate --format %(refname) %(objectname) %(*objectname) [20ms]
[2022-03-14T17:32:26.215Z] > git remote --verbose [11ms]
[2022-03-14T17:32:26.231Z] > git config --get commit.template [2ms]
[2022-03-14T17:32:31.300Z] > git symbolic-ref --short HEAD [3ms]
[2022-03-14T17:32:31.320Z] > git for-each-ref --format=%(refname)%00%(upstream:short)%00%(objectname)%00%(upstream:track) refs/heads/master refs/remotes/master [2ms]
[2022-03-14T17:32:31.357Z] > git for-each-ref --sort -committerdate --format %(refname) %(objectname) %(*objectname) [19ms]
[2022-03-14T17:32:31.357Z] > git remote --verbose [2ms]
[2022-03-14T17:32:31.378Z] > git config --get commit.template [2ms]
[2022-03-14T17:32:38.782Z] > git symbolic-ref --short HEAD [2ms]
[2022-03-14T17:32:38.799Z] > git for-each-ref --format=%(refname)%00%(upstream:short)%00%(objectname)%00%(upstream:track) refs/heads/master refs/remotes/master [2ms]
[2022-03-14T17:32:38.829Z] > git for-each-ref --sort -committerdate --format %(refname) %(objectname) %(*objectname) [15ms]
[2022-03-14T17:32:38.830Z] > git remote --verbose [3ms]
[2022-03-14T17:32:38.849Z] > git config --get commit.template [3ms]
[2022-03-14T17:32:43.957Z] > git symbolic-ref --short HEAD [4ms]
[2022-03-14T17:32:43.983Z] > git for-each-ref --format=%(refname)%00%(upstream:short)%00%(objectname)%00%(upstream:track) refs/heads/master refs/remotes/master [5ms]
[2022-03-14T17:32:44.029Z] > git for-each-ref --sort -committerdate --format %(refname) %(objectname) %(*objectname) [25ms]
[2022-03-14T17:32:44.030Z] > git remote --verbose [5ms]
[2022-03-14T17:32:44.061Z] > git config --get commit.template [4ms]
[2022-03-14T17:33:06.013Z] > git symbolic-ref --short HEAD [2ms]
[2022-03-14T17:33:06.033Z] > git for-each-ref --format=%(refname)%00%(upstream:short)%00%(objectname)%00%(upstream:track) refs/heads/master refs/remotes/master [2ms]
[2022-03-14T17:33:06.069Z] > git for-each-ref --sort -committerdate --format %(refname) %(objectname) %(*objectname) [19ms]
[2022-03-14T17:33:06.069Z] > git remote --verbose [3ms]
[2022-03-14T17:33:06.089Z] > git config --get commit.template [2ms]
[2022-03-14T17:33:18.412Z] > git symbolic-ref --short HEAD [4ms]
[2022-03-14T17:33:18.435Z] > git for-each-ref --format=%(refname)%00%(upstream:short)%00%(objectname)%00%(upstream:track) refs/heads/master refs/remotes/master [3ms]
[2022-03-14T17:33:18.471Z] > git for-each-ref --sort -committerdate --format %(refname) %(objectname) %(*objectname) [19ms]
[2022-03-14T17:33:18.472Z] > git remote --verbose [3ms]
[2022-03-14T17:33:18.497Z] > git config --get commit.template [3ms]
[2022-03-14T17:33:25.894Z] > git symbolic-ref --short HEAD [3ms]
[2022-03-14T17:33:25.913Z] > git for-each-ref --format=%(refname)%00%(upstream:short)%00%(objectname)%00%(upstream:track) refs/heads/master refs/remotes/master [2ms]
[2022-03-14T17:33:25.949Z] > git for-each-ref --sort -committerdate --format %(refname) %(objectname) %(*objectname) [20ms]
[2022-03-14T17:33:25.950Z] > git remote --verbose [4ms]
[2022-03-14T17:33:25.969Z] > git config --get commit.template [2ms]
[2022-03-14T17:33:31.013Z] > git symbolic-ref --short HEAD [1ms]
[2022-03-14T17:33:31.028Z] > git for-each-ref --format=%(refname)%00%(upstream:short)%00%(objectname)%00%(upstream:track) refs/heads/master refs/remotes/master [2ms]
[2022-03-14T17:33:31.057Z] > git remote --verbose [2ms]
[2022-03-14T17:33:31.057Z] > git for-each-ref --sort -committerdate --format %(refname) %(objectname) %(*objectname) [15ms]
[2022-03-14T17:33:31.075Z] > git config --get commit.template [2ms]
[2022-03-14T17:33:38.406Z] > git symbolic-ref --short HEAD [3ms]
[2022-03-14T17:33:38.427Z] > git for-each-ref --format=%(refname)%00%(upstream:short)%00%(objectname)%00%(upstream:track) refs/heads/master refs/remotes/master [3ms]
[2022-03-14T17:33:38.462Z] > git for-each-ref --sort -committerdate --format %(refname) %(objectname) %(*objectname) [18ms]
[2022-03-14T17:33:38.463Z] > git remote --verbose [3ms]
[2022-03-14T17:33:38.485Z] > git config --get commit.template [2ms]
[2022-03-14T17:34:27.387Z] > git ls-files --stage -- /home/dathd/Project/portfolio/src/pages/index.tsx [5ms]
[2022-03-14T17:34:27.401Z] > git cat-file -s d25d32fa092ba6c20fc3468a7eca31fff12426d3 [2ms]
[2022-03-14T17:34:41.095Z] > git symbolic-ref --short HEAD [2ms]
[2022-03-14T17:34:41.122Z] > git for-each-ref --format=%(refname)%00%(upstream:short)%00%(objectname)%00%(upstream:track) refs/heads/master refs/remotes/master [8ms]
[2022-03-14T17:34:41.168Z] > git for-each-ref --sort -committerdate --format %(refname) %(objectname) %(*objectname) [24ms]
[2022-03-14T17:34:41.169Z] > git remote --verbose [3ms]
[2022-03-14T17:34:41.191Z] > git config --get commit.template [3ms]
[2022-03-14T17:35:08.927Z] > git ls-files --stage -- /home/dathd/Project/portfolio/src/components/Spine.tsx [5ms]
[2022-03-14T17:35:08.979Z] > git cat-file -s dee99949e6be664bf0b96d9a6c369a21189f7ff7 [29ms]
[2022-03-14T17:36:14.002Z] > git symbolic-ref --short HEAD [1ms]
[2022-03-14T17:36:14.016Z] > git for-each-ref --format=%(refname)%00%(upstream:short)%00%(objectname)%00%(upstream:track) refs/heads/master refs/remotes/master [2ms]
[2022-03-14T17:36:14.043Z] > git for-each-ref --sort -committerdate --format %(refname) %(objectname) %(*objectname) [14ms]
[2022-03-14T17:36:14.043Z] > git remote --verbose [1ms]
[2022-03-14T17:36:14.060Z] > git config --get commit.template [2ms]
[2022-03-14T17:36:19.178Z] > git symbolic-ref --short HEAD [8ms]
[2022-03-14T17:36:19.202Z] > git for-each-ref --format=%(refname)%00%(upstream:short)%00%(objectname)%00%(upstream:track) refs/heads/master refs/remotes/master [4ms]
[2022-03-14T17:36:19.238Z] > git for-each-ref --sort -committerdate --format %(refname) %(objectname) %(*objectname) [21ms]
[2022-03-14T17:36:19.238Z] > git remote --verbose [3ms]
[2022-03-14T17:36:19.259Z] > git config --get commit.template [2ms]
[2022-03-14T17:36:33.222Z] > git symbolic-ref --short HEAD [2ms]
[2022-03-14T17:36:33.238Z] > git for-each-ref --format=%(refname)%00%(upstream:short)%00%(objectname)%00%(upstream:track) refs/heads/master refs/remotes/master [2ms]
[2022-03-14T17:36:33.266Z] > git for-each-ref --sort -committerdate --format %(refname) %(objectname) %(*objectname) [15ms]
[2022-03-14T17:36:33.267Z] > git remote --verbose [2ms]
[2022-03-14T17:36:33.284Z] > git config --get commit.template [2ms]
[2022-03-14T17:36:45.585Z] > git symbolic-ref --short HEAD [11ms]
[2022-03-14T17:36:45.608Z] > git for-each-ref --format=%(refname)%00%(upstream:short)%00%(objectname)%00%(upstream:track) refs/heads/master refs/remotes/master [3ms]
[2022-03-14T17:36:45.642Z] > git for-each-ref --sort -committerdate --format %(refname) %(objectname) %(*objectname) [19ms]
[2022-03-14T17:36:45.643Z] > git remote --verbose [4ms]
[2022-03-14T17:36:45.668Z] > git config --get commit.template [2ms]
[2022-03-14T17:36:50.736Z] > git symbolic-ref --short HEAD [3ms]
[2022-03-14T17:36:50.753Z] > git for-each-ref --format=%(refname)%00%(upstream:short)%00%(objectname)%00%(upstream:track) refs/heads/master refs/remotes/master [1ms]
[2022-03-14T17:36:50.788Z] > git remote --verbose [2ms]
[2022-03-14T17:36:50.788Z] > git for-each-ref --sort -committerdate --format %(refname) %(objectname) %(*objectname) [21ms]
[2022-03-14T17:36:50.811Z] > git config --get commit.template [4ms]
[2022-03-14T17:37:00.618Z] > git symbolic-ref --short HEAD [2ms]
[2022-03-14T17:37:00.639Z] > git for-each-ref --format=%(refname)%00%(upstream:short)%00%(objectname)%00%(upstream:track) refs/heads/master refs/remotes/master [4ms]
[2022-03-14T17:37:00.680Z] > git for-each-ref --sort -committerdate --format %(refname) %(objectname) %(*objectname) [22ms]
[2022-03-14T17:37:00.681Z] > git remote --verbose [3ms]
[2022-03-14T17:37:00.705Z] > git config --get commit.template [2ms]
[2022-03-14T17:37:08.385Z] > git symbolic-ref --short HEAD [5ms]
[2022-03-14T17:37:08.416Z] > git for-each-ref --format=%(refname)%00%(upstream:short)%00%(objectname)%00%(upstream:track) refs/heads/master refs/remotes/master [5ms]
[2022-03-14T17:37:08.479Z] > git for-each-ref --sort -committerdate --format %(refname) %(objectname) %(*objectname) [30ms]
[2022-03-14T17:37:08.480Z] > git remote --verbose [5ms]
[2022-03-14T17:37:08.517Z] > git config --get commit.template [5ms]
[2022-03-14T17:37:17.732Z] > git symbolic-ref --short HEAD [3ms]
[2022-03-14T17:37:17.750Z] > git for-each-ref --format=%(refname)%00%(upstream:short)%00%(objectname)%00%(upstream:track) refs/heads/master refs/remotes/master [3ms]
[2022-03-14T17:37:17.791Z] > git for-each-ref --sort -committerdate --format %(refname) %(objectname) %(*objectname) [24ms]
[2022-03-14T17:37:17.792Z] > git remote --verbose [3ms]
[2022-03-14T17:37:17.811Z] > git config --get commit.template [2ms]
[2022-03-14T17:37:50.849Z] > git symbolic-ref --short HEAD [2ms]
[2022-03-14T17:37:50.864Z] > git for-each-ref --format=%(refname)%00%(upstream:short)%00%(objectname)%00%(upstream:track) refs/heads/master refs/remotes/master [3ms]
[2022-03-14T17:37:50.889Z] > git for-each-ref --sort -committerdate --format %(refname) %(objectname) %(*objectname) [13ms]
[2022-03-14T17:37:50.889Z] > git remote --verbose [1ms]
[2022-03-14T17:37:50.910Z] > git config --get commit.template [3ms]
[2022-03-14T17:37:50.941Z] > git ls-files --stage -- /home/dathd/Project/portfolio/src/components/Intro.tsx [15ms]
[2022-03-14T17:37:50.954Z] > git ls-files --stage -- /home/dathd/Project/portfolio/src/components/Spine.tsx [14ms]
[2022-03-14T17:37:50.970Z] > git cat-file -s 0b9749a58f4ea9c581bf8ec5e0f6b6e0edacc3c0 [17ms]
[2022-03-14T17:37:50.972Z] > git cat-file -s 66fb8d19c0a7fe372b5ba3dbfb3f9a84cb1f3eeb [3ms]
[2022-03-14T17:37:58.106Z] > git symbolic-ref --short HEAD [3ms]
[2022-03-14T17:37:58.152Z] > git ls-files --stage -- /home/dathd/Project/portfolio/src/components/Intro.tsx [13ms]
[2022-03-14T17:37:58.166Z] > git for-each-ref --format=%(refname)%00%(upstream:short)%00%(objectname)%00%(upstream:track) refs/heads/master refs/remotes/master [42ms]
[2022-03-14T17:37:58.195Z] > git for-each-ref --sort -committerdate --format %(refname) %(objectname) %(*objectname) [14ms]
[2022-03-14T17:37:58.196Z] > git cat-file -s 0b9749a58f4ea9c581bf8ec5e0f6b6e0edacc3c0 [30ms]
[2022-03-14T17:37:58.196Z] > git ls-files --stage -- /home/dathd/Project/portfolio/src/components/Spine.tsx [45ms]
[2022-03-14T17:37:58.209Z] > git remote --verbose [16ms]
[2022-03-14T17:37:58.242Z] > git cat-file -s 66fb8d19c0a7fe372b5ba3dbfb3f9a84cb1f3eeb [33ms]
[2022-03-14T17:37:58.244Z] > git config --get commit.template [3ms]
[2022-03-14T17:38:06.307Z] > git symbolic-ref --short HEAD [1ms]
[2022-03-14T17:38:06.320Z] > git for-each-ref --format=%(refname)%00%(upstream:short)%00%(objectname)%00%(upstream:track) refs/heads/master refs/remotes/master [2ms]
[2022-03-14T17:38:06.342Z] > git for-each-ref --sort -committerdate --format %(refname) %(objectname) %(*objectname) [11ms]
[2022-03-14T17:38:06.342Z] > git remote --verbose [1ms]
[2022-03-14T17:38:06.359Z] > git config --get commit.template [2ms]
[2022-03-14T17:38:06.388Z] > git ls-files --stage -- /home/dathd/Project/portfolio/src/components/Intro.tsx [12ms]
[2022-03-14T17:38:06.400Z] > git ls-files --stage -- /home/dathd/Project/portfolio/src/components/Spine.tsx [13ms]
[2022-03-14T17:38:06.411Z] > git cat-file -s 0b9749a58f4ea9c581bf8ec5e0f6b6e0edacc3c0 [12ms]
[2022-03-14T17:38:06.412Z] > git cat-file -s 66fb8d19c0a7fe372b5ba3dbfb3f9a84cb1f3eeb [2ms]
