[Info  - 11:48:15 PM] ESLint server is starting
[Info  - 11:48:15 PM] ESLint server running in node v14.16.0
[Info  - 11:48:15 PM] ESLint server is running.
[Info  - 11:48:16 PM] 
Failed to load the ESLint library for the document /home/dathd/Project/iuri/src/App.vue

To use ESLint please install eslint by running npm install eslint in the workspace folder iuri
or globally using 'npm install -g eslint'. You need to reopen the workspace after installing eslint.

If you are using yarn or pnpm instead of npm set the setting `eslint.packageManager` to either `yarn` or `pnpm`
Alternatively you can disable ESLint for the workspace folder iuri by executing the 'Disable ESLint' command.
[Info  - 11:48:16 PM] 
Failed to load the ESLint library for the document /home/dathd/Project/iuri/src/components/Home/Intro.vue

To use ESLint please install eslint by running npm install eslint in the workspace folder iuri
or globally using 'npm install -g eslint'. You need to reopen the workspace after installing eslint.

If you are using yarn or pnpm instead of npm set the setting `eslint.packageManager` to either `yarn` or `pnpm`
Alternatively you can disable ESLint for the workspace folder iuri by executing the 'Disable ESLint' command.
[Info  - 11:48:16 PM] 
Failed to load the ESLint library for the document /home/dathd/Project/iuri/src/views/Home.vue

To use ESLint please install eslint by running npm install eslint in the workspace folder iuri
or globally using 'npm install -g eslint'. You need to reopen the workspace after installing eslint.

If you are using yarn or pnpm instead of npm set the setting `eslint.packageManager` to either `yarn` or `pnpm`
Alternatively you can disable ESLint for the workspace folder iuri by executing the 'Disable ESLint' command.
[Info  - 11:49:47 PM] 
Failed to load the ESLint library for the document /home/dathd/Project/iuri/src/components/Home/Intro.vue

To use ESLint please install eslint by running npm install eslint in the workspace folder iuri
or globally using 'npm install -g eslint'. You need to reopen the workspace after installing eslint.

If you are using yarn or pnpm instead of npm set the setting `eslint.packageManager` to either `yarn` or `pnpm`
Alternatively you can disable ESLint for the workspace folder iuri by executing the 'Disable ESLint' command.
[Info  - 11:49:47 PM] 
Failed to load the ESLint library for the document /home/dathd/Project/iuri/src/views/Home.vue

To use ESLint please install eslint by running npm install eslint in the workspace folder iuri
or globally using 'npm install -g eslint'. You need to reopen the workspace after installing eslint.

If you are using yarn or pnpm instead of npm set the setting `eslint.packageManager` to either `yarn` or `pnpm`
Alternatively you can disable ESLint for the workspace folder iuri by executing the 'Disable ESLint' command.
[Info  - 11:49:47 PM] 
Failed to load the ESLint library for the document /home/dathd/Project/iuri/src/App.vue

To use ESLint please install eslint by running npm install eslint in the workspace folder iuri
or globally using 'npm install -g eslint'. You need to reopen the workspace after installing eslint.

If you are using yarn or pnpm instead of npm set the setting `eslint.packageManager` to either `yarn` or `pnpm`
Alternatively you can disable ESLint for the workspace folder iuri by executing the 'Disable ESLint' command.
[Info  - 11:49:54 PM] 
Failed to load the ESLint library for the document /home/dathd/Project/iuri/src/views/Home.vue

To use ESLint please install eslint by running npm install eslint in the workspace folder iuri
or globally using 'npm install -g eslint'. You need to reopen the workspace after installing eslint.

If you are using yarn or pnpm instead of npm set the setting `eslint.packageManager` to either `yarn` or `pnpm`
Alternatively you can disable ESLint for the workspace folder iuri by executing the 'Disable ESLint' command.
[Info  - 11:49:54 PM] 
Failed to load the ESLint library for the document /home/dathd/Project/iuri/src/App.vue

To use ESLint please install eslint by running npm install eslint in the workspace folder iuri
or globally using 'npm install -g eslint'. You need to reopen the workspace after installing eslint.

If you are using yarn or pnpm instead of npm set the setting `eslint.packageManager` to either `yarn` or `pnpm`
Alternatively you can disable ESLint for the workspace folder iuri by executing the 'Disable ESLint' command.
[Info  - 11:49:54 PM] 
Failed to load the ESLint library for the document /home/dathd/Project/iuri/src/components/Home/Intro.vue

To use ESLint please install eslint by running npm install eslint in the workspace folder iuri
or globally using 'npm install -g eslint'. You need to reopen the workspace after installing eslint.

If you are using yarn or pnpm instead of npm set the setting `eslint.packageManager` to either `yarn` or `pnpm`
Alternatively you can disable ESLint for the workspace folder iuri by executing the 'Disable ESLint' command.
[Info  - 11:51:00 PM] 
Failed to load the ESLint library for the document /home/dathd/Project/iuri/src/components/Home/Intro.vue

To use ESLint please install eslint by running npm install eslint in the workspace folder iuri
or globally using 'npm install -g eslint'. You need to reopen the workspace after installing eslint.

If you are using yarn or pnpm instead of npm set the setting `eslint.packageManager` to either `yarn` or `pnpm`
Alternatively you can disable ESLint for the workspace folder iuri by executing the 'Disable ESLint' command.
[Info  - 11:51:00 PM] 
Failed to load the ESLint library for the document /home/dathd/Project/iuri/src/App.vue

To use ESLint please install eslint by running npm install eslint in the workspace folder iuri
or globally using 'npm install -g eslint'. You need to reopen the workspace after installing eslint.

If you are using yarn or pnpm instead of npm set the setting `eslint.packageManager` to either `yarn` or `pnpm`
Alternatively you can disable ESLint for the workspace folder iuri by executing the 'Disable ESLint' command.
[Info  - 11:51:00 PM] 
Failed to load the ESLint library for the document /home/dathd/Project/iuri/src/views/Home.vue

To use ESLint please install eslint by running npm install eslint in the workspace folder iuri
or globally using 'npm install -g eslint'. You need to reopen the workspace after installing eslint.

If you are using yarn or pnpm instead of npm set the setting `eslint.packageManager` to either `yarn` or `pnpm`
Alternatively you can disable ESLint for the workspace folder iuri by executing the 'Disable ESLint' command.
[Info  - 11:54:45 PM] 
Failed to load the ESLint library for the document /home/dathd/Project/iuri/src/App.vue

To use ESLint please install eslint by running npm install eslint in the workspace folder iuri
or globally using 'npm install -g eslint'. You need to reopen the workspace after installing eslint.

If you are using yarn or pnpm instead of npm set the setting `eslint.packageManager` to either `yarn` or `pnpm`
Alternatively you can disable ESLint for the workspace folder iuri by executing the 'Disable ESLint' command.
[Info  - 11:54:46 PM] 
Failed to load the ESLint library for the document /home/dathd/Project/iuri/src/components/Home/Intro.vue

To use ESLint please install eslint by running npm install eslint in the workspace folder iuri
or globally using 'npm install -g eslint'. You need to reopen the workspace after installing eslint.

If you are using yarn or pnpm instead of npm set the setting `eslint.packageManager` to either `yarn` or `pnpm`
Alternatively you can disable ESLint for the workspace folder iuri by executing the 'Disable ESLint' command.
[Info  - 11:54:46 PM] 
Failed to load the ESLint library for the document /home/dathd/Project/iuri/src/views/Home.vue

To use ESLint please install eslint by running npm install eslint in the workspace folder iuri
or globally using 'npm install -g eslint'. You need to reopen the workspace after installing eslint.

If you are using yarn or pnpm instead of npm set the setting `eslint.packageManager` to either `yarn` or `pnpm`
Alternatively you can disable ESLint for the workspace folder iuri by executing the 'Disable ESLint' command.
[Info  - 11:54:58 PM] 
Failed to load the ESLint library for the document /home/dathd/Project/iuri/src/views/Home.vue

To use ESLint please install eslint by running npm install eslint in the workspace folder iuri
or globally using 'npm install -g eslint'. You need to reopen the workspace after installing eslint.

If you are using yarn or pnpm instead of npm set the setting `eslint.packageManager` to either `yarn` or `pnpm`
Alternatively you can disable ESLint for the workspace folder iuri by executing the 'Disable ESLint' command.
[Info  - 11:54:58 PM] 
Failed to load the ESLint library for the document /home/dathd/Project/iuri/src/components/Home/Intro.vue

To use ESLint please install eslint by running npm install eslint in the workspace folder iuri
or globally using 'npm install -g eslint'. You need to reopen the workspace after installing eslint.

If you are using yarn or pnpm instead of npm set the setting `eslint.packageManager` to either `yarn` or `pnpm`
Alternatively you can disable ESLint for the workspace folder iuri by executing the 'Disable ESLint' command.
[Info  - 11:54:58 PM] 
Failed to load the ESLint library for the document /home/dathd/Project/iuri/src/App.vue

To use ESLint please install eslint by running npm install eslint in the workspace folder iuri
or globally using 'npm install -g eslint'. You need to reopen the workspace after installing eslint.

If you are using yarn or pnpm instead of npm set the setting `eslint.packageManager` to either `yarn` or `pnpm`
Alternatively you can disable ESLint for the workspace folder iuri by executing the 'Disable ESLint' command.
[Info  - 11:55:01 PM] 
Failed to load the ESLint library for the document /home/dathd/Project/iuri/src/components/Home/Intro.vue

To use ESLint please install eslint by running npm install eslint in the workspace folder iuri
or globally using 'npm install -g eslint'. You need to reopen the workspace after installing eslint.

If you are using yarn or pnpm instead of npm set the setting `eslint.packageManager` to either `yarn` or `pnpm`
Alternatively you can disable ESLint for the workspace folder iuri by executing the 'Disable ESLint' command.
[Info  - 11:55:01 PM] 
Failed to load the ESLint library for the document /home/dathd/Project/iuri/src/App.vue

To use ESLint please install eslint by running npm install eslint in the workspace folder iuri
or globally using 'npm install -g eslint'. You need to reopen the workspace after installing eslint.

If you are using yarn or pnpm instead of npm set the setting `eslint.packageManager` to either `yarn` or `pnpm`
Alternatively you can disable ESLint for the workspace folder iuri by executing the 'Disable ESLint' command.
[Info  - 11:55:01 PM] 
Failed to load the ESLint library for the document /home/dathd/Project/iuri/src/views/Home.vue

To use ESLint please install eslint by running npm install eslint in the workspace folder iuri
or globally using 'npm install -g eslint'. You need to reopen the workspace after installing eslint.

If you are using yarn or pnpm instead of npm set the setting `eslint.packageManager` to either `yarn` or `pnpm`
Alternatively you can disable ESLint for the workspace folder iuri by executing the 'Disable ESLint' command.
[Info  - 12:00:37 AM] 
Failed to load the ESLint library for the document /home/dathd/Project/iuri/src/views/Home.vue

To use ESLint please install eslint by running npm install eslint in the workspace folder iuri
or globally using 'npm install -g eslint'. You need to reopen the workspace after installing eslint.

If you are using yarn or pnpm instead of npm set the setting `eslint.packageManager` to either `yarn` or `pnpm`
Alternatively you can disable ESLint for the workspace folder iuri by executing the 'Disable ESLint' command.
[Info  - 12:00:37 AM] 
Failed to load the ESLint library for the document /home/dathd/Project/iuri/src/App.vue

To use ESLint please install eslint by running npm install eslint in the workspace folder iuri
or globally using 'npm install -g eslint'. You need to reopen the workspace after installing eslint.

If you are using yarn or pnpm instead of npm set the setting `eslint.packageManager` to either `yarn` or `pnpm`
Alternatively you can disable ESLint for the workspace folder iuri by executing the 'Disable ESLint' command.
[Info  - 12:00:37 AM] 
Failed to load the ESLint library for the document /home/dathd/Project/iuri/src/components/Home/Intro.vue

To use ESLint please install eslint by running npm install eslint in the workspace folder iuri
or globally using 'npm install -g eslint'. You need to reopen the workspace after installing eslint.

If you are using yarn or pnpm instead of npm set the setting `eslint.packageManager` to either `yarn` or `pnpm`
Alternatively you can disable ESLint for the workspace folder iuri by executing the 'Disable ESLint' command.
[Info  - 12:00:40 AM] 
Failed to load the ESLint library for the document /home/dathd/Project/iuri/src/components/Home/Intro.vue

To use ESLint please install eslint by running npm install eslint in the workspace folder iuri
or globally using 'npm install -g eslint'. You need to reopen the workspace after installing eslint.

If you are using yarn or pnpm instead of npm set the setting `eslint.packageManager` to either `yarn` or `pnpm`
Alternatively you can disable ESLint for the workspace folder iuri by executing the 'Disable ESLint' command.
[Info  - 12:00:40 AM] 
Failed to load the ESLint library for the document /home/dathd/Project/iuri/src/views/Home.vue

To use ESLint please install eslint by running npm install eslint in the workspace folder iuri
or globally using 'npm install -g eslint'. You need to reopen the workspace after installing eslint.

If you are using yarn or pnpm instead of npm set the setting `eslint.packageManager` to either `yarn` or `pnpm`
Alternatively you can disable ESLint for the workspace folder iuri by executing the 'Disable ESLint' command.
[Info  - 12:00:40 AM] 
Failed to load the ESLint library for the document /home/dathd/Project/iuri/src/App.vue

To use ESLint please install eslint by running npm install eslint in the workspace folder iuri
or globally using 'npm install -g eslint'. You need to reopen the workspace after installing eslint.

If you are using yarn or pnpm instead of npm set the setting `eslint.packageManager` to either `yarn` or `pnpm`
Alternatively you can disable ESLint for the workspace folder iuri by executing the 'Disable ESLint' command.
