[2022-03-14 22:02:59.168] [exthost] [info] Extension host with pid 61392 started
[2022-03-14 22:02:59.168] [exthost] [info] Skipping acquiring lock for /home/dathd/.config/Code/User/workspaceStorage/ed311ca9502d3cd1890a9ae3ce80411a.
[2022-03-14 22:02:59.508] [exthost] [info] ExtensionService#_doActivateExtension vscode.microsoft-authentication, startup: false, activationEvent: 'onAuthenticationRequest:microsoft'
[2022-03-14 22:02:59.536] [exthost] [info] ExtensionService#_doActivateExtension vscode.debug-auto-launch, startup: true, activationEvent: '*'
[2022-03-14 22:02:59.539] [exthost] [info] ExtensionService#_doActivateExtension vscode.git-base, startup: true, activationEvent: '*', root cause: vscode.github
[2022-03-14 22:02:59.545] [exthost] [info] ExtensionService#_doActivateExtension vscode.ipynb, startup: true, activationEvent: '*'
[2022-03-14 22:02:59.549] [exthost] [info] ExtensionService#_doActivateExtension christian-kohler.path-intellisense, startup: true, activationEvent: '*'
[2022-03-14 22:02:59.573] [exthost] [info] ExtensionService#_doActivateExtension CoenraadS.bracket-pair-colorizer, startup: true, activationEvent: '*'
[2022-03-14 22:02:59.604] [exthost] [info] ExtensionService#_doActivateExtension formulahendry.auto-close-tag, startup: true, activationEvent: '*'
[2022-03-14 22:02:59.606] [exthost] [info] ExtensionService#_doActivateExtension formulahendry.auto-rename-tag, startup: true, activationEvent: '*'
[2022-03-14 22:02:59.627] [exthost] [info] ExtensionService#_doActivateExtension naumovs.color-highlight, startup: true, activationEvent: '*'
[2022-03-14 22:02:59.637] [exthost] [info] ExtensionService#_doActivateExtension vscodevim.vim, startup: true, activationEvent: '*'
[2022-03-14 22:02:59.752] [exthost] [info] ExtensionService#_doActivateExtension vscode.npm, startup: true, activationEvent: 'workspaceContains:package.json'
[2022-03-14 22:03:00.231] [exthost] [info] ExtensionService#_doActivateExtension vscode.github-authentication, startup: false, activationEvent: 'onAuthenticationRequest:github'
[2022-03-14 22:03:00.286] [exthost] [info] ExtensionService#_doActivateExtension vscode.git, startup: true, activationEvent: '*'
[2022-03-14 22:03:00.309] [exthost] [info] ExtensionService#_doActivateExtension vscode.github, startup: true, activationEvent: '*'
[2022-03-14 22:03:00.398] [exthost] [info] Eager extensions activated
[2022-03-14 22:03:00.447] [exthost] [info] ExtensionService#_doActivateExtension vscode.emmet, startup: false, activationEvent: 'onStartupFinished'
[2022-03-14 22:03:00.460] [exthost] [info] ExtensionService#_doActivateExtension vscode.merge-conflict, startup: false, activationEvent: 'onStartupFinished'
[2022-03-14 22:03:00.465] [exthost] [info] ExtensionService#_doActivateExtension esbenp.prettier-vscode, startup: false, activationEvent: 'onStartupFinished'
[2022-03-14 22:03:00.763] [exthost] [info] ExtensionService#_doActivateExtension PKief.material-icon-theme, startup: false, activationEvent: 'onStartupFinished'
[2022-03-14 22:03:00.772] [exthost] [info] ExtensionService#_doActivateExtension zhuangtongfa.material-theme, startup: false, activationEvent: 'onStartupFinished'
[2022-03-14 22:03:44.189] [exthost] [info] ExtensionService#_doActivateExtension vscode.configuration-editing, startup: false, activationEvent: 'onLanguage:jsonc'
[2022-03-14 22:03:44.202] [exthost] [info] ExtensionService#_doActivateExtension vscode.json-language-features, startup: false, activationEvent: 'onLanguage:jsonc'
[2022-03-14 22:03:44.232] [exthost] [info] ExtensionService#_doActivateExtension vscode.typescript-language-features, startup: false, activationEvent: 'onLanguage:jsonc'
[2022-03-14 22:10:53.105] [exthost] [warning] TextEditor is closed/disposed
[2022-03-14 22:10:53.105] [exthost] [warning] TextEditor is closed/disposed
[2022-03-14 22:10:53.162] [exthost] [warning] ExtHostTextEditorOptions 'setCursorStyle' failed:'
[2022-03-14 22:10:53.162] [exthost] [warning] {"name":"DISPOSED","message":"TextEditor(vs.editor.ICodeEditor:3,$model10) has been disposed"}
[2022-03-14 22:10:57.592] [exthost] [warning] TextEditor is closed/disposed
[2022-03-14 22:10:57.593] [exthost] [warning] TextEditor is closed/disposed
[2022-03-14 22:13:42.196] [exthost] [warning] TextEditor is closed/disposed
[2022-03-14 22:13:42.196] [exthost] [warning] TextEditor is closed/disposed
[2022-03-14 22:13:42.224] [exthost] [warning] ExtHostTextEditorOptions 'setCursorStyle' failed:'
[2022-03-14 22:13:42.224] [exthost] [warning] {"name":"DISPOSED","message":"TextEditor(vs.editor.ICodeEditor:5,$model14) has been disposed"}
[2022-03-14 22:14:11.732] [exthost] [info] extension host terminating: renderer closed the socket
[2022-03-14 22:14:12.299] [exthost] [error] TypeError: r.some is not a function
    at Function.saveToDisk (/home/dathd/.vscode/extensions/vscodevim.vim-1.22.2/src/register/register.ts:350:30)
    at Object.e.deactivate (/home/dathd/.vscode/extensions/vscodevim.vim-1.22.2/extension.ts:65:18)
    at d._deactivate (/usr/share/code/resources/app/out/vs/workbench/api/node/extensionHostProcess.js:90:11702)
    at /usr/share/code/resources/app/out/vs/workbench/api/node/extensionHostProcess.js:90:10226
    at Array.map (<anonymous>)
    at deactivateAll (/usr/share/code/resources/app/out/vs/workbench/api/node/extensionHostProcess.js:90:10214)
    at _.terminate (/usr/share/code/resources/app/out/vs/workbench/api/node/extensionHostProcess.js:94:880)
    at c (/usr/share/code/resources/app/out/vs/workbench/api/node/extensionHostProcess.js:104:36243)
    at Socket.<anonymous> (/usr/share/code/resources/app/out/vs/workbench/api/node/extensionHostProcess.js:104:33938)
    at Socket.emit (events.js:327:22)
    at Pipe.<anonymous> (net.js:673:12)
[2022-03-14 22:14:12.299] [exthost] [info] Extension host with pid 61392 exiting with code 0
