[2022-03-13 12:27:00.604] [exthost] [info] Extension host with pid 86321 started
[2022-03-13 12:27:00.604] [exthost] [info] Skipping acquiring lock for /home/dathd/.config/Code/User/workspaceStorage/ed311ca9502d3cd1890a9ae3ce80411a.
[2022-03-13 12:27:00.928] [exthost] [info] ExtensionService#_doActivateExtension vscode.typescript-language-features, startup: false, activationEvent: 'onLanguage:typescriptreact'
[2022-03-13 12:27:00.953] [exthost] [info] ExtensionService#_doActivateExtension vscode.microsoft-authentication, startup: false, activationEvent: 'onAuthenticationRequest:microsoft'
[2022-03-13 12:27:00.983] [exthost] [info] ExtensionService#_doActivateExtension vscode.debug-auto-launch, startup: true, activationEvent: '*'
[2022-03-13 12:27:00.987] [exthost] [info] ExtensionService#_doActivateExtension vscode.git-base, startup: true, activationEvent: '*', root cause: vscode.github
[2022-03-13 12:27:00.991] [exthost] [info] ExtensionService#_doActivateExtension vscode.ipynb, startup: true, activationEvent: '*'
[2022-03-13 12:27:00.996] [exthost] [info] ExtensionService#_doActivateExtension christian-kohler.path-intellisense, startup: true, activationEvent: '*'
[2022-03-13 12:27:01.016] [exthost] [info] ExtensionService#_doActivateExtension CoenraadS.bracket-pair-colorizer, startup: true, activationEvent: '*'
[2022-03-13 12:27:01.053] [exthost] [info] ExtensionService#_doActivateExtension formulahendry.auto-close-tag, startup: true, activationEvent: '*'
[2022-03-13 12:27:01.056] [exthost] [info] ExtensionService#_doActivateExtension formulahendry.auto-rename-tag, startup: true, activationEvent: '*'
[2022-03-13 12:27:01.080] [exthost] [info] ExtensionService#_doActivateExtension naumovs.color-highlight, startup: true, activationEvent: '*'
[2022-03-13 12:27:01.089] [exthost] [info] ExtensionService#_doActivateExtension vscodevim.vim, startup: true, activationEvent: '*'
[2022-03-13 12:27:01.319] [exthost] [info] ExtensionService#_doActivateExtension vscode.npm, startup: true, activationEvent: 'workspaceContains:package.json'
[2022-03-13 12:27:03.502] [exthost] [info] ExtensionService#_doActivateExtension vscode.github-authentication, startup: false, activationEvent: 'onAuthenticationRequest:github'
[2022-03-13 12:27:03.552] [exthost] [info] ExtensionService#_doActivateExtension vscode.git, startup: true, activationEvent: '*'
[2022-03-13 12:27:03.624] [exthost] [info] ExtensionService#_doActivateExtension vscode.github, startup: true, activationEvent: '*'
[2022-03-13 12:27:04.260] [exthost] [info] Eager extensions activated
[2022-03-13 12:27:04.316] [exthost] [info] ExtensionService#_doActivateExtension vscode.emmet, startup: false, activationEvent: 'onStartupFinished'
[2022-03-13 12:27:04.364] [exthost] [info] ExtensionService#_doActivateExtension vscode.merge-conflict, startup: false, activationEvent: 'onStartupFinished'
[2022-03-13 12:27:04.373] [exthost] [info] ExtensionService#_doActivateExtension esbenp.prettier-vscode, startup: false, activationEvent: 'onStartupFinished'
[2022-03-13 12:27:06.517] [exthost] [info] ExtensionService#_doActivateExtension PKief.material-icon-theme, startup: false, activationEvent: 'onStartupFinished'
[2022-03-13 12:27:06.613] [exthost] [info] ExtensionService#_doActivateExtension zhuangtongfa.material-theme, startup: false, activationEvent: 'onStartupFinished'
[2022-03-13 12:28:12.834] [exthost] [info] ExtensionService#_doActivateExtension vscode.css-language-features, startup: false, activationEvent: 'onLanguage:scss'
[2022-03-13 12:33:28.760] [exthost] [info] ExtensionService#_doActivateExtension vscode.configuration-editing, startup: false, activationEvent: 'onLanguage:jsonc'
[2022-03-13 12:33:28.763] [exthost] [info] ExtensionService#_doActivateExtension vscode.json-language-features, startup: false, activationEvent: 'onLanguage:jsonc'
[2022-03-13 15:46:35.368] [exthost] [warning] TextEditor is closed/disposed
[2022-03-13 15:46:35.368] [exthost] [warning] TextEditor is closed/disposed
[2022-03-13 15:46:50.192] [exthost] [warning] TextEditor is closed/disposed
[2022-03-13 15:46:50.192] [exthost] [warning] TextEditor is closed/disposed
[2022-03-13 15:46:50.265] [exthost] [warning] ExtHostTextEditorOptions 'setCursorStyle' failed:'
[2022-03-13 15:46:50.265] [exthost] [warning] {"name":"DISPOSED","message":"TextEditor(vs.editor.ICodeEditor:1,$model16) has been disposed"}
[2022-03-13 15:46:52.256] [exthost] [warning] TextEditor is closed/disposed
[2022-03-13 15:46:52.256] [exthost] [warning] TextEditor is closed/disposed
[2022-03-13 15:46:55.202] [exthost] [warning] TextEditor is closed/disposed
[2022-03-13 15:46:55.205] [exthost] [warning] TextEditor is closed/disposed
[2022-03-13 15:46:55.290] [exthost] [warning] ExtHostTextEditorOptions 'setCursorStyle' failed:'
[2022-03-13 15:46:55.290] [exthost] [warning] {"name":"DISPOSED","message":"TextEditor(vs.editor.ICodeEditor:1,$model19) has been disposed"}
[2022-03-13 15:46:57.949] [exthost] [warning] TextEditor is closed/disposed
[2022-03-13 15:46:57.949] [exthost] [warning] TextEditor is closed/disposed
[2022-03-13 15:47:05.303] [exthost] [warning] TextEditor is closed/disposed
[2022-03-13 15:47:05.303] [exthost] [warning] TextEditor is closed/disposed
[2022-03-13 15:47:05.346] [exthost] [warning] ExtHostTextEditorOptions 'setCursorStyle' failed:'
[2022-03-13 15:47:05.346] [exthost] [warning] {"name":"DISPOSED","message":"TextEditor(vs.editor.ICodeEditor:1,$model22) has been disposed"}
[2022-03-13 15:47:07.054] [exthost] [warning] TextEditor is closed/disposed
[2022-03-13 15:47:07.054] [exthost] [warning] TextEditor is closed/disposed
[2022-03-13 15:47:17.672] [exthost] [warning] TextEditor is closed/disposed
[2022-03-13 15:47:17.672] [exthost] [warning] TextEditor is closed/disposed
[2022-03-13 15:47:17.700] [exthost] [warning] ExtHostTextEditorOptions 'setCursorStyle' failed:'
[2022-03-13 15:47:17.700] [exthost] [warning] {"name":"DISPOSED","message":"TextEditor(vs.editor.ICodeEditor:1,$model25) has been disposed"}
[2022-03-13 15:47:24.007] [exthost] [warning] TextEditor is closed/disposed
[2022-03-13 15:47:24.007] [exthost] [warning] TextEditor is closed/disposed
[2022-03-13 15:47:24.082] [exthost] [warning] ExtHostTextEditorOptions 'setCursorStyle' failed:'
[2022-03-13 15:47:24.082] [exthost] [warning] {"name":"DISPOSED","message":"TextEditor(vs.editor.ICodeEditor:4,$model30) has been disposed"}
[2022-03-13 15:47:27.353] [exthost] [warning] TextEditor is closed/disposed
[2022-03-13 15:47:27.353] [exthost] [warning] TextEditor is closed/disposed
[2022-03-13 15:47:33.857] [exthost] [warning] TextEditor is closed/disposed
[2022-03-13 15:47:33.857] [exthost] [warning] TextEditor is closed/disposed
[2022-03-13 15:47:33.924] [exthost] [warning] ExtHostTextEditorOptions 'setCursorStyle' failed:'
[2022-03-13 15:47:33.924] [exthost] [warning] {"name":"DISPOSED","message":"TextEditor(vs.editor.ICodeEditor:1,$model32) has been disposed"}
[2022-03-13 20:57:22.831] [exthost] [warning] TextEditor is closed/disposed
[2022-03-13 20:57:23.419] [exthost] [warning] TextEditor is closed/disposed
[2022-03-13 20:57:24.040] [exthost] [warning] TextEditor is closed/disposed
[2022-03-13 20:57:24.081] [exthost] [warning] TextEditor is closed/disposed
[2022-03-13 20:57:24.124] [exthost] [warning] TextEditor is closed/disposed
[2022-03-13 20:57:24.133] [exthost] [warning] TextEditor is closed/disposed
[2022-03-13 20:57:24.175] [exthost] [warning] TextEditor is closed/disposed
[2022-03-13 20:57:24.213] [exthost] [warning] TextEditor is closed/disposed
[2022-03-13 20:57:24.294] [exthost] [warning] TextEditor is closed/disposed
[2022-03-13 20:57:24.477] [exthost] [warning] TextEditor is closed/disposed
[2022-03-13 20:57:25.133] [exthost] [warning] TextEditor is closed/disposed
[2022-03-13 20:57:25.201] [exthost] [warning] TextEditor is closed/disposed
[2022-03-13 20:57:25.238] [exthost] [warning] TextEditor is closed/disposed
[2022-03-13 20:57:25.268] [exthost] [warning] TextEditor is closed/disposed
[2022-03-13 20:57:25.308] [exthost] [warning] TextEditor is closed/disposed
[2022-03-13 20:57:25.338] [exthost] [warning] TextEditor is closed/disposed
[2022-03-13 20:57:25.374] [exthost] [warning] TextEditor is closed/disposed
[2022-03-13 20:57:30.752] [exthost] [warning] TextEditor is closed/disposed
[2022-03-13 20:57:31.155] [exthost] [warning] TextEditor is closed/disposed
[2022-03-13 20:57:31.801] [exthost] [warning] TextEditor is closed/disposed
[2022-03-13 20:57:31.856] [exthost] [warning] TextEditor is closed/disposed
[2022-03-13 20:57:31.945] [exthost] [warning] TextEditor is closed/disposed
[2022-03-13 20:57:31.946] [exthost] [warning] TextEditor is closed/disposed
[2022-03-13 20:57:31.983] [exthost] [warning] TextEditor is closed/disposed
[2022-03-13 20:57:32.021] [exthost] [warning] TextEditor is closed/disposed
[2022-03-13 20:57:32.063] [exthost] [warning] TextEditor is closed/disposed
[2022-03-13 20:57:32.111] [exthost] [warning] TextEditor is closed/disposed
[2022-03-13 20:57:32.159] [exthost] [warning] TextEditor is closed/disposed
[2022-03-13 20:57:32.189] [exthost] [warning] TextEditor is closed/disposed
[2022-03-13 20:57:32.221] [exthost] [warning] TextEditor is closed/disposed
[2022-03-13 20:57:32.262] [exthost] [warning] TextEditor is closed/disposed
[2022-03-13 20:57:32.322] [exthost] [warning] TextEditor is closed/disposed
[2022-03-13 20:57:32.323] [exthost] [warning] TextEditor is closed/disposed
[2022-03-13 20:57:32.954] [exthost] [warning] TextEditor is closed/disposed
[2022-03-13 20:57:33.003] [exthost] [warning] TextEditor is closed/disposed
[2022-03-13 20:57:33.045] [exthost] [warning] TextEditor is closed/disposed
[2022-03-13 20:57:33.134] [exthost] [warning] TextEditor is closed/disposed
[2022-03-13 20:57:33.136] [exthost] [warning] TextEditor is closed/disposed
[2022-03-13 20:57:33.173] [exthost] [warning] TextEditor is closed/disposed
[2022-03-13 20:57:33.208] [exthost] [warning] TextEditor is closed/disposed
[2022-03-13 20:57:33.241] [exthost] [warning] TextEditor is closed/disposed
[2022-03-13 20:57:33.283] [exthost] [warning] TextEditor is closed/disposed
[2022-03-13 20:57:33.364] [exthost] [warning] TextEditor is closed/disposed
[2022-03-13 20:57:33.366] [exthost] [warning] TextEditor is closed/disposed
[2022-03-13 20:57:33.422] [exthost] [warning] TextEditor is closed/disposed
[2022-03-13 20:57:33.454] [exthost] [warning] TextEditor is closed/disposed
[2022-03-13 20:57:33.486] [exthost] [warning] TextEditor is closed/disposed
[2022-03-13 20:57:33.521] [exthost] [warning] TextEditor is closed/disposed
[2022-03-13 20:57:33.554] [exthost] [warning] TextEditor is closed/disposed
[2022-03-13 20:57:33.594] [exthost] [warning] TextEditor is closed/disposed
[2022-03-13 20:57:33.637] [exthost] [warning] TextEditor is closed/disposed
[2022-03-13 20:57:33.675] [exthost] [warning] TextEditor is closed/disposed
[2022-03-13 20:57:33.720] [exthost] [warning] TextEditor is closed/disposed
[2022-03-13 20:57:34.007] [exthost] [warning] TextEditor is closed/disposed
[2022-03-13 20:57:34.249] [exthost] [warning] TextEditor is closed/disposed
[2022-03-13 21:00:46.338] [exthost] [info] extension host terminating: renderer closed the socket
[2022-03-13 21:00:47.376] [exthost] [error] TypeError: r.some is not a function
    at Function.saveToDisk (/home/dathd/.vscode/extensions/vscodevim.vim-1.22.2/src/register/register.ts:350:30)
    at Object.e.deactivate (/home/dathd/.vscode/extensions/vscodevim.vim-1.22.2/extension.ts:65:18)
    at d._deactivate (/usr/share/code/resources/app/out/vs/workbench/api/node/extensionHostProcess.js:90:11702)
    at /usr/share/code/resources/app/out/vs/workbench/api/node/extensionHostProcess.js:90:10226
    at Array.map (<anonymous>)
    at deactivateAll (/usr/share/code/resources/app/out/vs/workbench/api/node/extensionHostProcess.js:90:10214)
    at _.terminate (/usr/share/code/resources/app/out/vs/workbench/api/node/extensionHostProcess.js:94:880)
    at c (/usr/share/code/resources/app/out/vs/workbench/api/node/extensionHostProcess.js:104:36243)
    at Socket.<anonymous> (/usr/share/code/resources/app/out/vs/workbench/api/node/extensionHostProcess.js:104:33938)
    at Socket.emit (events.js:327:22)
    at Pipe.<anonymous> (net.js:673:12)
[2022-03-13 21:00:47.376] [exthost] [info] Extension host with pid 86321 exiting with code 0
