[2022-03-14 08:08:31.751] [main] [info] window#load: attempt to load window (id: 1)
[2022-03-14 08:08:31.812] [main] [info] window#load: attempt to load window (id: 2)
[2022-03-14 08:08:31.823] [main] [info] update#setState idle
[2022-03-14 08:08:31.895] [main] [info] ExtensionHostStarterWorker created
[2022-03-14 08:08:33.459] [main] [info] window#load: window reported ready (id: 2)
[2022-03-14 08:08:33.557] [main] [info] window#load: window reported ready (id: 1)
[2022-03-14 08:08:33.660] [main] [info] Starting extension host with pid 5003 (fork() took 30 ms).
[2022-03-14 08:08:33.660] [main] [info] ExtensionHostStarterWorker.start() took 32 ms.
[2022-03-14 08:08:33.758] [main] [info] Starting extension host with pid 5011 (fork() took 15 ms).
[2022-03-14 08:08:33.759] [main] [info] ExtensionHostStarterWorker.start() took 17 ms.
[2022-03-14 08:09:01.827] [main] [info] update#setState checking for updates
[2022-03-14 08:09:02.115] [main] [info] update#setState idle
[2022-03-14 09:09:01.838] [main] [info] update#setState checking for updates
[2022-03-14 09:09:02.127] [main] [info] update#setState idle
[2022-03-14 10:09:01.948] [main] [info] update#setState checking for updates
[2022-03-14 10:09:02.325] [main] [info] update#setState idle
[2022-03-14 11:09:02.058] [main] [info] update#setState checking for updates
[2022-03-14 11:09:02.362] [main] [info] update#setState idle
[2022-03-14 12:09:02.169] [main] [info] update#setState checking for updates
[2022-03-14 12:09:02.438] [main] [info] update#setState idle
[2022-03-14 13:09:02.271] [main] [info] update#setState checking for updates
[2022-03-14 13:09:02.565] [main] [info] update#setState idle
[2022-03-14 14:09:02.379] [main] [info] update#setState checking for updates
[2022-03-14 14:09:02.871] [main] [info] update#setState idle
[2022-03-14 15:09:02.479] [main] [info] update#setState checking for updates
[2022-03-14 15:09:02.762] [main] [info] update#setState idle
[2022-03-14 16:09:02.587] [main] [info] update#setState checking for updates
[2022-03-14 16:09:02.819] [main] [info] update#setState idle
[2022-03-14 17:09:02.696] [main] [info] update#setState checking for updates
[2022-03-14 17:09:02.999] [main] [info] update#setState idle
[2022-03-14 18:09:02.807] [main] [info] update#setState checking for updates
[2022-03-14 18:09:03.107] [main] [info] update#setState idle
[2022-03-14 19:09:02.907] [main] [info] update#setState checking for updates
[2022-03-14 19:09:03.201] [main] [info] update#setState idle
[2022-03-14 20:09:03.010] [main] [info] update#setState checking for updates
[2022-03-14 20:09:03.242] [main] [info] update#setState idle
[2022-03-14 21:09:03.114] [main] [info] update#setState checking for updates
[2022-03-14 21:09:03.378] [main] [info] update#setState idle
[2022-03-14 22:02:25.627] [main] [info] Extension host with pid 5011 exited with code: 0, signal: null.
[2022-03-14 22:02:36.619] [main] [info] window#load: attempt to load window (id: 4)
[2022-03-14 22:02:38.022] [main] [info] window#load: window reported ready (id: 4)
[2022-03-14 22:02:38.435] [main] [info] Starting extension host with pid 61092 (fork() took 34 ms).
[2022-03-14 22:02:38.435] [main] [info] ExtensionHostStarterWorker.start() took 51 ms.
[2022-03-14 22:02:41.683] [main] [info] Extension host with pid 61092 exited with code: 0, signal: null.
[2022-03-14 22:02:55.689] [main] [info] window#load: attempt to load window (id: 5)
[2022-03-14 22:02:57.069] [main] [info] window#load: window reported ready (id: 5)
[2022-03-14 22:02:57.586] [main] [info] Starting extension host with pid 61392 (fork() took 24 ms).
[2022-03-14 22:02:57.586] [main] [info] ExtensionHostStarterWorker.start() took 31 ms.
[2022-03-14 22:09:03.125] [main] [info] update#setState checking for updates
[2022-03-14 22:09:03.611] [main] [info] update#setState idle
[2022-03-14 22:14:11.811] [main] [info] Waiting for extension host with pid 5003 to exit.
[2022-03-14 22:14:11.811] [main] [info] Waiting for extension host with pid 61392 to exit.
[2022-03-14 22:14:11.890] [main] [info] Extension host with pid 5003 exited with code: 0, signal: null.
[2022-03-14 22:14:12.314] [main] [info] Extension host with pid 61392 exited with code: 0, signal: null.
