[Info  - 05:27:15.933] Reading sessions from keychain...
[Info  - 05:27:16.87] Getting sessions for user:email...
[Info  - 05:27:16.128] Getting sessions for all scopes...
[Info  - 05:27:16.128] Got 0 sessions for user:email...
[Info  - 05:27:16.128] Got 0 sessions for ...
[Info  - 05:36:12.708] Getting sessions for user:email...
[Info  - 05:36:12.708] Got 0 sessions for user:email...
[Info  - 05:36:14.549] Logging in for the following scopes: user:email
[Trace  - 05:36:40.73] Handling Uri...
[Info  - 05:36:40.74] Exchanging code for token...
[Info  - 05:36:42.369] Token exchange success!
[Info  - 05:36:42.372] Getting user info...
[Info  - 05:36:43.183] Got account info!
[Info  - 05:36:43.184] Storing 1 sessions...
[Info  - 05:36:43.279] Reading sessions from keychain...
[Info  - 05:36:43.279] Stored 1 sessions!
[Info  - 05:36:43.280] Login success!
[Info  - 05:36:43.291] Getting sessions for user:email...
[Info  - 05:36:43.291] Getting sessions for user:email...
[Trace  - 05:36:43.294] Token acquired from secret storage.
[Info  - 05:36:43.294] Got stored sessions!
[Trace  - 05:36:43.294] Read the following session from the keychain with the following scopes: user:email
[Info  - 05:36:43.294] Got 1 verified sessions.
[Info  - 05:36:43.294] Got 1 sessions for user:email...
[Info  - 05:36:43.294] Got 1 sessions for user:email...
