["INFO" - 12:27:15 PM] Extension Name: esbenp.prettier-vscode.
["INFO" - 12:27:15 PM] Extension Version: 9.3.0.
["INFO" - 12:27:31 PM] Formatting vscode-userdata:/home/dathd/.config/Code/User/settings.json
["INFO" - 12:27:31 PM] File Info:
{
  "ignored": false,
  "inferredParser": "json"
}
["INFO" - 12:27:31 PM] No local configuration (i.e. .prettierrc or .editorconfig) detected, falling back to VS Code configuration
["INFO" - 12:27:31 PM] Prettier Options:
{
  "arrowParens": "always",
  "bracketSpacing": true,
  "endOfLine": "lf",
  "htmlWhitespaceSensitivity": "css",
  "insertPragma": false,
  "jsxBracketSameLine": false,
  "jsxSingleQuote": false,
  "printWidth": 80,
  "proseWrap": "preserve",
  "quoteProps": "as-needed",
  "requirePragma": false,
  "semi": true,
  "singleQuote": false,
  "tabWidth": 2,
  "trailingComma": "es5",
  "useTabs": false,
  "vueIndentScriptAndStyle": false,
  "filepath": "/home/dathd/.config/Code/User/settings.json",
  "parser": "json"
}
["INFO" - 12:27:31 PM] Formatting completed in 0.054ms.
["INFO" - 12:27:33 PM] Formatting vscode-userdata:/home/dathd/.config/Code/User/settings.json
["INFO" - 12:27:33 PM] File Info:
{
  "ignored": false,
  "inferredParser": "json"
}
["INFO" - 12:27:33 PM] No local configuration (i.e. .prettierrc or .editorconfig) detected, falling back to VS Code configuration
["INFO" - 12:27:33 PM] Prettier Options:
{
  "arrowParens": "always",
  "bracketSpacing": true,
  "endOfLine": "lf",
  "htmlWhitespaceSensitivity": "css",
  "insertPragma": false,
  "jsxBracketSameLine": false,
  "jsxSingleQuote": false,
  "printWidth": 80,
  "proseWrap": "preserve",
  "quoteProps": "as-needed",
  "requirePragma": false,
  "semi": true,
  "singleQuote": false,
  "tabWidth": 2,
  "trailingComma": "es5",
  "useTabs": false,
  "vueIndentScriptAndStyle": false,
  "filepath": "/home/dathd/.config/Code/User/settings.json",
  "parser": "json"
}
["INFO" - 12:27:33 PM] Formatting completed in 0.048ms.
["INFO" - 12:27:36 PM] Formatting vscode-userdata:/home/dathd/.config/Code/User/settings.json
["INFO" - 12:27:36 PM] File Info:
{
  "ignored": false,
  "inferredParser": "json"
}
["INFO" - 12:27:36 PM] No local configuration (i.e. .prettierrc or .editorconfig) detected, falling back to VS Code configuration
["INFO" - 12:27:36 PM] Prettier Options:
{
  "arrowParens": "always",
  "bracketSpacing": true,
  "endOfLine": "lf",
  "htmlWhitespaceSensitivity": "css",
  "insertPragma": false,
  "jsxBracketSameLine": false,
  "jsxSingleQuote": false,
  "printWidth": 80,
  "proseWrap": "preserve",
  "quoteProps": "as-needed",
  "requirePragma": false,
  "semi": true,
  "singleQuote": false,
  "tabWidth": 2,
  "trailingComma": "es5",
  "useTabs": false,
  "vueIndentScriptAndStyle": false,
  "filepath": "/home/dathd/.config/Code/User/settings.json",
  "parser": "json"
}
["INFO" - 12:27:36 PM] Formatting completed in 0.036ms.
["INFO" - 12:27:37 PM] Formatting vscode-userdata:/home/dathd/.config/Code/User/settings.json
["INFO" - 12:27:37 PM] File Info:
{
  "ignored": false,
  "inferredParser": "json"
}
["INFO" - 12:27:37 PM] No local configuration (i.e. .prettierrc or .editorconfig) detected, falling back to VS Code configuration
["INFO" - 12:27:37 PM] Prettier Options:
{
  "arrowParens": "always",
  "bracketSpacing": true,
  "endOfLine": "lf",
  "htmlWhitespaceSensitivity": "css",
  "insertPragma": false,
  "jsxBracketSameLine": false,
  "jsxSingleQuote": false,
  "printWidth": 80,
  "proseWrap": "preserve",
  "quoteProps": "as-needed",
  "requirePragma": false,
  "semi": true,
  "singleQuote": false,
  "tabWidth": 2,
  "trailingComma": "es5",
  "useTabs": false,
  "vueIndentScriptAndStyle": false,
  "filepath": "/home/dathd/.config/Code/User/settings.json",
  "parser": "json"
}
["INFO" - 12:27:37 PM] Formatting completed in 0.043ms.
["INFO" - 12:27:38 PM] Formatting vscode-userdata:/home/dathd/.config/Code/User/settings.json
["INFO" - 12:27:38 PM] File Info:
{
  "ignored": false,
  "inferredParser": "json"
}
["INFO" - 12:27:38 PM] No local configuration (i.e. .prettierrc or .editorconfig) detected, falling back to VS Code configuration
["INFO" - 12:27:38 PM] Prettier Options:
{
  "arrowParens": "always",
  "bracketSpacing": true,
  "endOfLine": "lf",
  "htmlWhitespaceSensitivity": "css",
  "insertPragma": false,
  "jsxBracketSameLine": false,
  "jsxSingleQuote": false,
  "printWidth": 80,
  "proseWrap": "preserve",
  "quoteProps": "as-needed",
  "requirePragma": false,
  "semi": true,
  "singleQuote": false,
  "tabWidth": 2,
  "trailingComma": "es5",
  "useTabs": false,
  "vueIndentScriptAndStyle": false,
  "filepath": "/home/dathd/.config/Code/User/settings.json",
  "parser": "json"
}
["INFO" - 12:27:38 PM] Formatting completed in 0.027ms.
["INFO" - 12:29:01 PM] Formatting vscode-userdata:/home/dathd/.config/Code/User/settings.json
["INFO" - 12:29:01 PM] File Info:
{
  "ignored": false,
  "inferredParser": "json"
}
["INFO" - 12:29:01 PM] No local configuration (i.e. .prettierrc or .editorconfig) detected, falling back to VS Code configuration
["INFO" - 12:29:01 PM] Prettier Options:
{
  "arrowParens": "always",
  "bracketSpacing": true,
  "endOfLine": "lf",
  "htmlWhitespaceSensitivity": "css",
  "insertPragma": false,
  "jsxBracketSameLine": false,
  "jsxSingleQuote": false,
  "printWidth": 80,
  "proseWrap": "preserve",
  "quoteProps": "as-needed",
  "requirePragma": false,
  "semi": true,
  "singleQuote": false,
  "tabWidth": 2,
  "trailingComma": "es5",
  "useTabs": false,
  "vueIndentScriptAndStyle": false,
  "filepath": "/home/dathd/.config/Code/User/settings.json",
  "parser": "json"
}
["INFO" - 12:29:01 PM] Formatting completed in 0.024ms.
["INFO" - 12:29:19 PM] Formatting vscode-userdata:/home/dathd/.config/Code/User/settings.json
["INFO" - 12:29:19 PM] File Info:
{
  "ignored": false,
  "inferredParser": "json"
}
["INFO" - 12:29:19 PM] No local configuration (i.e. .prettierrc or .editorconfig) detected, falling back to VS Code configuration
["INFO" - 12:29:19 PM] Prettier Options:
{
  "arrowParens": "always",
  "bracketSpacing": true,
  "endOfLine": "lf",
  "htmlWhitespaceSensitivity": "css",
  "insertPragma": false,
  "jsxBracketSameLine": false,
  "jsxSingleQuote": false,
  "printWidth": 80,
  "proseWrap": "preserve",
  "quoteProps": "as-needed",
  "requirePragma": false,
  "semi": true,
  "singleQuote": false,
  "tabWidth": 2,
  "trailingComma": "es5",
  "useTabs": false,
  "vueIndentScriptAndStyle": false,
  "filepath": "/home/dathd/.config/Code/User/settings.json",
  "parser": "json"
}
["INFO" - 12:29:19 PM] Formatting completed in 0.026ms.
["INFO" - 12:29:27 PM] Formatting vscode-userdata:/home/dathd/.config/Code/User/settings.json
["INFO" - 12:29:27 PM] File Info:
{
  "ignored": false,
  "inferredParser": "json"
}
["INFO" - 12:29:27 PM] No local configuration (i.e. .prettierrc or .editorconfig) detected, falling back to VS Code configuration
["INFO" - 12:29:27 PM] Prettier Options:
{
  "arrowParens": "always",
  "bracketSpacing": true,
  "endOfLine": "lf",
  "htmlWhitespaceSensitivity": "css",
  "insertPragma": false,
  "jsxBracketSameLine": false,
  "jsxSingleQuote": false,
  "printWidth": 80,
  "proseWrap": "preserve",
  "quoteProps": "as-needed",
  "requirePragma": false,
  "semi": true,
  "singleQuote": false,
  "tabWidth": 2,
  "trailingComma": "es5",
  "useTabs": false,
  "vueIndentScriptAndStyle": false,
  "filepath": "/home/dathd/.config/Code/User/settings.json",
  "parser": "json"
}
["INFO" - 12:29:27 PM] Formatting completed in 0.016ms.
["INFO" - 12:29:38 PM] Formatting vscode-userdata:/home/dathd/.config/Code/User/settings.json
["INFO" - 12:29:38 PM] File Info:
{
  "ignored": false,
  "inferredParser": "json"
}
["INFO" - 12:29:38 PM] No local configuration (i.e. .prettierrc or .editorconfig) detected, falling back to VS Code configuration
["INFO" - 12:29:38 PM] Prettier Options:
{
  "arrowParens": "always",
  "bracketSpacing": true,
  "endOfLine": "lf",
  "htmlWhitespaceSensitivity": "css",
  "insertPragma": false,
  "jsxBracketSameLine": false,
  "jsxSingleQuote": false,
  "printWidth": 80,
  "proseWrap": "preserve",
  "quoteProps": "as-needed",
  "requirePragma": false,
  "semi": true,
  "singleQuote": false,
  "tabWidth": 2,
  "trailingComma": "es5",
  "useTabs": false,
  "vueIndentScriptAndStyle": false,
  "filepath": "/home/dathd/.config/Code/User/settings.json",
  "parser": "json"
}
["INFO" - 12:29:38 PM] Formatting completed in 0.032ms.
["INFO" - 12:29:40 PM] Formatting vscode-userdata:/home/dathd/.config/Code/User/settings.json
["INFO" - 12:29:40 PM] File Info:
{
  "ignored": false,
  "inferredParser": "json"
}
["INFO" - 12:29:40 PM] No local configuration (i.e. .prettierrc or .editorconfig) detected, falling back to VS Code configuration
["INFO" - 12:29:40 PM] Prettier Options:
{
  "arrowParens": "always",
  "bracketSpacing": true,
  "endOfLine": "lf",
  "htmlWhitespaceSensitivity": "css",
  "insertPragma": false,
  "jsxBracketSameLine": false,
  "jsxSingleQuote": false,
  "printWidth": 80,
  "proseWrap": "preserve",
  "quoteProps": "as-needed",
  "requirePragma": false,
  "semi": true,
  "singleQuote": false,
  "tabWidth": 2,
  "trailingComma": "es5",
  "useTabs": false,
  "vueIndentScriptAndStyle": false,
  "filepath": "/home/dathd/.config/Code/User/settings.json",
  "parser": "json"
}
["INFO" - 12:29:40 PM] Formatting completed in 0.024ms.
["INFO" - 12:29:51 PM] Formatting vscode-userdata:/home/dathd/.config/Code/User/settings.json
["INFO" - 12:29:51 PM] File Info:
{
  "ignored": false,
  "inferredParser": "json"
}
["INFO" - 12:29:51 PM] No local configuration (i.e. .prettierrc or .editorconfig) detected, falling back to VS Code configuration
["INFO" - 12:29:51 PM] Prettier Options:
{
  "arrowParens": "always",
  "bracketSpacing": true,
  "endOfLine": "lf",
  "htmlWhitespaceSensitivity": "css",
  "insertPragma": false,
  "jsxBracketSameLine": false,
  "jsxSingleQuote": false,
  "printWidth": 80,
  "proseWrap": "preserve",
  "quoteProps": "as-needed",
  "requirePragma": false,
  "semi": true,
  "singleQuote": false,
  "tabWidth": 2,
  "trailingComma": "es5",
  "useTabs": false,
  "vueIndentScriptAndStyle": false,
  "filepath": "/home/dathd/.config/Code/User/settings.json",
  "parser": "json"
}
["INFO" - 12:29:51 PM] Formatting completed in 0.016ms.
["INFO" - 12:29:57 PM] Formatting vscode-userdata:/home/dathd/.config/Code/User/settings.json
["INFO" - 12:29:57 PM] File Info:
{
  "ignored": false,
  "inferredParser": "json"
}
["INFO" - 12:29:57 PM] No local configuration (i.e. .prettierrc or .editorconfig) detected, falling back to VS Code configuration
["INFO" - 12:29:57 PM] Prettier Options:
{
  "arrowParens": "always",
  "bracketSpacing": true,
  "endOfLine": "lf",
  "htmlWhitespaceSensitivity": "css",
  "insertPragma": false,
  "jsxBracketSameLine": false,
  "jsxSingleQuote": false,
  "printWidth": 80,
  "proseWrap": "preserve",
  "quoteProps": "as-needed",
  "requirePragma": false,
  "semi": true,
  "singleQuote": false,
  "tabWidth": 2,
  "trailingComma": "es5",
  "useTabs": false,
  "vueIndentScriptAndStyle": false,
  "filepath": "/home/dathd/.config/Code/User/settings.json",
  "parser": "json"
}
["INFO" - 12:29:57 PM] Formatting completed in 0.026ms.
["INFO" - 12:30:08 PM] Formatting vscode-userdata:/home/dathd/.config/Code/User/settings.json
["INFO" - 12:30:08 PM] File Info:
{
  "ignored": false,
  "inferredParser": "json"
}
["INFO" - 12:30:08 PM] No local configuration (i.e. .prettierrc or .editorconfig) detected, falling back to VS Code configuration
["INFO" - 12:30:08 PM] Prettier Options:
{
  "arrowParens": "always",
  "bracketSpacing": true,
  "endOfLine": "lf",
  "htmlWhitespaceSensitivity": "css",
  "insertPragma": false,
  "jsxBracketSameLine": false,
  "jsxSingleQuote": false,
  "printWidth": 80,
  "proseWrap": "preserve",
  "quoteProps": "as-needed",
  "requirePragma": false,
  "semi": true,
  "singleQuote": false,
  "tabWidth": 2,
  "trailingComma": "es5",
  "useTabs": false,
  "vueIndentScriptAndStyle": false,
  "filepath": "/home/dathd/.config/Code/User/settings.json",
  "parser": "json"
}
["INFO" - 12:30:08 PM] Formatting completed in 0.025ms.
["INFO" - 12:30:14 PM] Formatting vscode-userdata:/home/dathd/.config/Code/User/settings.json
["INFO" - 12:30:14 PM] File Info:
{
  "ignored": false,
  "inferredParser": "json"
}
["INFO" - 12:30:14 PM] No local configuration (i.e. .prettierrc or .editorconfig) detected, falling back to VS Code configuration
["INFO" - 12:30:14 PM] Prettier Options:
{
  "arrowParens": "always",
  "bracketSpacing": true,
  "endOfLine": "lf",
  "htmlWhitespaceSensitivity": "css",
  "insertPragma": false,
  "jsxBracketSameLine": false,
  "jsxSingleQuote": false,
  "printWidth": 80,
  "proseWrap": "preserve",
  "quoteProps": "as-needed",
  "requirePragma": false,
  "semi": true,
  "singleQuote": false,
  "tabWidth": 2,
  "trailingComma": "es5",
  "useTabs": false,
  "vueIndentScriptAndStyle": false,
  "filepath": "/home/dathd/.config/Code/User/settings.json",
  "parser": "json"
}
["INFO" - 12:30:14 PM] Formatting completed in 0.062ms.
["INFO" - 12:30:23 PM] Formatting vscode-userdata:/home/dathd/.config/Code/User/settings.json
["INFO" - 12:30:23 PM] File Info:
{
  "ignored": false,
  "inferredParser": "json"
}
["INFO" - 12:30:23 PM] No local configuration (i.e. .prettierrc or .editorconfig) detected, falling back to VS Code configuration
["INFO" - 12:30:23 PM] Prettier Options:
{
  "arrowParens": "always",
  "bracketSpacing": true,
  "endOfLine": "lf",
  "htmlWhitespaceSensitivity": "css",
  "insertPragma": false,
  "jsxBracketSameLine": false,
  "jsxSingleQuote": false,
  "printWidth": 80,
  "proseWrap": "preserve",
  "quoteProps": "as-needed",
  "requirePragma": false,
  "semi": true,
  "singleQuote": false,
  "tabWidth": 2,
  "trailingComma": "es5",
  "useTabs": false,
  "vueIndentScriptAndStyle": false,
  "filepath": "/home/dathd/.config/Code/User/settings.json",
  "parser": "json"
}
["INFO" - 12:30:23 PM] Formatting completed in 0.02ms.
["INFO" - 12:30:26 PM] Formatting vscode-userdata:/home/dathd/.config/Code/User/settings.json
["INFO" - 12:30:26 PM] File Info:
{
  "ignored": false,
  "inferredParser": "json"
}
["INFO" - 12:30:26 PM] No local configuration (i.e. .prettierrc or .editorconfig) detected, falling back to VS Code configuration
["INFO" - 12:30:26 PM] Prettier Options:
{
  "arrowParens": "always",
  "bracketSpacing": true,
  "endOfLine": "lf",
  "htmlWhitespaceSensitivity": "css",
  "insertPragma": false,
  "jsxBracketSameLine": false,
  "jsxSingleQuote": false,
  "printWidth": 80,
  "proseWrap": "preserve",
  "quoteProps": "as-needed",
  "requirePragma": false,
  "semi": true,
  "singleQuote": false,
  "tabWidth": 2,
  "trailingComma": "es5",
  "useTabs": false,
  "vueIndentScriptAndStyle": false,
  "filepath": "/home/dathd/.config/Code/User/settings.json",
  "parser": "json"
}
["INFO" - 12:30:26 PM] Formatting completed in 0.023ms.
["INFO" - 12:30:32 PM] Formatting vscode-userdata:/home/dathd/.config/Code/User/settings.json
["INFO" - 12:30:32 PM] File Info:
{
  "ignored": false,
  "inferredParser": "json"
}
["INFO" - 12:30:32 PM] No local configuration (i.e. .prettierrc or .editorconfig) detected, falling back to VS Code configuration
["INFO" - 12:30:32 PM] Prettier Options:
{
  "arrowParens": "always",
  "bracketSpacing": true,
  "endOfLine": "lf",
  "htmlWhitespaceSensitivity": "css",
  "insertPragma": false,
  "jsxBracketSameLine": false,
  "jsxSingleQuote": false,
  "printWidth": 80,
  "proseWrap": "preserve",
  "quoteProps": "as-needed",
  "requirePragma": false,
  "semi": true,
  "singleQuote": false,
  "tabWidth": 2,
  "trailingComma": "es5",
  "useTabs": false,
  "vueIndentScriptAndStyle": false,
  "filepath": "/home/dathd/.config/Code/User/settings.json",
  "parser": "json"
}
["INFO" - 12:30:32 PM] Formatting completed in 0.014ms.
["INFO" - 12:30:36 PM] Formatting vscode-userdata:/home/dathd/.config/Code/User/settings.json
["INFO" - 12:30:36 PM] File Info:
{
  "ignored": false,
  "inferredParser": "json"
}
["INFO" - 12:30:36 PM] No local configuration (i.e. .prettierrc or .editorconfig) detected, falling back to VS Code configuration
["INFO" - 12:30:36 PM] Prettier Options:
{
  "arrowParens": "always",
  "bracketSpacing": true,
  "endOfLine": "lf",
  "htmlWhitespaceSensitivity": "css",
  "insertPragma": false,
  "jsxBracketSameLine": false,
  "jsxSingleQuote": false,
  "printWidth": 80,
  "proseWrap": "preserve",
  "quoteProps": "as-needed",
  "requirePragma": false,
  "semi": true,
  "singleQuote": false,
  "tabWidth": 2,
  "trailingComma": "es5",
  "useTabs": false,
  "vueIndentScriptAndStyle": false,
  "filepath": "/home/dathd/.config/Code/User/settings.json",
  "parser": "json"
}
["INFO" - 12:30:36 PM] Formatting completed in 0.035ms.
["INFO" - 12:30:39 PM] Formatting vscode-userdata:/home/dathd/.config/Code/User/settings.json
["INFO" - 12:30:39 PM] File Info:
{
  "ignored": false,
  "inferredParser": "json"
}
["INFO" - 12:30:39 PM] No local configuration (i.e. .prettierrc or .editorconfig) detected, falling back to VS Code configuration
["INFO" - 12:30:39 PM] Prettier Options:
{
  "arrowParens": "always",
  "bracketSpacing": true,
  "endOfLine": "lf",
  "htmlWhitespaceSensitivity": "css",
  "insertPragma": false,
  "jsxBracketSameLine": false,
  "jsxSingleQuote": false,
  "printWidth": 80,
  "proseWrap": "preserve",
  "quoteProps": "as-needed",
  "requirePragma": false,
  "semi": true,
  "singleQuote": false,
  "tabWidth": 2,
  "trailingComma": "es5",
  "useTabs": false,
  "vueIndentScriptAndStyle": false,
  "filepath": "/home/dathd/.config/Code/User/settings.json",
  "parser": "json"
}
["INFO" - 12:30:39 PM] Formatting completed in 0.021ms.
["INFO" - 12:30:41 PM] Formatting vscode-userdata:/home/dathd/.config/Code/User/settings.json
["INFO" - 12:30:41 PM] File Info:
{
  "ignored": false,
  "inferredParser": "json"
}
["INFO" - 12:30:41 PM] No local configuration (i.e. .prettierrc or .editorconfig) detected, falling back to VS Code configuration
["INFO" - 12:30:41 PM] Prettier Options:
{
  "arrowParens": "always",
  "bracketSpacing": true,
  "endOfLine": "lf",
  "htmlWhitespaceSensitivity": "css",
  "insertPragma": false,
  "jsxBracketSameLine": false,
  "jsxSingleQuote": false,
  "printWidth": 80,
  "proseWrap": "preserve",
  "quoteProps": "as-needed",
  "requirePragma": false,
  "semi": true,
  "singleQuote": false,
  "tabWidth": 2,
  "trailingComma": "es5",
  "useTabs": false,
  "vueIndentScriptAndStyle": false,
  "filepath": "/home/dathd/.config/Code/User/settings.json",
  "parser": "json"
}
["INFO" - 12:30:41 PM] Formatting completed in 0.031ms.
["INFO" - 12:30:46 PM] Formatting vscode-userdata:/home/dathd/.config/Code/User/settings.json
["INFO" - 12:30:46 PM] File Info:
{
  "ignored": false,
  "inferredParser": "json"
}
["INFO" - 12:30:46 PM] No local configuration (i.e. .prettierrc or .editorconfig) detected, falling back to VS Code configuration
["INFO" - 12:30:46 PM] Prettier Options:
{
  "arrowParens": "always",
  "bracketSpacing": true,
  "endOfLine": "lf",
  "htmlWhitespaceSensitivity": "css",
  "insertPragma": false,
  "jsxBracketSameLine": false,
  "jsxSingleQuote": false,
  "printWidth": 80,
  "proseWrap": "preserve",
  "quoteProps": "as-needed",
  "requirePragma": false,
  "semi": true,
  "singleQuote": false,
  "tabWidth": 2,
  "trailingComma": "es5",
  "useTabs": false,
  "vueIndentScriptAndStyle": false,
  "filepath": "/home/dathd/.config/Code/User/settings.json",
  "parser": "json"
}
["INFO" - 12:30:46 PM] Formatting completed in 0.018ms.
["INFO" - 12:30:53 PM] Formatting vscode-userdata:/home/dathd/.config/Code/User/settings.json
["INFO" - 12:30:53 PM] File Info:
{
  "ignored": false,
  "inferredParser": "json"
}
["INFO" - 12:30:53 PM] No local configuration (i.e. .prettierrc or .editorconfig) detected, falling back to VS Code configuration
["INFO" - 12:30:53 PM] Prettier Options:
{
  "arrowParens": "always",
  "bracketSpacing": true,
  "endOfLine": "lf",
  "htmlWhitespaceSensitivity": "css",
  "insertPragma": false,
  "jsxBracketSameLine": false,
  "jsxSingleQuote": false,
  "printWidth": 80,
  "proseWrap": "preserve",
  "quoteProps": "as-needed",
  "requirePragma": false,
  "semi": true,
  "singleQuote": false,
  "tabWidth": 2,
  "trailingComma": "es5",
  "useTabs": false,
  "vueIndentScriptAndStyle": false,
  "filepath": "/home/dathd/.config/Code/User/settings.json",
  "parser": "json"
}
["INFO" - 12:30:53 PM] Formatting completed in 0.022ms.
["INFO" - 12:31:03 PM] Formatting vscode-userdata:/home/dathd/.config/Code/User/settings.json
["INFO" - 12:31:03 PM] File Info:
{
  "ignored": false,
  "inferredParser": "json"
}
["INFO" - 12:31:03 PM] No local configuration (i.e. .prettierrc or .editorconfig) detected, falling back to VS Code configuration
["INFO" - 12:31:03 PM] Prettier Options:
{
  "arrowParens": "always",
  "bracketSpacing": true,
  "endOfLine": "lf",
  "htmlWhitespaceSensitivity": "css",
  "insertPragma": false,
  "jsxBracketSameLine": false,
  "jsxSingleQuote": false,
  "printWidth": 80,
  "proseWrap": "preserve",
  "quoteProps": "as-needed",
  "requirePragma": false,
  "semi": true,
  "singleQuote": false,
  "tabWidth": 2,
  "trailingComma": "es5",
  "useTabs": false,
  "vueIndentScriptAndStyle": false,
  "filepath": "/home/dathd/.config/Code/User/settings.json",
  "parser": "json"
}
["INFO" - 12:31:03 PM] Formatting completed in 0.017ms.
["INFO" - 12:31:21 PM] Formatting vscode-userdata:/home/dathd/.config/Code/User/settings.json
["INFO" - 12:31:21 PM] File Info:
{
  "ignored": false,
  "inferredParser": "json"
}
["INFO" - 12:31:21 PM] No local configuration (i.e. .prettierrc or .editorconfig) detected, falling back to VS Code configuration
["INFO" - 12:31:21 PM] Prettier Options:
{
  "arrowParens": "always",
  "bracketSpacing": true,
  "endOfLine": "lf",
  "htmlWhitespaceSensitivity": "css",
  "insertPragma": false,
  "jsxBracketSameLine": false,
  "jsxSingleQuote": false,
  "printWidth": 80,
  "proseWrap": "preserve",
  "quoteProps": "as-needed",
  "requirePragma": false,
  "semi": true,
  "singleQuote": false,
  "tabWidth": 2,
  "trailingComma": "es5",
  "useTabs": false,
  "vueIndentScriptAndStyle": false,
  "filepath": "/home/dathd/.config/Code/User/settings.json",
  "parser": "json"
}
["INFO" - 12:31:21 PM] Formatting completed in 0.017ms.
["INFO" - 12:31:27 PM] Formatting vscode-userdata:/home/dathd/.config/Code/User/settings.json
["INFO" - 12:31:27 PM] File Info:
{
  "ignored": false,
  "inferredParser": "json"
}
["INFO" - 12:31:27 PM] No local configuration (i.e. .prettierrc or .editorconfig) detected, falling back to VS Code configuration
["INFO" - 12:31:27 PM] Prettier Options:
{
  "arrowParens": "always",
  "bracketSpacing": true,
  "endOfLine": "lf",
  "htmlWhitespaceSensitivity": "css",
  "insertPragma": false,
  "jsxBracketSameLine": false,
  "jsxSingleQuote": false,
  "printWidth": 80,
  "proseWrap": "preserve",
  "quoteProps": "as-needed",
  "requirePragma": false,
  "semi": true,
  "singleQuote": false,
  "tabWidth": 2,
  "trailingComma": "es5",
  "useTabs": false,
  "vueIndentScriptAndStyle": false,
  "filepath": "/home/dathd/.config/Code/User/settings.json",
  "parser": "json"
}
["INFO" - 12:31:27 PM] Formatting completed in 0.012ms.
["INFO" - 12:31:30 PM] Formatting vscode-userdata:/home/dathd/.config/Code/User/settings.json
["INFO" - 12:31:30 PM] File Info:
{
  "ignored": false,
  "inferredParser": "json"
}
["INFO" - 12:31:30 PM] No local configuration (i.e. .prettierrc or .editorconfig) detected, falling back to VS Code configuration
["INFO" - 12:31:30 PM] Prettier Options:
{
  "arrowParens": "always",
  "bracketSpacing": true,
  "endOfLine": "lf",
  "htmlWhitespaceSensitivity": "css",
  "insertPragma": false,
  "jsxBracketSameLine": false,
  "jsxSingleQuote": false,
  "printWidth": 80,
  "proseWrap": "preserve",
  "quoteProps": "as-needed",
  "requirePragma": false,
  "semi": true,
  "singleQuote": false,
  "tabWidth": 2,
  "trailingComma": "es5",
  "useTabs": false,
  "vueIndentScriptAndStyle": false,
  "filepath": "/home/dathd/.config/Code/User/settings.json",
  "parser": "json"
}
["INFO" - 12:31:30 PM] Formatting completed in 0.022ms.
["INFO" - 12:31:37 PM] Formatting vscode-userdata:/home/dathd/.config/Code/User/settings.json
["INFO" - 12:31:37 PM] File Info:
{
  "ignored": false,
  "inferredParser": "json"
}
["INFO" - 12:31:37 PM] No local configuration (i.e. .prettierrc or .editorconfig) detected, falling back to VS Code configuration
["INFO" - 12:31:37 PM] Prettier Options:
{
  "arrowParens": "always",
  "bracketSpacing": true,
  "endOfLine": "lf",
  "htmlWhitespaceSensitivity": "css",
  "insertPragma": false,
  "jsxBracketSameLine": false,
  "jsxSingleQuote": false,
  "printWidth": 80,
  "proseWrap": "preserve",
  "quoteProps": "as-needed",
  "requirePragma": false,
  "semi": true,
  "singleQuote": false,
  "tabWidth": 2,
  "trailingComma": "es5",
  "useTabs": false,
  "vueIndentScriptAndStyle": false,
  "filepath": "/home/dathd/.config/Code/User/settings.json",
  "parser": "json"
}
["INFO" - 12:31:37 PM] Formatting completed in 0.02ms.
["INFO" - 12:31:49 PM] Formatting vscode-userdata:/home/dathd/.config/Code/User/settings.json
["INFO" - 12:31:49 PM] File Info:
{
  "ignored": false,
  "inferredParser": "json"
}
["INFO" - 12:31:49 PM] No local configuration (i.e. .prettierrc or .editorconfig) detected, falling back to VS Code configuration
["INFO" - 12:31:49 PM] Prettier Options:
{
  "arrowParens": "always",
  "bracketSpacing": true,
  "endOfLine": "lf",
  "htmlWhitespaceSensitivity": "css",
  "insertPragma": false,
  "jsxBracketSameLine": false,
  "jsxSingleQuote": false,
  "printWidth": 80,
  "proseWrap": "preserve",
  "quoteProps": "as-needed",
  "requirePragma": false,
  "semi": true,
  "singleQuote": false,
  "tabWidth": 2,
  "trailingComma": "es5",
  "useTabs": false,
  "vueIndentScriptAndStyle": false,
  "filepath": "/home/dathd/.config/Code/User/settings.json",
  "parser": "json"
}
["INFO" - 12:31:49 PM] Formatting completed in 0.01ms.
["INFO" - 12:31:51 PM] Formatting vscode-userdata:/home/dathd/.config/Code/User/settings.json
["INFO" - 12:31:51 PM] File Info:
{
  "ignored": false,
  "inferredParser": "json"
}
["INFO" - 12:31:51 PM] No local configuration (i.e. .prettierrc or .editorconfig) detected, falling back to VS Code configuration
["INFO" - 12:31:51 PM] Prettier Options:
{
  "arrowParens": "always",
  "bracketSpacing": true,
  "endOfLine": "lf",
  "htmlWhitespaceSensitivity": "css",
  "insertPragma": false,
  "jsxBracketSameLine": false,
  "jsxSingleQuote": false,
  "printWidth": 80,
  "proseWrap": "preserve",
  "quoteProps": "as-needed",
  "requirePragma": false,
  "semi": true,
  "singleQuote": false,
  "tabWidth": 2,
  "trailingComma": "es5",
  "useTabs": false,
  "vueIndentScriptAndStyle": false,
  "filepath": "/home/dathd/.config/Code/User/settings.json",
  "parser": "json"
}
["INFO" - 12:31:51 PM] Formatting completed in 0.054ms.
["INFO" - 12:31:53 PM] Formatting vscode-userdata:/home/dathd/.config/Code/User/settings.json
["INFO" - 12:31:53 PM] File Info:
{
  "ignored": false,
  "inferredParser": "json"
}
["INFO" - 12:31:53 PM] No local configuration (i.e. .prettierrc or .editorconfig) detected, falling back to VS Code configuration
["INFO" - 12:31:53 PM] Prettier Options:
{
  "arrowParens": "always",
  "bracketSpacing": true,
  "endOfLine": "lf",
  "htmlWhitespaceSensitivity": "css",
  "insertPragma": false,
  "jsxBracketSameLine": false,
  "jsxSingleQuote": false,
  "printWidth": 80,
  "proseWrap": "preserve",
  "quoteProps": "as-needed",
  "requirePragma": false,
  "semi": true,
  "singleQuote": false,
  "tabWidth": 2,
  "trailingComma": "es5",
  "useTabs": false,
  "vueIndentScriptAndStyle": false,
  "filepath": "/home/dathd/.config/Code/User/settings.json",
  "parser": "json"
}
["INFO" - 12:31:53 PM] Formatting completed in 0.021ms.
["INFO" - 12:32:07 PM] Formatting vscode-userdata:/home/dathd/.config/Code/User/settings.json
["INFO" - 12:32:07 PM] File Info:
{
  "ignored": false,
  "inferredParser": "json"
}
["INFO" - 12:32:07 PM] No local configuration (i.e. .prettierrc or .editorconfig) detected, falling back to VS Code configuration
["INFO" - 12:32:07 PM] Prettier Options:
{
  "arrowParens": "always",
  "bracketSpacing": true,
  "endOfLine": "lf",
  "htmlWhitespaceSensitivity": "css",
  "insertPragma": false,
  "jsxBracketSameLine": false,
  "jsxSingleQuote": false,
  "printWidth": 80,
  "proseWrap": "preserve",
  "quoteProps": "as-needed",
  "requirePragma": false,
  "semi": true,
  "singleQuote": false,
  "tabWidth": 2,
  "trailingComma": "es5",
  "useTabs": false,
  "vueIndentScriptAndStyle": false,
  "filepath": "/home/dathd/.config/Code/User/settings.json",
  "parser": "json"
}
["INFO" - 12:32:07 PM] Formatting completed in 0.022ms.
["INFO" - 12:34:05 PM] Formatting vscode-userdata:/home/dathd/.config/Code/User/settings.json
["INFO" - 12:34:05 PM] File Info:
{
  "ignored": false,
  "inferredParser": "json"
}
["INFO" - 12:34:05 PM] No local configuration (i.e. .prettierrc or .editorconfig) detected, falling back to VS Code configuration
["INFO" - 12:34:05 PM] Prettier Options:
{
  "arrowParens": "always",
  "bracketSpacing": true,
  "endOfLine": "lf",
  "htmlWhitespaceSensitivity": "css",
  "insertPragma": false,
  "jsxBracketSameLine": false,
  "jsxSingleQuote": false,
  "printWidth": 80,
  "proseWrap": "preserve",
  "quoteProps": "as-needed",
  "requirePragma": false,
  "semi": true,
  "singleQuote": false,
  "tabWidth": 2,
  "trailingComma": "es5",
  "useTabs": false,
  "vueIndentScriptAndStyle": false,
  "filepath": "/home/dathd/.config/Code/User/settings.json",
  "parser": "json"
}
["INFO" - 12:34:05 PM] Formatting completed in 0.096ms.
["INFO" - 12:34:58 PM] Formatting vscode-userdata:/home/dathd/.config/Code/User/settings.json
["INFO" - 12:34:58 PM] File Info:
{
  "ignored": false,
  "inferredParser": "json"
}
["INFO" - 12:34:58 PM] No local configuration (i.e. .prettierrc or .editorconfig) detected, falling back to VS Code configuration
["INFO" - 12:34:58 PM] Prettier Options:
{
  "arrowParens": "always",
  "bracketSpacing": true,
  "endOfLine": "lf",
  "htmlWhitespaceSensitivity": "css",
  "insertPragma": false,
  "jsxBracketSameLine": false,
  "jsxSingleQuote": false,
  "printWidth": 80,
  "proseWrap": "preserve",
  "quoteProps": "as-needed",
  "requirePragma": false,
  "semi": true,
  "singleQuote": false,
  "tabWidth": 2,
  "trailingComma": "es5",
  "useTabs": false,
  "vueIndentScriptAndStyle": false,
  "filepath": "/home/dathd/.config/Code/User/settings.json",
  "parser": "json"
}
["INFO" - 12:34:58 PM] Formatting completed in 0.034ms.
["INFO" - 12:35:26 PM] Formatting vscode-userdata:/home/dathd/.config/Code/User/settings.json
["INFO" - 12:35:26 PM] File Info:
{
  "ignored": false,
  "inferredParser": "json"
}
["INFO" - 12:35:26 PM] No local configuration (i.e. .prettierrc or .editorconfig) detected, falling back to VS Code configuration
["INFO" - 12:35:26 PM] Prettier Options:
{
  "arrowParens": "always",
  "bracketSpacing": true,
  "endOfLine": "lf",
  "htmlWhitespaceSensitivity": "css",
  "insertPragma": false,
  "jsxBracketSameLine": false,
  "jsxSingleQuote": false,
  "printWidth": 80,
  "proseWrap": "preserve",
  "quoteProps": "as-needed",
  "requirePragma": false,
  "semi": true,
  "singleQuote": false,
  "tabWidth": 2,
  "trailingComma": "es5",
  "useTabs": false,
  "vueIndentScriptAndStyle": false,
  "filepath": "/home/dathd/.config/Code/User/settings.json",
  "parser": "json"
}
["INFO" - 12:35:26 PM] Formatting completed in 0.027ms.
["INFO" - 12:40:19 PM] Formatting vscode-userdata:/home/dathd/.config/Code/User/settings.json
["INFO" - 12:40:19 PM] File Info:
{
  "ignored": false,
  "inferredParser": "json"
}
["INFO" - 12:40:19 PM] No local configuration (i.e. .prettierrc or .editorconfig) detected, falling back to VS Code configuration
["INFO" - 12:40:19 PM] Prettier Options:
{
  "arrowParens": "always",
  "bracketSpacing": true,
  "endOfLine": "lf",
  "htmlWhitespaceSensitivity": "css",
  "insertPragma": false,
  "jsxBracketSameLine": false,
  "jsxSingleQuote": false,
  "printWidth": 80,
  "proseWrap": "preserve",
  "quoteProps": "as-needed",
  "requirePragma": false,
  "semi": true,
  "singleQuote": false,
  "tabWidth": 2,
  "trailingComma": "es5",
  "useTabs": false,
  "vueIndentScriptAndStyle": false,
  "filepath": "/home/dathd/.config/Code/User/settings.json",
  "parser": "json"
}
["INFO" - 12:40:19 PM] Formatting completed in 0.062ms.
["INFO" - 12:40:37 PM] Formatting vscode-userdata:/home/dathd/.config/Code/User/settings.json
["INFO" - 12:40:37 PM] File Info:
{
  "ignored": false,
  "inferredParser": "json"
}
["INFO" - 12:40:37 PM] No local configuration (i.e. .prettierrc or .editorconfig) detected, falling back to VS Code configuration
["INFO" - 12:40:37 PM] Prettier Options:
{
  "arrowParens": "always",
  "bracketSpacing": true,
  "endOfLine": "lf",
  "htmlWhitespaceSensitivity": "css",
  "insertPragma": false,
  "jsxBracketSameLine": false,
  "jsxSingleQuote": false,
  "printWidth": 80,
  "proseWrap": "preserve",
  "quoteProps": "as-needed",
  "requirePragma": false,
  "semi": true,
  "singleQuote": false,
  "tabWidth": 2,
  "trailingComma": "es5",
  "useTabs": false,
  "vueIndentScriptAndStyle": false,
  "filepath": "/home/dathd/.config/Code/User/settings.json",
  "parser": "json"
}
["INFO" - 12:40:37 PM] Formatting completed in 0.038ms.
["INFO" - 12:40:51 PM] Formatting vscode-userdata:/home/dathd/.config/Code/User/settings.json
["INFO" - 12:40:51 PM] File Info:
{
  "ignored": false,
  "inferredParser": "json"
}
["INFO" - 12:40:51 PM] No local configuration (i.e. .prettierrc or .editorconfig) detected, falling back to VS Code configuration
["INFO" - 12:40:51 PM] Prettier Options:
{
  "arrowParens": "always",
  "bracketSpacing": true,
  "endOfLine": "lf",
  "htmlWhitespaceSensitivity": "css",
  "insertPragma": false,
  "jsxBracketSameLine": false,
  "jsxSingleQuote": false,
  "printWidth": 80,
  "proseWrap": "preserve",
  "quoteProps": "as-needed",
  "requirePragma": false,
  "semi": true,
  "singleQuote": false,
  "tabWidth": 2,
  "trailingComma": "es5",
  "useTabs": false,
  "vueIndentScriptAndStyle": false,
  "filepath": "/home/dathd/.config/Code/User/settings.json",
  "parser": "json"
}
["INFO" - 12:40:51 PM] Formatting completed in 0.02ms.
["INFO" - 3:32:11 PM] Formatting vscode-userdata:/home/dathd/.config/Code/User/keybindings.json
["INFO" - 3:32:11 PM] File Info:
{
  "ignored": false,
  "inferredParser": "json"
}
["INFO" - 3:32:11 PM] No local configuration (i.e. .prettierrc or .editorconfig) detected, falling back to VS Code configuration
["INFO" - 3:32:11 PM] Prettier Options:
{
  "arrowParens": "always",
  "bracketSpacing": true,
  "endOfLine": "lf",
  "htmlWhitespaceSensitivity": "css",
  "insertPragma": false,
  "jsxBracketSameLine": false,
  "jsxSingleQuote": false,
  "printWidth": 80,
  "proseWrap": "preserve",
  "quoteProps": "as-needed",
  "requirePragma": false,
  "semi": true,
  "singleQuote": false,
  "tabWidth": 2,
  "trailingComma": "es5",
  "useTabs": false,
  "vueIndentScriptAndStyle": false,
  "filepath": "/home/dathd/.config/Code/User/keybindings.json",
  "parser": "json"
}
["INFO" - 3:32:11 PM] Formatting completed in 0.038ms.
["INFO" - 3:34:21 PM] Formatting vscode-userdata:/home/dathd/.config/Code/User/keybindings.json
["INFO" - 3:34:21 PM] File Info:
{
  "ignored": false,
  "inferredParser": "json"
}
["INFO" - 3:34:21 PM] No local configuration (i.e. .prettierrc or .editorconfig) detected, falling back to VS Code configuration
["INFO" - 3:34:21 PM] Prettier Options:
{
  "arrowParens": "always",
  "bracketSpacing": true,
  "endOfLine": "lf",
  "htmlWhitespaceSensitivity": "css",
  "insertPragma": false,
  "jsxBracketSameLine": false,
  "jsxSingleQuote": false,
  "printWidth": 80,
  "proseWrap": "preserve",
  "quoteProps": "as-needed",
  "requirePragma": false,
  "semi": true,
  "singleQuote": false,
  "tabWidth": 2,
  "trailingComma": "es5",
  "useTabs": false,
  "vueIndentScriptAndStyle": false,
  "filepath": "/home/dathd/.config/Code/User/keybindings.json",
  "parser": "json"
}
["INFO" - 3:34:21 PM] Formatting completed in 0.027ms.
["INFO" - 3:34:26 PM] Formatting vscode-userdata:/home/dathd/.config/Code/User/keybindings.json
["INFO" - 3:34:26 PM] File Info:
{
  "ignored": false,
  "inferredParser": "json"
}
["INFO" - 3:34:26 PM] No local configuration (i.e. .prettierrc or .editorconfig) detected, falling back to VS Code configuration
["INFO" - 3:34:26 PM] Prettier Options:
{
  "arrowParens": "always",
  "bracketSpacing": true,
  "endOfLine": "lf",
  "htmlWhitespaceSensitivity": "css",
  "insertPragma": false,
  "jsxBracketSameLine": false,
  "jsxSingleQuote": false,
  "printWidth": 80,
  "proseWrap": "preserve",
  "quoteProps": "as-needed",
  "requirePragma": false,
  "semi": true,
  "singleQuote": false,
  "tabWidth": 2,
  "trailingComma": "es5",
  "useTabs": false,
  "vueIndentScriptAndStyle": false,
  "filepath": "/home/dathd/.config/Code/User/keybindings.json",
  "parser": "json"
}
["INFO" - 3:34:26 PM] Formatting completed in 0.027ms.
["INFO" - 3:36:42 PM] Formatting vscode-userdata:/home/dathd/.config/Code/User/keybindings.json
["INFO" - 3:36:42 PM] File Info:
{
  "ignored": false,
  "inferredParser": "json"
}
["INFO" - 3:36:42 PM] No local configuration (i.e. .prettierrc or .editorconfig) detected, falling back to VS Code configuration
["INFO" - 3:36:42 PM] Prettier Options:
{
  "arrowParens": "always",
  "bracketSpacing": true,
  "endOfLine": "lf",
  "htmlWhitespaceSensitivity": "css",
  "insertPragma": false,
  "jsxBracketSameLine": false,
  "jsxSingleQuote": false,
  "printWidth": 80,
  "proseWrap": "preserve",
  "quoteProps": "as-needed",
  "requirePragma": false,
  "semi": true,
  "singleQuote": false,
  "tabWidth": 2,
  "trailingComma": "es5",
  "useTabs": false,
  "vueIndentScriptAndStyle": false,
  "filepath": "/home/dathd/.config/Code/User/keybindings.json",
  "parser": "json"
}
["INFO" - 3:36:42 PM] Formatting completed in 0.034ms.
["INFO" - 3:36:45 PM] Formatting vscode-userdata:/home/dathd/.config/Code/User/keybindings.json
["INFO" - 3:36:45 PM] File Info:
{
  "ignored": false,
  "inferredParser": "json"
}
["INFO" - 3:36:45 PM] No local configuration (i.e. .prettierrc or .editorconfig) detected, falling back to VS Code configuration
["INFO" - 3:36:45 PM] Prettier Options:
{
  "arrowParens": "always",
  "bracketSpacing": true,
  "endOfLine": "lf",
  "htmlWhitespaceSensitivity": "css",
  "insertPragma": false,
  "jsxBracketSameLine": false,
  "jsxSingleQuote": false,
  "printWidth": 80,
  "proseWrap": "preserve",
  "quoteProps": "as-needed",
  "requirePragma": false,
  "semi": true,
  "singleQuote": false,
  "tabWidth": 2,
  "trailingComma": "es5",
  "useTabs": false,
  "vueIndentScriptAndStyle": false,
  "filepath": "/home/dathd/.config/Code/User/keybindings.json",
  "parser": "json"
}
["INFO" - 3:36:45 PM] Formatting completed in 0.038ms.
["INFO" - 3:37:37 PM] Formatting vscode-userdata:/home/dathd/.config/Code/User/keybindings.json
["INFO" - 3:37:37 PM] File Info:
{
  "ignored": false,
  "inferredParser": "json"
}
["INFO" - 3:37:37 PM] No local configuration (i.e. .prettierrc or .editorconfig) detected, falling back to VS Code configuration
["INFO" - 3:37:37 PM] Prettier Options:
{
  "arrowParens": "always",
  "bracketSpacing": true,
  "endOfLine": "lf",
  "htmlWhitespaceSensitivity": "css",
  "insertPragma": false,
  "jsxBracketSameLine": false,
  "jsxSingleQuote": false,
  "printWidth": 80,
  "proseWrap": "preserve",
  "quoteProps": "as-needed",
  "requirePragma": false,
  "semi": true,
  "singleQuote": false,
  "tabWidth": 2,
  "trailingComma": "es5",
  "useTabs": false,
  "vueIndentScriptAndStyle": false,
  "filepath": "/home/dathd/.config/Code/User/keybindings.json",
  "parser": "json"
}
["INFO" - 3:37:37 PM] Formatting completed in 0.03ms.
["INFO" - 3:37:39 PM] Formatting vscode-userdata:/home/dathd/.config/Code/User/keybindings.json
["INFO" - 3:37:39 PM] File Info:
{
  "ignored": false,
  "inferredParser": "json"
}
["INFO" - 3:37:39 PM] No local configuration (i.e. .prettierrc or .editorconfig) detected, falling back to VS Code configuration
["INFO" - 3:37:39 PM] Prettier Options:
{
  "arrowParens": "always",
  "bracketSpacing": true,
  "endOfLine": "lf",
  "htmlWhitespaceSensitivity": "css",
  "insertPragma": false,
  "jsxBracketSameLine": false,
  "jsxSingleQuote": false,
  "printWidth": 80,
  "proseWrap": "preserve",
  "quoteProps": "as-needed",
  "requirePragma": false,
  "semi": true,
  "singleQuote": false,
  "tabWidth": 2,
  "trailingComma": "es5",
  "useTabs": false,
  "vueIndentScriptAndStyle": false,
  "filepath": "/home/dathd/.config/Code/User/keybindings.json",
  "parser": "json"
}
["INFO" - 3:37:39 PM] Formatting completed in 0.027ms.
["INFO" - 3:37:45 PM] Formatting vscode-userdata:/home/dathd/.config/Code/User/keybindings.json
["INFO" - 3:37:45 PM] File Info:
{
  "ignored": false,
  "inferredParser": "json"
}
["INFO" - 3:37:45 PM] No local configuration (i.e. .prettierrc or .editorconfig) detected, falling back to VS Code configuration
["INFO" - 3:37:45 PM] Prettier Options:
{
  "arrowParens": "always",
  "bracketSpacing": true,
  "endOfLine": "lf",
  "htmlWhitespaceSensitivity": "css",
  "insertPragma": false,
  "jsxBracketSameLine": false,
  "jsxSingleQuote": false,
  "printWidth": 80,
  "proseWrap": "preserve",
  "quoteProps": "as-needed",
  "requirePragma": false,
  "semi": true,
  "singleQuote": false,
  "tabWidth": 2,
  "trailingComma": "es5",
  "useTabs": false,
  "vueIndentScriptAndStyle": false,
  "filepath": "/home/dathd/.config/Code/User/keybindings.json",
  "parser": "json"
}
["INFO" - 3:37:45 PM] Formatting completed in 0.03ms.
["INFO" - 3:38:27 PM] Formatting vscode-userdata:/home/dathd/.config/Code/User/keybindings.json
["INFO" - 3:38:27 PM] File Info:
{
  "ignored": false,
  "inferredParser": "json"
}
["INFO" - 3:38:27 PM] No local configuration (i.e. .prettierrc or .editorconfig) detected, falling back to VS Code configuration
["INFO" - 3:38:27 PM] Prettier Options:
{
  "arrowParens": "always",
  "bracketSpacing": true,
  "endOfLine": "lf",
  "htmlWhitespaceSensitivity": "css",
  "insertPragma": false,
  "jsxBracketSameLine": false,
  "jsxSingleQuote": false,
  "printWidth": 80,
  "proseWrap": "preserve",
  "quoteProps": "as-needed",
  "requirePragma": false,
  "semi": true,
  "singleQuote": false,
  "tabWidth": 2,
  "trailingComma": "es5",
  "useTabs": false,
  "vueIndentScriptAndStyle": false,
  "filepath": "/home/dathd/.config/Code/User/keybindings.json",
  "parser": "json"
}
["INFO" - 3:38:27 PM] Formatting completed in 0.027ms.
["INFO" - 3:39:50 PM] Formatting vscode-userdata:/home/dathd/.config/Code/User/keybindings.json
["INFO" - 3:39:50 PM] File Info:
{
  "ignored": false,
  "inferredParser": "json"
}
["INFO" - 3:39:50 PM] No local configuration (i.e. .prettierrc or .editorconfig) detected, falling back to VS Code configuration
["INFO" - 3:39:50 PM] Prettier Options:
{
  "arrowParens": "always",
  "bracketSpacing": true,
  "endOfLine": "lf",
  "htmlWhitespaceSensitivity": "css",
  "insertPragma": false,
  "jsxBracketSameLine": false,
  "jsxSingleQuote": false,
  "printWidth": 80,
  "proseWrap": "preserve",
  "quoteProps": "as-needed",
  "requirePragma": false,
  "semi": true,
  "singleQuote": false,
  "tabWidth": 2,
  "trailingComma": "es5",
  "useTabs": false,
  "vueIndentScriptAndStyle": false,
  "filepath": "/home/dathd/.config/Code/User/keybindings.json",
  "parser": "json"
}
["INFO" - 3:39:50 PM] Formatting completed in 0.019ms.
["INFO" - 3:40:02 PM] Formatting vscode-userdata:/home/dathd/.config/Code/User/keybindings.json
["INFO" - 3:40:02 PM] File Info:
{
  "ignored": false,
  "inferredParser": "json"
}
["INFO" - 3:40:02 PM] No local configuration (i.e. .prettierrc or .editorconfig) detected, falling back to VS Code configuration
["INFO" - 3:40:02 PM] Prettier Options:
{
  "arrowParens": "always",
  "bracketSpacing": true,
  "endOfLine": "lf",
  "htmlWhitespaceSensitivity": "css",
  "insertPragma": false,
  "jsxBracketSameLine": false,
  "jsxSingleQuote": false,
  "printWidth": 80,
  "proseWrap": "preserve",
  "quoteProps": "as-needed",
  "requirePragma": false,
  "semi": true,
  "singleQuote": false,
  "tabWidth": 2,
  "trailingComma": "es5",
  "useTabs": false,
  "vueIndentScriptAndStyle": false,
  "filepath": "/home/dathd/.config/Code/User/keybindings.json",
  "parser": "json"
}
["INFO" - 3:40:03 PM] Formatting completed in 0.039ms.
["INFO" - 3:40:36 PM] Formatting vscode-userdata:/home/dathd/.config/Code/User/keybindings.json
["INFO" - 3:40:36 PM] File Info:
{
  "ignored": false,
  "inferredParser": "json"
}
["INFO" - 3:40:36 PM] No local configuration (i.e. .prettierrc or .editorconfig) detected, falling back to VS Code configuration
["INFO" - 3:40:36 PM] Prettier Options:
{
  "arrowParens": "always",
  "bracketSpacing": true,
  "endOfLine": "lf",
  "htmlWhitespaceSensitivity": "css",
  "insertPragma": false,
  "jsxBracketSameLine": false,
  "jsxSingleQuote": false,
  "printWidth": 80,
  "proseWrap": "preserve",
  "quoteProps": "as-needed",
  "requirePragma": false,
  "semi": true,
  "singleQuote": false,
  "tabWidth": 2,
  "trailingComma": "es5",
  "useTabs": false,
  "vueIndentScriptAndStyle": false,
  "filepath": "/home/dathd/.config/Code/User/keybindings.json",
  "parser": "json"
}
["INFO" - 3:40:36 PM] Formatting completed in 0.044ms.
["INFO" - 3:41:01 PM] Formatting vscode-userdata:/home/dathd/.config/Code/User/keybindings.json
["INFO" - 3:41:01 PM] File Info:
{
  "ignored": false,
  "inferredParser": "json"
}
["INFO" - 3:41:01 PM] No local configuration (i.e. .prettierrc or .editorconfig) detected, falling back to VS Code configuration
["INFO" - 3:41:01 PM] Prettier Options:
{
  "arrowParens": "always",
  "bracketSpacing": true,
  "endOfLine": "lf",
  "htmlWhitespaceSensitivity": "css",
  "insertPragma": false,
  "jsxBracketSameLine": false,
  "jsxSingleQuote": false,
  "printWidth": 80,
  "proseWrap": "preserve",
  "quoteProps": "as-needed",
  "requirePragma": false,
  "semi": true,
  "singleQuote": false,
  "tabWidth": 2,
  "trailingComma": "es5",
  "useTabs": false,
  "vueIndentScriptAndStyle": false,
  "filepath": "/home/dathd/.config/Code/User/keybindings.json",
  "parser": "json"
}
["INFO" - 3:41:01 PM] Formatting completed in 0.042ms.
["INFO" - 3:41:37 PM] Formatting vscode-userdata:/home/dathd/.config/Code/User/keybindings.json
["INFO" - 3:41:37 PM] File Info:
{
  "ignored": false,
  "inferredParser": "json"
}
["INFO" - 3:41:37 PM] No local configuration (i.e. .prettierrc or .editorconfig) detected, falling back to VS Code configuration
["INFO" - 3:41:37 PM] Prettier Options:
{
  "arrowParens": "always",
  "bracketSpacing": true,
  "endOfLine": "lf",
  "htmlWhitespaceSensitivity": "css",
  "insertPragma": false,
  "jsxBracketSameLine": false,
  "jsxSingleQuote": false,
  "printWidth": 80,
  "proseWrap": "preserve",
  "quoteProps": "as-needed",
  "requirePragma": false,
  "semi": true,
  "singleQuote": false,
  "tabWidth": 2,
  "trailingComma": "es5",
  "useTabs": false,
  "vueIndentScriptAndStyle": false,
  "filepath": "/home/dathd/.config/Code/User/keybindings.json",
  "parser": "json"
}
["INFO" - 3:41:37 PM] Formatting completed in 0.024ms.
["INFO" - 3:41:54 PM] Formatting vscode-userdata:/home/dathd/.config/Code/User/keybindings.json
["INFO" - 3:41:54 PM] File Info:
{
  "ignored": false,
  "inferredParser": "json"
}
["INFO" - 3:41:54 PM] No local configuration (i.e. .prettierrc or .editorconfig) detected, falling back to VS Code configuration
["INFO" - 3:41:54 PM] Prettier Options:
{
  "arrowParens": "always",
  "bracketSpacing": true,
  "endOfLine": "lf",
  "htmlWhitespaceSensitivity": "css",
  "insertPragma": false,
  "jsxBracketSameLine": false,
  "jsxSingleQuote": false,
  "printWidth": 80,
  "proseWrap": "preserve",
  "quoteProps": "as-needed",
  "requirePragma": false,
  "semi": true,
  "singleQuote": false,
  "tabWidth": 2,
  "trailingComma": "es5",
  "useTabs": false,
  "vueIndentScriptAndStyle": false,
  "filepath": "/home/dathd/.config/Code/User/keybindings.json",
  "parser": "json"
}
["INFO" - 3:41:54 PM] Formatting completed in 0.02ms.
["INFO" - 3:52:56 PM] Formatting vscode-userdata:/home/dathd/.config/Code/User/settings.json
["INFO" - 3:52:56 PM] File Info:
{
  "ignored": false,
  "inferredParser": "json"
}
["INFO" - 3:52:56 PM] No local configuration (i.e. .prettierrc or .editorconfig) detected, falling back to VS Code configuration
["INFO" - 3:52:56 PM] Prettier Options:
{
  "arrowParens": "always",
  "bracketSpacing": true,
  "endOfLine": "lf",
  "htmlWhitespaceSensitivity": "css",
  "insertPragma": false,
  "jsxBracketSameLine": false,
  "jsxSingleQuote": false,
  "printWidth": 80,
  "proseWrap": "preserve",
  "quoteProps": "as-needed",
  "requirePragma": false,
  "semi": true,
  "singleQuote": false,
  "tabWidth": 2,
  "trailingComma": "es5",
  "useTabs": false,
  "vueIndentScriptAndStyle": false,
  "filepath": "/home/dathd/.config/Code/User/settings.json",
  "parser": "json"
}
["INFO" - 3:52:56 PM] Formatting completed in 0.029ms.
["INFO" - 3:52:58 PM] Formatting vscode-userdata:/home/dathd/.config/Code/User/settings.json
["INFO" - 3:52:58 PM] File Info:
{
  "ignored": false,
  "inferredParser": "json"
}
["INFO" - 3:52:58 PM] No local configuration (i.e. .prettierrc or .editorconfig) detected, falling back to VS Code configuration
["INFO" - 3:52:58 PM] Prettier Options:
{
  "arrowParens": "always",
  "bracketSpacing": true,
  "endOfLine": "lf",
  "htmlWhitespaceSensitivity": "css",
  "insertPragma": false,
  "jsxBracketSameLine": false,
  "jsxSingleQuote": false,
  "printWidth": 80,
  "proseWrap": "preserve",
  "quoteProps": "as-needed",
  "requirePragma": false,
  "semi": true,
  "singleQuote": false,
  "tabWidth": 2,
  "trailingComma": "es5",
  "useTabs": false,
  "vueIndentScriptAndStyle": false,
  "filepath": "/home/dathd/.config/Code/User/settings.json",
  "parser": "json"
}
["INFO" - 3:52:58 PM] Formatting completed in 0.024ms.
["INFO" - 3:53:09 PM] Formatting vscode-userdata:/home/dathd/.config/Code/User/settings.json
["INFO" - 3:53:09 PM] File Info:
{
  "ignored": false,
  "inferredParser": "json"
}
["INFO" - 3:53:09 PM] No local configuration (i.e. .prettierrc or .editorconfig) detected, falling back to VS Code configuration
["INFO" - 3:53:09 PM] Prettier Options:
{
  "arrowParens": "always",
  "bracketSpacing": true,
  "endOfLine": "lf",
  "htmlWhitespaceSensitivity": "css",
  "insertPragma": false,
  "jsxBracketSameLine": false,
  "jsxSingleQuote": false,
  "printWidth": 80,
  "proseWrap": "preserve",
  "quoteProps": "as-needed",
  "requirePragma": false,
  "semi": true,
  "singleQuote": false,
  "tabWidth": 2,
  "trailingComma": "es5",
  "useTabs": false,
  "vueIndentScriptAndStyle": false,
  "filepath": "/home/dathd/.config/Code/User/settings.json",
  "parser": "json"
}
["INFO" - 3:53:09 PM] Formatting completed in 0.059ms.
["INFO" - 3:53:10 PM] Formatting vscode-userdata:/home/dathd/.config/Code/User/settings.json
["INFO" - 3:53:10 PM] File Info:
{
  "ignored": false,
  "inferredParser": "json"
}
["INFO" - 3:53:10 PM] No local configuration (i.e. .prettierrc or .editorconfig) detected, falling back to VS Code configuration
["INFO" - 3:53:10 PM] Prettier Options:
{
  "arrowParens": "always",
  "bracketSpacing": true,
  "endOfLine": "lf",
  "htmlWhitespaceSensitivity": "css",
  "insertPragma": false,
  "jsxBracketSameLine": false,
  "jsxSingleQuote": false,
  "printWidth": 80,
  "proseWrap": "preserve",
  "quoteProps": "as-needed",
  "requirePragma": false,
  "semi": true,
  "singleQuote": false,
  "tabWidth": 2,
  "trailingComma": "es5",
  "useTabs": false,
  "vueIndentScriptAndStyle": false,
  "filepath": "/home/dathd/.config/Code/User/settings.json",
  "parser": "json"
}
["INFO" - 3:53:10 PM] Formatting completed in 0.023ms.
