[2022-03-14 22:14:25.728] [exthost] [info] Extension host with pid 62773 started
[2022-03-14 22:14:25.729] [exthost] [info] Skipping acquiring lock for /home/dathd/.config/Code/User/workspaceStorage/ed311ca9502d3cd1890a9ae3ce80411a.
[2022-03-14 22:14:26.113] [exthost] [info] ExtensionService#_doActivateExtension vscode.typescript-language-features, startup: false, activationEvent: 'onLanguage:typescriptreact'
[2022-03-14 22:14:26.170] [exthost] [info] ExtensionService#_doActivateExtension vscode.microsoft-authentication, startup: false, activationEvent: 'onAuthenticationRequest:microsoft'
[2022-03-14 22:14:26.275] [exthost] [info] ExtensionService#_doActivateExtension vscode.debug-auto-launch, startup: true, activationEvent: '*'
[2022-03-14 22:14:26.307] [exthost] [info] ExtensionService#_doActivateExtension vscode.git-base, startup: true, activationEvent: '*', root cause: vscode.github
[2022-03-14 22:14:26.322] [exthost] [info] ExtensionService#_doActivateExtension vscode.ipynb, startup: true, activationEvent: '*'
[2022-03-14 22:14:26.337] [exthost] [info] ExtensionService#_doActivateExtension christian-kohler.path-intellisense, startup: true, activationEvent: '*'
[2022-03-14 22:14:26.391] [exthost] [info] ExtensionService#_doActivateExtension CoenraadS.bracket-pair-colorizer, startup: true, activationEvent: '*'
[2022-03-14 22:14:26.444] [exthost] [info] ExtensionService#_doActivateExtension formulahendry.auto-close-tag, startup: true, activationEvent: '*'
[2022-03-14 22:14:26.462] [exthost] [info] ExtensionService#_doActivateExtension formulahendry.auto-rename-tag, startup: true, activationEvent: '*'
[2022-03-14 22:14:26.559] [exthost] [info] ExtensionService#_doActivateExtension naumovs.color-highlight, startup: true, activationEvent: '*'
[2022-03-14 22:14:26.590] [exthost] [info] ExtensionService#_doActivateExtension vscodevim.vim, startup: true, activationEvent: '*'
[2022-03-14 22:14:26.814] [exthost] [info] ExtensionService#_doActivateExtension vscode.npm, startup: true, activationEvent: 'workspaceContains:package.json'
[2022-03-14 22:14:32.607] [exthost] [info] ExtensionService#_doActivateExtension vscode.git, startup: true, activationEvent: '*'
[2022-03-14 22:14:32.758] [exthost] [info] ExtensionService#_doActivateExtension vscode.github, startup: true, activationEvent: '*'
[2022-03-14 22:14:33.706] [exthost] [info] Eager extensions activated
[2022-03-14 22:14:34.057] [exthost] [info] ExtensionService#_doActivateExtension vscode.github-authentication, startup: false, activationEvent: 'onAuthenticationRequest:github'
[2022-03-14 22:14:34.199] [exthost] [info] ExtensionService#_doActivateExtension vscode.emmet, startup: false, activationEvent: 'onStartupFinished'
[2022-03-14 22:14:34.207] [exthost] [info] ExtensionService#_doActivateExtension vscode.merge-conflict, startup: false, activationEvent: 'onStartupFinished'
[2022-03-14 22:14:34.210] [exthost] [info] ExtensionService#_doActivateExtension esbenp.prettier-vscode, startup: false, activationEvent: 'onStartupFinished'
[2022-03-14 22:14:35.056] [exthost] [info] ExtensionService#_doActivateExtension PKief.material-icon-theme, startup: false, activationEvent: 'onStartupFinished'
[2022-03-14 22:14:35.141] [exthost] [info] ExtensionService#_doActivateExtension zhuangtongfa.material-theme, startup: false, activationEvent: 'onStartupFinished'
[2022-03-14 22:15:05.207] [exthost] [info] ExtensionService#_doActivateExtension vscode.configuration-editing, startup: false, activationEvent: 'onLanguage:jsonc'
[2022-03-14 22:15:05.211] [exthost] [info] ExtensionService#_doActivateExtension vscode.json-language-features, startup: false, activationEvent: 'onLanguage:jsonc'
[2022-03-14 22:38:49.011] [exthost] [warning] TextEditor is closed/disposed
[2022-03-14 22:38:49.011] [exthost] [warning] TextEditor is closed/disposed
[2022-03-14 23:20:54.269] [exthost] [info] ExtensionService#_doActivateExtension vscode.debug-server-ready, startup: false, activationEvent: 'onDebugResolve'
[2022-03-14 23:41:48.040] [exthost] [warning] TextEditor is closed/disposed
[2022-03-14 23:41:48.040] [exthost] [warning] TextEditor is closed/disposed
[2022-03-14 23:41:50.458] [exthost] [warning] TextEditor is closed/disposed
[2022-03-14 23:41:50.458] [exthost] [warning] TextEditor is closed/disposed
[2022-03-14 23:41:50.498] [exthost] [warning] ExtHostTextEditorOptions 'setCursorStyle' failed:'
[2022-03-14 23:41:50.498] [exthost] [warning] {"name":"DISPOSED","message":"TextEditor(vs.editor.ICodeEditor:1,$model34) has been disposed"}
[2022-03-14 23:48:15.795] [exthost] [info] ExtensionService#_doActivateExtension dbaeumer.vscode-eslint, startup: false, activationEvent: 'onStartupFinished'
[2022-03-14 23:49:48.409] [exthost] [info] ExtensionService#_doActivateExtension bradlc.vscode-tailwindcss, startup: false, activationEvent: 'onStartupFinished'
[2022-03-14 23:55:16.656] [exthost] [warning] TextEditor is closed/disposed
[2022-03-14 23:55:16.656] [exthost] [warning] TextEditor is closed/disposed
[2022-03-14 23:55:16.699] [exthost] [warning] ExtHostTextEditorOptions 'setCursorStyle' failed:'
[2022-03-14 23:55:16.699] [exthost] [warning] {"name":"DISPOSED","message":"TextEditor(vs.editor.ICodeEditor:1,$model26) has been disposed"}
[2022-03-15 00:00:54.434] [exthost] [warning] TextEditor is closed/disposed
[2022-03-15 00:00:54.441] [exthost] [warning] TextEditor is closed/disposed
[2022-03-15 00:00:54.487] [exthost] [warning] ExtHostTextEditorOptions 'setCursorStyle' failed:'
[2022-03-15 00:00:54.487] [exthost] [warning] {"name":"DISPOSED","message":"TextEditor(vs.editor.ICodeEditor:4,$model26) has been disposed"}
[2022-03-15 00:01:48.919] [exthost] [warning] TextEditor is closed/disposed
[2022-03-15 00:01:48.919] [exthost] [warning] TextEditor is closed/disposed
[2022-03-15 00:01:48.957] [exthost] [warning] ExtHostTextEditorOptions 'setCursorStyle' failed:'
[2022-03-15 00:01:48.957] [exthost] [warning] {"name":"DISPOSED","message":"TextEditor(vs.editor.ICodeEditor:4,$model96) has been disposed"}
