[2022-03-15T00:18:22.517Z] Validating found git in: git
[2022-03-15T00:18:23.755Z] Using git 2.25.1 from git
[2022-03-15T00:18:23.979Z] > git rev-parse --git-dir [38ms]
[2022-03-15T00:18:24.090Z] Open repository: /home/dathd/Project/portfolio
[2022-03-15T00:18:24.796Z] > git symbolic-ref --short HEAD [356ms]
[2022-03-15T00:18:25.006Z] > git for-each-ref --format=%(refname)%00%(upstream:short)%00%(objectname)%00%(upstream:track) refs/heads/master refs/remotes/master [122ms]
[2022-03-15T00:18:25.111Z] > git remote --verbose [47ms]
[2022-03-15T00:18:25.112Z] > git for-each-ref --sort -committerdate --format %(refname) %(objectname) %(*objectname) [80ms]
[2022-03-15T00:18:25.399Z] > git config --get commit.template [145ms]
[2022-03-15T00:18:25.807Z] > git ls-files --stage -- /home/dathd/Project/portfolio/src/components/Spine.tsx [146ms]
[2022-03-15T00:18:25.860Z] > git ls-files --stage -- /home/dathd/Project/portfolio/src/components/Intro.tsx [251ms]
[2022-03-15T00:18:25.977Z] > git cat-file -s 66fb8d19c0a7fe372b5ba3dbfb3f9a84cb1f3eeb [117ms]
[2022-03-15T00:18:25.991Z] > git cat-file -s 0b9749a58f4ea9c581bf8ec5e0f6b6e0edacc3c0 [74ms]
[2022-03-15T00:22:05.662Z] > git symbolic-ref --short HEAD [11ms]
[2022-03-15T00:22:05.695Z] > git for-each-ref --format=%(refname)%00%(upstream:short)%00%(objectname)%00%(upstream:track) refs/heads/master refs/remotes/master [12ms]
[2022-03-15T00:22:05.754Z] > git remote --verbose [6ms]
[2022-03-15T00:22:05.756Z] > git for-each-ref --sort -committerdate --format %(refname) %(objectname) %(*objectname) [39ms]
[2022-03-15T00:22:05.776Z] > git config --get commit.template [1ms]
[2022-03-15T00:22:06.751Z] > git ls-files --stage -- /home/dathd/Project/portfolio/src/components/Intro.tsx [20ms]
[2022-03-15T00:22:06.769Z] > git ls-files --stage -- /home/dathd/Project/portfolio/src/components/Spine.tsx [21ms]
[2022-03-15T00:22:06.786Z] > git cat-file -s 0b9749a58f4ea9c581bf8ec5e0f6b6e0edacc3c0 [20ms]
[2022-03-15T00:22:06.811Z] > git cat-file -s 66fb8d19c0a7fe372b5ba3dbfb3f9a84cb1f3eeb [28ms]
[2022-03-15T00:24:09.304Z] > git ls-files --stage -- /home/dathd/Project/portfolio/src/components/Spine.tsx [30ms]
[2022-03-15T00:24:09.320Z] > git cat-file -s 66fb8d19c0a7fe372b5ba3dbfb3f9a84cb1f3eeb [4ms]
[2022-03-15T00:25:30.016Z] > git ls-files --stage -- /home/dathd/Project/portfolio/src/pages/index.tsx [21ms]
[2022-03-15T00:25:30.087Z] > git cat-file -s 9ccb62736ad0fed571e7f6138c3f38e041f14f54 [13ms]
[2022-03-15T00:25:31.229Z] > git ls-files --stage -- /home/dathd/Project/portfolio/src/hooks/useFramerMotion.ts [20ms]
[2022-03-15T00:25:31.283Z] > git cat-file -s 1d008e54497a5b04769eb4f63235ec2e0f0ef935 [41ms]
[2022-03-15T00:25:37.216Z] > git ls-files --stage -- /home/dathd/Project/portfolio/src/pages/index.tsx [11ms]
[2022-03-15T00:25:37.237Z] > git cat-file -s 9ccb62736ad0fed571e7f6138c3f38e041f14f54 [11ms]
[2022-03-15T00:25:51.830Z] > git symbolic-ref --short HEAD [2ms]
[2022-03-15T00:25:51.848Z] > git for-each-ref --format=%(refname)%00%(upstream:short)%00%(objectname)%00%(upstream:track) refs/heads/master refs/remotes/master [4ms]
[2022-03-15T00:25:51.879Z] > git for-each-ref --sort -committerdate --format %(refname) %(objectname) %(*objectname) [16ms]
[2022-03-15T00:25:51.879Z] > git remote --verbose [3ms]
[2022-03-15T00:25:51.908Z] > git config --get commit.template [4ms]
[2022-03-15T00:30:53.820Z] > git symbolic-ref --short HEAD [7ms]
[2022-03-15T00:30:53.849Z] > git for-each-ref --format=%(refname)%00%(upstream:short)%00%(objectname)%00%(upstream:track) refs/heads/master refs/remotes/master [11ms]
[2022-03-15T00:30:53.881Z] > git for-each-ref --sort -committerdate --format %(refname) %(objectname) %(*objectname) [16ms]
[2022-03-15T00:30:53.887Z] > git remote --verbose [9ms]
[2022-03-15T00:30:53.915Z] > git config --get commit.template [6ms]
[2022-03-15T00:30:58.966Z] > git symbolic-ref --short HEAD [5ms]
[2022-03-15T00:30:58.991Z] > git for-each-ref --format=%(refname)%00%(upstream:short)%00%(objectname)%00%(upstream:track) refs/heads/master refs/remotes/master [9ms]
[2022-03-15T00:30:59.020Z] > git for-each-ref --sort -committerdate --format %(refname) %(objectname) %(*objectname) [14ms]
[2022-03-15T00:30:59.021Z] > git remote --verbose [2ms]
[2022-03-15T00:30:59.049Z] > git config --get commit.template [6ms]
[2022-03-15T00:32:05.796Z] > git ls-files --stage -- /home/dathd/Project/portfolio/src/components/Intro.tsx [14ms]
[2022-03-15T00:32:05.849Z] > git cat-file -s 0b9749a58f4ea9c581bf8ec5e0f6b6e0edacc3c0 [5ms]
[2022-03-15T00:32:27.934Z] > git symbolic-ref --short HEAD [4ms]
[2022-03-15T00:32:27.955Z] > git for-each-ref --format=%(refname)%00%(upstream:short)%00%(objectname)%00%(upstream:track) refs/heads/master refs/remotes/master [3ms]
[2022-03-15T00:32:27.982Z] > git for-each-ref --sort -committerdate --format %(refname) %(objectname) %(*objectname) [12ms]
[2022-03-15T00:32:27.983Z] > git remote --verbose [2ms]
[2022-03-15T00:32:28.005Z] > git config --get commit.template [2ms]
[2022-03-15T00:32:35.422Z] > git symbolic-ref --short HEAD [37ms]
[2022-03-15T00:32:35.441Z] > git for-each-ref --format=%(refname)%00%(upstream:short)%00%(objectname)%00%(upstream:track) refs/heads/master refs/remotes/master [4ms]
[2022-03-15T00:32:35.473Z] > git for-each-ref --sort -committerdate --format %(refname) %(objectname) %(*objectname) [16ms]
[2022-03-15T00:32:35.485Z] > git remote --verbose [18ms]
[2022-03-15T00:32:35.515Z] > git config --get commit.template [11ms]
[2022-03-15T00:32:43.019Z] > git symbolic-ref --short HEAD [2ms]
[2022-03-15T00:32:43.031Z] > git for-each-ref --format=%(refname)%00%(upstream:short)%00%(objectname)%00%(upstream:track) refs/heads/master refs/remotes/master [3ms]
[2022-03-15T00:32:43.051Z] > git for-each-ref --sort -committerdate --format %(refname) %(objectname) %(*objectname) [11ms]
[2022-03-15T00:32:43.052Z] > git remote --verbose [2ms]
[2022-03-15T00:32:43.067Z] > git config --get commit.template [1ms]
[2022-03-15T01:07:07.325Z] > git symbolic-ref --short HEAD [3ms]
[2022-03-15T01:07:07.346Z] > git for-each-ref --format=%(refname)%00%(upstream:short)%00%(objectname)%00%(upstream:track) refs/heads/master refs/remotes/master [4ms]
[2022-03-15T01:07:07.378Z] > git for-each-ref --sort -committerdate --format %(refname) %(objectname) %(*objectname) [20ms]
[2022-03-15T01:07:07.379Z] > git remote --verbose [6ms]
[2022-03-15T01:07:07.395Z] > git config --get commit.template [1ms]
[2022-03-15T01:07:12.473Z] > git symbolic-ref --short HEAD [1ms]
[2022-03-15T01:07:12.483Z] > git for-each-ref --format=%(refname)%00%(upstream:short)%00%(objectname)%00%(upstream:track) refs/heads/master refs/remotes/master [2ms]
[2022-03-15T01:07:12.499Z] > git for-each-ref --sort -committerdate --format %(refname) %(objectname) %(*objectname) [9ms]
[2022-03-15T01:07:12.500Z] > git remote --verbose [2ms]
[2022-03-15T01:07:12.511Z] > git config --get commit.template [2ms]
[2022-03-15T01:23:05.991Z] > git symbolic-ref --short HEAD [5ms]
[2022-03-15T01:23:06.009Z] > git for-each-ref --format=%(refname)%00%(upstream:short)%00%(objectname)%00%(upstream:track) refs/heads/master refs/remotes/master [3ms]
[2022-03-15T01:23:06.025Z] > git for-each-ref --sort -committerdate --format %(refname) %(objectname) %(*objectname) [8ms]
[2022-03-15T01:23:06.026Z] > git remote --verbose [2ms]
[2022-03-15T01:23:06.046Z] > git config --get commit.template [8ms]
[2022-03-15T01:23:23.901Z] > git symbolic-ref --short HEAD [5ms]
[2022-03-15T01:23:23.915Z] > git for-each-ref --format=%(refname)%00%(upstream:short)%00%(objectname)%00%(upstream:track) refs/heads/master refs/remotes/master [2ms]
[2022-03-15T01:23:23.944Z] > git for-each-ref --sort -committerdate --format %(refname) %(objectname) %(*objectname) [16ms]
[2022-03-15T01:23:23.945Z] > git remote --verbose [2ms]
[2022-03-15T01:23:23.964Z] > git config --get commit.template [3ms]
[2022-03-15T01:23:37.706Z] > git symbolic-ref --short HEAD [3ms]
[2022-03-15T01:23:37.716Z] > git for-each-ref --format=%(refname)%00%(upstream:short)%00%(objectname)%00%(upstream:track) refs/heads/master refs/remotes/master [2ms]
[2022-03-15T01:23:37.736Z] > git for-each-ref --sort -committerdate --format %(refname) %(objectname) %(*objectname) [10ms]
[2022-03-15T01:23:37.736Z] > git remote --verbose [3ms]
[2022-03-15T01:23:37.750Z] > git config --get commit.template [2ms]
[2022-03-15T01:23:41.357Z] > git log --format=%H%n%aN%n%aE%n%at%n%ct%n%P%n%B -z -n21 -- /home/dathd/Project/portfolio/src/components/Intro.tsx [6ms]
[2022-03-15T01:24:38.588Z] > git ls-files --stage -- /home/dathd/Project/portfolio/src/pages/index.tsx [9ms]
[2022-03-15T01:24:38.609Z] > git cat-file -s 9ccb62736ad0fed571e7f6138c3f38e041f14f54 [4ms]
[2022-03-15T01:24:45.012Z] > git symbolic-ref --short HEAD [2ms]
[2022-03-15T01:24:45.022Z] > git for-each-ref --format=%(refname)%00%(upstream:short)%00%(objectname)%00%(upstream:track) refs/heads/master refs/remotes/master [1ms]
[2022-03-15T01:24:45.041Z] > git for-each-ref --sort -committerdate --format %(refname) %(objectname) %(*objectname) [10ms]
[2022-03-15T01:24:45.042Z] > git remote --verbose [2ms]
[2022-03-15T01:24:45.055Z] > git config --get commit.template [3ms]
[2022-03-15T01:24:59.033Z] > git symbolic-ref --short HEAD [3ms]
[2022-03-15T01:24:59.044Z] > git for-each-ref --format=%(refname)%00%(upstream:short)%00%(objectname)%00%(upstream:track) refs/heads/master refs/remotes/master [2ms]
[2022-03-15T01:24:59.066Z] > git for-each-ref --sort -committerdate --format %(refname) %(objectname) %(*objectname) [11ms]
[2022-03-15T01:24:59.067Z] > git remote --verbose [2ms]
[2022-03-15T01:24:59.079Z] > git config --get commit.template [2ms]
[2022-03-15T01:25:04.806Z] > git symbolic-ref --short HEAD [2ms]
[2022-03-15T01:25:04.816Z] > git for-each-ref --format=%(refname)%00%(upstream:short)%00%(objectname)%00%(upstream:track) refs/heads/master refs/remotes/master [2ms]
[2022-03-15T01:25:04.839Z] > git for-each-ref --sort -committerdate --format %(refname) %(objectname) %(*objectname) [14ms]
[2022-03-15T01:25:04.840Z] > git remote --verbose [3ms]
[2022-03-15T01:25:04.857Z] > git config --get commit.template [3ms]
[2022-03-15T01:26:05.063Z] > git symbolic-ref --short HEAD [6ms]
[2022-03-15T01:26:05.085Z] > git for-each-ref --format=%(refname)%00%(upstream:short)%00%(objectname)%00%(upstream:track) refs/heads/master refs/remotes/master [4ms]
[2022-03-15T01:26:05.121Z] > git for-each-ref --sort -committerdate --format %(refname) %(objectname) %(*objectname) [21ms]
[2022-03-15T01:26:05.123Z] > git remote --verbose [5ms]
[2022-03-15T01:26:05.148Z] > git config --get commit.template [4ms]
[2022-03-15T01:26:18.065Z] > git symbolic-ref --short HEAD [10ms]
[2022-03-15T01:26:18.084Z] > git for-each-ref --format=%(refname)%00%(upstream:short)%00%(objectname)%00%(upstream:track) refs/heads/master refs/remotes/master [4ms]
[2022-03-15T01:26:18.112Z] > git for-each-ref --sort -committerdate --format %(refname) %(objectname) %(*objectname) [15ms]
[2022-03-15T01:26:18.113Z] > git remote --verbose [3ms]
[2022-03-15T01:26:18.135Z] > git config --get commit.template [7ms]
[2022-03-15T01:26:31.222Z] > git log --format=%H%n%aN%n%aE%n%at%n%ct%n%P%n%B -z -n21 -- /home/dathd/Project/portfolio/src/pages/index.tsx [26ms]
[2022-03-15T01:26:31.229Z] > git log --format=%H%n%aN%n%aE%n%at%n%ct%n%P%n%B -z -n41 -- /home/dathd/Project/portfolio/src/pages/index.tsx [17ms]
[2022-03-15T01:26:33.837Z] > git ls-files --stage -- /home/dathd/Project/portfolio/src/components/Wrapper.tsx [7ms]
[2022-03-15T01:26:33.850Z] > git cat-file -s 9fd83922042676f26689f7dadd01bb01f6f3da8e [3ms]
[2022-03-15T01:27:18.065Z] > git symbolic-ref --short HEAD [2ms]
[2022-03-15T01:27:18.075Z] > git for-each-ref --format=%(refname)%00%(upstream:short)%00%(objectname)%00%(upstream:track) refs/heads/master refs/remotes/master [2ms]
[2022-03-15T01:27:18.094Z] > git for-each-ref --sort -committerdate --format %(refname) %(objectname) %(*objectname) [10ms]
[2022-03-15T01:27:18.095Z] > git remote --verbose [3ms]
[2022-03-15T01:27:18.114Z] > git config --get commit.template [3ms]
[2022-03-15T01:28:33.637Z] > git symbolic-ref --short HEAD [1ms]
[2022-03-15T01:28:33.647Z] > git for-each-ref --format=%(refname)%00%(upstream:short)%00%(objectname)%00%(upstream:track) refs/heads/master refs/remotes/master [2ms]
[2022-03-15T01:28:33.663Z] > git for-each-ref --sort -committerdate --format %(refname) %(objectname) %(*objectname) [8ms]
[2022-03-15T01:28:33.664Z] > git remote --verbose [2ms]
[2022-03-15T01:28:33.676Z] > git config --get commit.template [1ms]
[2022-03-15T01:29:33.709Z] > git symbolic-ref --short HEAD [8ms]
[2022-03-15T01:29:33.723Z] > git for-each-ref --format=%(refname)%00%(upstream:short)%00%(objectname)%00%(upstream:track) refs/heads/master refs/remotes/master [3ms]
[2022-03-15T01:29:33.746Z] > git for-each-ref --sort -committerdate --format %(refname) %(objectname) %(*objectname) [13ms]
[2022-03-15T01:29:33.747Z] > git remote --verbose [3ms]
[2022-03-15T01:29:33.763Z] > git config --get commit.template [2ms]
[2022-03-15T01:30:55.339Z] > git ls-files --stage -- /home/dathd/Project/portfolio/src/components/Intro.tsx [8ms]
[2022-03-15T01:30:55.356Z] > git cat-file -s 0b9749a58f4ea9c581bf8ec5e0f6b6e0edacc3c0 [5ms]
[2022-03-15T01:37:59.861Z] > git symbolic-ref --short HEAD [6ms]
[2022-03-15T01:37:59.879Z] > git for-each-ref --format=%(refname)%00%(upstream:short)%00%(objectname)%00%(upstream:track) refs/heads/master refs/remotes/master [3ms]
[2022-03-15T01:37:59.903Z] > git remote --verbose [2ms]
[2022-03-15T01:37:59.903Z] > git for-each-ref --sort -committerdate --format %(refname) %(objectname) %(*objectname) [13ms]
[2022-03-15T01:37:59.924Z] > git config --get commit.template [2ms]
[2022-03-15T01:38:07.176Z] > git ls-files --stage -- /home/dathd/Project/portfolio/src/pages/index.tsx [15ms]
[2022-03-15T01:38:07.203Z] > git cat-file -s 9ccb62736ad0fed571e7f6138c3f38e041f14f54 [5ms]
[2022-03-15T01:38:11.314Z] > git ls-files --stage -- /home/dathd/Project/portfolio/src/components/Biz.tsx [26ms]
[2022-03-15T01:38:54.535Z] > git symbolic-ref --short HEAD [2ms]
[2022-03-15T01:38:54.546Z] > git for-each-ref --format=%(refname)%00%(upstream:short)%00%(objectname)%00%(upstream:track) refs/heads/master refs/remotes/master [1ms]
[2022-03-15T01:38:54.569Z] > git for-each-ref --sort -committerdate --format %(refname) %(objectname) %(*objectname) [12ms]
[2022-03-15T01:38:54.569Z] > git remote --verbose [1ms]
[2022-03-15T01:38:54.584Z] > git config --get commit.template [1ms]
[2022-03-15T01:38:56.206Z] > git ls-files --stage -- /home/dathd/Project/portfolio/src/pages/index.tsx [10ms]
[2022-03-15T01:38:56.219Z] > git cat-file -s 9ccb62736ad0fed571e7f6138c3f38e041f14f54 [2ms]
[2022-03-15T01:38:59.988Z] > git symbolic-ref --short HEAD [3ms]
[2022-03-15T01:39:00.000Z] > git for-each-ref --format=%(refname)%00%(upstream:short)%00%(objectname)%00%(upstream:track) refs/heads/master refs/remotes/master [4ms]
[2022-03-15T01:39:00.023Z] > git for-each-ref --sort -committerdate --format %(refname) %(objectname) %(*objectname) [13ms]
[2022-03-15T01:39:00.023Z] > git remote --verbose [1ms]
[2022-03-15T01:39:00.038Z] > git config --get commit.template [2ms]
[2022-03-15T01:39:24.421Z] > git symbolic-ref --short HEAD [21ms]
[2022-03-15T01:39:24.462Z] > git for-each-ref --format=%(refname)%00%(upstream:short)%00%(objectname)%00%(upstream:track) refs/heads/master refs/remotes/master [4ms]
[2022-03-15T01:39:24.506Z] > git remote --verbose [11ms]
[2022-03-15T01:39:24.507Z] > git for-each-ref --sort -committerdate --format %(refname) %(objectname) %(*objectname) [26ms]
[2022-03-15T01:39:24.591Z] > git config --get commit.template [39ms]
[2022-03-15T01:39:29.686Z] > git symbolic-ref --short HEAD [4ms]
[2022-03-15T01:39:29.701Z] > git for-each-ref --format=%(refname)%00%(upstream:short)%00%(objectname)%00%(upstream:track) refs/heads/master refs/remotes/master [2ms]
[2022-03-15T01:39:29.723Z] > git for-each-ref --sort -committerdate --format %(refname) %(objectname) %(*objectname) [13ms]
[2022-03-15T01:39:29.724Z] > git remote --verbose [2ms]
[2022-03-15T01:39:29.740Z] > git config --get commit.template [3ms]
[2022-03-15T01:39:34.785Z] > git symbolic-ref --short HEAD [4ms]
[2022-03-15T01:39:34.805Z] > git for-each-ref --format=%(refname)%00%(upstream:short)%00%(objectname)%00%(upstream:track) refs/heads/master refs/remotes/master [3ms]
[2022-03-15T01:39:34.827Z] > git for-each-ref --sort -committerdate --format %(refname) %(objectname) %(*objectname) [12ms]
[2022-03-15T01:39:34.827Z] > git remote --verbose [1ms]
[2022-03-15T01:39:34.843Z] > git config --get commit.template [2ms]
[2022-03-15T01:40:08.366Z] > git symbolic-ref --short HEAD [4ms]
[2022-03-15T01:40:08.382Z] > git for-each-ref --format=%(refname)%00%(upstream:short)%00%(objectname)%00%(upstream:track) refs/heads/master refs/remotes/master [3ms]
[2022-03-15T01:40:08.416Z] > git for-each-ref --sort -committerdate --format %(refname) %(objectname) %(*objectname) [20ms]
[2022-03-15T01:40:08.417Z] > git remote --verbose [3ms]
[2022-03-15T01:40:08.438Z] > git config --get commit.template [2ms]
[2022-03-15T01:42:46.406Z] > git symbolic-ref --short HEAD [5ms]
[2022-03-15T01:42:46.422Z] > git for-each-ref --format=%(refname)%00%(upstream:short)%00%(objectname)%00%(upstream:track) refs/heads/master refs/remotes/master [3ms]
[2022-03-15T01:42:46.446Z] > git for-each-ref --sort -committerdate --format %(refname) %(objectname) %(*objectname) [13ms]
[2022-03-15T01:42:46.450Z] > git remote --verbose [6ms]
[2022-03-15T01:42:46.466Z] > git config --get commit.template [2ms]
[2022-03-15T01:43:00.873Z] > git symbolic-ref --short HEAD [4ms]
[2022-03-15T01:43:00.900Z] > git for-each-ref --format=%(refname)%00%(upstream:short)%00%(objectname)%00%(upstream:track) refs/heads/master refs/remotes/master [8ms]
[2022-03-15T01:43:00.957Z] > git for-each-ref --sort -committerdate --format %(refname) %(objectname) %(*objectname) [22ms]
[2022-03-15T01:43:00.958Z] > git remote --verbose [13ms]
[2022-03-15T01:43:00.983Z] > git config --get commit.template [5ms]
[2022-03-15T01:44:00.992Z] > git symbolic-ref --short HEAD [2ms]
[2022-03-15T01:44:01.054Z] > git for-each-ref --format=%(refname)%00%(upstream:short)%00%(objectname)%00%(upstream:track) refs/heads/master refs/remotes/master [18ms]
[2022-03-15T01:44:01.110Z] > git for-each-ref --sort -committerdate --format %(refname) %(objectname) %(*objectname) [17ms]
[2022-03-15T01:44:01.123Z] > git remote --verbose [16ms]
[2022-03-15T01:44:01.146Z] > git config --get commit.template [3ms]
[2022-03-15T01:44:31.417Z] > git symbolic-ref --short HEAD [14ms]
[2022-03-15T01:44:31.467Z] > git for-each-ref --format=%(refname)%00%(upstream:short)%00%(objectname)%00%(upstream:track) refs/heads/master refs/remotes/master [11ms]
[2022-03-15T01:44:31.501Z] > git for-each-ref --sort -committerdate --format %(refname) %(objectname) %(*objectname) [16ms]
[2022-03-15T01:44:31.502Z] > git remote --verbose [4ms]
[2022-03-15T01:44:31.520Z] > git config --get commit.template [3ms]
[2022-03-15T01:44:51.138Z] > git symbolic-ref --short HEAD [2ms]
[2022-03-15T01:44:51.148Z] > git for-each-ref --format=%(refname)%00%(upstream:short)%00%(objectname)%00%(upstream:track) refs/heads/master refs/remotes/master [2ms]
[2022-03-15T01:44:51.162Z] > git for-each-ref --sort -committerdate --format %(refname) %(objectname) %(*objectname) [7ms]
[2022-03-15T01:44:51.163Z] > git remote --verbose [2ms]
[2022-03-15T01:44:51.175Z] > git config --get commit.template [1ms]
[2022-03-15T01:45:32.753Z] > git symbolic-ref --short HEAD [2ms]
[2022-03-15T01:45:32.770Z] > git for-each-ref --format=%(refname)%00%(upstream:short)%00%(objectname)%00%(upstream:track) refs/heads/master refs/remotes/master [1ms]
[2022-03-15T01:45:32.793Z] > git for-each-ref --sort -committerdate --format %(refname) %(objectname) %(*objectname) [15ms]
[2022-03-15T01:45:32.803Z] > git remote --verbose [12ms]
[2022-03-15T01:45:32.822Z] > git config --get commit.template [1ms]
[2022-03-15T01:45:54.041Z] > git symbolic-ref --short HEAD [1ms]
[2022-03-15T01:45:54.057Z] > git for-each-ref --format=%(refname)%00%(upstream:short)%00%(objectname)%00%(upstream:track) refs/heads/master refs/remotes/master [3ms]
[2022-03-15T01:45:54.085Z] > git for-each-ref --sort -committerdate --format %(refname) %(objectname) %(*objectname) [14ms]
[2022-03-15T01:45:54.086Z] > git remote --verbose [4ms]
[2022-03-15T01:45:54.104Z] > git config --get commit.template [2ms]
[2022-03-15T01:48:27.865Z] > git ls-files --stage -- /home/dathd/Project/portfolio/src/styles/home.scss [60ms]
[2022-03-15T01:48:27.892Z] > git cat-file -s 92f8cb3f2035a86fc1321aa525ff893192e7837e [3ms]
[2022-03-15T01:50:27.191Z] > git symbolic-ref --short HEAD [1ms]
[2022-03-15T01:50:27.206Z] > git for-each-ref --format=%(refname)%00%(upstream:short)%00%(objectname)%00%(upstream:track) refs/heads/master refs/remotes/master [3ms]
[2022-03-15T01:50:27.229Z] > git for-each-ref --sort -committerdate --format %(refname) %(objectname) %(*objectname) [13ms]
[2022-03-15T01:50:27.231Z] > git remote --verbose [4ms]
[2022-03-15T01:50:27.247Z] > git config --get commit.template [1ms]
[2022-03-15T01:50:38.946Z] > git symbolic-ref --short HEAD [3ms]
[2022-03-15T01:50:38.967Z] > git for-each-ref --format=%(refname)%00%(upstream:short)%00%(objectname)%00%(upstream:track) refs/heads/master refs/remotes/master [1ms]
[2022-03-15T01:50:38.987Z] > git for-each-ref --sort -committerdate --format %(refname) %(objectname) %(*objectname) [10ms]
[2022-03-15T01:50:38.988Z] > git remote --verbose [2ms]
[2022-03-15T01:50:39.005Z] > git config --get commit.template [2ms]
[2022-03-15T01:50:44.090Z] > git symbolic-ref --short HEAD [2ms]
[2022-03-15T01:50:44.105Z] > git for-each-ref --format=%(refname)%00%(upstream:short)%00%(objectname)%00%(upstream:track) refs/heads/master refs/remotes/master [3ms]
[2022-03-15T01:50:44.129Z] > git for-each-ref --sort -committerdate --format %(refname) %(objectname) %(*objectname) [13ms]
[2022-03-15T01:50:44.130Z] > git remote --verbose [3ms]
[2022-03-15T01:50:44.142Z] > git config --get commit.template [1ms]
[2022-03-15T01:51:32.281Z] > git symbolic-ref --short HEAD [3ms]
[2022-03-15T01:51:32.297Z] > git for-each-ref --format=%(refname)%00%(upstream:short)%00%(objectname)%00%(upstream:track) refs/heads/master refs/remotes/master [3ms]
[2022-03-15T01:51:32.323Z] > git for-each-ref --sort -committerdate --format %(refname) %(objectname) %(*objectname) [14ms]
[2022-03-15T01:51:32.324Z] > git remote --verbose [2ms]
[2022-03-15T01:51:32.342Z] > git config --get commit.template [2ms]
[2022-03-15T01:52:07.835Z] > git symbolic-ref --short HEAD [2ms]
[2022-03-15T01:52:07.846Z] > git for-each-ref --format=%(refname)%00%(upstream:short)%00%(objectname)%00%(upstream:track) refs/heads/master refs/remotes/master [1ms]
[2022-03-15T01:52:07.862Z] > git remote --verbose [2ms]
[2022-03-15T01:52:07.862Z] > git for-each-ref --sort -committerdate --format %(refname) %(objectname) %(*objectname) [8ms]
[2022-03-15T01:52:07.873Z] > git config --get commit.template [2ms]
[2022-03-15T01:52:19.931Z] > git symbolic-ref --short HEAD [2ms]
[2022-03-15T01:52:19.950Z] > git for-each-ref --format=%(refname)%00%(upstream:short)%00%(objectname)%00%(upstream:track) refs/heads/master refs/remotes/master [10ms]
[2022-03-15T01:52:19.981Z] > git for-each-ref --sort -committerdate --format %(refname) %(objectname) %(*objectname) [17ms]
[2022-03-15T01:52:19.985Z] > git remote --verbose [6ms]
[2022-03-15T01:52:20.006Z] > git config --get commit.template [6ms]
[2022-03-15T01:52:25.125Z] > git symbolic-ref --short HEAD [5ms]
[2022-03-15T01:52:25.144Z] > git for-each-ref --format=%(refname)%00%(upstream:short)%00%(objectname)%00%(upstream:track) refs/heads/master refs/remotes/master [3ms]
[2022-03-15T01:52:25.171Z] > git for-each-ref --sort -committerdate --format %(refname) %(objectname) %(*objectname) [10ms]
[2022-03-15T01:52:25.171Z] > git remote --verbose [2ms]
[2022-03-15T01:52:25.196Z] > git config --get commit.template [4ms]
[2022-03-15T01:53:09.918Z] > git symbolic-ref --short HEAD [2ms]
[2022-03-15T01:53:09.931Z] > git for-each-ref --format=%(refname)%00%(upstream:short)%00%(objectname)%00%(upstream:track) refs/heads/master refs/remotes/master [2ms]
[2022-03-15T01:53:09.956Z] > git for-each-ref --sort -committerdate --format %(refname) %(objectname) %(*objectname) [14ms]
[2022-03-15T01:53:09.956Z] > git remote --verbose [5ms]
[2022-03-15T01:53:09.971Z] > git config --get commit.template [2ms]
[2022-03-15T01:53:52.780Z] > git symbolic-ref --short HEAD [2ms]
[2022-03-15T01:53:52.792Z] > git for-each-ref --format=%(refname)%00%(upstream:short)%00%(objectname)%00%(upstream:track) refs/heads/master refs/remotes/master [2ms]
[2022-03-15T01:53:52.821Z] > git remote --verbose [3ms]
[2022-03-15T01:53:52.822Z] > git for-each-ref --sort -committerdate --format %(refname) %(objectname) %(*objectname) [16ms]
[2022-03-15T01:53:52.841Z] > git config --get commit.template [7ms]
[2022-03-15T01:53:57.885Z] > git symbolic-ref --short HEAD [1ms]
[2022-03-15T01:53:57.899Z] > git for-each-ref --format=%(refname)%00%(upstream:short)%00%(objectname)%00%(upstream:track) refs/heads/master refs/remotes/master [2ms]
[2022-03-15T01:53:57.936Z] > git for-each-ref --sort -committerdate --format %(refname) %(objectname) %(*objectname) [21ms]
[2022-03-15T01:53:57.937Z] > git remote --verbose [9ms]
[2022-03-15T01:53:57.963Z] > git config --get commit.template [10ms]
[2022-03-15T01:54:45.566Z] > git log --format=%H%n%aN%n%aE%n%at%n%ct%n%P%n%B -z -n21 -- /home/dathd/Project/portfolio/src/styles/home.scss [10ms]
[2022-03-15T01:54:50.147Z] > git ls-files --stage -- /home/dathd/Project/portfolio/src/styles/globals.scss [2ms]
[2022-03-15T01:54:50.166Z] > git cat-file -s b684d37d2286b5cac234e497ee437f7e73c6afe2 [2ms]
[2022-03-15T01:55:29.275Z] > git symbolic-ref --short HEAD [4ms]
[2022-03-15T01:55:29.296Z] > git for-each-ref --format=%(refname)%00%(upstream:short)%00%(objectname)%00%(upstream:track) refs/heads/master refs/remotes/master [3ms]
[2022-03-15T01:55:29.328Z] > git for-each-ref --sort -committerdate --format %(refname) %(objectname) %(*objectname) [18ms]
[2022-03-15T01:55:29.328Z] > git remote --verbose [4ms]
[2022-03-15T01:55:29.348Z] > git config --get commit.template [2ms]
[2022-03-15T01:55:53.918Z] > git symbolic-ref --short HEAD [9ms]
[2022-03-15T01:55:53.947Z] > git for-each-ref --format=%(refname)%00%(upstream:short)%00%(objectname)%00%(upstream:track) refs/heads/master refs/remotes/master [5ms]
[2022-03-15T01:55:54.001Z] > git for-each-ref --sort -committerdate --format %(refname) %(objectname) %(*objectname) [34ms]
[2022-03-15T01:55:54.005Z] > git remote --verbose [6ms]
[2022-03-15T01:55:54.031Z] > git config --get commit.template [3ms]
[2022-03-15T01:59:29.113Z] > git ls-files --stage -- /home/dathd/Project/portfolio/src/components/Intro.tsx [22ms]
[2022-03-15T01:59:29.129Z] > git cat-file -s 0b9749a58f4ea9c581bf8ec5e0f6b6e0edacc3c0 [2ms]
[2022-03-15T01:59:54.229Z] > git ls-files --stage -- /home/dathd/Project/portfolio/src/components/Biz.tsx [29ms]
[2022-03-15T02:01:29.223Z] > git ls-files --stage -- /home/dathd/Project/portfolio/src/components/Biz.tsx [36ms]
[2022-03-15T02:01:41.934Z] > git symbolic-ref --short HEAD [22ms]
[2022-03-15T02:01:41.973Z] > git for-each-ref --format=%(refname)%00%(upstream:short)%00%(objectname)%00%(upstream:track) refs/heads/master refs/remotes/master [18ms]
[2022-03-15T02:01:42.068Z] > git remote --verbose [52ms]
[2022-03-15T02:01:42.069Z] > git for-each-ref --sort -committerdate --format %(refname) %(objectname) %(*objectname) [82ms]
[2022-03-15T02:01:42.151Z] > git config --get commit.template [38ms]
[2022-03-15T02:02:13.308Z] > git symbolic-ref --short HEAD [2ms]
[2022-03-15T02:02:13.330Z] > git for-each-ref --format=%(refname)%00%(upstream:short)%00%(objectname)%00%(upstream:track) refs/heads/master refs/remotes/master [5ms]
[2022-03-15T02:02:13.376Z] > git for-each-ref --sort -committerdate --format %(refname) %(objectname) %(*objectname) [27ms]
[2022-03-15T02:02:13.376Z] > git remote --verbose [3ms]
[2022-03-15T02:02:13.408Z] > git config --get commit.template [4ms]
[2022-03-15T02:03:01.698Z] > git symbolic-ref --short HEAD [10ms]
[2022-03-15T02:03:01.713Z] > git for-each-ref --format=%(refname)%00%(upstream:short)%00%(objectname)%00%(upstream:track) refs/heads/master refs/remotes/master [2ms]
[2022-03-15T02:03:01.733Z] > git for-each-ref --sort -committerdate --format %(refname) %(objectname) %(*objectname) [11ms]
[2022-03-15T02:03:01.734Z] > git remote --verbose [3ms]
[2022-03-15T02:03:01.746Z] > git config --get commit.template [1ms]
[2022-03-15T02:09:19.291Z] > git symbolic-ref --short HEAD [2ms]
[2022-03-15T02:09:19.315Z] > git for-each-ref --format=%(refname)%00%(upstream:short)%00%(objectname)%00%(upstream:track) refs/heads/master refs/remotes/master [4ms]
[2022-03-15T02:09:19.357Z] > git for-each-ref --sort -committerdate --format %(refname) %(objectname) %(*objectname) [22ms]
[2022-03-15T02:09:19.358Z] > git remote --verbose [3ms]
[2022-03-15T02:09:19.378Z] > git config --get commit.template [2ms]
[2022-03-15T02:10:34.665Z] > git symbolic-ref --short HEAD [3ms]
[2022-03-15T02:10:34.682Z] > git for-each-ref --format=%(refname)%00%(upstream:short)%00%(objectname)%00%(upstream:track) refs/heads/master refs/remotes/master [2ms]
[2022-03-15T02:10:34.716Z] > git for-each-ref --sort -committerdate --format %(refname) %(objectname) %(*objectname) [17ms]
[2022-03-15T02:10:34.717Z] > git remote --verbose [2ms]
[2022-03-15T02:10:34.736Z] > git config --get commit.template [3ms]
[2022-03-15T02:11:00.464Z] > git ls-files --stage -- /home/dathd/Project/portfolio/src/styles/globals.scss [27ms]
[2022-03-15T02:11:00.480Z] > git cat-file -s b684d37d2286b5cac234e497ee437f7e73c6afe2 [3ms]
[2022-03-15T02:11:24.743Z] > git ls-files --stage -- /home/dathd/Project/portfolio/src/components/Biz.tsx [71ms]
[2022-03-15T02:11:34.824Z] > git symbolic-ref --short HEAD [3ms]
[2022-03-15T02:11:34.844Z] > git for-each-ref --format=%(refname)%00%(upstream:short)%00%(objectname)%00%(upstream:track) refs/heads/master refs/remotes/master [3ms]
[2022-03-15T02:11:34.882Z] > git for-each-ref --sort -committerdate --format %(refname) %(objectname) %(*objectname) [19ms]
[2022-03-15T02:11:34.883Z] > git remote --verbose [4ms]
[2022-03-15T02:11:34.906Z] > git config --get commit.template [3ms]
[2022-03-15T10:15:18.421Z] > git symbolic-ref --short HEAD [4ms]
[2022-03-15T10:15:18.443Z] > git for-each-ref --format=%(refname)%00%(upstream:short)%00%(objectname)%00%(upstream:track) refs/heads/master refs/remotes/master [3ms]
[2022-03-15T10:15:18.478Z] > git remote --verbose [5ms]
[2022-03-15T10:15:18.479Z] > git for-each-ref --sort -committerdate --format %(refname) %(objectname) %(*objectname) [22ms]
[2022-03-15T10:15:18.509Z] > git config --get commit.template [4ms]
[2022-03-15T10:15:23.549Z] > git symbolic-ref --short HEAD [3ms]
[2022-03-15T10:15:23.567Z] > git for-each-ref --format=%(refname)%00%(upstream:short)%00%(objectname)%00%(upstream:track) refs/heads/master refs/remotes/master [3ms]
[2022-03-15T10:15:23.597Z] > git for-each-ref --sort -committerdate --format %(refname) %(objectname) %(*objectname) [15ms]
[2022-03-15T10:15:23.598Z] > git remote --verbose [3ms]
[2022-03-15T10:15:23.633Z] > git config --get commit.template [3ms]
[2022-03-15T10:15:34.562Z] > git ls-files --stage -- /home/dathd/Project/portfolio/src/pages/index.tsx [8ms]
[2022-03-15T10:15:34.601Z] > git cat-file -s 9ccb62736ad0fed571e7f6138c3f38e041f14f54 [17ms]
[2022-03-15T10:15:44.828Z] > git symbolic-ref --short HEAD [8ms]
[2022-03-15T10:15:44.865Z] > git for-each-ref --format=%(refname)%00%(upstream:short)%00%(objectname)%00%(upstream:track) refs/heads/master refs/remotes/master [10ms]
[2022-03-15T10:15:44.916Z] > git remote --verbose [1ms]
[2022-03-15T10:15:44.917Z] > git for-each-ref --sort -committerdate --format %(refname) %(objectname) %(*objectname) [29ms]
[2022-03-15T10:15:44.945Z] > git config --get commit.template [6ms]
[2022-03-15T10:16:03.962Z] > git symbolic-ref --short HEAD [4ms]
[2022-03-15T10:16:03.990Z] > git for-each-ref --format=%(refname)%00%(upstream:short)%00%(objectname)%00%(upstream:track) refs/heads/master refs/remotes/master [9ms]
[2022-03-15T10:16:04.042Z] > git for-each-ref --sort -committerdate --format %(refname) %(objectname) %(*objectname) [31ms]
[2022-03-15T10:16:04.047Z] > git remote --verbose [11ms]
[2022-03-15T10:16:04.082Z] > git config --get commit.template [4ms]
[2022-03-15T10:16:13.370Z] > git ls-files --stage -- /home/dathd/Project/portfolio/src/components/Biz.tsx [28ms]
[2022-03-15T10:16:56.201Z] > git symbolic-ref --short HEAD [9ms]
[2022-03-15T10:16:56.241Z] > git for-each-ref --format=%(refname)%00%(upstream:short)%00%(objectname)%00%(upstream:track) refs/heads/master refs/remotes/master [3ms]
[2022-03-15T10:16:56.287Z] > git for-each-ref --sort -committerdate --format %(refname) %(objectname) %(*objectname) [20ms]
[2022-03-15T10:16:56.295Z] > git remote --verbose [10ms]
[2022-03-15T10:16:56.342Z] > git config --get commit.template [4ms]
[2022-03-15T10:17:54.722Z] > git ls-files --stage -- /home/dathd/Project/portfolio/src/components/Intro.tsx [23ms]
[2022-03-15T10:17:54.750Z] > git cat-file -s 0b9749a58f4ea9c581bf8ec5e0f6b6e0edacc3c0 [4ms]
[2022-03-15T10:20:27.716Z] > git symbolic-ref --short HEAD [1ms]
[2022-03-15T10:20:27.751Z] > git for-each-ref --format=%(refname)%00%(upstream:short)%00%(objectname)%00%(upstream:track) refs/heads/master refs/remotes/master [2ms]
[2022-03-15T10:20:27.801Z] > git for-each-ref --sort -committerdate --format %(refname) %(objectname) %(*objectname) [25ms]
[2022-03-15T10:20:27.802Z] > git remote --verbose [3ms]
[2022-03-15T10:20:27.830Z] > git config --get commit.template [6ms]
[2022-03-15T10:20:41.797Z] > git ls-files --stage -- /home/dathd/Project/portfolio/src/pages/index.tsx [9ms]
[2022-03-15T10:20:41.817Z] > git cat-file -s 9ccb62736ad0fed571e7f6138c3f38e041f14f54 [6ms]
[2022-03-15T10:20:58.775Z] > git symbolic-ref --short HEAD [3ms]
[2022-03-15T10:20:58.794Z] > git for-each-ref --format=%(refname)%00%(upstream:short)%00%(objectname)%00%(upstream:track) refs/heads/master refs/remotes/master [3ms]
[2022-03-15T10:20:58.839Z] > git for-each-ref --sort -committerdate --format %(refname) %(objectname) %(*objectname) [23ms]
[2022-03-15T10:20:58.842Z] > git remote --verbose [4ms]
[2022-03-15T10:20:58.868Z] > git config --get commit.template [2ms]
[2022-03-15T10:21:03.920Z] > git symbolic-ref --short HEAD [2ms]
[2022-03-15T10:21:03.943Z] > git for-each-ref --format=%(refname)%00%(upstream:short)%00%(objectname)%00%(upstream:track) refs/heads/master refs/remotes/master [3ms]
[2022-03-15T10:21:03.976Z] > git for-each-ref --sort -committerdate --format %(refname) %(objectname) %(*objectname) [17ms]
[2022-03-15T10:21:03.977Z] > git remote --verbose [2ms]
[2022-03-15T10:21:04.006Z] > git config --get commit.template [3ms]
[2022-03-15T10:23:04.297Z] > git ls-files --stage -- /home/dathd/Project/portfolio/src/components/Intro.tsx [17ms]
[2022-03-15T10:23:04.330Z] > git cat-file -s 0b9749a58f4ea9c581bf8ec5e0f6b6e0edacc3c0 [9ms]
[2022-03-15T10:23:58.698Z] > git symbolic-ref --short HEAD [5ms]
[2022-03-15T10:23:58.722Z] > git for-each-ref --format=%(refname)%00%(upstream:short)%00%(objectname)%00%(upstream:track) refs/heads/master refs/remotes/master [3ms]
[2022-03-15T10:23:58.767Z] > git for-each-ref --sort -committerdate --format %(refname) %(objectname) %(*objectname) [21ms]
[2022-03-15T10:23:58.768Z] > git remote --verbose [2ms]
[2022-03-15T10:23:58.801Z] > git config --get commit.template [5ms]
[2022-03-15T10:24:22.247Z] > git symbolic-ref --short HEAD [5ms]
[2022-03-15T10:24:22.270Z] > git for-each-ref --format=%(refname)%00%(upstream:short)%00%(objectname)%00%(upstream:track) refs/heads/master refs/remotes/master [7ms]
[2022-03-15T10:24:22.316Z] > git for-each-ref --sort -committerdate --format %(refname) %(objectname) %(*objectname) [18ms]
[2022-03-15T10:24:22.316Z] > git remote --verbose [2ms]
[2022-03-15T10:24:22.347Z] > git config --get commit.template [2ms]
[2022-03-15T10:24:33.820Z] > git symbolic-ref --short HEAD [8ms]
[2022-03-15T10:24:33.844Z] > git for-each-ref --format=%(refname)%00%(upstream:short)%00%(objectname)%00%(upstream:track) refs/heads/master refs/remotes/master [3ms]
[2022-03-15T10:24:33.895Z] > git for-each-ref --sort -committerdate --format %(refname) %(objectname) %(*objectname) [26ms]
[2022-03-15T10:24:33.896Z] > git remote --verbose [4ms]
[2022-03-15T10:24:33.925Z] > git config --get commit.template [6ms]
[2022-03-15T10:25:01.160Z] > git symbolic-ref --short HEAD [3ms]
[2022-03-15T10:25:01.182Z] > git for-each-ref --format=%(refname)%00%(upstream:short)%00%(objectname)%00%(upstream:track) refs/heads/master refs/remotes/master [3ms]
[2022-03-15T10:25:01.220Z] > git for-each-ref --sort -committerdate --format %(refname) %(objectname) %(*objectname) [22ms]
[2022-03-15T10:25:01.225Z] > git remote --verbose [8ms]
[2022-03-15T10:25:01.259Z] > git config --get commit.template [6ms]
[2022-03-15T10:26:15.524Z] > git symbolic-ref --short HEAD [7ms]
[2022-03-15T10:26:15.552Z] > git for-each-ref --format=%(refname)%00%(upstream:short)%00%(objectname)%00%(upstream:track) refs/heads/master refs/remotes/master [5ms]
[2022-03-15T10:26:15.602Z] > git remote --verbose [12ms]
[2022-03-15T10:26:15.603Z] > git for-each-ref --sort -committerdate --format %(refname) %(objectname) %(*objectname) [31ms]
[2022-03-15T10:26:15.672Z] > git config --get commit.template [15ms]
[2022-03-15T10:26:20.720Z] > git symbolic-ref --short HEAD [3ms]
[2022-03-15T10:26:20.742Z] > git for-each-ref --format=%(refname)%00%(upstream:short)%00%(objectname)%00%(upstream:track) refs/heads/master refs/remotes/master [3ms]
[2022-03-15T10:26:20.773Z] > git for-each-ref --sort -committerdate --format %(refname) %(objectname) %(*objectname) [17ms]
[2022-03-15T10:26:20.774Z] > git remote --verbose [4ms]
[2022-03-15T10:26:20.796Z] > git config --get commit.template [4ms]
[2022-03-15T10:26:45.391Z] > git symbolic-ref --short HEAD [4ms]
[2022-03-15T10:26:45.413Z] > git for-each-ref --format=%(refname)%00%(upstream:short)%00%(objectname)%00%(upstream:track) refs/heads/master refs/remotes/master [3ms]
[2022-03-15T10:26:45.455Z] > git for-each-ref --sort -committerdate --format %(refname) %(objectname) %(*objectname) [24ms]
[2022-03-15T10:26:45.456Z] > git remote --verbose [6ms]
[2022-03-15T10:26:45.486Z] > git config --get commit.template [3ms]
[2022-03-15T10:27:21.092Z] > git symbolic-ref --short HEAD [5ms]
[2022-03-15T10:27:21.123Z] > git for-each-ref --format=%(refname)%00%(upstream:short)%00%(objectname)%00%(upstream:track) refs/heads/master refs/remotes/master [4ms]
[2022-03-15T10:27:21.183Z] > git for-each-ref --sort -committerdate --format %(refname) %(objectname) %(*objectname) [32ms]
[2022-03-15T10:27:21.186Z] > git remote --verbose [4ms]
[2022-03-15T10:27:21.225Z] > git config --get commit.template [3ms]
[2022-03-15T10:28:35.442Z] > git symbolic-ref --short HEAD [12ms]
[2022-03-15T10:28:35.507Z] > git for-each-ref --format=%(refname)%00%(upstream:short)%00%(objectname)%00%(upstream:track) refs/heads/master refs/remotes/master [20ms]
[2022-03-15T10:28:35.569Z] > git for-each-ref --sort -committerdate --format %(refname) %(objectname) %(*objectname) [40ms]
[2022-03-15T10:28:35.583Z] > git remote --verbose [15ms]
[2022-03-15T10:28:35.639Z] > git config --get commit.template [8ms]
[2022-03-15T10:35:08.273Z] > git symbolic-ref --short HEAD [2ms]
[2022-03-15T10:35:08.325Z] > git for-each-ref --format=%(refname)%00%(upstream:short)%00%(objectname)%00%(upstream:track) refs/heads/master refs/remotes/master [8ms]
[2022-03-15T10:35:08.393Z] > git for-each-ref --sort -committerdate --format %(refname) %(objectname) %(*objectname) [34ms]
[2022-03-15T10:35:08.506Z] > git remote --verbose [115ms]
[2022-03-15T10:35:08.583Z] > git config --get commit.template [10ms]
[2022-03-15T10:35:23.467Z] > git symbolic-ref --short HEAD [4ms]
[2022-03-15T10:35:23.510Z] > git for-each-ref --format=%(refname)%00%(upstream:short)%00%(objectname)%00%(upstream:track) refs/heads/master refs/remotes/master [10ms]
[2022-03-15T10:35:23.563Z] > git for-each-ref --sort -committerdate --format %(refname) %(objectname) %(*objectname) [25ms]
[2022-03-15T10:35:23.567Z] > git remote --verbose [6ms]
[2022-03-15T10:35:23.610Z] > git config --get commit.template [2ms]
[2022-03-15T14:19:55.168Z] > git symbolic-ref --short HEAD [3ms]
[2022-03-15T14:19:55.185Z] > git for-each-ref --format=%(refname)%00%(upstream:short)%00%(objectname)%00%(upstream:track) refs/heads/master refs/remotes/master [3ms]
[2022-03-15T14:19:55.225Z] > git remote --verbose [8ms]
[2022-03-15T14:19:55.225Z] > git for-each-ref --sort -committerdate --format %(refname) %(objectname) %(*objectname) [20ms]
[2022-03-15T14:19:55.244Z] > git config --get commit.template [4ms]
[2022-03-15T14:29:12.467Z] > git symbolic-ref --short HEAD [4ms]
[2022-03-15T14:29:12.502Z] > git for-each-ref --format=%(refname)%00%(upstream:short)%00%(objectname)%00%(upstream:track) refs/heads/master refs/remotes/master [6ms]
[2022-03-15T14:29:12.544Z] > git for-each-ref --sort -committerdate --format %(refname) %(objectname) %(*objectname) [23ms]
[2022-03-15T14:29:12.545Z] > git remote --verbose [5ms]
[2022-03-15T14:29:12.573Z] > git config --get commit.template [5ms]
[2022-03-15T14:34:48.125Z] > git symbolic-ref --short HEAD [2ms]
[2022-03-15T14:34:48.145Z] > git for-each-ref --format=%(refname)%00%(upstream:short)%00%(objectname)%00%(upstream:track) refs/heads/master refs/remotes/master [1ms]
[2022-03-15T14:34:48.178Z] > git for-each-ref --sort -committerdate --format %(refname) %(objectname) %(*objectname) [17ms]
[2022-03-15T14:34:48.179Z] > git remote --verbose [4ms]
[2022-03-15T14:34:48.202Z] > git config --get commit.template [2ms]
[2022-03-15T14:36:28.796Z] > git symbolic-ref --short HEAD [13ms]
[2022-03-15T14:36:28.866Z] > git for-each-ref --format=%(refname)%00%(upstream:short)%00%(objectname)%00%(upstream:track) refs/heads/master refs/remotes/master [51ms]
[2022-03-15T14:36:28.996Z] > git remote --verbose [67ms]
[2022-03-15T14:36:28.998Z] > git for-each-ref --sort -committerdate --format %(refname) %(objectname) %(*objectname) [112ms]
[2022-03-15T14:36:29.204Z] > git config --get commit.template [102ms]
[2022-03-15T14:36:58.950Z] > git symbolic-ref --short HEAD [3ms]
[2022-03-15T14:36:58.977Z] > git for-each-ref --format=%(refname)%00%(upstream:short)%00%(objectname)%00%(upstream:track) refs/heads/master refs/remotes/master [3ms]
[2022-03-15T14:36:59.029Z] > git remote --verbose [2ms]
[2022-03-15T14:36:59.030Z] > git for-each-ref --sort -committerdate --format %(refname) %(objectname) %(*objectname) [32ms]
[2022-03-15T14:36:59.052Z] > git config --get commit.template [1ms]
[2022-03-15T14:37:04.095Z] > git symbolic-ref --short HEAD [11ms]
[2022-03-15T14:37:04.118Z] > git for-each-ref --format=%(refname)%00%(upstream:short)%00%(objectname)%00%(upstream:track) refs/heads/master refs/remotes/master [4ms]
[2022-03-15T14:37:04.161Z] > git remote --verbose [2ms]
[2022-03-15T14:37:04.162Z] > git for-each-ref --sort -committerdate --format %(refname) %(objectname) %(*objectname) [18ms]
[2022-03-15T14:37:04.182Z] > git config --get commit.template [3ms]
[2022-03-15T14:37:20.638Z] > git symbolic-ref --short HEAD [4ms]
[2022-03-15T14:37:20.669Z] > git for-each-ref --format=%(refname)%00%(upstream:short)%00%(objectname)%00%(upstream:track) refs/heads/master refs/remotes/master [3ms]
[2022-03-15T14:37:20.705Z] > git for-each-ref --sort -committerdate --format %(refname) %(objectname) %(*objectname) [19ms]
[2022-03-15T14:37:20.706Z] > git remote --verbose [3ms]
[2022-03-15T14:37:20.727Z] > git config --get commit.template [3ms]
[2022-03-15T14:38:01.256Z] > git symbolic-ref --short HEAD [2ms]
[2022-03-15T14:38:01.273Z] > git for-each-ref --format=%(refname)%00%(upstream:short)%00%(objectname)%00%(upstream:track) refs/heads/master refs/remotes/master [2ms]
[2022-03-15T14:38:01.298Z] > git for-each-ref --sort -committerdate --format %(refname) %(objectname) %(*objectname) [12ms]
[2022-03-15T14:38:01.299Z] > git remote --verbose [3ms]
[2022-03-15T14:38:01.315Z] > git config --get commit.template [2ms]
[2022-03-15T14:38:19.652Z] > git symbolic-ref --short HEAD [4ms]
[2022-03-15T14:38:19.666Z] > git for-each-ref --format=%(refname)%00%(upstream:short)%00%(objectname)%00%(upstream:track) refs/heads/master refs/remotes/master [3ms]
[2022-03-15T14:38:19.702Z] > git for-each-ref --sort -committerdate --format %(refname) %(objectname) %(*objectname) [21ms]
[2022-03-15T14:38:19.703Z] > git remote --verbose [4ms]
[2022-03-15T14:38:19.729Z] > git config --get commit.template [5ms]
[2022-03-15T14:38:50.850Z] > git symbolic-ref --short HEAD [3ms]
[2022-03-15T14:38:50.866Z] > git for-each-ref --format=%(refname)%00%(upstream:short)%00%(objectname)%00%(upstream:track) refs/heads/master refs/remotes/master [2ms]
[2022-03-15T14:38:50.894Z] > git for-each-ref --sort -committerdate --format %(refname) %(objectname) %(*objectname) [15ms]
[2022-03-15T14:38:50.894Z] > git remote --verbose [2ms]
[2022-03-15T14:38:50.911Z] > git config --get commit.template [2ms]
[2022-03-15T14:39:13.501Z] > git symbolic-ref --short HEAD [5ms]
[2022-03-15T14:39:13.518Z] > git for-each-ref --format=%(refname)%00%(upstream:short)%00%(objectname)%00%(upstream:track) refs/heads/master refs/remotes/master [3ms]
[2022-03-15T14:39:13.550Z] > git for-each-ref --sort -committerdate --format %(refname) %(objectname) %(*objectname) [17ms]
[2022-03-15T14:39:13.551Z] > git remote --verbose [3ms]
[2022-03-15T14:39:13.571Z] > git config --get commit.template [3ms]
[2022-03-15T14:39:20.241Z] > git symbolic-ref --short HEAD [5ms]
[2022-03-15T14:39:20.261Z] > git for-each-ref --format=%(refname)%00%(upstream:short)%00%(objectname)%00%(upstream:track) refs/heads/master refs/remotes/master [3ms]
[2022-03-15T14:39:20.285Z] > git for-each-ref --sort -committerdate --format %(refname) %(objectname) %(*objectname) [11ms]
[2022-03-15T14:39:20.286Z] > git remote --verbose [2ms]
[2022-03-15T14:39:20.314Z] > git config --get commit.template [4ms]
[2022-03-15T14:39:35.895Z] > git symbolic-ref --short HEAD [4ms]
[2022-03-15T14:39:35.914Z] > git for-each-ref --format=%(refname)%00%(upstream:short)%00%(objectname)%00%(upstream:track) refs/heads/master refs/remotes/master [3ms]
[2022-03-15T14:39:35.941Z] > git for-each-ref --sort -committerdate --format %(refname) %(objectname) %(*objectname) [13ms]
[2022-03-15T14:39:35.942Z] > git remote --verbose [2ms]
[2022-03-15T14:39:35.958Z] > git config --get commit.template [1ms]
[2022-03-15T14:40:35.004Z] > git symbolic-ref --short HEAD [28ms]
[2022-03-15T14:40:35.025Z] > git for-each-ref --format=%(refname)%00%(upstream:short)%00%(objectname)%00%(upstream:track) refs/heads/master refs/remotes/master [3ms]
[2022-03-15T14:40:35.062Z] > git for-each-ref --sort -committerdate --format %(refname) %(objectname) %(*objectname) [19ms]
[2022-03-15T14:40:35.062Z] > git remote --verbose [2ms]
[2022-03-15T14:40:35.082Z] > git config --get commit.template [1ms]
[2022-03-15T14:40:50.628Z] > git symbolic-ref --short HEAD [3ms]
[2022-03-15T14:40:50.645Z] > git for-each-ref --format=%(refname)%00%(upstream:short)%00%(objectname)%00%(upstream:track) refs/heads/master refs/remotes/master [3ms]
[2022-03-15T14:40:50.683Z] > git remote --verbose [3ms]
[2022-03-15T14:40:50.683Z] > git for-each-ref --sort -committerdate --format %(refname) %(objectname) %(*objectname) [22ms]
[2022-03-15T14:40:50.702Z] > git config --get commit.template [2ms]
[2022-03-15T14:41:10.169Z] > git symbolic-ref --short HEAD [6ms]
[2022-03-15T14:41:10.190Z] > git for-each-ref --format=%(refname)%00%(upstream:short)%00%(objectname)%00%(upstream:track) refs/heads/master refs/remotes/master [4ms]
[2022-03-15T14:41:10.230Z] > git for-each-ref --sort -committerdate --format %(refname) %(objectname) %(*objectname) [17ms]
[2022-03-15T14:41:10.230Z] > git remote --verbose [3ms]
[2022-03-15T14:41:10.247Z] > git config --get commit.template [1ms]
[2022-03-15T14:41:16.800Z] > git symbolic-ref --short HEAD [4ms]
[2022-03-15T14:41:16.820Z] > git for-each-ref --format=%(refname)%00%(upstream:short)%00%(objectname)%00%(upstream:track) refs/heads/master refs/remotes/master [3ms]
[2022-03-15T14:41:16.852Z] > git for-each-ref --sort -committerdate --format %(refname) %(objectname) %(*objectname) [17ms]
[2022-03-15T14:41:16.853Z] > git remote --verbose [2ms]
[2022-03-15T14:41:16.875Z] > git config --get commit.template [2ms]
[2022-03-15T14:41:45.989Z] > git symbolic-ref --short HEAD [4ms]
[2022-03-15T14:41:46.023Z] > git for-each-ref --format=%(refname)%00%(upstream:short)%00%(objectname)%00%(upstream:track) refs/heads/master refs/remotes/master [21ms]
[2022-03-15T14:41:46.055Z] > git for-each-ref --sort -committerdate --format %(refname) %(objectname) %(*objectname) [16ms]
[2022-03-15T14:41:46.056Z] > git remote --verbose [3ms]
[2022-03-15T14:41:46.075Z] > git config --get commit.template [1ms]
[2022-03-15T14:41:51.164Z] > git symbolic-ref --short HEAD [4ms]
[2022-03-15T14:41:51.178Z] > git for-each-ref --format=%(refname)%00%(upstream:short)%00%(objectname)%00%(upstream:track) refs/heads/master refs/remotes/master [2ms]
[2022-03-15T14:41:51.208Z] > git for-each-ref --sort -committerdate --format %(refname) %(objectname) %(*objectname) [15ms]
[2022-03-15T14:41:51.209Z] > git remote --verbose [3ms]
[2022-03-15T14:41:51.225Z] > git config --get commit.template [2ms]
[2022-03-15T14:41:56.258Z] > git symbolic-ref --short HEAD [1ms]
[2022-03-15T14:41:56.273Z] > git for-each-ref --format=%(refname)%00%(upstream:short)%00%(objectname)%00%(upstream:track) refs/heads/master refs/remotes/master [2ms]
[2022-03-15T14:41:56.298Z] > git for-each-ref --sort -committerdate --format %(refname) %(objectname) %(*objectname) [13ms]
[2022-03-15T14:41:56.299Z] > git remote --verbose [2ms]
[2022-03-15T14:41:56.316Z] > git config --get commit.template [2ms]
[2022-03-15T14:42:02.538Z] > git symbolic-ref --short HEAD [3ms]
[2022-03-15T14:42:02.554Z] > git for-each-ref --format=%(refname)%00%(upstream:short)%00%(objectname)%00%(upstream:track) refs/heads/master refs/remotes/master [2ms]
[2022-03-15T14:42:02.585Z] > git for-each-ref --sort -committerdate --format %(refname) %(objectname) %(*objectname) [17ms]
[2022-03-15T14:42:02.585Z] > git remote --verbose [1ms]
[2022-03-15T14:42:02.602Z] > git config --get commit.template [2ms]
[2022-03-15T14:42:22.087Z] > git symbolic-ref --short HEAD [2ms]
[2022-03-15T14:42:22.112Z] > git for-each-ref --format=%(refname)%00%(upstream:short)%00%(objectname)%00%(upstream:track) refs/heads/master refs/remotes/master [4ms]
[2022-03-15T14:42:22.147Z] > git for-each-ref --sort -committerdate --format %(refname) %(objectname) %(*objectname) [18ms]
[2022-03-15T14:42:22.148Z] > git remote --verbose [3ms]
[2022-03-15T14:42:22.171Z] > git config --get commit.template [2ms]
[2022-03-15T14:43:02.666Z] > git symbolic-ref --short HEAD [7ms]
[2022-03-15T14:43:02.687Z] > git for-each-ref --format=%(refname)%00%(upstream:short)%00%(objectname)%00%(upstream:track) refs/heads/master refs/remotes/master [2ms]
[2022-03-15T14:43:02.715Z] > git for-each-ref --sort -committerdate --format %(refname) %(objectname) %(*objectname) [14ms]
[2022-03-15T14:43:02.715Z] > git remote --verbose [1ms]
[2022-03-15T14:43:02.730Z] > git config --get commit.template [3ms]
[2022-03-15T14:59:05.646Z] > git symbolic-ref --short HEAD [6ms]
[2022-03-15T14:59:05.671Z] > git for-each-ref --format=%(refname)%00%(upstream:short)%00%(objectname)%00%(upstream:track) refs/heads/master refs/remotes/master [5ms]
[2022-03-15T14:59:05.723Z] > git for-each-ref --sort -committerdate --format %(refname) %(objectname) %(*objectname) [32ms]
[2022-03-15T14:59:05.724Z] > git remote --verbose [2ms]
[2022-03-15T14:59:05.742Z] > git config --get commit.template [2ms]
[2022-03-15T14:59:10.818Z] > git symbolic-ref --short HEAD [7ms]
[2022-03-15T14:59:10.857Z] > git for-each-ref --format=%(refname)%00%(upstream:short)%00%(objectname)%00%(upstream:track) refs/heads/master refs/remotes/master [2ms]
[2022-03-15T14:59:10.895Z] > git for-each-ref --sort -committerdate --format %(refname) %(objectname) %(*objectname) [20ms]
[2022-03-15T14:59:10.896Z] > git remote --verbose [2ms]
[2022-03-15T14:59:10.933Z] > git config --get commit.template [4ms]
[2022-03-15T15:06:26.041Z] > git ls-files --stage -- /home/dathd/Project/portfolio/src/styles/globals.scss [25ms]
[2022-03-15T15:06:26.068Z] > git cat-file -s b684d37d2286b5cac234e497ee437f7e73c6afe2 [1ms]
[2022-03-15T15:06:52.853Z] > git ls-files --stage -- /home/dathd/Project/portfolio/src/components/Biz.tsx [4ms]
[2022-03-15T15:11:23.122Z] > git symbolic-ref --short HEAD [3ms]
[2022-03-15T15:11:23.145Z] > git for-each-ref --format=%(refname)%00%(upstream:short)%00%(objectname)%00%(upstream:track) refs/heads/master refs/remotes/master [2ms]
[2022-03-15T15:11:23.175Z] > git for-each-ref --sort -committerdate --format %(refname) %(objectname) %(*objectname) [15ms]
[2022-03-15T15:11:23.176Z] > git remote --verbose [3ms]
[2022-03-15T15:11:23.192Z] > git config --get commit.template [1ms]
[2022-03-15T15:12:23.185Z] > git symbolic-ref --short HEAD [2ms]
[2022-03-15T15:12:23.201Z] > git for-each-ref --format=%(refname)%00%(upstream:short)%00%(objectname)%00%(upstream:track) refs/heads/master refs/remotes/master [2ms]
[2022-03-15T15:12:23.231Z] > git for-each-ref --sort -committerdate --format %(refname) %(objectname) %(*objectname) [15ms]
[2022-03-15T15:12:23.232Z] > git remote --verbose [2ms]
[2022-03-15T15:12:23.250Z] > git config --get commit.template [2ms]
[2022-03-15T15:27:05.057Z] > git symbolic-ref --short HEAD [4ms]
[2022-03-15T15:27:05.104Z] > git for-each-ref --format=%(refname)%00%(upstream:short)%00%(objectname)%00%(upstream:track) refs/heads/master refs/remotes/master [7ms]
[2022-03-15T15:27:05.164Z] > git for-each-ref --sort -committerdate --format %(refname) %(objectname) %(*objectname) [33ms]
[2022-03-15T15:27:05.170Z] > git remote --verbose [7ms]
[2022-03-15T15:27:05.238Z] > git config --get commit.template [13ms]
[2022-03-15T15:27:10.309Z] > git symbolic-ref --short HEAD [10ms]
[2022-03-15T15:27:10.342Z] > git for-each-ref --format=%(refname)%00%(upstream:short)%00%(objectname)%00%(upstream:track) refs/heads/master refs/remotes/master [6ms]
[2022-03-15T15:27:10.388Z] > git for-each-ref --sort -committerdate --format %(refname) %(objectname) %(*objectname) [22ms]
[2022-03-15T15:27:10.392Z] > git remote --verbose [5ms]
[2022-03-15T15:27:10.428Z] > git config --get commit.template [4ms]
[2022-03-15T15:27:28.533Z] > git symbolic-ref --short HEAD [3ms]
[2022-03-15T15:27:28.572Z] > git for-each-ref --format=%(refname)%00%(upstream:short)%00%(objectname)%00%(upstream:track) refs/heads/master refs/remotes/master [2ms]
[2022-03-15T15:27:28.639Z] > git for-each-ref --sort -committerdate --format %(refname) %(objectname) %(*objectname) [29ms]
[2022-03-15T15:27:28.645Z] > git remote --verbose [8ms]
[2022-03-15T15:27:28.688Z] > git config --get commit.template [8ms]
[2022-03-15T15:27:45.872Z] > git symbolic-ref --short HEAD [3ms]
[2022-03-15T15:27:45.891Z] > git for-each-ref --format=%(refname)%00%(upstream:short)%00%(objectname)%00%(upstream:track) refs/heads/master refs/remotes/master [3ms]
[2022-03-15T15:27:45.925Z] > git for-each-ref --sort -committerdate --format %(refname) %(objectname) %(*objectname) [17ms]
[2022-03-15T15:27:45.926Z] > git remote --verbose [3ms]
[2022-03-15T15:27:45.946Z] > git config --get commit.template [2ms]
[2022-03-15T15:28:28.710Z] > git symbolic-ref --short HEAD [5ms]
[2022-03-15T15:28:28.741Z] > git for-each-ref --format=%(refname)%00%(upstream:short)%00%(objectname)%00%(upstream:track) refs/heads/master refs/remotes/master [7ms]
[2022-03-15T15:28:28.811Z] > git for-each-ref --sort -committerdate --format %(refname) %(objectname) %(*objectname) [34ms]
[2022-03-15T15:28:28.812Z] > git remote --verbose [5ms]
[2022-03-15T15:28:28.871Z] > git config --get commit.template [2ms]
[2022-03-15T15:28:52.500Z] > git symbolic-ref --short HEAD [3ms]
[2022-03-15T15:28:52.532Z] > git for-each-ref --format=%(refname)%00%(upstream:short)%00%(objectname)%00%(upstream:track) refs/heads/master refs/remotes/master [4ms]
[2022-03-15T15:28:52.572Z] > git for-each-ref --sort -committerdate --format %(refname) %(objectname) %(*objectname) [20ms]
[2022-03-15T15:28:52.572Z] > git remote --verbose [2ms]
[2022-03-15T15:28:52.587Z] > git config --get commit.template [2ms]
[2022-03-15T15:29:05.854Z] > git symbolic-ref --short HEAD [3ms]
[2022-03-15T15:29:05.872Z] > git for-each-ref --format=%(refname)%00%(upstream:short)%00%(objectname)%00%(upstream:track) refs/heads/master refs/remotes/master [3ms]
[2022-03-15T15:29:05.903Z] > git for-each-ref --sort -committerdate --format %(refname) %(objectname) %(*objectname) [18ms]
[2022-03-15T15:29:05.903Z] > git remote --verbose [2ms]
[2022-03-15T15:29:05.926Z] > git config --get commit.template [2ms]
[2022-03-15T15:30:13.289Z] > git symbolic-ref --short HEAD [2ms]
[2022-03-15T15:30:13.314Z] > git for-each-ref --format=%(refname)%00%(upstream:short)%00%(objectname)%00%(upstream:track) refs/heads/master refs/remotes/master [3ms]
[2022-03-15T15:30:13.354Z] > git for-each-ref --sort -committerdate --format %(refname) %(objectname) %(*objectname) [20ms]
[2022-03-15T15:30:13.355Z] > git remote --verbose [2ms]
[2022-03-15T15:30:13.375Z] > git config --get commit.template [3ms]
[2022-03-15T15:31:06.357Z] > git symbolic-ref --short HEAD [2ms]
[2022-03-15T15:31:06.376Z] > git for-each-ref --format=%(refname)%00%(upstream:short)%00%(objectname)%00%(upstream:track) refs/heads/master refs/remotes/master [3ms]
[2022-03-15T15:31:06.413Z] > git for-each-ref --sort -committerdate --format %(refname) %(objectname) %(*objectname) [21ms]
[2022-03-15T15:31:06.414Z] > git remote --verbose [5ms]
[2022-03-15T15:31:06.437Z] > git config --get commit.template [2ms]
[2022-03-15T15:32:09.074Z] > git symbolic-ref --short HEAD [2ms]
[2022-03-15T15:32:09.092Z] > git for-each-ref --format=%(refname)%00%(upstream:short)%00%(objectname)%00%(upstream:track) refs/heads/master refs/remotes/master [2ms]
[2022-03-15T15:32:09.129Z] > git for-each-ref --sort -committerdate --format %(refname) %(objectname) %(*objectname) [18ms]
[2022-03-15T15:32:09.130Z] > git remote --verbose [4ms]
[2022-03-15T15:32:09.147Z] > git config --get commit.template [4ms]
[2022-03-15T15:34:14.256Z] > git symbolic-ref --short HEAD [3ms]
[2022-03-15T15:34:14.289Z] > git for-each-ref --format=%(refname)%00%(upstream:short)%00%(objectname)%00%(upstream:track) refs/heads/master refs/remotes/master [1ms]
[2022-03-15T15:34:14.351Z] > git for-each-ref --sort -committerdate --format %(refname) %(objectname) %(*objectname) [40ms]
[2022-03-15T15:34:14.354Z] > git remote --verbose [10ms]
[2022-03-15T15:34:14.421Z] > git config --get commit.template [11ms]
[2022-03-15T15:34:19.492Z] > git symbolic-ref --short HEAD [3ms]
[2022-03-15T15:34:19.526Z] > git for-each-ref --format=%(refname)%00%(upstream:short)%00%(objectname)%00%(upstream:track) refs/heads/master refs/remotes/master [8ms]
[2022-03-15T15:34:19.565Z] > git remote --verbose [1ms]
[2022-03-15T15:34:19.566Z] > git for-each-ref --sort -committerdate --format %(refname) %(objectname) %(*objectname) [20ms]
[2022-03-15T15:34:19.583Z] > git config --get commit.template [2ms]
[2022-03-15T15:57:18.718Z] > git symbolic-ref --short HEAD [8ms]
[2022-03-15T15:57:18.798Z] > git for-each-ref --format=%(refname)%00%(upstream:short)%00%(objectname)%00%(upstream:track) refs/heads/master refs/remotes/master [19ms]
[2022-03-15T15:57:18.877Z] > git for-each-ref --sort -committerdate --format %(refname) %(objectname) %(*objectname) [43ms]
[2022-03-15T15:57:18.886Z] > git remote --verbose [12ms]
[2022-03-15T15:57:18.942Z] > git config --get commit.template [10ms]
[2022-03-15T15:57:24.055Z] > git symbolic-ref --short HEAD [2ms]
[2022-03-15T15:57:24.072Z] > git for-each-ref --format=%(refname)%00%(upstream:short)%00%(objectname)%00%(upstream:track) refs/heads/master refs/remotes/master [1ms]
[2022-03-15T15:57:24.109Z] > git for-each-ref --sort -committerdate --format %(refname) %(objectname) %(*objectname) [21ms]
[2022-03-15T15:57:24.110Z] > git remote --verbose [2ms]
[2022-03-15T15:57:24.127Z] > git config --get commit.template [1ms]
[2022-03-15T15:58:05.759Z] > git symbolic-ref --short HEAD [1ms]
[2022-03-15T15:58:05.779Z] > git for-each-ref --format=%(refname)%00%(upstream:short)%00%(objectname)%00%(upstream:track) refs/heads/master refs/remotes/master [2ms]
[2022-03-15T15:58:05.817Z] > git for-each-ref --sort -committerdate --format %(refname) %(objectname) %(*objectname) [23ms]
[2022-03-15T15:58:05.818Z] > git remote --verbose [3ms]
[2022-03-15T15:58:05.845Z] > git config --get commit.template [2ms]
[2022-03-15T15:58:25.067Z] > git symbolic-ref --short HEAD [2ms]
[2022-03-15T15:58:25.085Z] > git for-each-ref --format=%(refname)%00%(upstream:short)%00%(objectname)%00%(upstream:track) refs/heads/master refs/remotes/master [2ms]
[2022-03-15T15:58:25.117Z] > git for-each-ref --sort -committerdate --format %(refname) %(objectname) %(*objectname) [18ms]
[2022-03-15T15:58:25.117Z] > git remote --verbose [3ms]
[2022-03-15T15:58:25.136Z] > git config --get commit.template [2ms]
[2022-03-15T15:59:38.487Z] > git symbolic-ref --short HEAD [2ms]
[2022-03-15T15:59:38.508Z] > git for-each-ref --format=%(refname)%00%(upstream:short)%00%(objectname)%00%(upstream:track) refs/heads/master refs/remotes/master [4ms]
[2022-03-15T15:59:38.544Z] > git for-each-ref --sort -committerdate --format %(refname) %(objectname) %(*objectname) [18ms]
[2022-03-15T15:59:38.544Z] > git remote --verbose [2ms]
[2022-03-15T15:59:38.568Z] > git config --get commit.template [2ms]
[2022-03-15T16:00:54.024Z] > git symbolic-ref --short HEAD [5ms]
[2022-03-15T16:00:54.064Z] > git for-each-ref --format=%(refname)%00%(upstream:short)%00%(objectname)%00%(upstream:track) refs/heads/master refs/remotes/master [9ms]
[2022-03-15T16:00:54.122Z] > git for-each-ref --sort -committerdate --format %(refname) %(objectname) %(*objectname) [28ms]
[2022-03-15T16:00:54.127Z] > git remote --verbose [7ms]
[2022-03-15T16:00:54.174Z] > git config --get commit.template [11ms]
[2022-03-15T16:01:09.886Z] > git symbolic-ref --short HEAD [5ms]
[2022-03-15T16:01:09.938Z] > git for-each-ref --format=%(refname)%00%(upstream:short)%00%(objectname)%00%(upstream:track) refs/heads/master refs/remotes/master [31ms]
[2022-03-15T16:01:09.978Z] > git remote --verbose [1ms]
[2022-03-15T16:01:09.979Z] > git for-each-ref --sort -committerdate --format %(refname) %(objectname) %(*objectname) [23ms]
[2022-03-15T16:01:10.032Z] > git config --get commit.template [5ms]
[2022-03-15T16:01:18.744Z] > git ls-files --stage -- /home/dathd/Project/portfolio/src/styles/globals.scss [15ms]
[2022-03-15T16:01:18.776Z] > git cat-file -s b684d37d2286b5cac234e497ee437f7e73c6afe2 [4ms]
[2022-03-15T16:01:24.774Z] > git symbolic-ref --short HEAD [2ms]
[2022-03-15T16:01:24.796Z] > git for-each-ref --format=%(refname)%00%(upstream:short)%00%(objectname)%00%(upstream:track) refs/heads/master refs/remotes/master [3ms]
[2022-03-15T16:01:24.830Z] > git for-each-ref --sort -committerdate --format %(refname) %(objectname) %(*objectname) [18ms]
[2022-03-15T16:01:24.831Z] > git remote --verbose [3ms]
[2022-03-15T16:01:24.855Z] > git config --get commit.template [5ms]
[2022-03-15T16:02:45.237Z] > git symbolic-ref --short HEAD [2ms]
[2022-03-15T16:02:45.257Z] > git for-each-ref --format=%(refname)%00%(upstream:short)%00%(objectname)%00%(upstream:track) refs/heads/master refs/remotes/master [2ms]
[2022-03-15T16:02:45.286Z] > git for-each-ref --sort -committerdate --format %(refname) %(objectname) %(*objectname) [18ms]
[2022-03-15T16:02:45.287Z] > git remote --verbose [3ms]
[2022-03-15T16:02:45.310Z] > git config --get commit.template [8ms]
[2022-03-15T16:02:50.344Z] > git symbolic-ref --short HEAD [1ms]
[2022-03-15T16:02:50.359Z] > git for-each-ref --format=%(refname)%00%(upstream:short)%00%(objectname)%00%(upstream:track) refs/heads/master refs/remotes/master [2ms]
[2022-03-15T16:02:50.398Z] > git for-each-ref --sort -committerdate --format %(refname) %(objectname) %(*objectname) [21ms]
[2022-03-15T16:02:50.399Z] > git remote --verbose [3ms]
[2022-03-15T16:02:50.468Z] > git config --get commit.template [49ms]
[2022-03-15T16:02:50.782Z] > git ls-files --stage -- /home/dathd/Project/portfolio/src/components/Biz.tsx [1ms]
[2022-03-15T16:02:56.102Z] > git symbolic-ref --short HEAD [4ms]
[2022-03-15T16:02:56.123Z] > git for-each-ref --format=%(refname)%00%(upstream:short)%00%(objectname)%00%(upstream:track) refs/heads/master refs/remotes/master [3ms]
[2022-03-15T16:02:56.151Z] > git for-each-ref --sort -committerdate --format %(refname) %(objectname) %(*objectname) [12ms]
[2022-03-15T16:02:56.152Z] > git remote --verbose [2ms]
[2022-03-15T16:02:56.171Z] > git config --get commit.template [2ms]
[2022-03-15T16:03:02.492Z] > git symbolic-ref --short HEAD [4ms]
[2022-03-15T16:03:02.515Z] > git for-each-ref --format=%(refname)%00%(upstream:short)%00%(objectname)%00%(upstream:track) refs/heads/master refs/remotes/master [3ms]
[2022-03-15T16:03:02.551Z] > git for-each-ref --sort -committerdate --format %(refname) %(objectname) %(*objectname) [20ms]
[2022-03-15T16:03:02.552Z] > git remote --verbose [2ms]
[2022-03-15T16:03:02.580Z] > git config --get commit.template [2ms]
[2022-03-15T16:03:04.584Z] > git ls-files --stage -- /home/dathd/Project/portfolio/src/styles/globals.scss [3ms]
[2022-03-15T16:03:04.608Z] > git cat-file -s b684d37d2286b5cac234e497ee437f7e73c6afe2 [3ms]
[2022-03-15T16:03:10.943Z] > git symbolic-ref --short HEAD [3ms]
[2022-03-15T16:03:10.965Z] > git for-each-ref --format=%(refname)%00%(upstream:short)%00%(objectname)%00%(upstream:track) refs/heads/master refs/remotes/master [2ms]
[2022-03-15T16:03:11.008Z] > git for-each-ref --sort -committerdate --format %(refname) %(objectname) %(*objectname) [23ms]
[2022-03-15T16:03:11.010Z] > git remote --verbose [5ms]
[2022-03-15T16:03:11.043Z] > git config --get commit.template [6ms]
[2022-03-15T16:03:16.150Z] > git symbolic-ref --short HEAD [5ms]
[2022-03-15T16:03:16.182Z] > git for-each-ref --format=%(refname)%00%(upstream:short)%00%(objectname)%00%(upstream:track) refs/heads/master refs/remotes/master [1ms]
[2022-03-15T16:03:16.217Z] > git for-each-ref --sort -committerdate --format %(refname) %(objectname) %(*objectname) [20ms]
[2022-03-15T16:03:16.218Z] > git remote --verbose [3ms]
[2022-03-15T16:03:16.236Z] > git config --get commit.template [1ms]
[2022-03-15T16:03:17.028Z] > git ls-files --stage -- /home/dathd/Project/portfolio/src/components/Biz.tsx [2ms]
[2022-03-15T16:04:12.445Z] > git symbolic-ref --short HEAD [3ms]
[2022-03-15T16:04:12.460Z] > git for-each-ref --format=%(refname)%00%(upstream:short)%00%(objectname)%00%(upstream:track) refs/heads/master refs/remotes/master [2ms]
[2022-03-15T16:04:12.490Z] > git for-each-ref --sort -committerdate --format %(refname) %(objectname) %(*objectname) [17ms]
[2022-03-15T16:04:12.491Z] > git remote --verbose [5ms]
[2022-03-15T16:04:12.510Z] > git config --get commit.template [2ms]
[2022-03-15T16:05:07.406Z] > git symbolic-ref --short HEAD [2ms]
[2022-03-15T16:05:07.423Z] > git for-each-ref --format=%(refname)%00%(upstream:short)%00%(objectname)%00%(upstream:track) refs/heads/master refs/remotes/master [3ms]
[2022-03-15T16:05:07.453Z] > git for-each-ref --sort -committerdate --format %(refname) %(objectname) %(*objectname) [15ms]
[2022-03-15T16:05:07.454Z] > git remote --verbose [2ms]
[2022-03-15T16:05:07.475Z] > git config --get commit.template [4ms]
[2022-03-15T16:05:59.127Z] > git symbolic-ref --short HEAD [2ms]
[2022-03-15T16:05:59.170Z] > git for-each-ref --format=%(refname)%00%(upstream:short)%00%(objectname)%00%(upstream:track) refs/heads/master refs/remotes/master [0ms]
[2022-03-15T16:05:59.235Z] > git for-each-ref --sort -committerdate --format %(refname) %(objectname) %(*objectname) [33ms]
[2022-03-15T16:05:59.242Z] > git remote --verbose [9ms]
[2022-03-15T16:05:59.289Z] > git config --get commit.template [7ms]
[2022-03-15T16:06:48.887Z] > git symbolic-ref --short HEAD [2ms]
[2022-03-15T16:06:48.905Z] > git for-each-ref --format=%(refname)%00%(upstream:short)%00%(objectname)%00%(upstream:track) refs/heads/master refs/remotes/master [2ms]
[2022-03-15T16:06:48.936Z] > git for-each-ref --sort -committerdate --format %(refname) %(objectname) %(*objectname) [16ms]
[2022-03-15T16:06:48.937Z] > git remote --verbose [2ms]
[2022-03-15T16:06:48.957Z] > git config --get commit.template [1ms]
[2022-03-15T16:06:53.993Z] > git symbolic-ref --short HEAD [2ms]
[2022-03-15T16:06:54.019Z] > git for-each-ref --format=%(refname)%00%(upstream:short)%00%(objectname)%00%(upstream:track) refs/heads/master refs/remotes/master [6ms]
[2022-03-15T16:06:54.062Z] > git for-each-ref --sort -committerdate --format %(refname) %(objectname) %(*objectname) [27ms]
[2022-03-15T16:06:54.062Z] > git remote --verbose [3ms]
[2022-03-15T16:06:54.081Z] > git config --get commit.template [3ms]
[2022-03-15T16:07:02.005Z] > git symbolic-ref --short HEAD [2ms]
[2022-03-15T16:07:02.019Z] > git for-each-ref --format=%(refname)%00%(upstream:short)%00%(objectname)%00%(upstream:track) refs/heads/master refs/remotes/master [2ms]
[2022-03-15T16:07:02.046Z] > git for-each-ref --sort -committerdate --format %(refname) %(objectname) %(*objectname) [15ms]
[2022-03-15T16:07:02.047Z] > git remote --verbose [2ms]
[2022-03-15T16:07:02.066Z] > git config --get commit.template [2ms]
[2022-03-15T16:07:57.838Z] > git symbolic-ref --short HEAD [2ms]
[2022-03-15T16:07:57.857Z] > git for-each-ref --format=%(refname)%00%(upstream:short)%00%(objectname)%00%(upstream:track) refs/heads/master refs/remotes/master [2ms]
[2022-03-15T16:07:57.892Z] > git for-each-ref --sort -committerdate --format %(refname) %(objectname) %(*objectname) [19ms]
[2022-03-15T16:07:57.893Z] > git remote --verbose [3ms]
[2022-03-15T16:07:57.916Z] > git config --get commit.template [3ms]
[2022-03-15T16:08:03.037Z] > git symbolic-ref --short HEAD [7ms]
[2022-03-15T16:08:03.056Z] > git for-each-ref --format=%(refname)%00%(upstream:short)%00%(objectname)%00%(upstream:track) refs/heads/master refs/remotes/master [4ms]
[2022-03-15T16:08:03.083Z] > git for-each-ref --sort -committerdate --format %(refname) %(objectname) %(*objectname) [14ms]
[2022-03-15T16:08:03.084Z] > git remote --verbose [2ms]
[2022-03-15T16:08:03.101Z] > git config --get commit.template [2ms]
[2022-03-15T16:08:31.253Z] > git symbolic-ref --short HEAD [8ms]
[2022-03-15T16:08:31.272Z] > git for-each-ref --format=%(refname)%00%(upstream:short)%00%(objectname)%00%(upstream:track) refs/heads/master refs/remotes/master [1ms]
[2022-03-15T16:08:31.304Z] > git for-each-ref --sort -committerdate --format %(refname) %(objectname) %(*objectname) [16ms]
[2022-03-15T16:08:31.306Z] > git remote --verbose [3ms]
[2022-03-15T16:08:31.324Z] > git config --get commit.template [2ms]
[2022-03-15T16:09:40.643Z] > git ls-files --stage -- /home/dathd/Project/portfolio/src/hooks/useWindowDimension.ts [4ms]
[2022-03-15T16:09:40.664Z] > git cat-file -s 35b0af6fd76c04180f8104c4956e22dc274a1182 [3ms]
[2022-03-15T16:10:09.591Z] > git ls-files --stage -- /home/dathd/Project/portfolio/src/pages/index.tsx [9ms]
[2022-03-15T16:10:09.627Z] > git cat-file -s 9ccb62736ad0fed571e7f6138c3f38e041f14f54 [4ms]
[2022-03-15T17:11:56.387Z] > git symbolic-ref --short HEAD [9ms]
[2022-03-15T17:11:56.416Z] > git for-each-ref --format=%(refname)%00%(upstream:short)%00%(objectname)%00%(upstream:track) refs/heads/master refs/remotes/master [5ms]
[2022-03-15T17:11:56.475Z] > git for-each-ref --sort -committerdate --format %(refname) %(objectname) %(*objectname) [31ms]
[2022-03-15T17:11:56.478Z] > git remote --verbose [5ms]
[2022-03-15T17:11:56.511Z] > git config --get commit.template [2ms]
[2022-03-15T17:12:01.557Z] > git symbolic-ref --short HEAD [3ms]
[2022-03-15T17:12:01.575Z] > git for-each-ref --format=%(refname)%00%(upstream:short)%00%(objectname)%00%(upstream:track) refs/heads/master refs/remotes/master [2ms]
[2022-03-15T17:12:01.605Z] > git for-each-ref --sort -committerdate --format %(refname) %(objectname) %(*objectname) [15ms]
[2022-03-15T17:12:01.605Z] > git remote --verbose [2ms]
[2022-03-15T17:12:01.622Z] > git config --get commit.template [2ms]
[2022-03-15T17:12:03.800Z] > git ls-files --stage -- /home/dathd/Project/portfolio/src/components/Biz.tsx [8ms]
[2022-03-15T17:12:49.409Z] > git symbolic-ref --short HEAD [6ms]
[2022-03-15T17:12:49.458Z] > git for-each-ref --format=%(refname)%00%(upstream:short)%00%(objectname)%00%(upstream:track) refs/heads/master refs/remotes/master [12ms]
[2022-03-15T17:12:49.532Z] > git for-each-ref --sort -committerdate --format %(refname) %(objectname) %(*objectname) [29ms]
[2022-03-15T17:12:49.533Z] > git remote --verbose [3ms]
[2022-03-15T17:12:49.573Z] > git config --get commit.template [9ms]
[2022-03-15T17:12:54.637Z] > git symbolic-ref --short HEAD [21ms]
[2022-03-15T17:12:54.673Z] > git for-each-ref --format=%(refname)%00%(upstream:short)%00%(objectname)%00%(upstream:track) refs/heads/master refs/remotes/master [2ms]
[2022-03-15T17:12:54.710Z] > git for-each-ref --sort -committerdate --format %(refname) %(objectname) %(*objectname) [17ms]
[2022-03-15T17:12:54.710Z] > git remote --verbose [3ms]
[2022-03-15T17:12:54.728Z] > git config --get commit.template [2ms]
