[2022-03-14T15:03:00.319Z] Validating found git in: git
[2022-03-14T15:03:00.382Z] Using git 2.25.1 from git
[2022-03-14T15:03:00.791Z] > git rev-parse --git-dir [353ms]
[2022-03-14T15:03:00.801Z] Open repository: /home/dathd/Project/portfolio
[2022-03-14T15:03:00.896Z] > git symbolic-ref --short HEAD [8ms]
[2022-03-14T15:03:00.919Z] > git for-each-ref --format=%(refname)%00%(upstream:short)%00%(objectname)%00%(upstream:track) refs/heads/master refs/remotes/master [7ms]
[2022-03-14T15:03:00.953Z] > git remote --verbose [9ms]
[2022-03-14T15:03:00.954Z] > git for-each-ref --sort -committerdate --format %(refname) %(objectname) %(*objectname) [20ms]
[2022-03-14T15:03:00.977Z] > git config --get commit.template [6ms]
[2022-03-14T15:04:29.081Z] > git ls-files --stage -- /home/dathd/Project/portfolio/src/components/Header.tsx [97ms]
[2022-03-14T15:04:29.142Z] > git cat-file -s 7b03f129f81331f78c25dc791d357f79978842a0 [25ms]
[2022-03-14T15:04:31.528Z] > git ls-files --stage -- /home/dathd/Project/portfolio/postcss.config.js [22ms]
[2022-03-14T15:04:31.556Z] > git cat-file -s 33ad091d26d8a9dc95ebdf616e217d985ec215b8 [3ms]
[2022-03-14T15:06:23.573Z] > git symbolic-ref --short HEAD [4ms]
[2022-03-14T15:06:23.588Z] > git for-each-ref --format=%(refname)%00%(upstream:short)%00%(objectname)%00%(upstream:track) refs/heads/master refs/remotes/master [3ms]
[2022-03-14T15:06:23.604Z] > git for-each-ref --sort -committerdate --format %(refname) %(objectname) %(*objectname) [9ms]
[2022-03-14T15:06:23.605Z] > git remote --verbose [3ms]
[2022-03-14T15:06:23.618Z] > git config --get commit.template [2ms]
[2022-03-14T15:06:28.670Z] > git symbolic-ref --short HEAD [9ms]
[2022-03-14T15:06:28.690Z] > git for-each-ref --format=%(refname)%00%(upstream:short)%00%(objectname)%00%(upstream:track) refs/heads/master refs/remotes/master [8ms]
[2022-03-14T15:06:28.726Z] > git for-each-ref --sort -committerdate --format %(refname) %(objectname) %(*objectname) [21ms]
[2022-03-14T15:06:28.730Z] > git remote --verbose [12ms]
[2022-03-14T15:06:28.764Z] > git config --get commit.template [11ms]
[2022-03-14T15:06:40.116Z] > git symbolic-ref --short HEAD [2ms]
[2022-03-14T15:06:40.135Z] > git for-each-ref --format=%(refname)%00%(upstream:short)%00%(objectname)%00%(upstream:track) refs/heads/master refs/remotes/master [5ms]
[2022-03-14T15:06:40.160Z] > git for-each-ref --sort -committerdate --format %(refname) %(objectname) %(*objectname) [14ms]
[2022-03-14T15:06:40.163Z] > git remote --verbose [5ms]
[2022-03-14T15:06:40.186Z] > git config --get commit.template [2ms]
[2022-03-14T15:08:15.300Z] > git ls-files --stage -- /home/dathd/Project/portfolio/src/components/Header.tsx [86ms]
[2022-03-14T15:08:15.323Z] > git cat-file -s 7b03f129f81331f78c25dc791d357f79978842a0 [5ms]
[2022-03-14T15:08:51.412Z] > git symbolic-ref --short HEAD [4ms]
[2022-03-14T15:08:51.430Z] > git for-each-ref --format=%(refname)%00%(upstream:short)%00%(objectname)%00%(upstream:track) refs/heads/master refs/remotes/master [5ms]
[2022-03-14T15:08:51.454Z] > git for-each-ref --sort -committerdate --format %(refname) %(objectname) %(*objectname) [12ms]
[2022-03-14T15:08:51.457Z] > git remote --verbose [4ms]
[2022-03-14T15:08:51.504Z] > git config --get commit.template [19ms]
[2022-03-14T15:08:56.538Z] > git symbolic-ref --short HEAD [3ms]
[2022-03-14T15:08:56.550Z] > git for-each-ref --format=%(refname)%00%(upstream:short)%00%(objectname)%00%(upstream:track) refs/heads/master refs/remotes/master [3ms]
[2022-03-14T15:08:56.593Z] > git for-each-ref --sort -committerdate --format %(refname) %(objectname) %(*objectname) [15ms]
[2022-03-14T15:08:56.593Z] > git remote --verbose [4ms]
[2022-03-14T15:08:56.604Z] > git config --get commit.template [0ms]
[2022-03-14T15:10:53.322Z] > git ls-files --stage -- /home/dathd/Project/portfolio/src/components/Header.tsx [25ms]
[2022-03-14T15:10:53.333Z] > git cat-file -s 7b03f129f81331f78c25dc791d357f79978842a0 [3ms]
[2022-03-14T15:10:58.315Z] > git ls-files --stage -- /home/dathd/Project/portfolio/src/hooks/useWindowDimension.ts [18ms]
[2022-03-14T15:10:58.351Z] > git cat-file -s 35b0af6fd76c04180f8104c4956e22dc274a1182 [5ms]
[2022-03-14T15:12:09.922Z] > git ls-files --stage -- /home/dathd/Project/portfolio/src/pages/index.tsx [2ms]
[2022-03-14T15:12:09.937Z] > git cat-file -s d25d32fa092ba6c20fc3468a7eca31fff12426d3 [4ms]
[2022-03-14T15:12:21.289Z] > git symbolic-ref --short HEAD [11ms]
[2022-03-14T15:12:21.304Z] > git for-each-ref --format=%(refname)%00%(upstream:short)%00%(objectname)%00%(upstream:track) refs/heads/master refs/remotes/master [2ms]
[2022-03-14T15:12:21.342Z] > git for-each-ref --sort -committerdate --format %(refname) %(objectname) %(*objectname) [22ms]
[2022-03-14T15:12:21.343Z] > git remote --verbose [4ms]
[2022-03-14T15:12:21.355Z] > git config --get commit.template [1ms]
[2022-03-14T15:13:21.444Z] > git symbolic-ref --short HEAD [4ms]
[2022-03-14T15:13:21.473Z] > git for-each-ref --format=%(refname)%00%(upstream:short)%00%(objectname)%00%(upstream:track) refs/heads/master refs/remotes/master [5ms]
[2022-03-14T15:13:21.504Z] > git for-each-ref --sort -committerdate --format %(refname) %(objectname) %(*objectname) [14ms]
[2022-03-14T15:13:21.505Z] > git remote --verbose [2ms]
[2022-03-14T15:13:21.521Z] > git config --get commit.template [3ms]
