[2022-03-15T00:18:17.741Z] Validating found git in: git
[2022-03-15T00:18:18.039Z] Using git 2.25.1 from git
[2022-03-15T00:18:24.696Z] > git rev-parse --git-dir [2238ms]
[2022-03-15T00:18:24.744Z] Open repository: /home/dathd/Project/iuri
[2022-03-15T00:18:24.914Z] > git symbolic-ref --short HEAD [16ms]
[2022-03-15T00:18:25.007Z] > git for-each-ref --format=%(refname)%00%(upstream:short)%00%(objectname)%00%(upstream:track) refs/heads/master refs/remotes/master [18ms]
[2022-03-15T00:18:25.212Z] > git remote --verbose [34ms]
[2022-03-15T00:18:25.213Z] > git for-each-ref --sort -committerdate --format %(refname) %(objectname) %(*objectname) [91ms]
[2022-03-15T00:18:25.429Z] > git config --get commit.template [154ms]
[2022-03-15T00:18:25.978Z] > git ls-files --stage -- /home/dathd/Project/iuri/src/views/Home.vue [91ms]
[2022-03-15T00:18:26.058Z] > git cat-file -s 9a5b04dbf191ce7b3f591850a4e80bfcf96cca7e [10ms]
[2022-03-15T01:25:50.012Z] > git log --format=%H%n%aN%n%aE%n%at%n%ct%n%P%n%B -z -n21 -- /home/dathd/Project/iuri/src/views/Home.vue [27ms]
[2022-03-15T01:25:50.027Z] > git log --format=%H%n%aN%n%aE%n%at%n%ct%n%P%n%B -z -n41 -- /home/dathd/Project/iuri/src/views/Home.vue [25ms]
[2022-03-15T01:25:52.998Z] > git ls-files --stage -- /home/dathd/Project/iuri/src/components/Home/Titles.vue [7ms]
[2022-03-15T01:25:53.012Z] > git cat-file -s 3f66ea70af2c0e29586d387bfe118b4e634d21f8 [3ms]
[2022-03-15T01:36:56.380Z] > git ls-files --stage -- /home/dathd/Project/iuri/src/components/Home/Biz.vue [5ms]
[2022-03-15T01:36:56.411Z] > git cat-file -s 840887fdf1ecb41eb124c52024c3d56acf161052 [17ms]
[2022-03-15T01:40:11.243Z] > git ls-files --stage -- /home/dathd/Project/iuri/src/components/Home/Titles.vue [117ms]
[2022-03-15T01:40:11.260Z] > git cat-file -s 3f66ea70af2c0e29586d387bfe118b4e634d21f8 [4ms]
[2022-03-15T01:43:25.219Z] > git ls-files --stage -- /home/dathd/Project/iuri/src/views/Home.vue [113ms]
[2022-03-15T01:43:25.252Z] > git cat-file -s 9a5b04dbf191ce7b3f591850a4e80bfcf96cca7e [11ms]
[2022-03-15T01:47:58.106Z] > git ls-files --stage -- /home/dathd/Project/iuri/src/styles/work/confianca.scss [51ms]
[2022-03-15T01:47:58.130Z] > git cat-file -s b84ea32f35228250e899afcde2baddf3cadc2dee [5ms]
[2022-03-15T01:48:13.176Z] > git log --format=%H%n%aN%n%aE%n%at%n%ct%n%P%n%B -z -n21 -- /home/dathd/Project/iuri/src/styles/work/confianca.scss [2ms]
[2022-03-15T01:48:17.654Z] > git ls-files --stage -- /home/dathd/Project/iuri/src/styles/home.scss [3ms]
[2022-03-15T01:48:17.670Z] > git cat-file -s 82bc87bb69a821775550cd333f1e7dee49a30f95 [1ms]
[2022-03-15T01:56:30.620Z] > git ls-files --stage -- /home/dathd/Project/iuri/src/components/Home/Titles.vue [2ms]
[2022-03-15T01:56:30.631Z] > git cat-file -s 3f66ea70af2c0e29586d387bfe118b4e634d21f8 [2ms]
[2022-03-15T01:56:45.051Z] > git ls-files --stage -- /home/dathd/Project/iuri/src/views/Home.vue [33ms]
[2022-03-15T01:56:45.062Z] > git cat-file -s 9a5b04dbf191ce7b3f591850a4e80bfcf96cca7e [1ms]
[2022-03-15T02:09:26.291Z] > git ls-files --stage -- /home/dathd/Project/iuri/src/components/Home/Biz.vue [31ms]
[2022-03-15T02:09:26.302Z] > git cat-file -s 840887fdf1ecb41eb124c52024c3d56acf161052 [3ms]
[2022-03-15T10:15:14.826Z] > git ls-files --stage -- /home/dathd/Project/iuri/src/components/Home/Biz.vue [19ms]
[2022-03-15T10:15:14.856Z] > git cat-file -s 840887fdf1ecb41eb124c52024c3d56acf161052 [4ms]
[2022-03-15T10:16:27.160Z] > git ls-files --stage -- /home/dathd/Project/iuri/src/components/Home/Titles.vue [5ms]
[2022-03-15T10:16:27.176Z] > git cat-file -s 3f66ea70af2c0e29586d387bfe118b4e634d21f8 [4ms]
[2022-03-15T10:16:40.321Z] > git ls-files --stage -- /home/dathd/Project/iuri/src/components/Home/Biz.vue [12ms]
[2022-03-15T10:16:40.358Z] > git cat-file -s 840887fdf1ecb41eb124c52024c3d56acf161052 [5ms]
[2022-03-15T10:16:41.531Z] > git ls-files --stage -- /home/dathd/Project/iuri/src/views/Home.vue [44ms]
[2022-03-15T10:16:41.547Z] > git cat-file -s 9a5b04dbf191ce7b3f591850a4e80bfcf96cca7e [4ms]
[2022-03-15T10:16:52.267Z] > git ls-files --stage -- /home/dathd/Project/iuri/src/components/Home/Biz.vue [2ms]
[2022-03-15T10:16:52.297Z] > git cat-file -s 840887fdf1ecb41eb124c52024c3d56acf161052 [12ms]
[2022-03-15T10:17:30.123Z] > git ls-files --stage -- /home/dathd/Project/iuri/src/components/Home/Titles.vue [2ms]
[2022-03-15T10:17:30.140Z] > git cat-file -s 3f66ea70af2c0e29586d387bfe118b4e634d21f8 [4ms]
[2022-03-15T14:59:15.957Z] > git ls-files --stage -- /home/dathd/Project/iuri/src/js/mario.js [723ms]
[2022-03-15T14:59:16.027Z] > git cat-file -s b03c3894c0b88f0ca16b0ec3c05884cb2db23635 [21ms]
[2022-03-15T14:59:19.692Z] > git ls-files --stage -- /home/dathd/Project/iuri/src/views/Home.vue [10ms]
[2022-03-15T14:59:19.760Z] > git cat-file -s 9a5b04dbf191ce7b3f591850a4e80bfcf96cca7e [6ms]
[2022-03-15T15:34:45.365Z] > git ls-files --stage -- /home/dathd/Project/iuri/src/js/mario.js [25ms]
[2022-03-15T15:34:45.377Z] > git cat-file -s b03c3894c0b88f0ca16b0ec3c05884cb2db23635 [3ms]
[2022-03-15T15:34:54.346Z] > git ls-files --stage -- /home/dathd/Project/iuri/src/styles/app.scss [3ms]
[2022-03-15T15:34:54.361Z] > git cat-file -s 471305f508bb674ed3ab1b2990554c630d98069d [3ms]
[2022-03-15T15:34:59.541Z] > git ls-files --stage -- /home/dathd/Project/iuri/src/styles/header.scss [6ms]
[2022-03-15T15:34:59.558Z] > git cat-file -s 6a7a989616f8fff1ad36d44ddf31a770f35ad78b [4ms]
[2022-03-15T15:35:03.402Z] > git ls-files --stage -- /home/dathd/Project/iuri/src/styles/work/confianca.scss [4ms]
[2022-03-15T15:35:03.425Z] > git cat-file -s b84ea32f35228250e899afcde2baddf3cadc2dee [14ms]
[2022-03-15T15:35:08.043Z] > git ls-files --stage -- /home/dathd/Project/iuri/src/views/Home.vue [13ms]
[2022-03-15T15:35:08.062Z] > git cat-file -s 9a5b04dbf191ce7b3f591850a4e80bfcf96cca7e [3ms]
[2022-03-15T15:35:14.442Z] > git ls-files --stage -- /home/dathd/Project/iuri/src/views/work/Confianca.vue [19ms]
[2022-03-15T15:35:14.456Z] > git cat-file -s 6ca76711575eda9e0d9cbf3b439a46b2fd0b5a5d [4ms]
[2022-03-15T16:08:44.340Z] > git ls-files --stage -- /home/dathd/Project/iuri/src/views/Home.vue [19ms]
[2022-03-15T16:08:44.353Z] > git cat-file -s 9a5b04dbf191ce7b3f591850a4e80bfcf96cca7e [6ms]
