[2022-03-13 21:03:05.417] [exthost] [info] Extension host with pid 3049 started
[2022-03-13 21:03:05.417] [exthost] [info] Skipping acquiring lock for /home/dathd/.config/Code/User/workspaceStorage/ed311ca9502d3cd1890a9ae3ce80411a.
[2022-03-13 21:03:06.941] [exthost] [info] ExtensionService#_doActivateExtension vscode.typescript-language-features, startup: false, activationEvent: 'onLanguage:typescript'
[2022-03-13 21:03:07.015] [exthost] [info] ExtensionService#_doActivateExtension vscode.microsoft-authentication, startup: false, activationEvent: 'onAuthenticationRequest:microsoft'
[2022-03-13 21:03:07.170] [exthost] [info] ExtensionService#_doActivateExtension vscode.debug-auto-launch, startup: true, activationEvent: '*'
[2022-03-13 21:03:07.179] [exthost] [info] ExtensionService#_doActivateExtension vscode.git-base, startup: true, activationEvent: '*', root cause: vscode.github
[2022-03-13 21:03:07.183] [exthost] [info] ExtensionService#_doActivateExtension vscode.ipynb, startup: true, activationEvent: '*'
[2022-03-13 21:03:07.189] [exthost] [info] ExtensionService#_doActivateExtension christian-kohler.path-intellisense, startup: true, activationEvent: '*'
[2022-03-13 21:03:07.208] [exthost] [info] ExtensionService#_doActivateExtension CoenraadS.bracket-pair-colorizer, startup: true, activationEvent: '*'
[2022-03-13 21:03:07.244] [exthost] [info] ExtensionService#_doActivateExtension formulahendry.auto-close-tag, startup: true, activationEvent: '*'
[2022-03-13 21:03:07.252] [exthost] [info] ExtensionService#_doActivateExtension formulahendry.auto-rename-tag, startup: true, activationEvent: '*'
[2022-03-13 21:03:07.269] [exthost] [info] ExtensionService#_doActivateExtension naumovs.color-highlight, startup: true, activationEvent: '*'
[2022-03-13 21:03:07.278] [exthost] [info] ExtensionService#_doActivateExtension vscodevim.vim, startup: true, activationEvent: '*'
[2022-03-13 21:03:07.548] [exthost] [info] ExtensionService#_doActivateExtension vscode.npm, startup: true, activationEvent: 'workspaceContains:package.json'
[2022-03-13 21:03:12.705] [exthost] [info] ExtensionService#_doActivateExtension vscode.git, startup: true, activationEvent: '*'
[2022-03-13 21:03:12.779] [exthost] [info] ExtensionService#_doActivateExtension vscode.github, startup: true, activationEvent: '*'
[2022-03-13 21:03:13.730] [exthost] [info] ExtensionService#_doActivateExtension vscode.github-authentication, startup: false, activationEvent: 'onAuthenticationRequest:github'
[2022-03-13 21:03:14.281] [exthost] [info] Eager extensions activated
[2022-03-13 21:03:16.119] [exthost] [info] ExtensionService#_doActivateExtension vscode.emmet, startup: false, activationEvent: 'onStartupFinished'
[2022-03-13 21:03:16.146] [exthost] [info] ExtensionService#_doActivateExtension vscode.merge-conflict, startup: false, activationEvent: 'onStartupFinished'
[2022-03-13 21:03:16.154] [exthost] [info] ExtensionService#_doActivateExtension esbenp.prettier-vscode, startup: false, activationEvent: 'onStartupFinished'
[2022-03-13 21:03:17.447] [exthost] [info] ExtensionService#_doActivateExtension PKief.material-icon-theme, startup: false, activationEvent: 'onStartupFinished'
[2022-03-13 21:03:17.472] [exthost] [info] ExtensionService#_doActivateExtension zhuangtongfa.material-theme, startup: false, activationEvent: 'onStartupFinished'
[2022-03-13 21:33:17.223] [exthost] [warning] TextEditor is closed/disposed
[2022-03-13 21:33:17.223] [exthost] [warning] TextEditor is closed/disposed
[2022-03-13 21:33:17.248] [exthost] [warning] ExtHostTextEditorOptions 'setCursorStyle' failed:'
[2022-03-13 21:33:17.248] [exthost] [warning] {"name":"DISPOSED","message":"TextEditor(vs.editor.ICodeEditor:1,$model5) has been disposed"}
[2022-03-13 21:33:21.209] [exthost] [warning] TextEditor is closed/disposed
[2022-03-13 21:33:21.209] [exthost] [warning] TextEditor is closed/disposed
[2022-03-13 21:33:21.226] [exthost] [warning] ExtHostTextEditorOptions 'setCursorStyle' failed:'
[2022-03-13 21:33:21.226] [exthost] [warning] {"name":"DISPOSED","message":"TextEditor(vs.editor.ICodeEditor:1,$model2) has been disposed"}
[2022-03-13 21:33:22.511] [exthost] [warning] TextEditor is closed/disposed
[2022-03-13 21:33:22.511] [exthost] [warning] TextEditor is closed/disposed
[2022-03-13 21:33:22.656] [exthost] [warning] ExtHostTextEditorOptions 'setCursorStyle' failed:'
[2022-03-13 21:33:22.656] [exthost] [warning] {"name":"DISPOSED","message":"TextEditor(vs.editor.ICodeEditor:1,$model7) has been disposed"}
[2022-03-13 21:33:22.743] [exthost] [info] ExtensionService#_doActivateExtension vscode.css-language-features, startup: false, activationEvent: 'onLanguage:scss'
[2022-03-13 21:33:23.774] [exthost] [warning] TextEditor is closed/disposed
[2022-03-13 21:33:23.775] [exthost] [warning] TextEditor is closed/disposed
[2022-03-13 21:33:24.268] [exthost] [warning] ExtHostTextEditorOptions 'setCursorStyle' failed:'
[2022-03-13 21:33:24.268] [exthost] [warning] {"name":"DISPOSED","message":"TextEditor(vs.editor.ICodeEditor:1,$model19) has been disposed"}
[2022-03-13 21:33:28.515] [exthost] [warning] TextEditor is closed/disposed
[2022-03-13 21:33:28.515] [exthost] [warning] TextEditor is closed/disposed
[2022-03-13 21:33:28.541] [exthost] [warning] ExtHostTextEditorOptions 'setCursorStyle' failed:'
[2022-03-13 21:33:28.541] [exthost] [warning] {"name":"DISPOSED","message":"TextEditor(vs.editor.ICodeEditor:1,$model22) has been disposed"}
[2022-03-13 21:57:56.346] [exthost] [warning] TextEditor is closed/disposed
[2022-03-13 21:57:56.346] [exthost] [warning] TextEditor is closed/disposed
[2022-03-13 21:58:01.303] [exthost] [warning] TextEditor is closed/disposed
[2022-03-13 21:58:01.305] [exthost] [warning] TextEditor is closed/disposed
[2022-03-13 21:58:01.387] [exthost] [warning] ExtHostTextEditorOptions 'setCursorStyle' failed:'
[2022-03-13 21:58:01.387] [exthost] [warning] {"name":"DISPOSED","message":"TextEditor(vs.editor.ICodeEditor:2,$model28) has been disposed"}
[2022-03-13 22:33:29.267] [exthost] [warning] TextEditor is closed/disposed
[2022-03-13 22:33:29.267] [exthost] [warning] TextEditor is closed/disposed
[2022-03-13 22:33:35.023] [exthost] [warning] TextEditor is closed/disposed
[2022-03-13 22:33:35.023] [exthost] [warning] TextEditor is closed/disposed
[2022-03-13 22:33:35.069] [exthost] [warning] ExtHostTextEditorOptions 'setCursorStyle' failed:'
[2022-03-13 22:33:35.069] [exthost] [warning] {"name":"DISPOSED","message":"TextEditor(vs.editor.ICodeEditor:2,$model37) has been disposed"}
[2022-03-13 22:34:38.736] [exthost] [warning] TextEditor is closed/disposed
[2022-03-13 22:34:38.736] [exthost] [warning] TextEditor is closed/disposed
[2022-03-13 22:34:38.793] [exthost] [warning] ExtHostTextEditorOptions 'setCursorStyle' failed:'
[2022-03-13 22:34:38.793] [exthost] [warning] {"name":"DISPOSED","message":"TextEditor(vs.editor.ICodeEditor:2,$model41) has been disposed"}
[2022-03-13 22:34:44.531] [exthost] [info] ExtensionService#_doActivateExtension vscode.configuration-editing, startup: false, activationEvent: 'onLanguage:json'
[2022-03-13 22:34:44.542] [exthost] [info] ExtensionService#_doActivateExtension vscode.extension-editing, startup: false, activationEvent: 'onLanguage:json'
[2022-03-13 22:34:44.558] [exthost] [info] ExtensionService#_doActivateExtension vscode.json-language-features, startup: false, activationEvent: 'onLanguage:json'
[2022-03-13 22:36:06.988] [exthost] [warning] TextEditor is closed/disposed
[2022-03-13 22:36:06.988] [exthost] [warning] TextEditor is closed/disposed
[2022-03-13 22:36:07.036] [exthost] [warning] ExtHostTextEditorOptions 'setCursorStyle' failed:'
[2022-03-13 22:36:07.036] [exthost] [warning] {"name":"DISPOSED","message":"TextEditor(vs.editor.ICodeEditor:2,$model44) has been disposed"}
