[2022-03-13T05:27:03.756Z] Validating found git in: git
[2022-03-13T05:27:04.214Z] Using git 2.25.1 from git
[2022-03-13T05:27:06.889Z] > git rev-parse --git-dir [2583ms]
[2022-03-13T05:27:06.966Z] Open repository: /home/dathd/Project/portfolio
[2022-03-13T05:27:07.252Z] > git symbolic-ref --short HEAD [8ms]
[2022-03-13T05:27:07.368Z] > git for-each-ref --format=%(refname)%00%(upstream:short)%00%(objectname)%00%(upstream:track) refs/heads/master refs/remotes/master [50ms]
[2022-03-13T05:27:07.488Z] > git for-each-ref --sort -committerdate --format %(refname) %(objectname) %(*objectname) [51ms]
[2022-03-13T05:27:07.500Z] > git remote --verbose [28ms]
[2022-03-13T05:27:07.613Z] > git config --get commit.template [5ms]
[2022-03-13T05:27:08.550Z] > git ls-files --stage -- /home/dathd/Project/portfolio/src/components/Header.tsx [10ms]
[2022-03-13T05:27:08.569Z] > git cat-file -s b0881cb338466610760101a01e8f2ec5526a39e0 [5ms]
[2022-03-13T05:28:04.622Z] > git symbolic-ref --short HEAD [10ms]
[2022-03-13T05:28:04.631Z] > git ls-files --stage -- /home/dathd/Project/portfolio/src/components/Header.tsx [10ms]
[2022-03-13T05:28:04.640Z] > git for-each-ref --format=%(refname)%00%(upstream:short)%00%(objectname)%00%(upstream:track) refs/heads/master refs/remotes/master [10ms]
[2022-03-13T05:28:04.660Z] > git for-each-ref --sort -committerdate --format %(refname) %(objectname) %(*objectname) [9ms]
[2022-03-13T05:28:04.661Z] > git cat-file -s b0881cb338466610760101a01e8f2ec5526a39e0 [22ms]
[2022-03-13T05:28:04.662Z] > git remote --verbose [3ms]
[2022-03-13T05:28:04.686Z] > git config --get commit.template [10ms]
[2022-03-13T05:28:12.949Z] > git ls-files --stage -- /home/dathd/Project/portfolio/src/styles/colors.scss [2ms]
[2022-03-13T05:28:12.959Z] > git cat-file -s 09d142824f468bf02580531c14873546078cc682 [3ms]
[2022-03-13T05:28:15.623Z] > git ls-files --stage -- /home/dathd/Project/portfolio/src/pages/index.tsx [19ms]
[2022-03-13T05:28:15.633Z] > git cat-file -s 2f0d33eb11d55cdbee47be7a588f3ba0389d5a52 [2ms]
[2022-03-13T05:28:18.773Z] > git ls-files --stage -- /home/dathd/Project/portfolio/src/pages/_app.tsx [32ms]
[2022-03-13T05:28:18.790Z] > git cat-file -s 971dd895faf5711432e8110ab694fec94062fc0a [3ms]
[2022-03-13T05:28:22.690Z] > git ls-files --stage -- /home/dathd/Project/portfolio/src/pages/index.tsx [5ms]
[2022-03-13T05:28:22.702Z] > git cat-file -s 2f0d33eb11d55cdbee47be7a588f3ba0389d5a52 [3ms]
[2022-03-13T05:28:30.997Z] > git symbolic-ref --short HEAD [2ms]
[2022-03-13T05:28:31.015Z] > git for-each-ref --format=%(refname)%00%(upstream:short)%00%(objectname)%00%(upstream:track) refs/heads/master refs/remotes/master [4ms]
[2022-03-13T05:28:31.036Z] > git for-each-ref --sort -committerdate --format %(refname) %(objectname) %(*objectname) [13ms]
[2022-03-13T05:28:31.037Z] > git remote --verbose [3ms]
[2022-03-13T05:28:31.052Z] > git config --get commit.template [3ms]
[2022-03-13T05:32:22.825Z] > git ls-files --stage -- /home/dathd/Project/portfolio/src/pages/_app.tsx [6ms]
[2022-03-13T05:32:22.837Z] > git cat-file -s 971dd895faf5711432e8110ab694fec94062fc0a [4ms]
[2022-03-13T08:43:27.657Z] > git ls-files --stage -- /home/dathd/Project/portfolio/src/pages/index.tsx [2ms]
[2022-03-13T08:43:27.667Z] > git cat-file -s 2f0d33eb11d55cdbee47be7a588f3ba0389d5a52 [2ms]
[2022-03-13T08:44:54.753Z] > git symbolic-ref --short HEAD [2ms]
[2022-03-13T08:44:54.765Z] > git for-each-ref --format=%(refname)%00%(upstream:short)%00%(objectname)%00%(upstream:track) refs/heads/master refs/remotes/master [2ms]
[2022-03-13T08:44:54.789Z] > git for-each-ref --sort -committerdate --format %(refname) %(objectname) %(*objectname) [14ms]
[2022-03-13T08:44:54.791Z] > git remote --verbose [7ms]
[2022-03-13T08:44:54.809Z] > git config --get commit.template [3ms]
[2022-03-13T08:45:20.215Z] > git symbolic-ref --short HEAD [3ms]
[2022-03-13T08:45:20.234Z] > git for-each-ref --format=%(refname)%00%(upstream:short)%00%(objectname)%00%(upstream:track) refs/heads/master refs/remotes/master [3ms]
[2022-03-13T08:45:20.267Z] > git for-each-ref --sort -committerdate --format %(refname) %(objectname) %(*objectname) [16ms]
[2022-03-13T08:45:20.268Z] > git remote --verbose [3ms]
[2022-03-13T08:45:20.288Z] > git config --get commit.template [2ms]
[2022-03-13T08:45:27.346Z] > git symbolic-ref --short HEAD [10ms]
[2022-03-13T08:45:27.366Z] > git for-each-ref --format=%(refname)%00%(upstream:short)%00%(objectname)%00%(upstream:track) refs/heads/master refs/remotes/master [3ms]
[2022-03-13T08:45:27.389Z] > git for-each-ref --sort -committerdate --format %(refname) %(objectname) %(*objectname) [14ms]
[2022-03-13T08:45:27.392Z] > git remote --verbose [5ms]
[2022-03-13T08:45:27.409Z] > git config --get commit.template [1ms]
[2022-03-13T08:46:23.172Z] > git symbolic-ref --short HEAD [6ms]
[2022-03-13T08:46:23.206Z] > git for-each-ref --format=%(refname)%00%(upstream:short)%00%(objectname)%00%(upstream:track) refs/heads/master refs/remotes/master [6ms]
[2022-03-13T08:46:23.231Z] > git remote --verbose [4ms]
[2022-03-13T08:46:23.232Z] > git for-each-ref --sort -committerdate --format %(refname) %(objectname) %(*objectname) [15ms]
[2022-03-13T08:46:23.257Z] > git config --get commit.template [4ms]
[2022-03-13T08:46:29.053Z] > git symbolic-ref --short HEAD [4ms]
[2022-03-13T08:46:29.070Z] > git for-each-ref --format=%(refname)%00%(upstream:short)%00%(objectname)%00%(upstream:track) refs/heads/master refs/remotes/master [3ms]
[2022-03-13T08:46:29.093Z] > git for-each-ref --sort -committerdate --format %(refname) %(objectname) %(*objectname) [13ms]
[2022-03-13T08:46:29.094Z] > git remote --verbose [3ms]
[2022-03-13T08:46:29.112Z] > git config --get commit.template [2ms]
[2022-03-13T08:46:35.690Z] > git ls-files --stage -- /home/dathd/Project/portfolio/node_modules/scrollmagic-plugin-gsap/index.d.ts [4ms]
[2022-03-13T08:46:50.406Z] > git ls-files --stage -- /home/dathd/Project/portfolio/src/pages/index.tsx [8ms]
[2022-03-13T08:46:50.419Z] > git cat-file -s 2f0d33eb11d55cdbee47be7a588f3ba0389d5a52 [3ms]
[2022-03-13T08:46:52.579Z] > git ls-files --stage -- /home/dathd/Project/portfolio/node_modules/scrollmagic-plugin-gsap/index.d.ts [28ms]
[2022-03-13T08:46:55.390Z] > git ls-files --stage -- /home/dathd/Project/portfolio/src/pages/index.tsx [10ms]
[2022-03-13T08:46:55.408Z] > git cat-file -s 2f0d33eb11d55cdbee47be7a588f3ba0389d5a52 [2ms]
[2022-03-13T08:46:58.175Z] > git ls-files --stage -- /home/dathd/Project/portfolio/node_modules/@types/scrollmagic/index.d.ts [16ms]
[2022-03-13T08:47:05.518Z] > git ls-files --stage -- /home/dathd/Project/portfolio/src/pages/index.tsx [6ms]
[2022-03-13T08:47:05.532Z] > git cat-file -s 2f0d33eb11d55cdbee47be7a588f3ba0389d5a52 [3ms]
[2022-03-13T08:47:07.269Z] > git ls-files --stage -- /home/dathd/Project/portfolio/node_modules/scrollmagic-plugin-gsap/index.d.ts [5ms]
[2022-03-13T08:47:17.963Z] > git ls-files --stage -- /home/dathd/Project/portfolio/src/pages/index.tsx [7ms]
[2022-03-13T08:47:17.994Z] > git cat-file -s 2f0d33eb11d55cdbee47be7a588f3ba0389d5a52 [11ms]
[2022-03-13T08:47:24.216Z] > git ls-files --stage -- /home/dathd/Project/portfolio/src/pages/index.tsx [8ms]
[2022-03-13T08:47:24.229Z] > git cat-file -s 2f0d33eb11d55cdbee47be7a588f3ba0389d5a52 [3ms]
[2022-03-13T08:47:27.658Z] > git ls-files --stage -- /home/dathd/Project/portfolio/node_modules/@types/gsap/Tween.d.ts [13ms]
[2022-03-13T08:47:34.073Z] > git ls-files --stage -- /home/dathd/Project/portfolio/src/pages/index.tsx [9ms]
[2022-03-13T08:47:34.087Z] > git cat-file -s 2f0d33eb11d55cdbee47be7a588f3ba0389d5a52 [2ms]
[2022-03-13T08:48:02.870Z] > git symbolic-ref --short HEAD [4ms]
[2022-03-13T08:48:02.885Z] > git for-each-ref --format=%(refname)%00%(upstream:short)%00%(objectname)%00%(upstream:track) refs/heads/master refs/remotes/master [0ms]
[2022-03-13T08:48:02.907Z] > git for-each-ref --sort -committerdate --format %(refname) %(objectname) %(*objectname) [11ms]
[2022-03-13T08:48:02.908Z] > git remote --verbose [2ms]
[2022-03-13T08:48:02.931Z] > git config --get commit.template [3ms]
[2022-03-13T08:48:09.666Z] > git symbolic-ref --short HEAD [2ms]
[2022-03-13T08:48:09.677Z] > git for-each-ref --format=%(refname)%00%(upstream:short)%00%(objectname)%00%(upstream:track) refs/heads/master refs/remotes/master [2ms]
[2022-03-13T08:48:09.703Z] > git for-each-ref --sort -committerdate --format %(refname) %(objectname) %(*objectname) [14ms]
[2022-03-13T08:48:09.703Z] > git remote --verbose [2ms]
[2022-03-13T08:48:09.718Z] > git config --get commit.template [2ms]
[2022-03-13T08:48:19.873Z] > git symbolic-ref --short HEAD [3ms]
[2022-03-13T08:48:19.892Z] > git for-each-ref --format=%(refname)%00%(upstream:short)%00%(objectname)%00%(upstream:track) refs/heads/master refs/remotes/master [3ms]
[2022-03-13T08:48:19.928Z] > git for-each-ref --sort -committerdate --format %(refname) %(objectname) %(*objectname) [24ms]
[2022-03-13T08:48:19.931Z] > git remote --verbose [5ms]
[2022-03-13T08:48:19.956Z] > git config --get commit.template [2ms]
[2022-03-13T08:48:29.159Z] > git symbolic-ref --short HEAD [1ms]
[2022-03-13T08:48:29.177Z] > git for-each-ref --format=%(refname)%00%(upstream:short)%00%(objectname)%00%(upstream:track) refs/heads/master refs/remotes/master [4ms]
[2022-03-13T08:48:29.204Z] > git for-each-ref --sort -committerdate --format %(refname) %(objectname) %(*objectname) [16ms]
[2022-03-13T08:48:29.205Z] > git remote --verbose [3ms]
[2022-03-13T08:48:29.220Z] > git config --get commit.template [1ms]
[2022-03-13T08:48:34.255Z] > git symbolic-ref --short HEAD [2ms]
[2022-03-13T08:48:34.269Z] > git for-each-ref --format=%(refname)%00%(upstream:short)%00%(objectname)%00%(upstream:track) refs/heads/master refs/remotes/master [3ms]
[2022-03-13T08:48:34.295Z] > git for-each-ref --sort -committerdate --format %(refname) %(objectname) %(*objectname) [13ms]
[2022-03-13T08:48:34.296Z] > git remote --verbose [3ms]
[2022-03-13T08:48:34.314Z] > git config --get commit.template [2ms]
[2022-03-13T08:53:51.345Z] > git ls-files --stage -- /home/dathd/Project/portfolio/src/pages/index.tsx [8ms]
[2022-03-13T08:53:51.356Z] > git cat-file -s 2f0d33eb11d55cdbee47be7a588f3ba0389d5a52 [2ms]
[2022-03-13T08:54:13.838Z] > git symbolic-ref --short HEAD [2ms]
[2022-03-13T08:54:13.853Z] > git for-each-ref --format=%(refname)%00%(upstream:short)%00%(objectname)%00%(upstream:track) refs/heads/master refs/remotes/master [3ms]
[2022-03-13T08:54:13.890Z] > git for-each-ref --sort -committerdate --format %(refname) %(objectname) %(*objectname) [24ms]
[2022-03-13T08:54:13.895Z] > git remote --verbose [9ms]
[2022-03-13T08:54:13.923Z] > git config --get commit.template [3ms]
[2022-03-13T11:34:31.207Z] > git symbolic-ref --short HEAD [2ms]
[2022-03-13T11:34:31.219Z] > git for-each-ref --format=%(refname)%00%(upstream:short)%00%(objectname)%00%(upstream:track) refs/heads/master refs/remotes/master [2ms]
[2022-03-13T11:34:31.245Z] > git for-each-ref --sort -committerdate --format %(refname) %(objectname) %(*objectname) [14ms]
[2022-03-13T11:34:31.246Z] > git remote --verbose [5ms]
[2022-03-13T11:34:31.258Z] > git config --get commit.template [1ms]
[2022-03-13T12:03:01.504Z] > git symbolic-ref --short HEAD [2ms]
[2022-03-13T12:03:01.545Z] > git for-each-ref --format=%(refname)%00%(upstream:short)%00%(objectname)%00%(upstream:track) refs/heads/master refs/remotes/master [1ms]
[2022-03-13T12:03:01.591Z] > git for-each-ref --sort -committerdate --format %(refname) %(objectname) %(*objectname) [25ms]
[2022-03-13T12:03:01.595Z] > git remote --verbose [9ms]
[2022-03-13T12:03:01.652Z] > git config --get commit.template [1ms]
[2022-03-13T13:57:23.130Z] > git ls-files --stage -- /home/dathd/Project/portfolio/src/hooks/useScrollMagic.ts [8ms]
[2022-03-13T13:57:31.032Z] > git ls-files --stage -- /home/dathd/Project/portfolio/src/hooks/useWindowDimension.ts [5ms]
[2022-03-13T13:57:31.058Z] > git cat-file -s 35b0af6fd76c04180f8104c4956e22dc274a1182 [6ms]
[2022-03-13T13:57:47.185Z] > git symbolic-ref --short HEAD [3ms]
[2022-03-13T13:57:47.199Z] > git for-each-ref --format=%(refname)%00%(upstream:short)%00%(objectname)%00%(upstream:track) refs/heads/master refs/remotes/master [2ms]
[2022-03-13T13:57:47.237Z] > git remote --verbose [7ms]
[2022-03-13T13:57:47.238Z] > git for-each-ref --sort -committerdate --format %(refname) %(objectname) %(*objectname) [23ms]
[2022-03-13T13:57:47.262Z] > git config --get commit.template [7ms]
[2022-03-13T13:58:06.412Z] > git symbolic-ref --short HEAD [1ms]
[2022-03-13T13:58:06.424Z] > git for-each-ref --format=%(refname)%00%(upstream:short)%00%(objectname)%00%(upstream:track) refs/heads/master refs/remotes/master [2ms]
[2022-03-13T13:58:06.450Z] > git remote --verbose [3ms]
[2022-03-13T13:58:06.450Z] > git for-each-ref --sort -committerdate --format %(refname) %(objectname) %(*objectname) [13ms]
[2022-03-13T13:58:06.463Z] > git config --get commit.template [2ms]
[2022-03-13T13:58:29.262Z] > git symbolic-ref --short HEAD [6ms]
[2022-03-13T13:58:29.294Z] > git for-each-ref --format=%(refname)%00%(upstream:short)%00%(objectname)%00%(upstream:track) refs/heads/master refs/remotes/master [3ms]
[2022-03-13T13:58:29.366Z] > git remote --verbose [14ms]
[2022-03-13T13:58:29.367Z] > git for-each-ref --sort -committerdate --format %(refname) %(objectname) %(*objectname) [37ms]
[2022-03-13T13:58:29.424Z] > git config --get commit.template [21ms]
[2022-03-13T13:59:19.704Z] > git symbolic-ref --short HEAD [6ms]
[2022-03-13T13:59:19.763Z] > git for-each-ref --format=%(refname)%00%(upstream:short)%00%(objectname)%00%(upstream:track) refs/heads/master refs/remotes/master [14ms]
[2022-03-13T13:59:19.812Z] > git for-each-ref --sort -committerdate --format %(refname) %(objectname) %(*objectname) [27ms]
[2022-03-13T13:59:19.814Z] > git remote --verbose [4ms]
[2022-03-13T13:59:19.864Z] > git config --get commit.template [9ms]
[2022-03-13T13:59:32.252Z] > git symbolic-ref --short HEAD [4ms]
[2022-03-13T13:59:32.268Z] > git for-each-ref --format=%(refname)%00%(upstream:short)%00%(objectname)%00%(upstream:track) refs/heads/master refs/remotes/master [2ms]
[2022-03-13T13:59:32.286Z] > git for-each-ref --sort -committerdate --format %(refname) %(objectname) %(*objectname) [9ms]
[2022-03-13T13:59:32.287Z] > git remote --verbose [2ms]
[2022-03-13T13:59:32.297Z] > git config --get commit.template [1ms]
[2022-03-13T13:59:33.380Z] > git ls-files --stage -- /home/dathd/Project/portfolio/src/pages/index.tsx [28ms]
[2022-03-13T13:59:33.393Z] > git ls-files --stage -- /home/dathd/Project/portfolio/src/hooks/useWindowDimension.ts [14ms]
[2022-03-13T13:59:33.402Z] > git cat-file -s 2f0d33eb11d55cdbee47be7a588f3ba0389d5a52 [10ms]
[2022-03-13T13:59:33.403Z] > git cat-file -s 35b0af6fd76c04180f8104c4956e22dc274a1182 [1ms]
[2022-03-13T14:00:02.753Z] > git symbolic-ref --short HEAD [1ms]
[2022-03-13T14:00:02.761Z] > git for-each-ref --format=%(refname)%00%(upstream:short)%00%(objectname)%00%(upstream:track) refs/heads/master refs/remotes/master [1ms]
[2022-03-13T14:00:02.778Z] > git for-each-ref --sort -committerdate --format %(refname) %(objectname) %(*objectname) [10ms]
[2022-03-13T14:00:02.778Z] > git remote --verbose [2ms]
[2022-03-13T14:00:02.789Z] > git config --get commit.template [1ms]
