["INFO" - 12:27:07 PM] Extension Name: esbenp.prettier-vscode.
["INFO" - 12:27:07 PM] Extension Version: 9.3.0.
["INFO" - 12:28:29 PM] Formatting file:///home/dathd/Project/portfolio/src/pages/index.tsx
["INFO" - 12:28:29 PM] Using ignore file (if present) at /home/dathd/Project/portfolio/.prettierignore
["INFO" - 12:28:29 PM] File Info:
{
  "ignored": false,
  "inferredParser": "typescript"
}
["INFO" - 12:28:29 PM] No local configuration (i.e. .prettierrc or .editorconfig) detected, falling back to VS Code configuration
["INFO" - 12:28:29 PM] Prettier Options:
{
  "arrowParens": "always",
  "bracketSpacing": true,
  "endOfLine": "lf",
  "htmlWhitespaceSensitivity": "css",
  "insertPragma": false,
  "jsxBracketSameLine": false,
  "jsxSingleQuote": false,
  "printWidth": 80,
  "proseWrap": "preserve",
  "quoteProps": "as-needed",
  "requirePragma": false,
  "semi": true,
  "singleQuote": false,
  "tabWidth": 2,
  "trailingComma": "es5",
  "useTabs": false,
  "vueIndentScriptAndStyle": false,
  "filepath": "/home/dathd/Project/portfolio/src/pages/index.tsx",
  "parser": "typescript"
}
["INFO" - 12:28:29 PM] Formatting completed in 0.113ms.
["INFO" - 12:33:28 PM] Formatting vscode-userdata:/home/dathd/.config/Code/User/settings.json
["INFO" - 12:33:28 PM] File Info:
{
  "ignored": false,
  "inferredParser": "json"
}
["INFO" - 12:33:28 PM] No local configuration (i.e. .prettierrc or .editorconfig) detected, falling back to VS Code configuration
["INFO" - 12:33:28 PM] Prettier Options:
{
  "arrowParens": "always",
  "bracketSpacing": true,
  "endOfLine": "lf",
  "htmlWhitespaceSensitivity": "css",
  "insertPragma": false,
  "jsxBracketSameLine": false,
  "jsxSingleQuote": false,
  "printWidth": 80,
  "proseWrap": "preserve",
  "quoteProps": "as-needed",
  "requirePragma": false,
  "semi": true,
  "singleQuote": false,
  "tabWidth": 2,
  "trailingComma": "es5",
  "useTabs": false,
  "vueIndentScriptAndStyle": false,
  "filepath": "/home/dathd/.config/Code/User/settings.json",
  "parser": "json"
}
["INFO" - 12:33:28 PM] Formatting completed in 0.089ms.
["INFO" - 12:33:42 PM] Formatting vscode-userdata:/home/dathd/.config/Code/User/settings.json
["INFO" - 12:33:42 PM] File Info:
{
  "ignored": false,
  "inferredParser": "json"
}
["INFO" - 12:33:42 PM] No local configuration (i.e. .prettierrc or .editorconfig) detected, falling back to VS Code configuration
["INFO" - 12:33:42 PM] Prettier Options:
{
  "arrowParens": "always",
  "bracketSpacing": true,
  "endOfLine": "lf",
  "htmlWhitespaceSensitivity": "css",
  "insertPragma": false,
  "jsxBracketSameLine": false,
  "jsxSingleQuote": false,
  "printWidth": 80,
  "proseWrap": "preserve",
  "quoteProps": "as-needed",
  "requirePragma": false,
  "semi": true,
  "singleQuote": false,
  "tabWidth": 2,
  "trailingComma": "es5",
  "useTabs": false,
  "vueIndentScriptAndStyle": false,
  "filepath": "/home/dathd/.config/Code/User/settings.json",
  "parser": "json"
}
["INFO" - 12:33:42 PM] Formatting completed in 0.053ms.
["INFO" - 3:44:53 PM] Formatting file:///home/dathd/Project/portfolio/src/pages/index.tsx
["INFO" - 3:44:53 PM] Using ignore file (if present) at /home/dathd/Project/portfolio/.prettierignore
["INFO" - 3:44:53 PM] File Info:
{
  "ignored": false,
  "inferredParser": "typescript"
}
["INFO" - 3:44:53 PM] No local configuration (i.e. .prettierrc or .editorconfig) detected, falling back to VS Code configuration
["INFO" - 3:44:53 PM] Prettier Options:
{
  "arrowParens": "always",
  "bracketSpacing": true,
  "endOfLine": "lf",
  "htmlWhitespaceSensitivity": "css",
  "insertPragma": false,
  "jsxBracketSameLine": false,
  "jsxSingleQuote": false,
  "printWidth": 80,
  "proseWrap": "preserve",
  "quoteProps": "as-needed",
  "requirePragma": false,
  "semi": true,
  "singleQuote": false,
  "tabWidth": 2,
  "trailingComma": "es5",
  "useTabs": false,
  "vueIndentScriptAndStyle": false,
  "filepath": "/home/dathd/Project/portfolio/src/pages/index.tsx",
  "parser": "typescript"
}
["INFO" - 3:44:53 PM] Formatting completed in 0.096ms.
["INFO" - 3:45:19 PM] Formatting file:///home/dathd/Project/portfolio/src/pages/index.tsx
["INFO" - 3:45:19 PM] Using ignore file (if present) at /home/dathd/Project/portfolio/.prettierignore
["INFO" - 3:45:19 PM] File Info:
{
  "ignored": false,
  "inferredParser": "typescript"
}
["INFO" - 3:45:19 PM] No local configuration (i.e. .prettierrc or .editorconfig) detected, falling back to VS Code configuration
["INFO" - 3:45:19 PM] Prettier Options:
{
  "arrowParens": "always",
  "bracketSpacing": true,
  "endOfLine": "lf",
  "htmlWhitespaceSensitivity": "css",
  "insertPragma": false,
  "jsxBracketSameLine": false,
  "jsxSingleQuote": false,
  "printWidth": 80,
  "proseWrap": "preserve",
  "quoteProps": "as-needed",
  "requirePragma": false,
  "semi": true,
  "singleQuote": false,
  "tabWidth": 2,
  "trailingComma": "es5",
  "useTabs": false,
  "vueIndentScriptAndStyle": false,
  "filepath": "/home/dathd/Project/portfolio/src/pages/index.tsx",
  "parser": "typescript"
}
["INFO" - 3:45:19 PM] Formatting completed in 0.042ms.
["INFO" - 3:46:21 PM] Formatting file:///home/dathd/Project/portfolio/src/pages/index.tsx
["INFO" - 3:46:21 PM] Using ignore file (if present) at /home/dathd/Project/portfolio/.prettierignore
["INFO" - 3:46:21 PM] File Info:
{
  "ignored": false,
  "inferredParser": "typescript"
}
["INFO" - 3:46:21 PM] No local configuration (i.e. .prettierrc or .editorconfig) detected, falling back to VS Code configuration
["INFO" - 3:46:21 PM] Prettier Options:
{
  "arrowParens": "always",
  "bracketSpacing": true,
  "endOfLine": "lf",
  "htmlWhitespaceSensitivity": "css",
  "insertPragma": false,
  "jsxBracketSameLine": false,
  "jsxSingleQuote": false,
  "printWidth": 80,
  "proseWrap": "preserve",
  "quoteProps": "as-needed",
  "requirePragma": false,
  "semi": true,
  "singleQuote": false,
  "tabWidth": 2,
  "trailingComma": "es5",
  "useTabs": false,
  "vueIndentScriptAndStyle": false,
  "filepath": "/home/dathd/Project/portfolio/src/pages/index.tsx",
  "parser": "typescript"
}
["INFO" - 3:46:21 PM] Formatting completed in 0.138ms.
["INFO" - 3:48:01 PM] Formatting file:///home/dathd/Project/portfolio/src/pages/index.tsx
["INFO" - 3:48:01 PM] Using ignore file (if present) at /home/dathd/Project/portfolio/.prettierignore
["INFO" - 3:48:01 PM] File Info:
{
  "ignored": false,
  "inferredParser": "typescript"
}
["INFO" - 3:48:01 PM] No local configuration (i.e. .prettierrc or .editorconfig) detected, falling back to VS Code configuration
["INFO" - 3:48:01 PM] Prettier Options:
{
  "arrowParens": "always",
  "bracketSpacing": true,
  "endOfLine": "lf",
  "htmlWhitespaceSensitivity": "css",
  "insertPragma": false,
  "jsxBracketSameLine": false,
  "jsxSingleQuote": false,
  "printWidth": 80,
  "proseWrap": "preserve",
  "quoteProps": "as-needed",
  "requirePragma": false,
  "semi": true,
  "singleQuote": false,
  "tabWidth": 2,
  "trailingComma": "es5",
  "useTabs": false,
  "vueIndentScriptAndStyle": false,
  "filepath": "/home/dathd/Project/portfolio/src/pages/index.tsx",
  "parser": "typescript"
}
["INFO" - 3:48:01 PM] Formatting completed in 0.036ms.
["INFO" - 3:48:18 PM] Formatting file:///home/dathd/Project/portfolio/src/pages/index.tsx
["INFO" - 3:48:18 PM] Using ignore file (if present) at /home/dathd/Project/portfolio/.prettierignore
["INFO" - 3:48:18 PM] File Info:
{
  "ignored": false,
  "inferredParser": "typescript"
}
["INFO" - 3:48:18 PM] No local configuration (i.e. .prettierrc or .editorconfig) detected, falling back to VS Code configuration
["INFO" - 3:48:18 PM] Prettier Options:
{
  "arrowParens": "always",
  "bracketSpacing": true,
  "endOfLine": "lf",
  "htmlWhitespaceSensitivity": "css",
  "insertPragma": false,
  "jsxBracketSameLine": false,
  "jsxSingleQuote": false,
  "printWidth": 80,
  "proseWrap": "preserve",
  "quoteProps": "as-needed",
  "requirePragma": false,
  "semi": true,
  "singleQuote": false,
  "tabWidth": 2,
  "trailingComma": "es5",
  "useTabs": false,
  "vueIndentScriptAndStyle": false,
  "filepath": "/home/dathd/Project/portfolio/src/pages/index.tsx",
  "parser": "typescript"
}
["INFO" - 3:48:18 PM] Formatting completed in 0.051ms.
["INFO" - 3:48:27 PM] Formatting file:///home/dathd/Project/portfolio/src/pages/index.tsx
["INFO" - 3:48:27 PM] Using ignore file (if present) at /home/dathd/Project/portfolio/.prettierignore
["INFO" - 3:48:27 PM] File Info:
{
  "ignored": false,
  "inferredParser": "typescript"
}
["INFO" - 3:48:27 PM] No local configuration (i.e. .prettierrc or .editorconfig) detected, falling back to VS Code configuration
["INFO" - 3:48:27 PM] Prettier Options:
{
  "arrowParens": "always",
  "bracketSpacing": true,
  "endOfLine": "lf",
  "htmlWhitespaceSensitivity": "css",
  "insertPragma": false,
  "jsxBracketSameLine": false,
  "jsxSingleQuote": false,
  "printWidth": 80,
  "proseWrap": "preserve",
  "quoteProps": "as-needed",
  "requirePragma": false,
  "semi": true,
  "singleQuote": false,
  "tabWidth": 2,
  "trailingComma": "es5",
  "useTabs": false,
  "vueIndentScriptAndStyle": false,
  "filepath": "/home/dathd/Project/portfolio/src/pages/index.tsx",
  "parser": "typescript"
}
["INFO" - 3:48:27 PM] Formatting completed in 0.132ms.
["INFO" - 3:51:28 PM] Formatting vscode-userdata:/home/dathd/.config/Code/User/settings.json
["INFO" - 3:51:28 PM] File Info:
{
  "ignored": false,
  "inferredParser": "json"
}
["INFO" - 3:51:28 PM] No local configuration (i.e. .prettierrc or .editorconfig) detected, falling back to VS Code configuration
["INFO" - 3:51:28 PM] Prettier Options:
{
  "arrowParens": "always",
  "bracketSpacing": true,
  "endOfLine": "lf",
  "htmlWhitespaceSensitivity": "css",
  "insertPragma": false,
  "jsxBracketSameLine": false,
  "jsxSingleQuote": false,
  "printWidth": 80,
  "proseWrap": "preserve",
  "quoteProps": "as-needed",
  "requirePragma": false,
  "semi": true,
  "singleQuote": false,
  "tabWidth": 2,
  "trailingComma": "es5",
  "useTabs": false,
  "vueIndentScriptAndStyle": false,
  "filepath": "/home/dathd/.config/Code/User/settings.json",
  "parser": "json"
}
["INFO" - 3:51:28 PM] Formatting completed in 0.026ms.
["INFO" - 3:54:12 PM] Formatting file:///home/dathd/Project/portfolio/src/pages/index.tsx
["INFO" - 3:54:12 PM] Using ignore file (if present) at /home/dathd/Project/portfolio/.prettierignore
["INFO" - 3:54:12 PM] File Info:
{
  "ignored": false,
  "inferredParser": "typescript"
}
["INFO" - 3:54:12 PM] No local configuration (i.e. .prettierrc or .editorconfig) detected, falling back to VS Code configuration
["INFO" - 3:54:12 PM] Prettier Options:
{
  "arrowParens": "always",
  "bracketSpacing": true,
  "endOfLine": "lf",
  "htmlWhitespaceSensitivity": "css",
  "insertPragma": false,
  "jsxBracketSameLine": false,
  "jsxSingleQuote": false,
  "printWidth": 80,
  "proseWrap": "preserve",
  "quoteProps": "as-needed",
  "requirePragma": false,
  "semi": true,
  "singleQuote": false,
  "tabWidth": 2,
  "trailingComma": "es5",
  "useTabs": false,
  "vueIndentScriptAndStyle": false,
  "filepath": "/home/dathd/Project/portfolio/src/pages/index.tsx",
  "parser": "typescript"
}
["INFO" - 3:54:12 PM] Formatting completed in 0.052ms.
["INFO" - 8:47:32 PM] Formatting vscode-userdata:/home/dathd/.config/Code/User/settings.json
["INFO" - 8:47:32 PM] File Info:
{
  "ignored": false,
  "inferredParser": "json"
}
["INFO" - 8:47:32 PM] No local configuration (i.e. .prettierrc or .editorconfig) detected, falling back to VS Code configuration
["INFO" - 8:47:32 PM] Prettier Options:
{
  "arrowParens": "always",
  "bracketSpacing": true,
  "endOfLine": "lf",
  "htmlWhitespaceSensitivity": "css",
  "insertPragma": false,
  "jsxBracketSameLine": false,
  "jsxSingleQuote": false,
  "printWidth": 80,
  "proseWrap": "preserve",
  "quoteProps": "as-needed",
  "requirePragma": false,
  "semi": true,
  "singleQuote": false,
  "tabWidth": 2,
  "trailingComma": "es5",
  "useTabs": false,
  "vueIndentScriptAndStyle": false,
  "filepath": "/home/dathd/.config/Code/User/settings.json",
  "parser": "json"
}
["INFO" - 8:47:32 PM] Formatting completed in 0.086ms.
["INFO" - 8:57:45 PM] Formatting file:///home/dathd/Project/portfolio/src/hooks/useWindowDimension.ts
["INFO" - 8:57:45 PM] Using ignore file (if present) at /home/dathd/Project/portfolio/.prettierignore
["INFO" - 8:57:45 PM] File Info:
{
  "ignored": false,
  "inferredParser": "typescript"
}
["INFO" - 8:57:45 PM] No local configuration (i.e. .prettierrc or .editorconfig) detected, falling back to VS Code configuration
["INFO" - 8:57:45 PM] Prettier Options:
{
  "arrowParens": "always",
  "bracketSpacing": true,
  "endOfLine": "lf",
  "htmlWhitespaceSensitivity": "css",
  "insertPragma": false,
  "jsxBracketSameLine": false,
  "jsxSingleQuote": false,
  "printWidth": 80,
  "proseWrap": "preserve",
  "quoteProps": "as-needed",
  "requirePragma": false,
  "semi": true,
  "singleQuote": false,
  "tabWidth": 2,
  "trailingComma": "es5",
  "useTabs": false,
  "vueIndentScriptAndStyle": false,
  "filepath": "/home/dathd/Project/portfolio/src/hooks/useWindowDimension.ts",
  "parser": "typescript"
}
["INFO" - 8:57:45 PM] Formatting completed in 0.061ms.
["INFO" - 8:58:05 PM] Formatting file:///home/dathd/Project/portfolio/src/hooks/useWindowDimension.ts
["INFO" - 8:58:05 PM] Using ignore file (if present) at /home/dathd/Project/portfolio/.prettierignore
["INFO" - 8:58:05 PM] File Info:
{
  "ignored": false,
  "inferredParser": "typescript"
}
["INFO" - 8:58:05 PM] No local configuration (i.e. .prettierrc or .editorconfig) detected, falling back to VS Code configuration
["INFO" - 8:58:05 PM] Prettier Options:
{
  "arrowParens": "always",
  "bracketSpacing": true,
  "endOfLine": "lf",
  "htmlWhitespaceSensitivity": "css",
  "insertPragma": false,
  "jsxBracketSameLine": false,
  "jsxSingleQuote": false,
  "printWidth": 80,
  "proseWrap": "preserve",
  "quoteProps": "as-needed",
  "requirePragma": false,
  "semi": true,
  "singleQuote": false,
  "tabWidth": 2,
  "trailingComma": "es5",
  "useTabs": false,
  "vueIndentScriptAndStyle": false,
  "filepath": "/home/dathd/Project/portfolio/src/hooks/useWindowDimension.ts",
  "parser": "typescript"
}
["INFO" - 8:58:05 PM] Formatting completed in 0.073ms.
