[2022-03-13 12:26:57.338] [main] [info] window#load: attempt to load window (id: 1)
[2022-03-13 12:26:57.436] [main] [info] window#load: attempt to load window (id: 2)
[2022-03-13 12:26:57.448] [main] [info] update#setState idle
[2022-03-13 12:26:57.512] [main] [info] ExtensionHostStarterWorker created
[2022-03-13 12:26:58.996] [main] [info] window#load: window reported ready (id: 1)
[2022-03-13 12:26:59.112] [main] [info] window#load: window reported ready (id: 2)
[2022-03-13 12:26:59.152] [main] [info] Starting extension host with pid 86321 (fork() took 18 ms).
[2022-03-13 12:26:59.153] [main] [info] ExtensionHostStarterWorker.start() took 20 ms.
[2022-03-13 12:27:00.020] [main] [info] Starting extension host with pid 86347 (fork() took 29 ms).
[2022-03-13 12:27:00.028] [main] [info] ExtensionHostStarterWorker.start() took 40 ms.
[2022-03-13 12:27:27.451] [main] [info] update#setState checking for updates
[2022-03-13 12:43:21.264] [main] [error] Error: net::ERR_TIMED_OUT
    at SimpleURLLoaderWrapper.<anonymous> (electron/js2c/browser_init.js:109:7068)
    at SimpleURLLoaderWrapper.emit (events.js:315:20)
[2022-03-13 12:43:21.265] [main] [info] update#setState idle
[2022-03-13 13:27:27.511] [main] [info] update#setState checking for updates
[2022-03-13 13:27:27.813] [main] [info] update#setState idle
[2022-03-13 14:27:28.022] [main] [info] update#setState checking for updates
[2022-03-13 14:27:28.333] [main] [info] update#setState idle
[2022-03-13 15:27:28.126] [main] [info] update#setState checking for updates
[2022-03-13 15:27:28.461] [main] [info] update#setState idle
[2022-03-13 16:27:28.248] [main] [info] update#setState checking for updates
[2022-03-13 16:27:28.607] [main] [info] update#setState idle
[2022-03-13 17:27:28.828] [main] [info] update#setState checking for updates
[2022-03-13 17:27:29.107] [main] [info] update#setState idle
[2022-03-13 18:27:30.702] [main] [info] update#setState checking for updates
[2022-03-13 18:27:31.397] [main] [info] update#setState idle
[2022-03-13 19:27:31.657] [main] [info] update#setState checking for updates
[2022-03-13 19:27:33.001] [main] [info] update#setState idle
[2022-03-13 20:27:32.234] [main] [info] update#setState checking for updates
[2022-03-13 20:27:32.527] [main] [info] update#setState idle
[2022-03-13 21:00:46.400] [main] [info] Waiting for extension host with pid 86321 to exit.
[2022-03-13 21:00:46.401] [main] [info] Waiting for extension host with pid 86347 to exit.
